[2022-03-10 19:22:02,448] {taskinstance.py:1037} INFO - Dependencies all met for <TaskInstance: Demo.producer scheduled__2022-03-10T19:21:00+00:00 [queued]>
[2022-03-10 19:22:02,461] {taskinstance.py:1037} INFO - Dependencies all met for <TaskInstance: Demo.producer scheduled__2022-03-10T19:21:00+00:00 [queued]>
[2022-03-10 19:22:02,462] {taskinstance.py:1243} INFO - 
--------------------------------------------------------------------------------
[2022-03-10 19:22:02,463] {taskinstance.py:1244} INFO - Starting attempt 1 of 1
[2022-03-10 19:22:02,463] {taskinstance.py:1245} INFO - 
--------------------------------------------------------------------------------
[2022-03-10 19:22:02,476] {taskinstance.py:1264} INFO - Executing <Task(PythonOperator): producer> on 2022-03-10 19:21:00+00:00
[2022-03-10 19:22:02,480] {standard_task_runner.py:52} INFO - Started process 680 to run task
[2022-03-10 19:22:02,484] {standard_task_runner.py:76} INFO - Running: ['airflow', 'tasks', 'run', 'Demo', 'producer', 'scheduled__2022-03-10T19:21:00+00:00', '--job-id', '67', '--raw', '--subdir', 'DAGS_FOLDER/demo.py', '--cfg-path', '/tmp/tmpadsv9x1e', '--error-file', '/tmp/tmpge85usml']
[2022-03-10 19:22:02,485] {standard_task_runner.py:77} INFO - Job 67: Subtask producer
[2022-03-10 19:22:02,600] {logging_mixin.py:109} INFO - Running <TaskInstance: Demo.producer scheduled__2022-03-10T19:21:00+00:00 [running]> on host c17209ace312
[2022-03-10 19:22:02,717] {taskinstance.py:1431} INFO - Exporting the following env vars:
AIRFLOW_CTX_DAG_OWNER=airflow
AIRFLOW_CTX_DAG_ID=Demo
AIRFLOW_CTX_TASK_ID=producer
AIRFLOW_CTX_EXECUTION_DATE=2022-03-10T19:21:00+00:00
AIRFLOW_CTX_DAG_RUN_ID=scheduled__2022-03-10T19:21:00+00:00
[2022-03-10 19:22:02,718] {logging_mixin.py:109} INFO - Producing message @ 2022-03-10 19:22:02.718594 | Message = {'data_id': 391, 'name': 'BTC', 'timestamp': 1646940122}
[2022-03-10 19:22:02,720] {logging_mixin.py:109} INFO - Producing message @ 2022-03-10 19:22:02.720100 | Message = {'data_id': 216, 'name': 'ETH', 'timestamp': 1646940122}
[2022-03-10 19:22:02,720] {logging_mixin.py:109} INFO - Producing message @ 2022-03-10 19:22:02.720780 | Message = {'data_id': 26, 'name': 'BTT', 'timestamp': 1646940122}
[2022-03-10 19:22:02,721] {logging_mixin.py:109} INFO - Producing message @ 2022-03-10 19:22:02.721470 | Message = {'data_id': 157, 'name': 'DOT', 'timestamp': 1646940122}
[2022-03-10 19:22:02,722] {python.py:175} INFO - Done. Returned value was: None
[2022-03-10 19:22:02,756] {taskinstance.py:1282} INFO - Marking task as SUCCESS. dag_id=Demo, task_id=producer, execution_date=20220310T192100, start_date=20220310T192202, end_date=20220310T192202
[2022-03-10 19:22:02,777] {local_task_job.py:154} INFO - Task exited with return code 0
[2022-03-10 19:22:02,855] {local_task_job.py:264} INFO - 0 downstream tasks scheduled from follow-on schedule check
