[2022-03-10 19:08:02,147] {taskinstance.py:1037} INFO - Dependencies all met for <TaskInstance: Demo.producer scheduled__2022-03-10T19:07:00+00:00 [queued]>
[2022-03-10 19:08:02,162] {taskinstance.py:1037} INFO - Dependencies all met for <TaskInstance: Demo.producer scheduled__2022-03-10T19:07:00+00:00 [queued]>
[2022-03-10 19:08:02,163] {taskinstance.py:1243} INFO - 
--------------------------------------------------------------------------------
[2022-03-10 19:08:02,163] {taskinstance.py:1244} INFO - Starting attempt 1 of 1
[2022-03-10 19:08:02,164] {taskinstance.py:1245} INFO - 
--------------------------------------------------------------------------------
[2022-03-10 19:08:02,180] {taskinstance.py:1264} INFO - Executing <Task(PythonOperator): producer> on 2022-03-10 19:07:00+00:00
[2022-03-10 19:08:02,183] {standard_task_runner.py:52} INFO - Started process 554 to run task
[2022-03-10 19:08:02,188] {standard_task_runner.py:76} INFO - Running: ['airflow', 'tasks', 'run', 'Demo', 'producer', 'scheduled__2022-03-10T19:07:00+00:00', '--job-id', '53', '--raw', '--subdir', 'DAGS_FOLDER/demo.py', '--cfg-path', '/tmp/tmpn6425lfl', '--error-file', '/tmp/tmpss1o_gd3']
[2022-03-10 19:08:02,189] {standard_task_runner.py:77} INFO - Job 53: Subtask producer
[2022-03-10 19:08:02,328] {logging_mixin.py:109} INFO - Running <TaskInstance: Demo.producer scheduled__2022-03-10T19:07:00+00:00 [running]> on host c17209ace312
[2022-03-10 19:08:02,447] {taskinstance.py:1431} INFO - Exporting the following env vars:
AIRFLOW_CTX_DAG_OWNER=airflow
AIRFLOW_CTX_DAG_ID=Demo
AIRFLOW_CTX_TASK_ID=producer
AIRFLOW_CTX_EXECUTION_DATE=2022-03-10T19:07:00+00:00
AIRFLOW_CTX_DAG_RUN_ID=scheduled__2022-03-10T19:07:00+00:00
[2022-03-10 19:08:02,449] {logging_mixin.py:109} INFO - Producing message @ 2022-03-10 19:08:02.449258 | Message = {'data_id': 318, 'name': 'BTC', 'timestamp': 1646939282}
[2022-03-10 19:08:02,451] {logging_mixin.py:109} INFO - Producing message @ 2022-03-10 19:08:02.451083 | Message = {'data_id': 86, 'name': 'ETH', 'timestamp': 1646939282}
[2022-03-10 19:08:02,451] {logging_mixin.py:109} INFO - Producing message @ 2022-03-10 19:08:02.451901 | Message = {'data_id': 35, 'name': 'BTT', 'timestamp': 1646939282}
[2022-03-10 19:08:02,452] {logging_mixin.py:109} INFO - Producing message @ 2022-03-10 19:08:02.452569 | Message = {'data_id': 168, 'name': 'DOT', 'timestamp': 1646939282}
[2022-03-10 19:08:02,453] {python.py:175} INFO - Done. Returned value was: None
[2022-03-10 19:08:02,490] {taskinstance.py:1282} INFO - Marking task as SUCCESS. dag_id=Demo, task_id=producer, execution_date=20220310T190700, start_date=20220310T190802, end_date=20220310T190802
[2022-03-10 19:08:02,522] {local_task_job.py:154} INFO - Task exited with return code 0
[2022-03-10 19:08:02,615] {local_task_job.py:264} INFO - 0 downstream tasks scheduled from follow-on schedule check
