[2022-03-10 19:13:01,881] {taskinstance.py:1037} INFO - Dependencies all met for <TaskInstance: Demo.producer scheduled__2022-03-10T19:12:00+00:00 [queued]>
[2022-03-10 19:13:01,894] {taskinstance.py:1037} INFO - Dependencies all met for <TaskInstance: Demo.producer scheduled__2022-03-10T19:12:00+00:00 [queued]>
[2022-03-10 19:13:01,895] {taskinstance.py:1243} INFO - 
--------------------------------------------------------------------------------
[2022-03-10 19:13:01,896] {taskinstance.py:1244} INFO - Starting attempt 1 of 1
[2022-03-10 19:13:01,896] {taskinstance.py:1245} INFO - 
--------------------------------------------------------------------------------
[2022-03-10 19:13:01,910] {taskinstance.py:1264} INFO - Executing <Task(PythonOperator): producer> on 2022-03-10 19:12:00+00:00
[2022-03-10 19:13:01,914] {standard_task_runner.py:52} INFO - Started process 599 to run task
[2022-03-10 19:13:01,918] {standard_task_runner.py:76} INFO - Running: ['airflow', 'tasks', 'run', 'Demo', 'producer', 'scheduled__2022-03-10T19:12:00+00:00', '--job-id', '58', '--raw', '--subdir', 'DAGS_FOLDER/demo.py', '--cfg-path', '/tmp/tmp1lptqts6', '--error-file', '/tmp/tmpwal0d32k']
[2022-03-10 19:13:01,920] {standard_task_runner.py:77} INFO - Job 58: Subtask producer
[2022-03-10 19:13:02,075] {logging_mixin.py:109} INFO - Running <TaskInstance: Demo.producer scheduled__2022-03-10T19:12:00+00:00 [running]> on host c17209ace312
[2022-03-10 19:13:02,181] {taskinstance.py:1431} INFO - Exporting the following env vars:
AIRFLOW_CTX_DAG_OWNER=airflow
AIRFLOW_CTX_DAG_ID=Demo
AIRFLOW_CTX_TASK_ID=producer
AIRFLOW_CTX_EXECUTION_DATE=2022-03-10T19:12:00+00:00
AIRFLOW_CTX_DAG_RUN_ID=scheduled__2022-03-10T19:12:00+00:00
[2022-03-10 19:13:02,182] {logging_mixin.py:109} INFO - Producing message @ 2022-03-10 19:13:02.182342 | Message = {'data_id': 26, 'name': 'BTC', 'timestamp': 1646939582}
[2022-03-10 19:13:02,183] {logging_mixin.py:109} INFO - Producing message @ 2022-03-10 19:13:02.183508 | Message = {'data_id': 200, 'name': 'ETH', 'timestamp': 1646939582}
[2022-03-10 19:13:02,184] {logging_mixin.py:109} INFO - Producing message @ 2022-03-10 19:13:02.184079 | Message = {'data_id': 39, 'name': 'BTT', 'timestamp': 1646939582}
[2022-03-10 19:13:02,184] {logging_mixin.py:109} INFO - Producing message @ 2022-03-10 19:13:02.184635 | Message = {'data_id': 142, 'name': 'DOT', 'timestamp': 1646939582}
[2022-03-10 19:13:02,185] {python.py:175} INFO - Done. Returned value was: None
[2022-03-10 19:13:02,213] {taskinstance.py:1282} INFO - Marking task as SUCCESS. dag_id=Demo, task_id=producer, execution_date=20220310T191200, start_date=20220310T191301, end_date=20220310T191302
[2022-03-10 19:13:02,252] {local_task_job.py:154} INFO - Task exited with return code 0
[2022-03-10 19:13:02,321] {local_task_job.py:264} INFO - 0 downstream tasks scheduled from follow-on schedule check
