[2022-03-10 19:11:02,390] {taskinstance.py:1037} INFO - Dependencies all met for <TaskInstance: Demo.producer scheduled__2022-03-10T19:10:00+00:00 [queued]>
[2022-03-10 19:11:02,403] {taskinstance.py:1037} INFO - Dependencies all met for <TaskInstance: Demo.producer scheduled__2022-03-10T19:10:00+00:00 [queued]>
[2022-03-10 19:11:02,404] {taskinstance.py:1243} INFO - 
--------------------------------------------------------------------------------
[2022-03-10 19:11:02,405] {taskinstance.py:1244} INFO - Starting attempt 1 of 1
[2022-03-10 19:11:02,405] {taskinstance.py:1245} INFO - 
--------------------------------------------------------------------------------
[2022-03-10 19:11:02,419] {taskinstance.py:1264} INFO - Executing <Task(PythonOperator): producer> on 2022-03-10 19:10:00+00:00
[2022-03-10 19:11:02,422] {standard_task_runner.py:52} INFO - Started process 581 to run task
[2022-03-10 19:11:02,426] {standard_task_runner.py:76} INFO - Running: ['airflow', 'tasks', 'run', 'Demo', 'producer', 'scheduled__2022-03-10T19:10:00+00:00', '--job-id', '56', '--raw', '--subdir', 'DAGS_FOLDER/demo.py', '--cfg-path', '/tmp/tmpym185y9g', '--error-file', '/tmp/tmppt4po03x']
[2022-03-10 19:11:02,428] {standard_task_runner.py:77} INFO - Job 56: Subtask producer
[2022-03-10 19:11:02,553] {logging_mixin.py:109} INFO - Running <TaskInstance: Demo.producer scheduled__2022-03-10T19:10:00+00:00 [running]> on host c17209ace312
[2022-03-10 19:11:02,651] {taskinstance.py:1431} INFO - Exporting the following env vars:
AIRFLOW_CTX_DAG_OWNER=airflow
AIRFLOW_CTX_DAG_ID=Demo
AIRFLOW_CTX_TASK_ID=producer
AIRFLOW_CTX_EXECUTION_DATE=2022-03-10T19:10:00+00:00
AIRFLOW_CTX_DAG_RUN_ID=scheduled__2022-03-10T19:10:00+00:00
[2022-03-10 19:11:02,652] {logging_mixin.py:109} INFO - Producing message @ 2022-03-10 19:11:02.652100 | Message = {'data_id': 225, 'name': 'BTC', 'timestamp': 1646939462}
[2022-03-10 19:11:02,653] {logging_mixin.py:109} INFO - Producing message @ 2022-03-10 19:11:02.653471 | Message = {'data_id': 65, 'name': 'ETH', 'timestamp': 1646939462}
[2022-03-10 19:11:02,654] {logging_mixin.py:109} INFO - Producing message @ 2022-03-10 19:11:02.654119 | Message = {'data_id': 15, 'name': 'BTT', 'timestamp': 1646939462}
[2022-03-10 19:11:02,654] {logging_mixin.py:109} INFO - Producing message @ 2022-03-10 19:11:02.654653 | Message = {'data_id': 106, 'name': 'DOT', 'timestamp': 1646939462}
[2022-03-10 19:11:02,655] {python.py:175} INFO - Done. Returned value was: None
[2022-03-10 19:11:02,694] {taskinstance.py:1282} INFO - Marking task as SUCCESS. dag_id=Demo, task_id=producer, execution_date=20220310T191000, start_date=20220310T191102, end_date=20220310T191102
[2022-03-10 19:11:02,720] {local_task_job.py:154} INFO - Task exited with return code 0
[2022-03-10 19:11:02,787] {local_task_job.py:264} INFO - 0 downstream tasks scheduled from follow-on schedule check
