[2022-10-21 11:53:02,822] {taskinstance.py:1037} INFO - Dependencies all met for <TaskInstance: Demo.producer scheduled__2022-10-21T11:52:00+00:00 [queued]>
[2022-10-21 11:53:02,828] {taskinstance.py:1037} INFO - Dependencies all met for <TaskInstance: Demo.producer scheduled__2022-10-21T11:52:00+00:00 [queued]>
[2022-10-21 11:53:02,828] {taskinstance.py:1243} INFO - 
--------------------------------------------------------------------------------
[2022-10-21 11:53:02,828] {taskinstance.py:1244} INFO - Starting attempt 1 of 1
[2022-10-21 11:53:02,829] {taskinstance.py:1245} INFO - 
--------------------------------------------------------------------------------
[2022-10-21 11:53:02,836] {taskinstance.py:1264} INFO - Executing <Task(PythonOperator): producer> on 2022-10-21 11:52:00+00:00
[2022-10-21 11:53:02,838] {standard_task_runner.py:52} INFO - Started process 161 to run task
[2022-10-21 11:53:02,841] {standard_task_runner.py:76} INFO - Running: ['airflow', 'tasks', 'run', 'Demo', 'producer', 'scheduled__2022-10-21T11:52:00+00:00', '--job-id', '15', '--raw', '--subdir', 'DAGS_FOLDER/demo.py', '--cfg-path', '/tmp/tmpsuk1xlfi', '--error-file', '/tmp/tmpgh589e_a']
[2022-10-21 11:53:02,842] {standard_task_runner.py:77} INFO - Job 15: Subtask producer
[2022-10-21 11:53:02,876] {logging_mixin.py:109} INFO - Running <TaskInstance: Demo.producer scheduled__2022-10-21T11:52:00+00:00 [running]> on host e4f852c7030f
[2022-10-21 11:53:02,913] {taskinstance.py:1429} INFO - Exporting the following env vars:
AIRFLOW_CTX_DAG_OWNER=airflow
AIRFLOW_CTX_DAG_ID=Demo
AIRFLOW_CTX_TASK_ID=producer
AIRFLOW_CTX_EXECUTION_DATE=2022-10-21T11:52:00+00:00
AIRFLOW_CTX_DAG_RUN_ID=scheduled__2022-10-21T11:52:00+00:00
[2022-10-21 11:53:02,914] {logging_mixin.py:109} INFO - Producing message @ 2022-10-21 11:53:02.914155 | Message = {'data_id': 41, 'name': 'BTC', 'timestamp': 1666353182}
[2022-10-21 11:53:02,915] {logging_mixin.py:109} INFO - Producing message @ 2022-10-21 11:53:02.915036 | Message = {'data_id': 46, 'name': 'ETH', 'timestamp': 1666353182}
[2022-10-21 11:53:02,915] {logging_mixin.py:109} INFO - Producing message @ 2022-10-21 11:53:02.915477 | Message = {'data_id': 17, 'name': 'BTT', 'timestamp': 1666353182}
[2022-10-21 11:53:02,915] {logging_mixin.py:109} INFO - Producing message @ 2022-10-21 11:53:02.915855 | Message = {'data_id': 142, 'name': 'DOT', 'timestamp': 1666353182}
[2022-10-21 11:53:02,916] {python.py:175} INFO - Done. Returned value was: None
[2022-10-21 11:53:02,920] {taskinstance.py:1272} INFO - Marking task as SUCCESS. dag_id=Demo, task_id=producer, execution_date=20221021T115200, start_date=20221021T115302, end_date=20221021T115302
[2022-10-21 11:53:02,934] {local_task_job.py:154} INFO - Task exited with return code 0
[2022-10-21 11:53:02,948] {local_task_job.py:264} INFO - 0 downstream tasks scheduled from follow-on schedule check
