[2022-10-22 04:30:06,333] {taskinstance.py:1037} INFO - Dependencies all met for <TaskInstance: Demo.producer scheduled__2022-10-22T04:29:00+00:00 [queued]>
[2022-10-22 04:30:06,353] {taskinstance.py:1037} INFO - Dependencies all met for <TaskInstance: Demo.producer scheduled__2022-10-22T04:29:00+00:00 [queued]>
[2022-10-22 04:30:06,353] {taskinstance.py:1243} INFO - 
--------------------------------------------------------------------------------
[2022-10-22 04:30:06,354] {taskinstance.py:1244} INFO - Starting attempt 1 of 1
[2022-10-22 04:30:06,354] {taskinstance.py:1245} INFO - 
--------------------------------------------------------------------------------
[2022-10-22 04:30:06,369] {taskinstance.py:1264} INFO - Executing <Task(PythonOperator): producer> on 2022-10-22 04:29:00+00:00
[2022-10-22 04:30:06,371] {standard_task_runner.py:52} INFO - Started process 40 to run task
[2022-10-22 04:30:06,376] {standard_task_runner.py:76} INFO - Running: ['airflow', 'tasks', 'run', 'Demo', 'producer', 'scheduled__2022-10-22T04:29:00+00:00', '--job-id', '35', '--raw', '--subdir', 'DAGS_FOLDER/demo.py', '--cfg-path', '/tmp/tmpknroj7ww', '--error-file', '/tmp/tmpzij70_s9']
[2022-10-22 04:30:06,377] {standard_task_runner.py:77} INFO - Job 35: Subtask producer
[2022-10-22 04:30:06,435] {logging_mixin.py:109} INFO - Running <TaskInstance: Demo.producer scheduled__2022-10-22T04:29:00+00:00 [running]> on host 98616e61dc0f
[2022-10-22 04:30:06,490] {taskinstance.py:1431} INFO - Exporting the following env vars:
AIRFLOW_CTX_DAG_OWNER=airflow
AIRFLOW_CTX_DAG_ID=Demo
AIRFLOW_CTX_TASK_ID=producer
AIRFLOW_CTX_EXECUTION_DATE=2022-10-22T04:29:00+00:00
AIRFLOW_CTX_DAG_RUN_ID=scheduled__2022-10-22T04:29:00+00:00
[2022-10-22 04:30:06,491] {logging_mixin.py:109} INFO - Producing message @ 2022-10-22 04:30:06.491271 | Message = {'data_id': 120, 'name': 'BTC', 'timestamp': 1666413006}
[2022-10-22 04:30:06,492] {logging_mixin.py:109} INFO - Producing message @ 2022-10-22 04:30:06.492516 | Message = {'data_id': 14, 'name': 'ETH', 'timestamp': 1666413006}
[2022-10-22 04:30:06,493] {logging_mixin.py:109} INFO - Producing message @ 2022-10-22 04:30:06.493153 | Message = {'data_id': 12, 'name': 'BTT', 'timestamp': 1666413006}
[2022-10-22 04:30:06,494] {logging_mixin.py:109} INFO - Producing message @ 2022-10-22 04:30:06.494105 | Message = {'data_id': 99, 'name': 'DOT', 'timestamp': 1666413006}
[2022-10-22 04:30:06,495] {python.py:175} INFO - Done. Returned value was: None
[2022-10-22 04:30:06,503] {taskinstance.py:1282} INFO - Marking task as SUCCESS. dag_id=Demo, task_id=producer, execution_date=20221022T042900, start_date=20221022T043006, end_date=20221022T043006
[2022-10-22 04:30:06,548] {local_task_job.py:154} INFO - Task exited with return code 0
[2022-10-22 04:30:06,592] {local_task_job.py:264} INFO - 0 downstream tasks scheduled from follow-on schedule check
