[2022-03-10 19:00:01,711] {taskinstance.py:1037} INFO - Dependencies all met for <TaskInstance: Demo.producer scheduled__2022-03-10T18:59:00+00:00 [queued]>
[2022-03-10 19:00:01,721] {taskinstance.py:1037} INFO - Dependencies all met for <TaskInstance: Demo.producer scheduled__2022-03-10T18:59:00+00:00 [queued]>
[2022-03-10 19:00:01,722] {taskinstance.py:1243} INFO - 
--------------------------------------------------------------------------------
[2022-03-10 19:00:01,722] {taskinstance.py:1244} INFO - Starting attempt 1 of 1
[2022-03-10 19:00:01,723] {taskinstance.py:1245} INFO - 
--------------------------------------------------------------------------------
[2022-03-10 19:00:01,733] {taskinstance.py:1264} INFO - Executing <Task(PythonOperator): producer> on 2022-03-10 18:59:00+00:00
[2022-03-10 19:00:01,736] {standard_task_runner.py:52} INFO - Started process 482 to run task
[2022-03-10 19:00:01,739] {standard_task_runner.py:76} INFO - Running: ['airflow', 'tasks', 'run', 'Demo', 'producer', 'scheduled__2022-03-10T18:59:00+00:00', '--job-id', '45', '--raw', '--subdir', 'DAGS_FOLDER/demo.py', '--cfg-path', '/tmp/tmphxh06qft', '--error-file', '/tmp/tmpr6v5vc_x']
[2022-03-10 19:00:01,739] {standard_task_runner.py:77} INFO - Job 45: Subtask producer
[2022-03-10 19:00:01,844] {logging_mixin.py:109} INFO - Running <TaskInstance: Demo.producer scheduled__2022-03-10T18:59:00+00:00 [running]> on host c17209ace312
[2022-03-10 19:00:01,944] {taskinstance.py:1431} INFO - Exporting the following env vars:
AIRFLOW_CTX_DAG_OWNER=airflow
AIRFLOW_CTX_DAG_ID=Demo
AIRFLOW_CTX_TASK_ID=producer
AIRFLOW_CTX_EXECUTION_DATE=2022-03-10T18:59:00+00:00
AIRFLOW_CTX_DAG_RUN_ID=scheduled__2022-03-10T18:59:00+00:00
[2022-03-10 19:00:01,945] {logging_mixin.py:109} INFO - Producing message @ 2022-03-10 19:00:01.945425 | Message = {'data_id': 278, 'name': 'BTC', 'timestamp': 1646938801}
[2022-03-10 19:00:01,946] {logging_mixin.py:109} INFO - Producing message @ 2022-03-10 19:00:01.946589 | Message = {'data_id': 157, 'name': 'ETH', 'timestamp': 1646938801}
[2022-03-10 19:00:01,947] {logging_mixin.py:109} INFO - Producing message @ 2022-03-10 19:00:01.947102 | Message = {'data_id': 13, 'name': 'BTT', 'timestamp': 1646938801}
[2022-03-10 19:00:01,947] {logging_mixin.py:109} INFO - Producing message @ 2022-03-10 19:00:01.947656 | Message = {'data_id': 41, 'name': 'DOT', 'timestamp': 1646938801}
[2022-03-10 19:00:01,948] {python.py:175} INFO - Done. Returned value was: None
[2022-03-10 19:00:01,982] {taskinstance.py:1282} INFO - Marking task as SUCCESS. dag_id=Demo, task_id=producer, execution_date=20220310T185900, start_date=20220310T190001, end_date=20220310T190001
[2022-03-10 19:00:02,032] {local_task_job.py:154} INFO - Task exited with return code 0
[2022-03-10 19:00:02,106] {local_task_job.py:264} INFO - 0 downstream tasks scheduled from follow-on schedule check
