[2022-03-10 18:56:01,999] {taskinstance.py:1037} INFO - Dependencies all met for <TaskInstance: Demo.producer scheduled__2022-03-10T18:55:00+00:00 [queued]>
[2022-03-10 18:56:02,012] {taskinstance.py:1037} INFO - Dependencies all met for <TaskInstance: Demo.producer scheduled__2022-03-10T18:55:00+00:00 [queued]>
[2022-03-10 18:56:02,013] {taskinstance.py:1243} INFO - 
--------------------------------------------------------------------------------
[2022-03-10 18:56:02,013] {taskinstance.py:1244} INFO - Starting attempt 1 of 1
[2022-03-10 18:56:02,014] {taskinstance.py:1245} INFO - 
--------------------------------------------------------------------------------
[2022-03-10 18:56:02,027] {taskinstance.py:1264} INFO - Executing <Task(PythonOperator): producer> on 2022-03-10 18:55:00+00:00
[2022-03-10 18:56:02,032] {standard_task_runner.py:52} INFO - Started process 446 to run task
[2022-03-10 18:56:02,036] {standard_task_runner.py:76} INFO - Running: ['airflow', 'tasks', 'run', 'Demo', 'producer', 'scheduled__2022-03-10T18:55:00+00:00', '--job-id', '41', '--raw', '--subdir', 'DAGS_FOLDER/demo.py', '--cfg-path', '/tmp/tmp6jfs8hzc', '--error-file', '/tmp/tmpnzht2s40']
[2022-03-10 18:56:02,037] {standard_task_runner.py:77} INFO - Job 41: Subtask producer
[2022-03-10 18:56:02,168] {logging_mixin.py:109} INFO - Running <TaskInstance: Demo.producer scheduled__2022-03-10T18:55:00+00:00 [running]> on host c17209ace312
[2022-03-10 18:56:02,290] {taskinstance.py:1431} INFO - Exporting the following env vars:
AIRFLOW_CTX_DAG_OWNER=airflow
AIRFLOW_CTX_DAG_ID=Demo
AIRFLOW_CTX_TASK_ID=producer
AIRFLOW_CTX_EXECUTION_DATE=2022-03-10T18:55:00+00:00
AIRFLOW_CTX_DAG_RUN_ID=scheduled__2022-03-10T18:55:00+00:00
[2022-03-10 18:56:02,291] {logging_mixin.py:109} INFO - Producing message @ 2022-03-10 18:56:02.291384 | Message = {'data_id': 309, 'name': 'BTC', 'timestamp': 1646938562}
[2022-03-10 18:56:02,292] {logging_mixin.py:109} INFO - Producing message @ 2022-03-10 18:56:02.292796 | Message = {'data_id': 137, 'name': 'ETH', 'timestamp': 1646938562}
[2022-03-10 18:56:02,293] {logging_mixin.py:109} INFO - Producing message @ 2022-03-10 18:56:02.293587 | Message = {'data_id': 33, 'name': 'BTT', 'timestamp': 1646938562}
[2022-03-10 18:56:02,294] {logging_mixin.py:109} INFO - Producing message @ 2022-03-10 18:56:02.294449 | Message = {'data_id': 88, 'name': 'DOT', 'timestamp': 1646938562}
[2022-03-10 18:56:02,295] {python.py:175} INFO - Done. Returned value was: None
[2022-03-10 18:56:02,332] {taskinstance.py:1282} INFO - Marking task as SUCCESS. dag_id=Demo, task_id=producer, execution_date=20220310T185500, start_date=20220310T185602, end_date=20220310T185602
[2022-03-10 18:56:02,370] {local_task_job.py:154} INFO - Task exited with return code 0
[2022-03-10 18:56:02,452] {local_task_job.py:264} INFO - 0 downstream tasks scheduled from follow-on schedule check
