[2022-03-10 18:48:02,077] {taskinstance.py:1037} INFO - Dependencies all met for <TaskInstance: Demo.producer scheduled__2022-03-10T18:47:00+00:00 [queued]>
[2022-03-10 18:48:02,092] {taskinstance.py:1037} INFO - Dependencies all met for <TaskInstance: Demo.producer scheduled__2022-03-10T18:47:00+00:00 [queued]>
[2022-03-10 18:48:02,093] {taskinstance.py:1243} INFO - 
--------------------------------------------------------------------------------
[2022-03-10 18:48:02,094] {taskinstance.py:1244} INFO - Starting attempt 1 of 1
[2022-03-10 18:48:02,094] {taskinstance.py:1245} INFO - 
--------------------------------------------------------------------------------
[2022-03-10 18:48:02,106] {taskinstance.py:1264} INFO - Executing <Task(PythonOperator): producer> on 2022-03-10 18:47:00+00:00
[2022-03-10 18:48:02,109] {standard_task_runner.py:52} INFO - Started process 374 to run task
[2022-03-10 18:48:02,113] {standard_task_runner.py:76} INFO - Running: ['airflow', 'tasks', 'run', 'Demo', 'producer', 'scheduled__2022-03-10T18:47:00+00:00', '--job-id', '33', '--raw', '--subdir', 'DAGS_FOLDER/demo.py', '--cfg-path', '/tmp/tmpsrlgtedh', '--error-file', '/tmp/tmp5dsil2u9']
[2022-03-10 18:48:02,114] {standard_task_runner.py:77} INFO - Job 33: Subtask producer
[2022-03-10 18:48:02,232] {logging_mixin.py:109} INFO - Running <TaskInstance: Demo.producer scheduled__2022-03-10T18:47:00+00:00 [running]> on host c17209ace312
[2022-03-10 18:48:02,334] {taskinstance.py:1431} INFO - Exporting the following env vars:
AIRFLOW_CTX_DAG_OWNER=airflow
AIRFLOW_CTX_DAG_ID=Demo
AIRFLOW_CTX_TASK_ID=producer
AIRFLOW_CTX_EXECUTION_DATE=2022-03-10T18:47:00+00:00
AIRFLOW_CTX_DAG_RUN_ID=scheduled__2022-03-10T18:47:00+00:00
[2022-03-10 18:48:02,336] {logging_mixin.py:109} INFO - Producing message @ 2022-03-10 18:48:02.336756 | Message = {'data_id': 166, 'name': 'BTC', 'timestamp': 1646938082}
[2022-03-10 18:48:02,338] {logging_mixin.py:109} INFO - Producing message @ 2022-03-10 18:48:02.338255 | Message = {'data_id': 46, 'name': 'ETH', 'timestamp': 1646938082}
[2022-03-10 18:48:02,339] {logging_mixin.py:109} INFO - Producing message @ 2022-03-10 18:48:02.339159 | Message = {'data_id': 15, 'name': 'BTT', 'timestamp': 1646938082}
[2022-03-10 18:48:02,339] {logging_mixin.py:109} INFO - Producing message @ 2022-03-10 18:48:02.339869 | Message = {'data_id': 60, 'name': 'DOT', 'timestamp': 1646938082}
[2022-03-10 18:48:02,340] {python.py:175} INFO - Done. Returned value was: None
[2022-03-10 18:48:02,372] {taskinstance.py:1282} INFO - Marking task as SUCCESS. dag_id=Demo, task_id=producer, execution_date=20220310T184700, start_date=20220310T184802, end_date=20220310T184802
[2022-03-10 18:48:02,406] {local_task_job.py:154} INFO - Task exited with return code 0
[2022-03-10 18:48:02,478] {local_task_job.py:264} INFO - 0 downstream tasks scheduled from follow-on schedule check
