[2022-10-21 11:10:03,631] {taskinstance.py:1037} INFO - Dependencies all met for <TaskInstance: Demo.producer scheduled__2022-10-21T11:09:00+00:00 [queued]>
[2022-10-21 11:10:03,639] {taskinstance.py:1037} INFO - Dependencies all met for <TaskInstance: Demo.producer scheduled__2022-10-21T11:09:00+00:00 [queued]>
[2022-10-21 11:10:03,640] {taskinstance.py:1243} INFO - 
--------------------------------------------------------------------------------
[2022-10-21 11:10:03,640] {taskinstance.py:1244} INFO - Starting attempt 1 of 1
[2022-10-21 11:10:03,641] {taskinstance.py:1245} INFO - 
--------------------------------------------------------------------------------
[2022-10-21 11:10:03,650] {taskinstance.py:1264} INFO - Executing <Task(PythonOperator): producer> on 2022-10-21 11:09:00+00:00
[2022-10-21 11:10:03,652] {standard_task_runner.py:52} INFO - Started process 105 to run task
[2022-10-21 11:10:03,656] {standard_task_runner.py:76} INFO - Running: ['airflow', 'tasks', 'run', 'Demo', 'producer', 'scheduled__2022-10-21T11:09:00+00:00', '--job-id', '37', '--raw', '--subdir', 'DAGS_FOLDER/demo.py', '--cfg-path', '/tmp/tmpyoao2q_c', '--error-file', '/tmp/tmps0kxv6w6']
[2022-10-21 11:10:03,657] {standard_task_runner.py:77} INFO - Job 37: Subtask producer
[2022-10-21 11:10:03,698] {logging_mixin.py:109} INFO - Running <TaskInstance: Demo.producer scheduled__2022-10-21T11:09:00+00:00 [running]> on host 4c1937bb97ee
[2022-10-21 11:10:03,763] {taskinstance.py:1429} INFO - Exporting the following env vars:
AIRFLOW_CTX_DAG_OWNER=airflow
AIRFLOW_CTX_DAG_ID=Demo
AIRFLOW_CTX_TASK_ID=producer
AIRFLOW_CTX_EXECUTION_DATE=2022-10-21T11:09:00+00:00
AIRFLOW_CTX_DAG_RUN_ID=scheduled__2022-10-21T11:09:00+00:00
[2022-10-21 11:10:03,764] {logging_mixin.py:109} INFO - Producing message @ 2022-10-21 11:10:03.764800 | Message = {'data_id': 96, 'name': 'BTC', 'timestamp': 1666350603}
[2022-10-21 11:10:03,766] {logging_mixin.py:109} INFO - Producing message @ 2022-10-21 11:10:03.766219 | Message = {'data_id': 124, 'name': 'ETH', 'timestamp': 1666350603}
[2022-10-21 11:10:03,767] {logging_mixin.py:109} INFO - Producing message @ 2022-10-21 11:10:03.767342 | Message = {'data_id': 19, 'name': 'BTT', 'timestamp': 1666350603}
[2022-10-21 11:10:03,771] {logging_mixin.py:109} INFO - Producing message @ 2022-10-21 11:10:03.771647 | Message = {'data_id': 134, 'name': 'DOT', 'timestamp': 1666350603}
[2022-10-21 11:10:03,773] {python.py:175} INFO - Done. Returned value was: None
[2022-10-21 11:10:03,780] {taskinstance.py:1272} INFO - Marking task as SUCCESS. dag_id=Demo, task_id=producer, execution_date=20221021T110900, start_date=20221021T111003, end_date=20221021T111003
[2022-10-21 11:10:03,830] {local_task_job.py:154} INFO - Task exited with return code 0
[2022-10-21 11:10:03,849] {local_task_job.py:264} INFO - 0 downstream tasks scheduled from follow-on schedule check
