[2022-10-22 03:28:03,983] {taskinstance.py:1037} INFO - Dependencies all met for <TaskInstance: Demo.producer scheduled__2022-10-22T03:27:00+00:00 [queued]>
[2022-10-22 03:28:03,996] {taskinstance.py:1037} INFO - Dependencies all met for <TaskInstance: Demo.producer scheduled__2022-10-22T03:27:00+00:00 [queued]>
[2022-10-22 03:28:03,996] {taskinstance.py:1243} INFO - 
--------------------------------------------------------------------------------
[2022-10-22 03:28:03,997] {taskinstance.py:1244} INFO - Starting attempt 1 of 1
[2022-10-22 03:28:03,997] {taskinstance.py:1245} INFO - 
--------------------------------------------------------------------------------
[2022-10-22 03:28:04,010] {taskinstance.py:1264} INFO - Executing <Task(PythonOperator): producer> on 2022-10-22 03:27:00+00:00
[2022-10-22 03:28:04,013] {standard_task_runner.py:52} INFO - Started process 113 to run task
[2022-10-22 03:28:04,018] {standard_task_runner.py:76} INFO - Running: ['airflow', 'tasks', 'run', 'Demo', 'producer', 'scheduled__2022-10-22T03:27:00+00:00', '--job-id', '12', '--raw', '--subdir', 'DAGS_FOLDER/demo.py', '--cfg-path', '/tmp/tmpfyh53iq0', '--error-file', '/tmp/tmp5u8el_wa']
[2022-10-22 03:28:04,019] {standard_task_runner.py:77} INFO - Job 12: Subtask producer
[2022-10-22 03:28:04,077] {logging_mixin.py:109} INFO - Running <TaskInstance: Demo.producer scheduled__2022-10-22T03:27:00+00:00 [running]> on host 98616e61dc0f
[2022-10-22 03:28:04,132] {taskinstance.py:1431} INFO - Exporting the following env vars:
AIRFLOW_CTX_DAG_OWNER=airflow
AIRFLOW_CTX_DAG_ID=Demo
AIRFLOW_CTX_TASK_ID=producer
AIRFLOW_CTX_EXECUTION_DATE=2022-10-22T03:27:00+00:00
AIRFLOW_CTX_DAG_RUN_ID=scheduled__2022-10-22T03:27:00+00:00
[2022-10-22 03:28:04,133] {logging_mixin.py:109} INFO - Producing message @ 2022-10-22 03:28:04.133518 | Message = {'data_id': 171, 'name': 'BTC', 'timestamp': 1666409284}
[2022-10-22 03:28:04,135] {logging_mixin.py:109} INFO - Producing message @ 2022-10-22 03:28:04.134914 | Message = {'data_id': 49, 'name': 'ETH', 'timestamp': 1666409284}
[2022-10-22 03:28:04,135] {logging_mixin.py:109} INFO - Producing message @ 2022-10-22 03:28:04.135652 | Message = {'data_id': 28, 'name': 'BTT', 'timestamp': 1666409284}
[2022-10-22 03:28:04,136] {logging_mixin.py:109} INFO - Producing message @ 2022-10-22 03:28:04.136232 | Message = {'data_id': 99, 'name': 'DOT', 'timestamp': 1666409284}
[2022-10-22 03:28:04,136] {python.py:175} INFO - Done. Returned value was: None
[2022-10-22 03:28:04,144] {taskinstance.py:1282} INFO - Marking task as SUCCESS. dag_id=Demo, task_id=producer, execution_date=20221022T032700, start_date=20221022T032803, end_date=20221022T032804
[2022-10-22 03:28:04,191] {local_task_job.py:154} INFO - Task exited with return code 0
[2022-10-22 03:28:04,210] {local_task_job.py:264} INFO - 0 downstream tasks scheduled from follow-on schedule check
