[2022-10-21 11:54:03,023] {taskinstance.py:1037} INFO - Dependencies all met for <TaskInstance: Demo.producer scheduled__2022-10-21T11:53:00+00:00 [queued]>
[2022-10-21 11:54:03,030] {taskinstance.py:1037} INFO - Dependencies all met for <TaskInstance: Demo.producer scheduled__2022-10-21T11:53:00+00:00 [queued]>
[2022-10-21 11:54:03,031] {taskinstance.py:1243} INFO - 
--------------------------------------------------------------------------------
[2022-10-21 11:54:03,031] {taskinstance.py:1244} INFO - Starting attempt 1 of 1
[2022-10-21 11:54:03,031] {taskinstance.py:1245} INFO - 
--------------------------------------------------------------------------------
[2022-10-21 11:54:03,062] {taskinstance.py:1264} INFO - Executing <Task(PythonOperator): producer> on 2022-10-21 11:53:00+00:00
[2022-10-21 11:54:03,064] {standard_task_runner.py:52} INFO - Started process 168 to run task
[2022-10-21 11:54:03,069] {standard_task_runner.py:76} INFO - Running: ['airflow', 'tasks', 'run', 'Demo', 'producer', 'scheduled__2022-10-21T11:53:00+00:00', '--job-id', '16', '--raw', '--subdir', 'DAGS_FOLDER/demo.py', '--cfg-path', '/tmp/tmpw8dgqtow', '--error-file', '/tmp/tmpe16gwiq3']
[2022-10-21 11:54:03,069] {standard_task_runner.py:77} INFO - Job 16: Subtask producer
[2022-10-21 11:54:03,108] {logging_mixin.py:109} INFO - Running <TaskInstance: Demo.producer scheduled__2022-10-21T11:53:00+00:00 [running]> on host e4f852c7030f
[2022-10-21 11:54:03,140] {taskinstance.py:1429} INFO - Exporting the following env vars:
AIRFLOW_CTX_DAG_OWNER=airflow
AIRFLOW_CTX_DAG_ID=Demo
AIRFLOW_CTX_TASK_ID=producer
AIRFLOW_CTX_EXECUTION_DATE=2022-10-21T11:53:00+00:00
AIRFLOW_CTX_DAG_RUN_ID=scheduled__2022-10-21T11:53:00+00:00
[2022-10-21 11:54:03,141] {logging_mixin.py:109} INFO - Producing message @ 2022-10-21 11:54:03.141310 | Message = {'data_id': 367, 'name': 'BTC', 'timestamp': 1666353243}
[2022-10-21 11:54:03,142] {logging_mixin.py:109} INFO - Producing message @ 2022-10-21 11:54:03.142232 | Message = {'data_id': 205, 'name': 'ETH', 'timestamp': 1666353243}
[2022-10-21 11:54:03,142] {logging_mixin.py:109} INFO - Producing message @ 2022-10-21 11:54:03.142631 | Message = {'data_id': 38, 'name': 'BTT', 'timestamp': 1666353243}
[2022-10-21 11:54:03,143] {logging_mixin.py:109} INFO - Producing message @ 2022-10-21 11:54:03.143049 | Message = {'data_id': 114, 'name': 'DOT', 'timestamp': 1666353243}
[2022-10-21 11:54:03,143] {python.py:175} INFO - Done. Returned value was: None
[2022-10-21 11:54:03,148] {taskinstance.py:1272} INFO - Marking task as SUCCESS. dag_id=Demo, task_id=producer, execution_date=20221021T115300, start_date=20221021T115403, end_date=20221021T115403
[2022-10-21 11:54:03,201] {local_task_job.py:154} INFO - Task exited with return code 0
[2022-10-21 11:54:03,213] {local_task_job.py:264} INFO - 0 downstream tasks scheduled from follow-on schedule check
