[2022-10-21 11:44:03,167] {taskinstance.py:1037} INFO - Dependencies all met for <TaskInstance: Demo.producer scheduled__2022-10-21T11:43:00+00:00 [queued]>
[2022-10-21 11:44:03,186] {taskinstance.py:1037} INFO - Dependencies all met for <TaskInstance: Demo.producer scheduled__2022-10-21T11:43:00+00:00 [queued]>
[2022-10-21 11:44:03,188] {taskinstance.py:1243} INFO - 
--------------------------------------------------------------------------------
[2022-10-21 11:44:03,189] {taskinstance.py:1244} INFO - Starting attempt 1 of 1
[2022-10-21 11:44:03,189] {taskinstance.py:1245} INFO - 
--------------------------------------------------------------------------------
[2022-10-21 11:44:03,208] {taskinstance.py:1264} INFO - Executing <Task(PythonOperator): producer> on 2022-10-21 11:43:00+00:00
[2022-10-21 11:44:03,214] {standard_task_runner.py:52} INFO - Started process 100 to run task
[2022-10-21 11:44:03,222] {standard_task_runner.py:76} INFO - Running: ['airflow', 'tasks', 'run', 'Demo', 'producer', 'scheduled__2022-10-21T11:43:00+00:00', '--job-id', '6', '--raw', '--subdir', 'DAGS_FOLDER/demo.py', '--cfg-path', '/tmp/tmpeax5tqf9', '--error-file', '/tmp/tmppymfrtey']
[2022-10-21 11:44:03,223] {standard_task_runner.py:77} INFO - Job 6: Subtask producer
[2022-10-21 11:44:03,309] {logging_mixin.py:109} INFO - Running <TaskInstance: Demo.producer scheduled__2022-10-21T11:43:00+00:00 [running]> on host e4f852c7030f
[2022-10-21 11:44:03,469] {taskinstance.py:1429} INFO - Exporting the following env vars:
AIRFLOW_CTX_DAG_OWNER=airflow
AIRFLOW_CTX_DAG_ID=Demo
AIRFLOW_CTX_TASK_ID=producer
AIRFLOW_CTX_EXECUTION_DATE=2022-10-21T11:43:00+00:00
AIRFLOW_CTX_DAG_RUN_ID=scheduled__2022-10-21T11:43:00+00:00
[2022-10-21 11:44:03,470] {logging_mixin.py:109} INFO - Producing message @ 2022-10-21 11:44:03.470459 | Message = {'data_id': 393, 'name': 'BTC', 'timestamp': 1666352643}
[2022-10-21 11:44:03,471] {logging_mixin.py:109} INFO - Producing message @ 2022-10-21 11:44:03.471763 | Message = {'data_id': 42, 'name': 'ETH', 'timestamp': 1666352643}
[2022-10-21 11:44:03,472] {logging_mixin.py:109} INFO - Producing message @ 2022-10-21 11:44:03.472404 | Message = {'data_id': 15, 'name': 'BTT', 'timestamp': 1666352643}
[2022-10-21 11:44:03,472] {logging_mixin.py:109} INFO - Producing message @ 2022-10-21 11:44:03.472941 | Message = {'data_id': 83, 'name': 'DOT', 'timestamp': 1666352643}
[2022-10-21 11:44:03,473] {python.py:175} INFO - Done. Returned value was: None
[2022-10-21 11:44:03,480] {taskinstance.py:1272} INFO - Marking task as SUCCESS. dag_id=Demo, task_id=producer, execution_date=20221021T114300, start_date=20221021T114403, end_date=20221021T114403
[2022-10-21 11:44:03,517] {local_task_job.py:154} INFO - Task exited with return code 0
[2022-10-21 11:44:03,540] {local_task_job.py:264} INFO - 0 downstream tasks scheduled from follow-on schedule check
