[2022-10-22 04:36:02,614] {taskinstance.py:1037} INFO - Dependencies all met for <TaskInstance: Demo.producer scheduled__2022-10-22T04:35:00+00:00 [queued]>
[2022-10-22 04:36:02,621] {taskinstance.py:1037} INFO - Dependencies all met for <TaskInstance: Demo.producer scheduled__2022-10-22T04:35:00+00:00 [queued]>
[2022-10-22 04:36:02,621] {taskinstance.py:1243} INFO - 
--------------------------------------------------------------------------------
[2022-10-22 04:36:02,621] {taskinstance.py:1244} INFO - Starting attempt 1 of 1
[2022-10-22 04:36:02,621] {taskinstance.py:1245} INFO - 
--------------------------------------------------------------------------------
[2022-10-22 04:36:02,633] {taskinstance.py:1264} INFO - Executing <Task(PythonOperator): producer> on 2022-10-22 04:35:00+00:00
[2022-10-22 04:36:02,636] {standard_task_runner.py:52} INFO - Started process 73 to run task
[2022-10-22 04:36:02,639] {standard_task_runner.py:76} INFO - Running: ['airflow', 'tasks', 'run', 'Demo', 'producer', 'scheduled__2022-10-22T04:35:00+00:00', '--job-id', '42', '--raw', '--subdir', 'DAGS_FOLDER/demo.py', '--cfg-path', '/tmp/tmpgi32s05r', '--error-file', '/tmp/tmperbnr0y5']
[2022-10-22 04:36:02,640] {standard_task_runner.py:77} INFO - Job 42: Subtask producer
[2022-10-22 04:36:02,676] {logging_mixin.py:109} INFO - Running <TaskInstance: Demo.producer scheduled__2022-10-22T04:35:00+00:00 [running]> on host 98616e61dc0f
[2022-10-22 04:36:02,709] {taskinstance.py:1431} INFO - Exporting the following env vars:
AIRFLOW_CTX_DAG_OWNER=airflow
AIRFLOW_CTX_DAG_ID=Demo
AIRFLOW_CTX_TASK_ID=producer
AIRFLOW_CTX_EXECUTION_DATE=2022-10-22T04:35:00+00:00
AIRFLOW_CTX_DAG_RUN_ID=scheduled__2022-10-22T04:35:00+00:00
[2022-10-22 04:36:02,709] {logging_mixin.py:109} INFO - Producing message @ 2022-10-22 04:36:02.709899 | Message = {'data_id': 103, 'name': 'BTC', 'timestamp': 1666413362}
[2022-10-22 04:36:02,710] {logging_mixin.py:109} INFO - Producing message @ 2022-10-22 04:36:02.710773 | Message = {'data_id': 95, 'name': 'ETH', 'timestamp': 1666413362}
[2022-10-22 04:36:02,711] {logging_mixin.py:109} INFO - Producing message @ 2022-10-22 04:36:02.711157 | Message = {'data_id': 27, 'name': 'BTT', 'timestamp': 1666413362}
[2022-10-22 04:36:02,711] {logging_mixin.py:109} INFO - Producing message @ 2022-10-22 04:36:02.711512 | Message = {'data_id': 114, 'name': 'DOT', 'timestamp': 1666413362}
[2022-10-22 04:36:02,711] {python.py:175} INFO - Done. Returned value was: None
[2022-10-22 04:36:02,716] {taskinstance.py:1282} INFO - Marking task as SUCCESS. dag_id=Demo, task_id=producer, execution_date=20221022T043500, start_date=20221022T043602, end_date=20221022T043602
[2022-10-22 04:36:02,731] {local_task_job.py:154} INFO - Task exited with return code 0
[2022-10-22 04:36:02,746] {local_task_job.py:264} INFO - 0 downstream tasks scheduled from follow-on schedule check
