[2022-03-10 19:07:02,405] {taskinstance.py:1037} INFO - Dependencies all met for <TaskInstance: Demo.producer scheduled__2022-03-10T19:06:00+00:00 [queued]>
[2022-03-10 19:07:02,417] {taskinstance.py:1037} INFO - Dependencies all met for <TaskInstance: Demo.producer scheduled__2022-03-10T19:06:00+00:00 [queued]>
[2022-03-10 19:07:02,418] {taskinstance.py:1243} INFO - 
--------------------------------------------------------------------------------
[2022-03-10 19:07:02,418] {taskinstance.py:1244} INFO - Starting attempt 1 of 1
[2022-03-10 19:07:02,419] {taskinstance.py:1245} INFO - 
--------------------------------------------------------------------------------
[2022-03-10 19:07:02,429] {taskinstance.py:1264} INFO - Executing <Task(PythonOperator): producer> on 2022-03-10 19:06:00+00:00
[2022-03-10 19:07:02,432] {standard_task_runner.py:52} INFO - Started process 545 to run task
[2022-03-10 19:07:02,435] {standard_task_runner.py:76} INFO - Running: ['airflow', 'tasks', 'run', 'Demo', 'producer', 'scheduled__2022-03-10T19:06:00+00:00', '--job-id', '52', '--raw', '--subdir', 'DAGS_FOLDER/demo.py', '--cfg-path', '/tmp/tmptmajhomq', '--error-file', '/tmp/tmpsqypa1lj']
[2022-03-10 19:07:02,436] {standard_task_runner.py:77} INFO - Job 52: Subtask producer
[2022-03-10 19:07:02,552] {logging_mixin.py:109} INFO - Running <TaskInstance: Demo.producer scheduled__2022-03-10T19:06:00+00:00 [running]> on host c17209ace312
[2022-03-10 19:07:02,680] {taskinstance.py:1431} INFO - Exporting the following env vars:
AIRFLOW_CTX_DAG_OWNER=airflow
AIRFLOW_CTX_DAG_ID=Demo
AIRFLOW_CTX_TASK_ID=producer
AIRFLOW_CTX_EXECUTION_DATE=2022-03-10T19:06:00+00:00
AIRFLOW_CTX_DAG_RUN_ID=scheduled__2022-03-10T19:06:00+00:00
[2022-03-10 19:07:02,682] {logging_mixin.py:109} INFO - Producing message @ 2022-03-10 19:07:02.682435 | Message = {'data_id': 315, 'name': 'BTC', 'timestamp': 1646939222}
[2022-03-10 19:07:02,683] {logging_mixin.py:109} INFO - Producing message @ 2022-03-10 19:07:02.683615 | Message = {'data_id': 175, 'name': 'ETH', 'timestamp': 1646939222}
[2022-03-10 19:07:02,684] {logging_mixin.py:109} INFO - Producing message @ 2022-03-10 19:07:02.684351 | Message = {'data_id': 22, 'name': 'BTT', 'timestamp': 1646939222}
[2022-03-10 19:07:02,685] {logging_mixin.py:109} INFO - Producing message @ 2022-03-10 19:07:02.685104 | Message = {'data_id': 66, 'name': 'DOT', 'timestamp': 1646939222}
[2022-03-10 19:07:02,685] {python.py:175} INFO - Done. Returned value was: None
[2022-03-10 19:07:02,721] {taskinstance.py:1282} INFO - Marking task as SUCCESS. dag_id=Demo, task_id=producer, execution_date=20220310T190600, start_date=20220310T190702, end_date=20220310T190702
[2022-03-10 19:07:02,769] {local_task_job.py:154} INFO - Task exited with return code 0
[2022-03-10 19:07:02,839] {local_task_job.py:264} INFO - 0 downstream tasks scheduled from follow-on schedule check
