[2022-10-22 03:32:03,941] {taskinstance.py:1037} INFO - Dependencies all met for <TaskInstance: Demo.producer scheduled__2022-10-22T03:31:00+00:00 [queued]>
[2022-10-22 03:32:03,954] {taskinstance.py:1037} INFO - Dependencies all met for <TaskInstance: Demo.producer scheduled__2022-10-22T03:31:00+00:00 [queued]>
[2022-10-22 03:32:03,955] {taskinstance.py:1243} INFO - 
--------------------------------------------------------------------------------
[2022-10-22 03:32:03,956] {taskinstance.py:1244} INFO - Starting attempt 1 of 1
[2022-10-22 03:32:03,956] {taskinstance.py:1245} INFO - 
--------------------------------------------------------------------------------
[2022-10-22 03:32:03,971] {taskinstance.py:1264} INFO - Executing <Task(PythonOperator): producer> on 2022-10-22 03:31:00+00:00
[2022-10-22 03:32:03,974] {standard_task_runner.py:52} INFO - Started process 147 to run task
[2022-10-22 03:32:03,979] {standard_task_runner.py:76} INFO - Running: ['airflow', 'tasks', 'run', 'Demo', 'producer', 'scheduled__2022-10-22T03:31:00+00:00', '--job-id', '16', '--raw', '--subdir', 'DAGS_FOLDER/demo.py', '--cfg-path', '/tmp/tmpduvg4bg1', '--error-file', '/tmp/tmpv74n7j17']
[2022-10-22 03:32:03,981] {standard_task_runner.py:77} INFO - Job 16: Subtask producer
[2022-10-22 03:32:04,047] {logging_mixin.py:109} INFO - Running <TaskInstance: Demo.producer scheduled__2022-10-22T03:31:00+00:00 [running]> on host 98616e61dc0f
[2022-10-22 03:32:04,104] {taskinstance.py:1431} INFO - Exporting the following env vars:
AIRFLOW_CTX_DAG_OWNER=airflow
AIRFLOW_CTX_DAG_ID=Demo
AIRFLOW_CTX_TASK_ID=producer
AIRFLOW_CTX_EXECUTION_DATE=2022-10-22T03:31:00+00:00
AIRFLOW_CTX_DAG_RUN_ID=scheduled__2022-10-22T03:31:00+00:00
[2022-10-22 03:32:04,105] {logging_mixin.py:109} INFO - Producing message @ 2022-10-22 03:32:04.105820 | Message = {'data_id': 122, 'name': 'BTC', 'timestamp': 1666409524}
[2022-10-22 03:32:04,107] {logging_mixin.py:109} INFO - Producing message @ 2022-10-22 03:32:04.107198 | Message = {'data_id': 111, 'name': 'ETH', 'timestamp': 1666409524}
[2022-10-22 03:32:04,107] {logging_mixin.py:109} INFO - Producing message @ 2022-10-22 03:32:04.107795 | Message = {'data_id': 25, 'name': 'BTT', 'timestamp': 1666409524}
[2022-10-22 03:32:04,108] {logging_mixin.py:109} INFO - Producing message @ 2022-10-22 03:32:04.108313 | Message = {'data_id': 98, 'name': 'DOT', 'timestamp': 1666409524}
[2022-10-22 03:32:04,108] {python.py:175} INFO - Done. Returned value was: None
[2022-10-22 03:32:04,116] {taskinstance.py:1282} INFO - Marking task as SUCCESS. dag_id=Demo, task_id=producer, execution_date=20221022T033100, start_date=20221022T033203, end_date=20221022T033204
[2022-10-22 03:32:04,152] {local_task_job.py:154} INFO - Task exited with return code 0
[2022-10-22 03:32:04,172] {local_task_job.py:264} INFO - 0 downstream tasks scheduled from follow-on schedule check
