[2022-10-21 11:49:03,590] {taskinstance.py:1037} INFO - Dependencies all met for <TaskInstance: Demo.producer scheduled__2022-10-21T11:48:00+00:00 [queued]>
[2022-10-21 11:49:03,605] {taskinstance.py:1037} INFO - Dependencies all met for <TaskInstance: Demo.producer scheduled__2022-10-21T11:48:00+00:00 [queued]>
[2022-10-21 11:49:03,606] {taskinstance.py:1243} INFO - 
--------------------------------------------------------------------------------
[2022-10-21 11:49:03,606] {taskinstance.py:1244} INFO - Starting attempt 1 of 1
[2022-10-21 11:49:03,607] {taskinstance.py:1245} INFO - 
--------------------------------------------------------------------------------
[2022-10-21 11:49:03,619] {taskinstance.py:1264} INFO - Executing <Task(PythonOperator): producer> on 2022-10-21 11:48:00+00:00
[2022-10-21 11:49:03,623] {standard_task_runner.py:52} INFO - Started process 135 to run task
[2022-10-21 11:49:03,627] {standard_task_runner.py:76} INFO - Running: ['airflow', 'tasks', 'run', 'Demo', 'producer', 'scheduled__2022-10-21T11:48:00+00:00', '--job-id', '11', '--raw', '--subdir', 'DAGS_FOLDER/demo.py', '--cfg-path', '/tmp/tmp8qi52ifc', '--error-file', '/tmp/tmp3q3fugy5']
[2022-10-21 11:49:03,628] {standard_task_runner.py:77} INFO - Job 11: Subtask producer
[2022-10-21 11:49:03,677] {logging_mixin.py:109} INFO - Running <TaskInstance: Demo.producer scheduled__2022-10-21T11:48:00+00:00 [running]> on host e4f852c7030f
[2022-10-21 11:49:03,728] {taskinstance.py:1429} INFO - Exporting the following env vars:
AIRFLOW_CTX_DAG_OWNER=airflow
AIRFLOW_CTX_DAG_ID=Demo
AIRFLOW_CTX_TASK_ID=producer
AIRFLOW_CTX_EXECUTION_DATE=2022-10-21T11:48:00+00:00
AIRFLOW_CTX_DAG_RUN_ID=scheduled__2022-10-21T11:48:00+00:00
[2022-10-21 11:49:03,729] {logging_mixin.py:109} INFO - Producing message @ 2022-10-21 11:49:03.729572 | Message = {'data_id': 225, 'name': 'BTC', 'timestamp': 1666352943}
[2022-10-21 11:49:03,730] {logging_mixin.py:109} INFO - Producing message @ 2022-10-21 11:49:03.730706 | Message = {'data_id': 53, 'name': 'ETH', 'timestamp': 1666352943}
[2022-10-21 11:49:03,731] {logging_mixin.py:109} INFO - Producing message @ 2022-10-21 11:49:03.731344 | Message = {'data_id': 23, 'name': 'BTT', 'timestamp': 1666352943}
[2022-10-21 11:49:03,731] {logging_mixin.py:109} INFO - Producing message @ 2022-10-21 11:49:03.731849 | Message = {'data_id': 156, 'name': 'DOT', 'timestamp': 1666352943}
[2022-10-21 11:49:03,732] {python.py:175} INFO - Done. Returned value was: None
[2022-10-21 11:49:03,738] {taskinstance.py:1272} INFO - Marking task as SUCCESS. dag_id=Demo, task_id=producer, execution_date=20221021T114800, start_date=20221021T114903, end_date=20221021T114903
[2022-10-21 11:49:03,760] {local_task_job.py:154} INFO - Task exited with return code 0
[2022-10-21 11:49:03,779] {local_task_job.py:264} INFO - 0 downstream tasks scheduled from follow-on schedule check
