[2022-03-10 19:20:01,802] {taskinstance.py:1037} INFO - Dependencies all met for <TaskInstance: Demo.producer scheduled__2022-03-10T19:19:00+00:00 [queued]>
[2022-03-10 19:20:01,815] {taskinstance.py:1037} INFO - Dependencies all met for <TaskInstance: Demo.producer scheduled__2022-03-10T19:19:00+00:00 [queued]>
[2022-03-10 19:20:01,816] {taskinstance.py:1243} INFO - 
--------------------------------------------------------------------------------
[2022-03-10 19:20:01,817] {taskinstance.py:1244} INFO - Starting attempt 1 of 1
[2022-03-10 19:20:01,818] {taskinstance.py:1245} INFO - 
--------------------------------------------------------------------------------
[2022-03-10 19:20:01,834] {taskinstance.py:1264} INFO - Executing <Task(PythonOperator): producer> on 2022-03-10 19:19:00+00:00
[2022-03-10 19:20:01,837] {standard_task_runner.py:52} INFO - Started process 662 to run task
[2022-03-10 19:20:01,841] {standard_task_runner.py:76} INFO - Running: ['airflow', 'tasks', 'run', 'Demo', 'producer', 'scheduled__2022-03-10T19:19:00+00:00', '--job-id', '65', '--raw', '--subdir', 'DAGS_FOLDER/demo.py', '--cfg-path', '/tmp/tmp38xd6z_7', '--error-file', '/tmp/tmpzkpx28ac']
[2022-03-10 19:20:01,842] {standard_task_runner.py:77} INFO - Job 65: Subtask producer
[2022-03-10 19:20:01,968] {logging_mixin.py:109} INFO - Running <TaskInstance: Demo.producer scheduled__2022-03-10T19:19:00+00:00 [running]> on host c17209ace312
[2022-03-10 19:20:02,080] {taskinstance.py:1431} INFO - Exporting the following env vars:
AIRFLOW_CTX_DAG_OWNER=airflow
AIRFLOW_CTX_DAG_ID=Demo
AIRFLOW_CTX_TASK_ID=producer
AIRFLOW_CTX_EXECUTION_DATE=2022-03-10T19:19:00+00:00
AIRFLOW_CTX_DAG_RUN_ID=scheduled__2022-03-10T19:19:00+00:00
[2022-03-10 19:20:02,081] {logging_mixin.py:109} INFO - Producing message @ 2022-03-10 19:20:02.081342 | Message = {'data_id': 148, 'name': 'BTC', 'timestamp': 1646940002}
[2022-03-10 19:20:02,082] {logging_mixin.py:109} INFO - Producing message @ 2022-03-10 19:20:02.082751 | Message = {'data_id': 148, 'name': 'ETH', 'timestamp': 1646940002}
[2022-03-10 19:20:02,083] {logging_mixin.py:109} INFO - Producing message @ 2022-03-10 19:20:02.083423 | Message = {'data_id': 19, 'name': 'BTT', 'timestamp': 1646940002}
[2022-03-10 19:20:02,084] {logging_mixin.py:109} INFO - Producing message @ 2022-03-10 19:20:02.084202 | Message = {'data_id': 161, 'name': 'DOT', 'timestamp': 1646940002}
[2022-03-10 19:20:02,084] {python.py:175} INFO - Done. Returned value was: None
[2022-03-10 19:20:02,120] {taskinstance.py:1282} INFO - Marking task as SUCCESS. dag_id=Demo, task_id=producer, execution_date=20220310T191900, start_date=20220310T192001, end_date=20220310T192002
[2022-03-10 19:20:02,175] {local_task_job.py:154} INFO - Task exited with return code 0
[2022-03-10 19:20:02,243] {local_task_job.py:264} INFO - 0 downstream tasks scheduled from follow-on schedule check
