[2022-03-10 18:42:01,995] {taskinstance.py:1037} INFO - Dependencies all met for <TaskInstance: Demo.producer scheduled__2022-03-10T18:41:00+00:00 [queued]>
[2022-03-10 18:42:02,010] {taskinstance.py:1037} INFO - Dependencies all met for <TaskInstance: Demo.producer scheduled__2022-03-10T18:41:00+00:00 [queued]>
[2022-03-10 18:42:02,011] {taskinstance.py:1243} INFO - 
--------------------------------------------------------------------------------
[2022-03-10 18:42:02,012] {taskinstance.py:1244} INFO - Starting attempt 1 of 1
[2022-03-10 18:42:02,012] {taskinstance.py:1245} INFO - 
--------------------------------------------------------------------------------
[2022-03-10 18:42:02,028] {taskinstance.py:1264} INFO - Executing <Task(PythonOperator): producer> on 2022-03-10 18:41:00+00:00
[2022-03-10 18:42:02,032] {standard_task_runner.py:52} INFO - Started process 322 to run task
[2022-03-10 18:42:02,036] {standard_task_runner.py:76} INFO - Running: ['airflow', 'tasks', 'run', 'Demo', 'producer', 'scheduled__2022-03-10T18:41:00+00:00', '--job-id', '27', '--raw', '--subdir', 'DAGS_FOLDER/demo.py', '--cfg-path', '/tmp/tmp2sbj35yv', '--error-file', '/tmp/tmp_9fbzyko']
[2022-03-10 18:42:02,037] {standard_task_runner.py:77} INFO - Job 27: Subtask producer
[2022-03-10 18:42:02,184] {logging_mixin.py:109} INFO - Running <TaskInstance: Demo.producer scheduled__2022-03-10T18:41:00+00:00 [running]> on host c17209ace312
[2022-03-10 18:42:02,303] {taskinstance.py:1431} INFO - Exporting the following env vars:
AIRFLOW_CTX_DAG_OWNER=airflow
AIRFLOW_CTX_DAG_ID=Demo
AIRFLOW_CTX_TASK_ID=producer
AIRFLOW_CTX_EXECUTION_DATE=2022-03-10T18:41:00+00:00
AIRFLOW_CTX_DAG_RUN_ID=scheduled__2022-03-10T18:41:00+00:00
[2022-03-10 18:42:02,305] {logging_mixin.py:109} INFO - Producing message @ 2022-03-10 18:42:02.305112 | Message = {'data_id': 21, 'name': 'BTC', 'timestamp': 1646937722}
[2022-03-10 18:42:02,306] {logging_mixin.py:109} INFO - Producing message @ 2022-03-10 18:42:02.306385 | Message = {'data_id': 189, 'name': 'ETH', 'timestamp': 1646937722}
[2022-03-10 18:42:02,307] {logging_mixin.py:109} INFO - Producing message @ 2022-03-10 18:42:02.306988 | Message = {'data_id': 21, 'name': 'BTT', 'timestamp': 1646937722}
[2022-03-10 18:42:02,307] {logging_mixin.py:109} INFO - Producing message @ 2022-03-10 18:42:02.307614 | Message = {'data_id': 51, 'name': 'DOT', 'timestamp': 1646937722}
[2022-03-10 18:42:02,308] {python.py:175} INFO - Done. Returned value was: None
[2022-03-10 18:42:02,341] {taskinstance.py:1282} INFO - Marking task as SUCCESS. dag_id=Demo, task_id=producer, execution_date=20220310T184100, start_date=20220310T184201, end_date=20220310T184202
[2022-03-10 18:42:02,370] {local_task_job.py:154} INFO - Task exited with return code 0
[2022-03-10 18:42:02,437] {local_task_job.py:264} INFO - 0 downstream tasks scheduled from follow-on schedule check
