[2022-10-22 04:32:06,183] {taskinstance.py:1037} INFO - Dependencies all met for <TaskInstance: Demo.producer scheduled__2022-10-22T04:31:00+00:00 [queued]>
[2022-10-22 04:32:06,192] {taskinstance.py:1037} INFO - Dependencies all met for <TaskInstance: Demo.producer scheduled__2022-10-22T04:31:00+00:00 [queued]>
[2022-10-22 04:32:06,192] {taskinstance.py:1243} INFO - 
--------------------------------------------------------------------------------
[2022-10-22 04:32:06,193] {taskinstance.py:1244} INFO - Starting attempt 1 of 1
[2022-10-22 04:32:06,193] {taskinstance.py:1245} INFO - 
--------------------------------------------------------------------------------
[2022-10-22 04:32:06,202] {taskinstance.py:1264} INFO - Executing <Task(PythonOperator): producer> on 2022-10-22 04:31:00+00:00
[2022-10-22 04:32:06,204] {standard_task_runner.py:52} INFO - Started process 39 to run task
[2022-10-22 04:32:06,209] {standard_task_runner.py:76} INFO - Running: ['airflow', 'tasks', 'run', 'Demo', 'producer', 'scheduled__2022-10-22T04:31:00+00:00', '--job-id', '38', '--raw', '--subdir', 'DAGS_FOLDER/demo.py', '--cfg-path', '/tmp/tmpjo25bqc4', '--error-file', '/tmp/tmpkfruujqf']
[2022-10-22 04:32:06,209] {standard_task_runner.py:77} INFO - Job 38: Subtask producer
[2022-10-22 04:32:06,254] {logging_mixin.py:109} INFO - Running <TaskInstance: Demo.producer scheduled__2022-10-22T04:31:00+00:00 [running]> on host 98616e61dc0f
[2022-10-22 04:32:06,294] {taskinstance.py:1431} INFO - Exporting the following env vars:
AIRFLOW_CTX_DAG_OWNER=airflow
AIRFLOW_CTX_DAG_ID=Demo
AIRFLOW_CTX_TASK_ID=producer
AIRFLOW_CTX_EXECUTION_DATE=2022-10-22T04:31:00+00:00
AIRFLOW_CTX_DAG_RUN_ID=scheduled__2022-10-22T04:31:00+00:00
[2022-10-22 04:32:06,296] {logging_mixin.py:109} INFO - Producing message @ 2022-10-22 04:32:06.296070 | Message = {'data_id': 385, 'name': 'BTC', 'timestamp': 1666413126}
[2022-10-22 04:32:06,297] {logging_mixin.py:109} INFO - Producing message @ 2022-10-22 04:32:06.297802 | Message = {'data_id': 239, 'name': 'ETH', 'timestamp': 1666413126}
[2022-10-22 04:32:06,298] {logging_mixin.py:109} INFO - Producing message @ 2022-10-22 04:32:06.298282 | Message = {'data_id': 11, 'name': 'BTT', 'timestamp': 1666413126}
[2022-10-22 04:32:06,298] {logging_mixin.py:109} INFO - Producing message @ 2022-10-22 04:32:06.298718 | Message = {'data_id': 79, 'name': 'DOT', 'timestamp': 1666413126}
[2022-10-22 04:32:06,299] {python.py:175} INFO - Done. Returned value was: None
[2022-10-22 04:32:06,304] {taskinstance.py:1282} INFO - Marking task as SUCCESS. dag_id=Demo, task_id=producer, execution_date=20221022T043100, start_date=20221022T043206, end_date=20221022T043206
[2022-10-22 04:32:06,340] {local_task_job.py:154} INFO - Task exited with return code 0
[2022-10-22 04:32:06,353] {local_task_job.py:264} INFO - 0 downstream tasks scheduled from follow-on schedule check
