[2022-10-22 04:02:03,846] {taskinstance.py:1037} INFO - Dependencies all met for <TaskInstance: Demo.producer scheduled__2022-10-22T04:01:00+00:00 [queued]>
[2022-10-22 04:02:03,855] {taskinstance.py:1037} INFO - Dependencies all met for <TaskInstance: Demo.producer scheduled__2022-10-22T04:01:00+00:00 [queued]>
[2022-10-22 04:02:03,856] {taskinstance.py:1243} INFO - 
--------------------------------------------------------------------------------
[2022-10-22 04:02:03,856] {taskinstance.py:1244} INFO - Starting attempt 1 of 1
[2022-10-22 04:02:03,857] {taskinstance.py:1245} INFO - 
--------------------------------------------------------------------------------
[2022-10-22 04:02:03,869] {taskinstance.py:1264} INFO - Executing <Task(PythonOperator): producer> on 2022-10-22 04:01:00+00:00
[2022-10-22 04:02:03,872] {standard_task_runner.py:52} INFO - Started process 124 to run task
[2022-10-22 04:02:03,876] {standard_task_runner.py:76} INFO - Running: ['airflow', 'tasks', 'run', 'Demo', 'producer', 'scheduled__2022-10-22T04:01:00+00:00', '--job-id', '31', '--raw', '--subdir', 'DAGS_FOLDER/demo.py', '--cfg-path', '/tmp/tmpeok1f9fk', '--error-file', '/tmp/tmpsb1fiaxl']
[2022-10-22 04:02:03,878] {standard_task_runner.py:77} INFO - Job 31: Subtask producer
[2022-10-22 04:02:03,933] {logging_mixin.py:109} INFO - Running <TaskInstance: Demo.producer scheduled__2022-10-22T04:01:00+00:00 [running]> on host 98616e61dc0f
[2022-10-22 04:02:03,983] {taskinstance.py:1431} INFO - Exporting the following env vars:
AIRFLOW_CTX_DAG_OWNER=airflow
AIRFLOW_CTX_DAG_ID=Demo
AIRFLOW_CTX_TASK_ID=producer
AIRFLOW_CTX_EXECUTION_DATE=2022-10-22T04:01:00+00:00
AIRFLOW_CTX_DAG_RUN_ID=scheduled__2022-10-22T04:01:00+00:00
[2022-10-22 04:02:03,984] {logging_mixin.py:109} INFO - Producing message @ 2022-10-22 04:02:03.984630 | Message = {'data_id': 88, 'name': 'BTC', 'timestamp': 1666411323}
[2022-10-22 04:02:03,985] {logging_mixin.py:109} INFO - Producing message @ 2022-10-22 04:02:03.985745 | Message = {'data_id': 239, 'name': 'ETH', 'timestamp': 1666411323}
[2022-10-22 04:02:03,986] {logging_mixin.py:109} INFO - Producing message @ 2022-10-22 04:02:03.986249 | Message = {'data_id': 22, 'name': 'BTT', 'timestamp': 1666411323}
[2022-10-22 04:02:03,986] {logging_mixin.py:109} INFO - Producing message @ 2022-10-22 04:02:03.986833 | Message = {'data_id': 43, 'name': 'DOT', 'timestamp': 1666411323}
[2022-10-22 04:02:03,987] {python.py:175} INFO - Done. Returned value was: None
[2022-10-22 04:02:03,994] {taskinstance.py:1282} INFO - Marking task as SUCCESS. dag_id=Demo, task_id=producer, execution_date=20221022T040100, start_date=20221022T040203, end_date=20221022T040203
[2022-10-22 04:02:04,050] {local_task_job.py:154} INFO - Task exited with return code 0
[2022-10-22 04:02:04,069] {local_task_job.py:264} INFO - 0 downstream tasks scheduled from follow-on schedule check
