[2022-10-21 11:14:02,972] {taskinstance.py:1037} INFO - Dependencies all met for <TaskInstance: Demo.producer scheduled__2022-10-21T11:13:00+00:00 [queued]>
[2022-10-21 11:14:02,980] {taskinstance.py:1037} INFO - Dependencies all met for <TaskInstance: Demo.producer scheduled__2022-10-21T11:13:00+00:00 [queued]>
[2022-10-21 11:14:02,981] {taskinstance.py:1243} INFO - 
--------------------------------------------------------------------------------
[2022-10-21 11:14:02,981] {taskinstance.py:1244} INFO - Starting attempt 1 of 1
[2022-10-21 11:14:02,982] {taskinstance.py:1245} INFO - 
--------------------------------------------------------------------------------
[2022-10-21 11:14:02,994] {taskinstance.py:1264} INFO - Executing <Task(PythonOperator): producer> on 2022-10-21 11:13:00+00:00
[2022-10-21 11:14:02,997] {standard_task_runner.py:52} INFO - Started process 133 to run task
[2022-10-21 11:14:03,002] {standard_task_runner.py:76} INFO - Running: ['airflow', 'tasks', 'run', 'Demo', 'producer', 'scheduled__2022-10-21T11:13:00+00:00', '--job-id', '41', '--raw', '--subdir', 'DAGS_FOLDER/demo.py', '--cfg-path', '/tmp/tmpn24ama40', '--error-file', '/tmp/tmp6bwhbr6u']
[2022-10-21 11:14:03,003] {standard_task_runner.py:77} INFO - Job 41: Subtask producer
[2022-10-21 11:14:03,052] {logging_mixin.py:109} INFO - Running <TaskInstance: Demo.producer scheduled__2022-10-21T11:13:00+00:00 [running]> on host 4c1937bb97ee
[2022-10-21 11:14:03,103] {taskinstance.py:1429} INFO - Exporting the following env vars:
AIRFLOW_CTX_DAG_OWNER=airflow
AIRFLOW_CTX_DAG_ID=Demo
AIRFLOW_CTX_TASK_ID=producer
AIRFLOW_CTX_EXECUTION_DATE=2022-10-21T11:13:00+00:00
AIRFLOW_CTX_DAG_RUN_ID=scheduled__2022-10-21T11:13:00+00:00
[2022-10-21 11:14:03,104] {logging_mixin.py:109} INFO - Producing message @ 2022-10-21 11:14:03.104824 | Message = {'data_id': 98, 'name': 'BTC', 'timestamp': 1666350843}
[2022-10-21 11:14:03,106] {logging_mixin.py:109} INFO - Producing message @ 2022-10-21 11:14:03.106097 | Message = {'data_id': 17, 'name': 'ETH', 'timestamp': 1666350843}
[2022-10-21 11:14:03,107] {logging_mixin.py:109} INFO - Producing message @ 2022-10-21 11:14:03.107043 | Message = {'data_id': 14, 'name': 'BTT', 'timestamp': 1666350843}
[2022-10-21 11:14:03,107] {logging_mixin.py:109} INFO - Producing message @ 2022-10-21 11:14:03.107677 | Message = {'data_id': 72, 'name': 'DOT', 'timestamp': 1666350843}
[2022-10-21 11:14:03,108] {python.py:175} INFO - Done. Returned value was: None
[2022-10-21 11:14:03,114] {taskinstance.py:1272} INFO - Marking task as SUCCESS. dag_id=Demo, task_id=producer, execution_date=20221021T111300, start_date=20221021T111402, end_date=20221021T111403
[2022-10-21 11:14:03,135] {local_task_job.py:154} INFO - Task exited with return code 0
[2022-10-21 11:14:03,151] {local_task_job.py:264} INFO - 0 downstream tasks scheduled from follow-on schedule check
