[2022-10-21 11:12:02,987] {taskinstance.py:1037} INFO - Dependencies all met for <TaskInstance: Demo.producer scheduled__2022-10-21T11:11:00+00:00 [queued]>
[2022-10-21 11:12:02,995] {taskinstance.py:1037} INFO - Dependencies all met for <TaskInstance: Demo.producer scheduled__2022-10-21T11:11:00+00:00 [queued]>
[2022-10-21 11:12:02,996] {taskinstance.py:1243} INFO - 
--------------------------------------------------------------------------------
[2022-10-21 11:12:02,996] {taskinstance.py:1244} INFO - Starting attempt 1 of 1
[2022-10-21 11:12:02,996] {taskinstance.py:1245} INFO - 
--------------------------------------------------------------------------------
[2022-10-21 11:12:03,005] {taskinstance.py:1264} INFO - Executing <Task(PythonOperator): producer> on 2022-10-21 11:11:00+00:00
[2022-10-21 11:12:03,007] {standard_task_runner.py:52} INFO - Started process 119 to run task
[2022-10-21 11:12:03,011] {standard_task_runner.py:76} INFO - Running: ['airflow', 'tasks', 'run', 'Demo', 'producer', 'scheduled__2022-10-21T11:11:00+00:00', '--job-id', '39', '--raw', '--subdir', 'DAGS_FOLDER/demo.py', '--cfg-path', '/tmp/tmp1ezcscrq', '--error-file', '/tmp/tmpdgo5rofy']
[2022-10-21 11:12:03,012] {standard_task_runner.py:77} INFO - Job 39: Subtask producer
[2022-10-21 11:12:03,053] {logging_mixin.py:109} INFO - Running <TaskInstance: Demo.producer scheduled__2022-10-21T11:11:00+00:00 [running]> on host 4c1937bb97ee
[2022-10-21 11:12:03,100] {taskinstance.py:1429} INFO - Exporting the following env vars:
AIRFLOW_CTX_DAG_OWNER=airflow
AIRFLOW_CTX_DAG_ID=Demo
AIRFLOW_CTX_TASK_ID=producer
AIRFLOW_CTX_EXECUTION_DATE=2022-10-21T11:11:00+00:00
AIRFLOW_CTX_DAG_RUN_ID=scheduled__2022-10-21T11:11:00+00:00
[2022-10-21 11:12:03,101] {logging_mixin.py:109} INFO - Producing message @ 2022-10-21 11:12:03.101897 | Message = {'data_id': 312, 'name': 'BTC', 'timestamp': 1666350723}
[2022-10-21 11:12:03,103] {logging_mixin.py:109} INFO - Producing message @ 2022-10-21 11:12:03.103007 | Message = {'data_id': 118, 'name': 'ETH', 'timestamp': 1666350723}
[2022-10-21 11:12:03,103] {logging_mixin.py:109} INFO - Producing message @ 2022-10-21 11:12:03.103506 | Message = {'data_id': 21, 'name': 'BTT', 'timestamp': 1666350723}
[2022-10-21 11:12:03,103] {logging_mixin.py:109} INFO - Producing message @ 2022-10-21 11:12:03.103974 | Message = {'data_id': 53, 'name': 'DOT', 'timestamp': 1666350723}
[2022-10-21 11:12:03,104] {python.py:175} INFO - Done. Returned value was: None
[2022-10-21 11:12:03,109] {taskinstance.py:1272} INFO - Marking task as SUCCESS. dag_id=Demo, task_id=producer, execution_date=20221021T111100, start_date=20221021T111202, end_date=20221021T111203
[2022-10-21 11:12:03,143] {local_task_job.py:154} INFO - Task exited with return code 0
[2022-10-21 11:12:03,157] {local_task_job.py:264} INFO - 0 downstream tasks scheduled from follow-on schedule check
