[2022-10-21 11:08:03,083] {taskinstance.py:1037} INFO - Dependencies all met for <TaskInstance: Demo.producer scheduled__2022-10-21T11:07:00+00:00 [queued]>
[2022-10-21 11:08:03,095] {taskinstance.py:1037} INFO - Dependencies all met for <TaskInstance: Demo.producer scheduled__2022-10-21T11:07:00+00:00 [queued]>
[2022-10-21 11:08:03,095] {taskinstance.py:1243} INFO - 
--------------------------------------------------------------------------------
[2022-10-21 11:08:03,096] {taskinstance.py:1244} INFO - Starting attempt 1 of 1
[2022-10-21 11:08:03,096] {taskinstance.py:1245} INFO - 
--------------------------------------------------------------------------------
[2022-10-21 11:08:03,108] {taskinstance.py:1264} INFO - Executing <Task(PythonOperator): producer> on 2022-10-21 11:07:00+00:00
[2022-10-21 11:08:03,111] {standard_task_runner.py:52} INFO - Started process 91 to run task
[2022-10-21 11:08:03,116] {standard_task_runner.py:76} INFO - Running: ['airflow', 'tasks', 'run', 'Demo', 'producer', 'scheduled__2022-10-21T11:07:00+00:00', '--job-id', '35', '--raw', '--subdir', 'DAGS_FOLDER/demo.py', '--cfg-path', '/tmp/tmp6vj2ifno', '--error-file', '/tmp/tmpy9kd01_f']
[2022-10-21 11:08:03,117] {standard_task_runner.py:77} INFO - Job 35: Subtask producer
[2022-10-21 11:08:03,170] {logging_mixin.py:109} INFO - Running <TaskInstance: Demo.producer scheduled__2022-10-21T11:07:00+00:00 [running]> on host 4c1937bb97ee
[2022-10-21 11:08:03,218] {taskinstance.py:1429} INFO - Exporting the following env vars:
AIRFLOW_CTX_DAG_OWNER=airflow
AIRFLOW_CTX_DAG_ID=Demo
AIRFLOW_CTX_TASK_ID=producer
AIRFLOW_CTX_EXECUTION_DATE=2022-10-21T11:07:00+00:00
AIRFLOW_CTX_DAG_RUN_ID=scheduled__2022-10-21T11:07:00+00:00
[2022-10-21 11:08:03,220] {logging_mixin.py:109} INFO - Producing message @ 2022-10-21 11:08:03.219984 | Message = {'data_id': 315, 'name': 'BTC', 'timestamp': 1666350483}
[2022-10-21 11:08:03,221] {logging_mixin.py:109} INFO - Producing message @ 2022-10-21 11:08:03.221210 | Message = {'data_id': 92, 'name': 'ETH', 'timestamp': 1666350483}
[2022-10-21 11:08:03,221] {logging_mixin.py:109} INFO - Producing message @ 2022-10-21 11:08:03.221847 | Message = {'data_id': 11, 'name': 'BTT', 'timestamp': 1666350483}
[2022-10-21 11:08:03,222] {logging_mixin.py:109} INFO - Producing message @ 2022-10-21 11:08:03.222384 | Message = {'data_id': 114, 'name': 'DOT', 'timestamp': 1666350483}
[2022-10-21 11:08:03,222] {python.py:175} INFO - Done. Returned value was: None
[2022-10-21 11:08:03,229] {taskinstance.py:1272} INFO - Marking task as SUCCESS. dag_id=Demo, task_id=producer, execution_date=20221021T110700, start_date=20221021T110803, end_date=20221021T110803
[2022-10-21 11:08:03,249] {local_task_job.py:154} INFO - Task exited with return code 0
[2022-10-21 11:08:03,270] {local_task_job.py:264} INFO - 0 downstream tasks scheduled from follow-on schedule check
