[2022-03-10 18:26:04,894] {taskinstance.py:1037} INFO - Dependencies all met for <TaskInstance: Demo.producer scheduled__2022-03-10T18:25:00+00:00 [queued]>
[2022-03-10 18:26:04,925] {taskinstance.py:1037} INFO - Dependencies all met for <TaskInstance: Demo.producer scheduled__2022-03-10T18:25:00+00:00 [queued]>
[2022-03-10 18:26:04,927] {taskinstance.py:1243} INFO - 
--------------------------------------------------------------------------------
[2022-03-10 18:26:04,929] {taskinstance.py:1244} INFO - Starting attempt 1 of 1
[2022-03-10 18:26:04,930] {taskinstance.py:1245} INFO - 
--------------------------------------------------------------------------------
[2022-03-10 18:26:04,978] {taskinstance.py:1264} INFO - Executing <Task(PythonOperator): producer> on 2022-03-10 18:25:00+00:00
[2022-03-10 18:26:04,989] {standard_task_runner.py:52} INFO - Started process 178 to run task
[2022-03-10 18:26:04,997] {standard_task_runner.py:76} INFO - Running: ['airflow', 'tasks', 'run', 'Demo', 'producer', 'scheduled__2022-03-10T18:25:00+00:00', '--job-id', '11', '--raw', '--subdir', 'DAGS_FOLDER/demo.py', '--cfg-path', '/tmp/tmpr5yviqji', '--error-file', '/tmp/tmpclhujr3o']
[2022-03-10 18:26:05,000] {standard_task_runner.py:77} INFO - Job 11: Subtask producer
[2022-03-10 18:26:05,204] {logging_mixin.py:109} INFO - Running <TaskInstance: Demo.producer scheduled__2022-03-10T18:25:00+00:00 [running]> on host c17209ace312
[2022-03-10 18:26:05,335] {taskinstance.py:1431} INFO - Exporting the following env vars:
AIRFLOW_CTX_DAG_OWNER=airflow
AIRFLOW_CTX_DAG_ID=Demo
AIRFLOW_CTX_TASK_ID=producer
AIRFLOW_CTX_EXECUTION_DATE=2022-03-10T18:25:00+00:00
AIRFLOW_CTX_DAG_RUN_ID=scheduled__2022-03-10T18:25:00+00:00
[2022-03-10 18:26:05,337] {logging_mixin.py:109} INFO - Producing message @ 2022-03-10 18:26:05.337008 | Message = {'data_id': 90, 'name': 'BTC', 'timestamp': 1646936765}
[2022-03-10 18:26:05,338] {logging_mixin.py:109} INFO - Producing message @ 2022-03-10 18:26:05.338646 | Message = {'data_id': 229, 'name': 'ETH', 'timestamp': 1646936765}
[2022-03-10 18:26:05,339] {logging_mixin.py:109} INFO - Producing message @ 2022-03-10 18:26:05.339515 | Message = {'data_id': 12, 'name': 'BTT', 'timestamp': 1646936765}
[2022-03-10 18:26:05,340] {logging_mixin.py:109} INFO - Producing message @ 2022-03-10 18:26:05.340370 | Message = {'data_id': 168, 'name': 'DOT', 'timestamp': 1646936765}
[2022-03-10 18:26:05,341] {python.py:175} INFO - Done. Returned value was: None
[2022-03-10 18:26:05,385] {taskinstance.py:1282} INFO - Marking task as SUCCESS. dag_id=Demo, task_id=producer, execution_date=20220310T182500, start_date=20220310T182604, end_date=20220310T182605
[2022-03-10 18:26:05,416] {local_task_job.py:154} INFO - Task exited with return code 0
[2022-03-10 18:26:05,522] {local_task_job.py:264} INFO - 0 downstream tasks scheduled from follow-on schedule check
