[2022-03-10 18:22:02,519] {taskinstance.py:1037} INFO - Dependencies all met for <TaskInstance: Demo.producer scheduled__2022-03-10T18:21:00+00:00 [queued]>
[2022-03-10 18:22:02,530] {taskinstance.py:1037} INFO - Dependencies all met for <TaskInstance: Demo.producer scheduled__2022-03-10T18:21:00+00:00 [queued]>
[2022-03-10 18:22:02,531] {taskinstance.py:1243} INFO - 
--------------------------------------------------------------------------------
[2022-03-10 18:22:02,531] {taskinstance.py:1244} INFO - Starting attempt 1 of 1
[2022-03-10 18:22:02,532] {taskinstance.py:1245} INFO - 
--------------------------------------------------------------------------------
[2022-03-10 18:22:02,542] {taskinstance.py:1264} INFO - Executing <Task(PythonOperator): producer> on 2022-03-10 18:21:00+00:00
[2022-03-10 18:22:02,545] {standard_task_runner.py:52} INFO - Started process 142 to run task
[2022-03-10 18:22:02,548] {standard_task_runner.py:76} INFO - Running: ['airflow', 'tasks', 'run', 'Demo', 'producer', 'scheduled__2022-03-10T18:21:00+00:00', '--job-id', '7', '--raw', '--subdir', 'DAGS_FOLDER/demo.py', '--cfg-path', '/tmp/tmp7ru_qybm', '--error-file', '/tmp/tmpcwwp2a8i']
[2022-03-10 18:22:02,549] {standard_task_runner.py:77} INFO - Job 7: Subtask producer
[2022-03-10 18:22:02,667] {logging_mixin.py:109} INFO - Running <TaskInstance: Demo.producer scheduled__2022-03-10T18:21:00+00:00 [running]> on host c17209ace312
[2022-03-10 18:22:02,757] {taskinstance.py:1431} INFO - Exporting the following env vars:
AIRFLOW_CTX_DAG_OWNER=airflow
AIRFLOW_CTX_DAG_ID=Demo
AIRFLOW_CTX_TASK_ID=producer
AIRFLOW_CTX_EXECUTION_DATE=2022-03-10T18:21:00+00:00
AIRFLOW_CTX_DAG_RUN_ID=scheduled__2022-03-10T18:21:00+00:00
[2022-03-10 18:22:02,758] {logging_mixin.py:109} INFO - Producing message @ 2022-03-10 18:22:02.758221 | Message = {'data_id': 14, 'name': 'BTC', 'timestamp': 1646936522}
[2022-03-10 18:22:02,759] {logging_mixin.py:109} INFO - Producing message @ 2022-03-10 18:22:02.759389 | Message = {'data_id': 114, 'name': 'ETH', 'timestamp': 1646936522}
[2022-03-10 18:22:02,760] {logging_mixin.py:109} INFO - Producing message @ 2022-03-10 18:22:02.759994 | Message = {'data_id': 24, 'name': 'BTT', 'timestamp': 1646936522}
[2022-03-10 18:22:02,760] {logging_mixin.py:109} INFO - Producing message @ 2022-03-10 18:22:02.760507 | Message = {'data_id': 161, 'name': 'DOT', 'timestamp': 1646936522}
[2022-03-10 18:22:02,761] {python.py:175} INFO - Done. Returned value was: None
[2022-03-10 18:22:02,788] {taskinstance.py:1282} INFO - Marking task as SUCCESS. dag_id=Demo, task_id=producer, execution_date=20220310T182100, start_date=20220310T182202, end_date=20220310T182202
[2022-03-10 18:22:02,841] {local_task_job.py:154} INFO - Task exited with return code 0
[2022-03-10 18:22:02,908] {local_task_job.py:264} INFO - 0 downstream tasks scheduled from follow-on schedule check
