[2022-03-10 18:36:01,719] {taskinstance.py:1037} INFO - Dependencies all met for <TaskInstance: Demo.producer scheduled__2022-03-10T18:35:00+00:00 [queued]>
[2022-03-10 18:36:01,730] {taskinstance.py:1037} INFO - Dependencies all met for <TaskInstance: Demo.producer scheduled__2022-03-10T18:35:00+00:00 [queued]>
[2022-03-10 18:36:01,730] {taskinstance.py:1243} INFO - 
--------------------------------------------------------------------------------
[2022-03-10 18:36:01,731] {taskinstance.py:1244} INFO - Starting attempt 1 of 1
[2022-03-10 18:36:01,731] {taskinstance.py:1245} INFO - 
--------------------------------------------------------------------------------
[2022-03-10 18:36:01,743] {taskinstance.py:1264} INFO - Executing <Task(PythonOperator): producer> on 2022-03-10 18:35:00+00:00
[2022-03-10 18:36:01,746] {standard_task_runner.py:52} INFO - Started process 268 to run task
[2022-03-10 18:36:01,751] {standard_task_runner.py:76} INFO - Running: ['airflow', 'tasks', 'run', 'Demo', 'producer', 'scheduled__2022-03-10T18:35:00+00:00', '--job-id', '21', '--raw', '--subdir', 'DAGS_FOLDER/demo.py', '--cfg-path', '/tmp/tmpn55vjey_', '--error-file', '/tmp/tmp9ojhhmnq']
[2022-03-10 18:36:01,752] {standard_task_runner.py:77} INFO - Job 21: Subtask producer
[2022-03-10 18:36:01,874] {logging_mixin.py:109} INFO - Running <TaskInstance: Demo.producer scheduled__2022-03-10T18:35:00+00:00 [running]> on host c17209ace312
[2022-03-10 18:36:01,969] {taskinstance.py:1431} INFO - Exporting the following env vars:
AIRFLOW_CTX_DAG_OWNER=airflow
AIRFLOW_CTX_DAG_ID=Demo
AIRFLOW_CTX_TASK_ID=producer
AIRFLOW_CTX_EXECUTION_DATE=2022-03-10T18:35:00+00:00
AIRFLOW_CTX_DAG_RUN_ID=scheduled__2022-03-10T18:35:00+00:00
[2022-03-10 18:36:01,970] {logging_mixin.py:109} INFO - Producing message @ 2022-03-10 18:36:01.970620 | Message = {'data_id': 91, 'name': 'BTC', 'timestamp': 1646937361}
[2022-03-10 18:36:01,972] {logging_mixin.py:109} INFO - Producing message @ 2022-03-10 18:36:01.972023 | Message = {'data_id': 190, 'name': 'ETH', 'timestamp': 1646937361}
[2022-03-10 18:36:01,972] {logging_mixin.py:109} INFO - Producing message @ 2022-03-10 18:36:01.972761 | Message = {'data_id': 10, 'name': 'BTT', 'timestamp': 1646937361}
[2022-03-10 18:36:01,973] {logging_mixin.py:109} INFO - Producing message @ 2022-03-10 18:36:01.973401 | Message = {'data_id': 112, 'name': 'DOT', 'timestamp': 1646937361}
[2022-03-10 18:36:01,974] {python.py:175} INFO - Done. Returned value was: None
[2022-03-10 18:36:02,003] {taskinstance.py:1282} INFO - Marking task as SUCCESS. dag_id=Demo, task_id=producer, execution_date=20220310T183500, start_date=20220310T183601, end_date=20220310T183602
[2022-03-10 18:36:02,044] {local_task_job.py:154} INFO - Task exited with return code 0
[2022-03-10 18:36:02,113] {local_task_job.py:264} INFO - 0 downstream tasks scheduled from follow-on schedule check
