[2022-10-21 11:55:02,936] {taskinstance.py:1037} INFO - Dependencies all met for <TaskInstance: Demo.producer scheduled__2022-10-21T11:54:00+00:00 [queued]>
[2022-10-21 11:55:02,944] {taskinstance.py:1037} INFO - Dependencies all met for <TaskInstance: Demo.producer scheduled__2022-10-21T11:54:00+00:00 [queued]>
[2022-10-21 11:55:02,944] {taskinstance.py:1243} INFO - 
--------------------------------------------------------------------------------
[2022-10-21 11:55:02,944] {taskinstance.py:1244} INFO - Starting attempt 1 of 1
[2022-10-21 11:55:02,945] {taskinstance.py:1245} INFO - 
--------------------------------------------------------------------------------
[2022-10-21 11:55:02,955] {taskinstance.py:1264} INFO - Executing <Task(PythonOperator): producer> on 2022-10-21 11:54:00+00:00
[2022-10-21 11:55:02,958] {standard_task_runner.py:52} INFO - Started process 175 to run task
[2022-10-21 11:55:02,962] {standard_task_runner.py:76} INFO - Running: ['airflow', 'tasks', 'run', 'Demo', 'producer', 'scheduled__2022-10-21T11:54:00+00:00', '--job-id', '17', '--raw', '--subdir', 'DAGS_FOLDER/demo.py', '--cfg-path', '/tmp/tmp83lleck1', '--error-file', '/tmp/tmpfz_z7wot']
[2022-10-21 11:55:02,962] {standard_task_runner.py:77} INFO - Job 17: Subtask producer
[2022-10-21 11:55:03,008] {logging_mixin.py:109} INFO - Running <TaskInstance: Demo.producer scheduled__2022-10-21T11:54:00+00:00 [running]> on host e4f852c7030f
[2022-10-21 11:55:03,052] {taskinstance.py:1429} INFO - Exporting the following env vars:
AIRFLOW_CTX_DAG_OWNER=airflow
AIRFLOW_CTX_DAG_ID=Demo
AIRFLOW_CTX_TASK_ID=producer
AIRFLOW_CTX_EXECUTION_DATE=2022-10-21T11:54:00+00:00
AIRFLOW_CTX_DAG_RUN_ID=scheduled__2022-10-21T11:54:00+00:00
[2022-10-21 11:55:03,053] {logging_mixin.py:109} INFO - Producing message @ 2022-10-21 11:55:03.053376 | Message = {'data_id': 97, 'name': 'BTC', 'timestamp': 1666353303}
[2022-10-21 11:55:03,054] {logging_mixin.py:109} INFO - Producing message @ 2022-10-21 11:55:03.054564 | Message = {'data_id': 18, 'name': 'ETH', 'timestamp': 1666353303}
[2022-10-21 11:55:03,055] {logging_mixin.py:109} INFO - Producing message @ 2022-10-21 11:55:03.055093 | Message = {'data_id': 18, 'name': 'BTT', 'timestamp': 1666353303}
[2022-10-21 11:55:03,055] {logging_mixin.py:109} INFO - Producing message @ 2022-10-21 11:55:03.055531 | Message = {'data_id': 53, 'name': 'DOT', 'timestamp': 1666353303}
[2022-10-21 11:55:03,056] {python.py:175} INFO - Done. Returned value was: None
[2022-10-21 11:55:03,061] {taskinstance.py:1272} INFO - Marking task as SUCCESS. dag_id=Demo, task_id=producer, execution_date=20221021T115400, start_date=20221021T115502, end_date=20221021T115503
[2022-10-21 11:55:03,094] {local_task_job.py:154} INFO - Task exited with return code 0
[2022-10-21 11:55:03,108] {local_task_job.py:264} INFO - 0 downstream tasks scheduled from follow-on schedule check
