[2022-10-21 11:07:03,562] {taskinstance.py:1037} INFO - Dependencies all met for <TaskInstance: Demo.producer scheduled__2022-10-21T11:06:00+00:00 [queued]>
[2022-10-21 11:07:03,569] {taskinstance.py:1037} INFO - Dependencies all met for <TaskInstance: Demo.producer scheduled__2022-10-21T11:06:00+00:00 [queued]>
[2022-10-21 11:07:03,569] {taskinstance.py:1243} INFO - 
--------------------------------------------------------------------------------
[2022-10-21 11:07:03,570] {taskinstance.py:1244} INFO - Starting attempt 1 of 1
[2022-10-21 11:07:03,570] {taskinstance.py:1245} INFO - 
--------------------------------------------------------------------------------
[2022-10-21 11:07:03,583] {taskinstance.py:1264} INFO - Executing <Task(PythonOperator): producer> on 2022-10-21 11:06:00+00:00
[2022-10-21 11:07:03,586] {standard_task_runner.py:52} INFO - Started process 84 to run task
[2022-10-21 11:07:03,590] {standard_task_runner.py:76} INFO - Running: ['airflow', 'tasks', 'run', 'Demo', 'producer', 'scheduled__2022-10-21T11:06:00+00:00', '--job-id', '34', '--raw', '--subdir', 'DAGS_FOLDER/demo.py', '--cfg-path', '/tmp/tmpljtu2sav', '--error-file', '/tmp/tmpmxpr_t_4']
[2022-10-21 11:07:03,590] {standard_task_runner.py:77} INFO - Job 34: Subtask producer
[2022-10-21 11:07:03,649] {logging_mixin.py:109} INFO - Running <TaskInstance: Demo.producer scheduled__2022-10-21T11:06:00+00:00 [running]> on host 4c1937bb97ee
[2022-10-21 11:07:03,695] {taskinstance.py:1429} INFO - Exporting the following env vars:
AIRFLOW_CTX_DAG_OWNER=airflow
AIRFLOW_CTX_DAG_ID=Demo
AIRFLOW_CTX_TASK_ID=producer
AIRFLOW_CTX_EXECUTION_DATE=2022-10-21T11:06:00+00:00
AIRFLOW_CTX_DAG_RUN_ID=scheduled__2022-10-21T11:06:00+00:00
[2022-10-21 11:07:03,697] {logging_mixin.py:109} INFO - Producing message @ 2022-10-21 11:07:03.697619 | Message = {'data_id': 35, 'name': 'BTC', 'timestamp': 1666350423}
[2022-10-21 11:07:03,699] {logging_mixin.py:109} INFO - Producing message @ 2022-10-21 11:07:03.699541 | Message = {'data_id': 206, 'name': 'ETH', 'timestamp': 1666350423}
[2022-10-21 11:07:03,700] {logging_mixin.py:109} INFO - Producing message @ 2022-10-21 11:07:03.700664 | Message = {'data_id': 24, 'name': 'BTT', 'timestamp': 1666350423}
[2022-10-21 11:07:03,702] {logging_mixin.py:109} INFO - Producing message @ 2022-10-21 11:07:03.701992 | Message = {'data_id': 155, 'name': 'DOT', 'timestamp': 1666350423}
[2022-10-21 11:07:03,703] {python.py:175} INFO - Done. Returned value was: None
[2022-10-21 11:07:03,709] {taskinstance.py:1272} INFO - Marking task as SUCCESS. dag_id=Demo, task_id=producer, execution_date=20221021T110600, start_date=20221021T110703, end_date=20221021T110703
[2022-10-21 11:07:03,762] {local_task_job.py:154} INFO - Task exited with return code 0
[2022-10-21 11:07:03,775] {local_task_job.py:264} INFO - 0 downstream tasks scheduled from follow-on schedule check
