[2022-02-28 06:50:09,254] {taskinstance.py:1037} INFO - Dependencies all met for <TaskInstance: 0747_pipeline.ocr manual__2022-02-28T06:37:06.521999+00:00 [queued]>
[2022-02-28 06:50:09,270] {taskinstance.py:1037} INFO - Dependencies all met for <TaskInstance: 0747_pipeline.ocr manual__2022-02-28T06:37:06.521999+00:00 [queued]>
[2022-02-28 06:50:09,271] {taskinstance.py:1243} INFO - 
--------------------------------------------------------------------------------
[2022-02-28 06:50:09,272] {taskinstance.py:1244} INFO - Starting attempt 1 of 1
[2022-02-28 06:50:09,272] {taskinstance.py:1245} INFO - 
--------------------------------------------------------------------------------
[2022-02-28 06:50:09,321] {taskinstance.py:1264} INFO - Executing <Task(SparkSubmitOperator): ocr> on 2022-02-28 06:37:06.521999+00:00
[2022-02-28 06:50:09,323] {standard_task_runner.py:52} INFO - Started process 511 to run task
[2022-02-28 06:50:09,327] {standard_task_runner.py:76} INFO - Running: ['airflow', 'tasks', 'run', '0747_pipeline', 'ocr', 'manual__2022-02-28T06:37:06.521999+00:00', '--job-id', '79', '--raw', '--subdir', 'DAGS_FOLDER/0747.py', '--cfg-path', '/tmp/tmpnekhcwkb', '--error-file', '/tmp/tmpalp01c6u']
[2022-02-28 06:50:09,329] {standard_task_runner.py:77} INFO - Job 79: Subtask ocr
[2022-02-28 06:50:09,475] {logging_mixin.py:109} INFO - Running <TaskInstance: 0747_pipeline.ocr manual__2022-02-28T06:37:06.521999+00:00 [running]> on host c5f5c4f93487
[2022-02-28 06:50:09,639] {taskinstance.py:1431} INFO - Exporting the following env vars:
AIRFLOW_CTX_DAG_OWNER=airflow
AIRFLOW_CTX_DAG_ID=0747_pipeline
AIRFLOW_CTX_TASK_ID=ocr
AIRFLOW_CTX_EXECUTION_DATE=2022-02-28T06:37:06.521999+00:00
AIRFLOW_CTX_DAG_RUN_ID=manual__2022-02-28T06:37:06.521999+00:00
[2022-02-28 06:50:09,650] {base.py:79} INFO - Using connection to: id: spark_default. Host: spark://spark-master, Port: 7077, Schema: , Login: , Password: None, extra: {'queue': 'default', 'spark-home': '', 'spark-binary': 'spark-submit', 'namespace': 'default'}
[2022-02-28 06:50:09,651] {spark_submit.py:335} INFO - Spark-Submit cmd: spark-submit --master spark://spark-master:7077 --name 0747 Pipeline --queue default /sparks/production/0747/document_etl.py
[2022-02-28 06:50:11,113] {spark_submit.py:488} INFO - WARNING: An illegal reflective access operation has occurred
[2022-02-28 06:50:11,115] {spark_submit.py:488} INFO - WARNING: Illegal reflective access by org.apache.spark.unsafe.Platform (file:/usr/local/lib/python3.7/site-packages/pyspark/jars/spark-unsafe_2.12-3.2.1.jar) to constructor java.nio.DirectByteBuffer(long,int)
[2022-02-28 06:50:11,117] {spark_submit.py:488} INFO - WARNING: Please consider reporting this to the maintainers of org.apache.spark.unsafe.Platform
[2022-02-28 06:50:11,119] {spark_submit.py:488} INFO - WARNING: Use --illegal-access=warn to enable warnings of further illegal reflective access operations
[2022-02-28 06:50:11,120] {spark_submit.py:488} INFO - WARNING: All illegal access operations will be denied in a future release
[2022-02-28 06:50:11,761] {spark_submit.py:488} INFO - ===========================
[2022-02-28 06:50:11,762] {spark_submit.py:488} INFO - Step 1: Import Libraries
[2022-02-28 06:50:11,763] {spark_submit.py:488} INFO - ===========================
[2022-02-28 06:50:12,204] {spark_submit.py:488} INFO - ===========================
[2022-02-28 06:50:12,205] {spark_submit.py:488} INFO - Step 2: Start Spark Session
[2022-02-28 06:50:12,207] {spark_submit.py:488} INFO - ===========================
[2022-02-28 06:50:12,344] {spark_submit.py:488} INFO - Using Spark's default log4j profile: org/apache/spark/log4j-defaults.properties
[2022-02-28 06:50:12,362] {spark_submit.py:488} INFO - 22/02/28 06:50:12 INFO SparkContext: Running Spark version 3.2.1
[2022-02-28 06:50:12,509] {spark_submit.py:488} INFO - 22/02/28 06:50:12 WARN NativeCodeLoader: Unable to load native-hadoop library for your platform... using builtin-java classes where applicable
[2022-02-28 06:50:12,665] {spark_submit.py:488} INFO - 22/02/28 06:50:12 INFO ResourceUtils: ==============================================================
[2022-02-28 06:50:12,667] {spark_submit.py:488} INFO - 22/02/28 06:50:12 INFO ResourceUtils: No custom resources configured for spark.driver.
[2022-02-28 06:50:12,667] {spark_submit.py:488} INFO - 22/02/28 06:50:12 INFO ResourceUtils: ==============================================================
[2022-02-28 06:50:12,668] {spark_submit.py:488} INFO - 22/02/28 06:50:12 INFO SparkContext: Submitted application: test
[2022-02-28 06:50:12,698] {spark_submit.py:488} INFO - 22/02/28 06:50:12 INFO ResourceProfile: Default ResourceProfile created, executor resources: Map(cores -> name: cores, amount: 2, script: , vendor: , memory -> name: memory, amount: 2048, script: , vendor: , offHeap -> name: offHeap, amount: 0, script: , vendor: ), task resources: Map(cpus -> name: cpus, amount: 1.0)
[2022-02-28 06:50:12,713] {spark_submit.py:488} INFO - 22/02/28 06:50:12 INFO ResourceProfile: Limiting resource is cpus at 2 tasks per executor
[2022-02-28 06:50:12,716] {spark_submit.py:488} INFO - 22/02/28 06:50:12 INFO ResourceProfileManager: Added ResourceProfile id: 0
[2022-02-28 06:50:12,790] {spark_submit.py:488} INFO - 22/02/28 06:50:12 INFO SecurityManager: Changing view acls to: root
[2022-02-28 06:50:12,791] {spark_submit.py:488} INFO - 22/02/28 06:50:12 INFO SecurityManager: Changing modify acls to: root
[2022-02-28 06:50:12,792] {spark_submit.py:488} INFO - 22/02/28 06:50:12 INFO SecurityManager: Changing view acls groups to:
[2022-02-28 06:50:12,793] {spark_submit.py:488} INFO - 22/02/28 06:50:12 INFO SecurityManager: Changing modify acls groups to:
[2022-02-28 06:50:12,794] {spark_submit.py:488} INFO - 22/02/28 06:50:12 INFO SecurityManager: SecurityManager: authentication disabled; ui acls disabled; users  with view permissions: Set(root); groups with view permissions: Set(); users  with modify permissions: Set(root); groups with modify permissions: Set()
[2022-02-28 06:50:13,229] {spark_submit.py:488} INFO - 22/02/28 06:50:13 INFO Utils: Successfully started service 'sparkDriver' on port 36009.
[2022-02-28 06:50:13,284] {spark_submit.py:488} INFO - 22/02/28 06:50:13 INFO SparkEnv: Registering MapOutputTracker
[2022-02-28 06:50:13,339] {spark_submit.py:488} INFO - 22/02/28 06:50:13 INFO SparkEnv: Registering BlockManagerMaster
[2022-02-28 06:50:13,374] {spark_submit.py:488} INFO - 22/02/28 06:50:13 INFO BlockManagerMasterEndpoint: Using org.apache.spark.storage.DefaultTopologyMapper for getting topology information
[2022-02-28 06:50:13,375] {spark_submit.py:488} INFO - 22/02/28 06:50:13 INFO BlockManagerMasterEndpoint: BlockManagerMasterEndpoint up
[2022-02-28 06:50:13,383] {spark_submit.py:488} INFO - 22/02/28 06:50:13 INFO SparkEnv: Registering BlockManagerMasterHeartbeat
[2022-02-28 06:50:13,418] {spark_submit.py:488} INFO - 22/02/28 06:50:13 INFO DiskBlockManager: Created local directory at /tmp/blockmgr-e979e777-83cd-4c94-9f6c-68f648586061
[2022-02-28 06:50:13,448] {spark_submit.py:488} INFO - 22/02/28 06:50:13 INFO MemoryStore: MemoryStore started with capacity 434.4 MiB
[2022-02-28 06:50:13,491] {spark_submit.py:488} INFO - 22/02/28 06:50:13 INFO SparkEnv: Registering OutputCommitCoordinator
[2022-02-28 06:50:13,949] {spark_submit.py:488} INFO - 22/02/28 06:50:13 INFO Utils: Successfully started service 'SparkUI' on port 4040.
[2022-02-28 06:50:14,162] {spark_submit.py:488} INFO - 22/02/28 06:50:14 INFO SparkUI: Bound SparkUI to 0.0.0.0, and started at http://c5f5c4f93487:4040
[2022-02-28 06:50:14,821] {spark_submit.py:488} INFO - 22/02/28 06:50:14 INFO StandaloneAppClient$ClientEndpoint: Connecting to master spark://spark-master:7077...
[2022-02-28 06:50:14,927] {spark_submit.py:488} INFO - 22/02/28 06:50:14 INFO TransportClientFactory: Successfully created connection to spark-master/172.19.0.3:7077 after 73 ms (0 ms spent in bootstraps)
[2022-02-28 06:50:15,049] {spark_submit.py:488} INFO - 22/02/28 06:50:15 INFO StandaloneSchedulerBackend: Connected to Spark cluster with app ID app-20220228065015-0003
[2022-02-28 06:50:15,054] {spark_submit.py:488} INFO - 22/02/28 06:50:15 INFO StandaloneAppClient$ClientEndpoint: Executor added: app-20220228065015-0003/0 on worker-20220228064915-172.19.0.4-7000 (172.19.0.4:7000) with 2 core(s)
[2022-02-28 06:50:15,060] {spark_submit.py:488} INFO - 22/02/28 06:50:15 INFO StandaloneSchedulerBackend: Granted executor ID app-20220228065015-0003/0 on hostPort 172.19.0.4:7000 with 2 core(s), 2.0 GiB RAM
[2022-02-28 06:50:15,061] {spark_submit.py:488} INFO - 22/02/28 06:50:15 INFO StandaloneAppClient$ClientEndpoint: Executor added: app-20220228065015-0003/1 on worker-20220228064915-172.19.0.5-7000 (172.19.0.5:7000) with 2 core(s)
[2022-02-28 06:50:15,062] {spark_submit.py:488} INFO - 22/02/28 06:50:15 INFO StandaloneSchedulerBackend: Granted executor ID app-20220228065015-0003/1 on hostPort 172.19.0.5:7000 with 2 core(s), 2.0 GiB RAM
[2022-02-28 06:50:15,068] {spark_submit.py:488} INFO - 22/02/28 06:50:15 INFO Utils: Successfully started service 'org.apache.spark.network.netty.NettyBlockTransferService' on port 34757.
[2022-02-28 06:50:15,070] {spark_submit.py:488} INFO - 22/02/28 06:50:15 INFO NettyBlockTransferService: Server created on c5f5c4f93487:34757
[2022-02-28 06:50:15,073] {spark_submit.py:488} INFO - 22/02/28 06:50:15 INFO BlockManager: Using org.apache.spark.storage.RandomBlockReplicationPolicy for block replication policy
[2022-02-28 06:50:15,108] {spark_submit.py:488} INFO - 22/02/28 06:50:15 ERROR TransportRequestHandler: Error while invoking RpcHandler#receive() for one-way message.
[2022-02-28 06:50:15,110] {spark_submit.py:488} INFO - java.io.InvalidClassException: org.apache.spark.deploy.DeployMessages$ExecutorUpdated; local class incompatible: stream classdesc serialVersionUID = 1654279024112373855, local class serialVersionUID = -1971851081955655249
[2022-02-28 06:50:15,111] {spark_submit.py:488} INFO - at java.base/java.io.ObjectStreamClass.initNonProxy(ObjectStreamClass.java:689)
[2022-02-28 06:50:15,112] {spark_submit.py:488} INFO - at java.base/java.io.ObjectInputStream.readNonProxyDesc(ObjectInputStream.java:2014)
[2022-02-28 06:50:15,113] {spark_submit.py:488} INFO - at java.base/java.io.ObjectInputStream.readClassDesc(ObjectInputStream.java:1864)
[2022-02-28 06:50:15,114] {spark_submit.py:488} INFO - at java.base/java.io.ObjectInputStream.readOrdinaryObject(ObjectInputStream.java:2195)
[2022-02-28 06:50:15,115] {spark_submit.py:488} INFO - at java.base/java.io.ObjectInputStream.readObject0(ObjectInputStream.java:1681)
[2022-02-28 06:50:15,116] {spark_submit.py:488} INFO - at java.base/java.io.ObjectInputStream.readObject(ObjectInputStream.java:493)
[2022-02-28 06:50:15,117] {spark_submit.py:488} INFO - at java.base/java.io.ObjectInputStream.readObject(ObjectInputStream.java:451)
[2022-02-28 06:50:15,118] {spark_submit.py:488} INFO - at org.apache.spark.serializer.JavaDeserializationStream.readObject(JavaSerializer.scala:76)
[2022-02-28 06:50:15,119] {spark_submit.py:488} INFO - at org.apache.spark.serializer.JavaSerializerInstance.deserialize(JavaSerializer.scala:109)
[2022-02-28 06:50:15,120] {spark_submit.py:488} INFO - at org.apache.spark.rpc.netty.NettyRpcEnv.$anonfun$deserialize$2(NettyRpcEnv.scala:299)
[2022-02-28 06:50:15,123] {spark_submit.py:488} INFO - at scala.util.DynamicVariable.withValue(DynamicVariable.scala:62)
[2022-02-28 06:50:15,124] {spark_submit.py:488} INFO - at org.apache.spark.rpc.netty.NettyRpcEnv.deserialize(NettyRpcEnv.scala:352)
[2022-02-28 06:50:15,125] {spark_submit.py:488} INFO - at org.apache.spark.rpc.netty.NettyRpcEnv.$anonfun$deserialize$1(NettyRpcEnv.scala:298)
[2022-02-28 06:50:15,126] {spark_submit.py:488} INFO - at scala.util.DynamicVariable.withValue(DynamicVariable.scala:62)
[2022-02-28 06:50:15,127] {spark_submit.py:488} INFO - at org.apache.spark.rpc.netty.NettyRpcEnv.deserialize(NettyRpcEnv.scala:298)
[2022-02-28 06:50:15,129] {spark_submit.py:488} INFO - at org.apache.spark.rpc.netty.RequestMessage$.apply(NettyRpcEnv.scala:647)
[2022-02-28 06:50:15,132] {spark_submit.py:488} INFO - at org.apache.spark.rpc.netty.NettyRpcHandler.internalReceive(NettyRpcEnv.scala:698)
[2022-02-28 06:50:15,134] {spark_submit.py:488} INFO - at org.apache.spark.rpc.netty.NettyRpcHandler.receive(NettyRpcEnv.scala:690)
[2022-02-28 06:50:15,136] {spark_submit.py:488} INFO - at org.apache.spark.network.server.TransportRequestHandler.processOneWayMessage(TransportRequestHandler.java:274)
[2022-02-28 06:50:15,137] {spark_submit.py:488} INFO - at org.apache.spark.network.server.TransportRequestHandler.handle(TransportRequestHandler.java:111)
[2022-02-28 06:50:15,139] {spark_submit.py:488} INFO - at org.apache.spark.network.server.TransportChannelHandler.channelRead0(TransportChannelHandler.java:140)
[2022-02-28 06:50:15,141] {spark_submit.py:488} INFO - at org.apache.spark.network.server.TransportChannelHandler.channelRead0(TransportChannelHandler.java:53)
[2022-02-28 06:50:15,142] {spark_submit.py:488} INFO - at io.netty.channel.SimpleChannelInboundHandler.channelRead(SimpleChannelInboundHandler.java:99)
[2022-02-28 06:50:15,143] {spark_submit.py:488} INFO - at io.netty.channel.AbstractChannelHandlerContext.invokeChannelRead(AbstractChannelHandlerContext.java:379)
[2022-02-28 06:50:15,144] {spark_submit.py:488} INFO - at io.netty.channel.AbstractChannelHandlerContext.invokeChannelRead(AbstractChannelHandlerContext.java:365)
[2022-02-28 06:50:15,145] {spark_submit.py:488} INFO - at io.netty.channel.AbstractChannelHandlerContext.fireChannelRead(AbstractChannelHandlerContext.java:357)
[2022-02-28 06:50:15,146] {spark_submit.py:488} INFO - at io.netty.handler.timeout.IdleStateHandler.channelRead(IdleStateHandler.java:286)
[2022-02-28 06:50:15,147] {spark_submit.py:488} INFO - at io.netty.channel.AbstractChannelHandlerContext.invokeChannelRead(AbstractChannelHandlerContext.java:379)
[2022-02-28 06:50:15,148] {spark_submit.py:488} INFO - at io.netty.channel.AbstractChannelHandlerContext.invokeChannelRead(AbstractChannelHandlerContext.java:365)
[2022-02-28 06:50:15,149] {spark_submit.py:488} INFO - at io.netty.channel.AbstractChannelHandlerContext.fireChannelRead(AbstractChannelHandlerContext.java:357)
[2022-02-28 06:50:15,151] {spark_submit.py:488} INFO - at io.netty.handler.codec.MessageToMessageDecoder.channelRead(MessageToMessageDecoder.java:103)
[2022-02-28 06:50:15,152] {spark_submit.py:488} INFO - at io.netty.channel.AbstractChannelHandlerContext.invokeChannelRead(AbstractChannelHandlerContext.java:379)
[2022-02-28 06:50:15,154] {spark_submit.py:488} INFO - at io.netty.channel.AbstractChannelHandlerContext.invokeChannelRead(AbstractChannelHandlerContext.java:365)
[2022-02-28 06:50:15,155] {spark_submit.py:488} INFO - at io.netty.channel.AbstractChannelHandlerContext.fireChannelRead(AbstractChannelHandlerContext.java:357)
[2022-02-28 06:50:15,158] {spark_submit.py:488} INFO - at org.apache.spark.network.util.TransportFrameDecoder.channelRead(TransportFrameDecoder.java:102)
[2022-02-28 06:50:15,159] {spark_submit.py:488} INFO - at io.netty.channel.AbstractChannelHandlerContext.invokeChannelRead(AbstractChannelHandlerContext.java:379)
[2022-02-28 06:50:15,161] {spark_submit.py:488} INFO - at io.netty.channel.AbstractChannelHandlerContext.invokeChannelRead(AbstractChannelHandlerContext.java:365)
[2022-02-28 06:50:15,162] {spark_submit.py:488} INFO - at io.netty.channel.AbstractChannelHandlerContext.fireChannelRead(AbstractChannelHandlerContext.java:357)
[2022-02-28 06:50:15,164] {spark_submit.py:488} INFO - at io.netty.channel.DefaultChannelPipeline$HeadContext.channelRead(DefaultChannelPipeline.java:1410)
[2022-02-28 06:50:15,166] {spark_submit.py:488} INFO - at io.netty.channel.AbstractChannelHandlerContext.invokeChannelRead(AbstractChannelHandlerContext.java:379)
[2022-02-28 06:50:15,168] {spark_submit.py:488} INFO - at io.netty.channel.AbstractChannelHandlerContext.invokeChannelRead(AbstractChannelHandlerContext.java:365)
[2022-02-28 06:50:15,169] {spark_submit.py:488} INFO - at io.netty.channel.DefaultChannelPipeline.fireChannelRead(DefaultChannelPipeline.java:919)
[2022-02-28 06:50:15,170] {spark_submit.py:488} INFO - at io.netty.channel.nio.AbstractNioByteChannel$NioByteUnsafe.read(AbstractNioByteChannel.java:166)
[2022-02-28 06:50:15,171] {spark_submit.py:488} INFO - at io.netty.channel.nio.NioEventLoop.processSelectedKey(NioEventLoop.java:719)
[2022-02-28 06:50:15,174] {spark_submit.py:488} INFO - at io.netty.channel.nio.NioEventLoop.processSelectedKeysOptimized(NioEventLoop.java:655)
[2022-02-28 06:50:15,175] {spark_submit.py:488} INFO - at io.netty.channel.nio.NioEventLoop.processSelectedKeys(NioEventLoop.java:581)
[2022-02-28 06:50:15,177] {spark_submit.py:488} INFO - at io.netty.channel.nio.NioEventLoop.run(NioEventLoop.java:493)
[2022-02-28 06:50:15,179] {spark_submit.py:488} INFO - at io.netty.util.concurrent.SingleThreadEventExecutor$4.run(SingleThreadEventExecutor.java:986)
[2022-02-28 06:50:15,181] {spark_submit.py:488} INFO - at io.netty.util.internal.ThreadExecutorMap$2.run(ThreadExecutorMap.java:74)
[2022-02-28 06:50:15,182] {spark_submit.py:488} INFO - at io.netty.util.concurrent.FastThreadLocalRunnable.run(FastThreadLocalRunnable.java:30)
[2022-02-28 06:50:15,187] {spark_submit.py:488} INFO - at java.base/java.lang.Thread.run(Thread.java:829)
[2022-02-28 06:50:15,188] {spark_submit.py:488} INFO - 22/02/28 06:50:15 ERROR TransportRequestHandler: Error while invoking RpcHandler#receive() for one-way message.
[2022-02-28 06:50:15,190] {spark_submit.py:488} INFO - java.io.InvalidClassException: org.apache.spark.deploy.DeployMessages$ExecutorUpdated; local class incompatible: stream classdesc serialVersionUID = 1654279024112373855, local class serialVersionUID = -1971851081955655249
[2022-02-28 06:50:15,194] {spark_submit.py:488} INFO - at java.base/java.io.ObjectStreamClass.initNonProxy(ObjectStreamClass.java:689)
[2022-02-28 06:50:15,196] {spark_submit.py:488} INFO - at java.base/java.io.ObjectInputStream.readNonProxyDesc(ObjectInputStream.java:2014)
[2022-02-28 06:50:15,198] {spark_submit.py:488} INFO - at java.base/java.io.ObjectInputStream.readClassDesc(ObjectInputStream.java:1864)
[2022-02-28 06:50:15,201] {spark_submit.py:488} INFO - at java.base/java.io.ObjectInputStream.readOrdinaryObject(ObjectInputStream.java:2195)
[2022-02-28 06:50:15,204] {spark_submit.py:488} INFO - at java.base/java.io.ObjectInputStream.readObject0(ObjectInputStream.java:1681)
[2022-02-28 06:50:15,206] {spark_submit.py:488} INFO - at java.base/java.io.ObjectInputStream.readObject(ObjectInputStream.java:493)
[2022-02-28 06:50:15,210] {spark_submit.py:488} INFO - at java.base/java.io.ObjectInputStream.readObject(ObjectInputStream.java:451)
[2022-02-28 06:50:15,213] {spark_submit.py:488} INFO - at org.apache.spark.serializer.JavaDeserializationStream.readObject(JavaSerializer.scala:76)
[2022-02-28 06:50:15,215] {spark_submit.py:488} INFO - at org.apache.spark.serializer.JavaSerializerInstance.deserialize(JavaSerializer.scala:109)
[2022-02-28 06:50:15,217] {spark_submit.py:488} INFO - at org.apache.spark.rpc.netty.NettyRpcEnv.$anonfun$deserialize$2(NettyRpcEnv.scala:299)
[2022-02-28 06:50:15,220] {spark_submit.py:488} INFO - at scala.util.DynamicVariable.withValue(DynamicVariable.scala:62)
[2022-02-28 06:50:15,223] {spark_submit.py:488} INFO - at org.apache.spark.rpc.netty.NettyRpcEnv.deserialize(NettyRpcEnv.scala:352)
[2022-02-28 06:50:15,227] {spark_submit.py:488} INFO - at org.apache.spark.rpc.netty.NettyRpcEnv.$anonfun$deserialize$1(NettyRpcEnv.scala:298)
[2022-02-28 06:50:15,230] {spark_submit.py:488} INFO - at scala.util.DynamicVariable.withValue(DynamicVariable.scala:62)
[2022-02-28 06:50:15,232] {spark_submit.py:488} INFO - at org.apache.spark.rpc.netty.NettyRpcEnv.deserialize(NettyRpcEnv.scala:298)
[2022-02-28 06:50:15,234] {spark_submit.py:488} INFO - at org.apache.spark.rpc.netty.RequestMessage$.apply(NettyRpcEnv.scala:647)
[2022-02-28 06:50:15,235] {spark_submit.py:488} INFO - at org.apache.spark.rpc.netty.NettyRpcHandler.internalReceive(NettyRpcEnv.scala:698)
[2022-02-28 06:50:15,237] {spark_submit.py:488} INFO - at org.apache.spark.rpc.netty.NettyRpcHandler.receive(NettyRpcEnv.scala:690)
[2022-02-28 06:50:15,238] {spark_submit.py:488} INFO - at org.apache.spark.network.server.TransportRequestHandler.processOneWayMessage(TransportRequestHandler.java:274)
[2022-02-28 06:50:15,241] {spark_submit.py:488} INFO - at org.apache.spark.network.server.TransportRequestHandler.handle(TransportRequestHandler.java:111)
[2022-02-28 06:50:15,246] {spark_submit.py:488} INFO - at org.apache.spark.network.server.TransportChannelHandler.channelRead0(TransportChannelHandler.java:140)
[2022-02-28 06:50:15,249] {spark_submit.py:488} INFO - at org.apache.spark.network.server.TransportChannelHandler.channelRead0(TransportChannelHandler.java:53)
[2022-02-28 06:50:15,251] {spark_submit.py:488} INFO - at io.netty.channel.SimpleChannelInboundHandler.channelRead(SimpleChannelInboundHandler.java:99)
[2022-02-28 06:50:15,252] {spark_submit.py:488} INFO - at io.netty.channel.AbstractChannelHandlerContext.invokeChannelRead(AbstractChannelHandlerContext.java:379)
[2022-02-28 06:50:15,256] {spark_submit.py:488} INFO - at io.netty.channel.AbstractChannelHandlerContext.invokeChannelRead(AbstractChannelHandlerContext.java:365)
[2022-02-28 06:50:15,258] {spark_submit.py:488} INFO - at io.netty.channel.AbstractChannelHandlerContext.fireChannelRead(AbstractChannelHandlerContext.java:357)
[2022-02-28 06:50:15,260] {spark_submit.py:488} INFO - at io.netty.handler.timeout.IdleStateHandler.channelRead(IdleStateHandler.java:286)
[2022-02-28 06:50:15,261] {spark_submit.py:488} INFO - at io.netty.channel.AbstractChannelHandlerContext.invokeChannelRead(AbstractChannelHandlerContext.java:379)
[2022-02-28 06:50:15,262] {spark_submit.py:488} INFO - at io.netty.channel.AbstractChannelHandlerContext.invokeChannelRead(AbstractChannelHandlerContext.java:365)
[2022-02-28 06:50:15,264] {spark_submit.py:488} INFO - at io.netty.channel.AbstractChannelHandlerContext.fireChannelRead(AbstractChannelHandlerContext.java:357)
[2022-02-28 06:50:15,265] {spark_submit.py:488} INFO - at io.netty.handler.codec.MessageToMessageDecoder.channelRead(MessageToMessageDecoder.java:103)
[2022-02-28 06:50:15,267] {spark_submit.py:488} INFO - at io.netty.channel.AbstractChannelHandlerContext.invokeChannelRead(AbstractChannelHandlerContext.java:379)
[2022-02-28 06:50:15,268] {spark_submit.py:488} INFO - at io.netty.channel.AbstractChannelHandlerContext.invokeChannelRead(AbstractChannelHandlerContext.java:365)
[2022-02-28 06:50:15,270] {spark_submit.py:488} INFO - at io.netty.channel.AbstractChannelHandlerContext.fireChannelRead(AbstractChannelHandlerContext.java:357)
[2022-02-28 06:50:15,272] {spark_submit.py:488} INFO - at org.apache.spark.network.util.TransportFrameDecoder.channelRead(TransportFrameDecoder.java:102)
[2022-02-28 06:50:15,274] {spark_submit.py:488} INFO - at io.netty.channel.AbstractChannelHandlerContext.invokeChannelRead(AbstractChannelHandlerContext.java:379)
[2022-02-28 06:50:15,276] {spark_submit.py:488} INFO - at io.netty.channel.AbstractChannelHandlerContext.invokeChannelRead(AbstractChannelHandlerContext.java:365)
[2022-02-28 06:50:15,278] {spark_submit.py:488} INFO - at io.netty.channel.AbstractChannelHandlerContext.fireChannelRead(AbstractChannelHandlerContext.java:357)
[2022-02-28 06:50:15,280] {spark_submit.py:488} INFO - at io.netty.channel.DefaultChannelPipeline$HeadContext.channelRead(DefaultChannelPipeline.java:1410)
[2022-02-28 06:50:15,282] {spark_submit.py:488} INFO - at io.netty.channel.AbstractChannelHandlerContext.invokeChannelRead(AbstractChannelHandlerContext.java:379)
[2022-02-28 06:50:15,284] {spark_submit.py:488} INFO - at io.netty.channel.AbstractChannelHandlerContext.invokeChannelRead(AbstractChannelHandlerContext.java:365)
[2022-02-28 06:50:15,285] {spark_submit.py:488} INFO - at io.netty.channel.DefaultChannelPipeline.fireChannelRead(DefaultChannelPipeline.java:919)
[2022-02-28 06:50:15,286] {spark_submit.py:488} INFO - at io.netty.channel.nio.AbstractNioByteChannel$NioByteUnsafe.read(AbstractNioByteChannel.java:166)
[2022-02-28 06:50:15,287] {spark_submit.py:488} INFO - at io.netty.channel.nio.NioEventLoop.processSelectedKey(NioEventLoop.java:719)
[2022-02-28 06:50:15,289] {spark_submit.py:488} INFO - at io.netty.channel.nio.NioEventLoop.processSelectedKeysOptimized(NioEventLoop.java:655)
[2022-02-28 06:50:15,290] {spark_submit.py:488} INFO - at io.netty.channel.nio.NioEventLoop.processSelectedKeys(NioEventLoop.java:581)
[2022-02-28 06:50:15,291] {spark_submit.py:488} INFO - at io.netty.channel.nio.NioEventLoop.run(NioEventLoop.java:493)
[2022-02-28 06:50:15,293] {spark_submit.py:488} INFO - at io.netty.util.concurrent.SingleThreadEventExecutor$4.run(SingleThreadEventExecutor.java:986)
[2022-02-28 06:50:15,295] {spark_submit.py:488} INFO - at io.netty.util.internal.ThreadExecutorMap$2.run(ThreadExecutorMap.java:74)
[2022-02-28 06:50:15,296] {spark_submit.py:488} INFO - at io.netty.util.concurrent.FastThreadLocalRunnable.run(FastThreadLocalRunnable.java:30)
[2022-02-28 06:50:15,298] {spark_submit.py:488} INFO - at java.base/java.lang.Thread.run(Thread.java:829)
[2022-02-28 06:50:15,300] {spark_submit.py:488} INFO - 22/02/28 06:50:15 INFO BlockManagerMaster: Registering BlockManager BlockManagerId(driver, c5f5c4f93487, 34757, None)
[2022-02-28 06:50:15,302] {spark_submit.py:488} INFO - 22/02/28 06:50:15 INFO BlockManagerMasterEndpoint: Registering block manager c5f5c4f93487:34757 with 434.4 MiB RAM, BlockManagerId(driver, c5f5c4f93487, 34757, None)
[2022-02-28 06:50:15,304] {spark_submit.py:488} INFO - 22/02/28 06:50:15 INFO BlockManagerMaster: Registered BlockManager BlockManagerId(driver, c5f5c4f93487, 34757, None)
[2022-02-28 06:50:15,305] {spark_submit.py:488} INFO - 22/02/28 06:50:15 INFO BlockManager: Initialized BlockManager: BlockManagerId(driver, c5f5c4f93487, 34757, None)
[2022-02-28 06:50:15,568] {spark_submit.py:488} INFO - 22/02/28 06:50:15 INFO StandaloneSchedulerBackend: SchedulerBackend is ready for scheduling beginning after reached minRegisteredResourcesRatio: 0.0
[2022-02-28 06:50:16,118] {spark_submit.py:488} INFO - 22/02/28 06:50:16 INFO SharedState: Setting hive.metastore.warehouse.dir ('null') to the value of spark.sql.warehouse.dir.
[2022-02-28 06:50:16,165] {spark_submit.py:488} INFO - 22/02/28 06:50:16 INFO SharedState: Warehouse path is 'file:/airflow/spark-warehouse'.
[2022-02-28 06:50:17,676] {spark_submit.py:488} INFO - /usr/local/lib/python3.7/site-packages/pyspark/python/lib/pyspark.zip/pyspark/sql/context.py:79: FutureWarning: Deprecated in 3.0.0. Use SparkSession.builder.getOrCreate() instead.
[2022-02-28 06:50:17,794] {spark_submit.py:488} INFO - 22/02/28 06:50:17 INFO SparkContext: Invoking stop() from shutdown hook
[2022-02-28 06:50:17,837] {spark_submit.py:488} INFO - 22/02/28 06:50:17 INFO SparkUI: Stopped Spark web UI at http://c5f5c4f93487:4040
[2022-02-28 06:50:17,852] {spark_submit.py:488} INFO - 22/02/28 06:50:17 INFO StandaloneSchedulerBackend: Shutting down all executors
[2022-02-28 06:50:17,877] {spark_submit.py:488} INFO - 22/02/28 06:50:17 INFO CoarseGrainedSchedulerBackend$DriverEndpoint: Asking each executor to shut down
[2022-02-28 06:50:17,941] {spark_submit.py:488} INFO - 22/02/28 06:50:17 INFO MapOutputTrackerMasterEndpoint: MapOutputTrackerMasterEndpoint stopped!
[2022-02-28 06:50:17,980] {spark_submit.py:488} INFO - 22/02/28 06:50:17 INFO MemoryStore: MemoryStore cleared
[2022-02-28 06:50:17,983] {spark_submit.py:488} INFO - 22/02/28 06:50:17 INFO BlockManager: BlockManager stopped
[2022-02-28 06:50:18,005] {spark_submit.py:488} INFO - 22/02/28 06:50:18 INFO BlockManagerMaster: BlockManagerMaster stopped
[2022-02-28 06:50:18,018] {spark_submit.py:488} INFO - 22/02/28 06:50:18 INFO OutputCommitCoordinator$OutputCommitCoordinatorEndpoint: OutputCommitCoordinator stopped!
[2022-02-28 06:50:18,049] {spark_submit.py:488} INFO - 22/02/28 06:50:18 INFO SparkContext: Successfully stopped SparkContext
[2022-02-28 06:50:18,051] {spark_submit.py:488} INFO - 22/02/28 06:50:18 INFO ShutdownHookManager: Shutdown hook called
[2022-02-28 06:50:18,053] {spark_submit.py:488} INFO - 22/02/28 06:50:18 INFO ShutdownHookManager: Deleting directory /tmp/spark-2158f276-f6b5-4e27-8dfd-0a1e9d8e08ec
[2022-02-28 06:50:18,060] {spark_submit.py:488} INFO - 22/02/28 06:50:18 INFO ShutdownHookManager: Deleting directory /tmp/spark-2158f276-f6b5-4e27-8dfd-0a1e9d8e08ec/pyspark-03a59538-44e2-4fe7-95f2-ff3877d3d999
[2022-02-28 06:50:18,067] {spark_submit.py:488} INFO - 22/02/28 06:50:18 INFO ShutdownHookManager: Deleting directory /tmp/spark-a8bcd910-8fc4-41f1-b5e5-d915eaec0142
[2022-02-28 06:50:18,155] {taskinstance.py:1282} INFO - Marking task as SUCCESS. dag_id=0747_pipeline, task_id=ocr, execution_date=20220228T063706, start_date=20220228T065009, end_date=20220228T065018
[2022-02-28 06:50:18,218] {local_task_job.py:154} INFO - Task exited with return code 0
[2022-02-28 06:50:18,276] {local_task_job.py:264} INFO - 1 downstream tasks scheduled from follow-on schedule check
