[2022-10-22 04:37:03,114] {taskinstance.py:1037} INFO - Dependencies all met for <TaskInstance: Demo.producer scheduled__2022-10-22T04:36:00+00:00 [queued]>
[2022-10-22 04:37:03,121] {taskinstance.py:1037} INFO - Dependencies all met for <TaskInstance: Demo.producer scheduled__2022-10-22T04:36:00+00:00 [queued]>
[2022-10-22 04:37:03,122] {taskinstance.py:1243} INFO - 
--------------------------------------------------------------------------------
[2022-10-22 04:37:03,122] {taskinstance.py:1244} INFO - Starting attempt 1 of 1
[2022-10-22 04:37:03,122] {taskinstance.py:1245} INFO - 
--------------------------------------------------------------------------------
[2022-10-22 04:37:03,134] {taskinstance.py:1264} INFO - Executing <Task(PythonOperator): producer> on 2022-10-22 04:36:00+00:00
[2022-10-22 04:37:03,136] {standard_task_runner.py:52} INFO - Started process 82 to run task
[2022-10-22 04:37:03,140] {standard_task_runner.py:76} INFO - Running: ['airflow', 'tasks', 'run', 'Demo', 'producer', 'scheduled__2022-10-22T04:36:00+00:00', '--job-id', '43', '--raw', '--subdir', 'DAGS_FOLDER/demo.py', '--cfg-path', '/tmp/tmp2aadfz7o', '--error-file', '/tmp/tmp8p0uv7nz']
[2022-10-22 04:37:03,141] {standard_task_runner.py:77} INFO - Job 43: Subtask producer
[2022-10-22 04:37:03,188] {logging_mixin.py:109} INFO - Running <TaskInstance: Demo.producer scheduled__2022-10-22T04:36:00+00:00 [running]> on host 98616e61dc0f
[2022-10-22 04:37:03,232] {taskinstance.py:1431} INFO - Exporting the following env vars:
AIRFLOW_CTX_DAG_OWNER=airflow
AIRFLOW_CTX_DAG_ID=Demo
AIRFLOW_CTX_TASK_ID=producer
AIRFLOW_CTX_EXECUTION_DATE=2022-10-22T04:36:00+00:00
AIRFLOW_CTX_DAG_RUN_ID=scheduled__2022-10-22T04:36:00+00:00
[2022-10-22 04:37:03,233] {logging_mixin.py:109} INFO - Producing message @ 2022-10-22 04:37:03.233040 | Message = {'data_id': 87, 'name': 'BTC', 'timestamp': 1666413423}
[2022-10-22 04:37:03,234] {logging_mixin.py:109} INFO - Producing message @ 2022-10-22 04:37:03.234096 | Message = {'data_id': 247, 'name': 'ETH', 'timestamp': 1666413423}
[2022-10-22 04:37:03,234] {logging_mixin.py:109} INFO - Producing message @ 2022-10-22 04:37:03.234561 | Message = {'data_id': 11, 'name': 'BTT', 'timestamp': 1666413423}
[2022-10-22 04:37:03,234] {logging_mixin.py:109} INFO - Producing message @ 2022-10-22 04:37:03.234974 | Message = {'data_id': 94, 'name': 'DOT', 'timestamp': 1666413423}
[2022-10-22 04:37:03,235] {python.py:175} INFO - Done. Returned value was: None
[2022-10-22 04:37:03,241] {taskinstance.py:1282} INFO - Marking task as SUCCESS. dag_id=Demo, task_id=producer, execution_date=20221022T043600, start_date=20221022T043703, end_date=20221022T043703
[2022-10-22 04:37:03,274] {local_task_job.py:154} INFO - Task exited with return code 0
[2022-10-22 04:37:03,289] {local_task_job.py:264} INFO - 0 downstream tasks scheduled from follow-on schedule check
