[2022-03-10 19:16:01,906] {taskinstance.py:1037} INFO - Dependencies all met for <TaskInstance: Demo.producer scheduled__2022-03-10T19:15:00+00:00 [queued]>
[2022-03-10 19:16:01,917] {taskinstance.py:1037} INFO - Dependencies all met for <TaskInstance: Demo.producer scheduled__2022-03-10T19:15:00+00:00 [queued]>
[2022-03-10 19:16:01,917] {taskinstance.py:1243} INFO - 
--------------------------------------------------------------------------------
[2022-03-10 19:16:01,918] {taskinstance.py:1244} INFO - Starting attempt 1 of 1
[2022-03-10 19:16:01,918] {taskinstance.py:1245} INFO - 
--------------------------------------------------------------------------------
[2022-03-10 19:16:01,929] {taskinstance.py:1264} INFO - Executing <Task(PythonOperator): producer> on 2022-03-10 19:15:00+00:00
[2022-03-10 19:16:01,932] {standard_task_runner.py:52} INFO - Started process 626 to run task
[2022-03-10 19:16:01,935] {standard_task_runner.py:76} INFO - Running: ['airflow', 'tasks', 'run', 'Demo', 'producer', 'scheduled__2022-03-10T19:15:00+00:00', '--job-id', '61', '--raw', '--subdir', 'DAGS_FOLDER/demo.py', '--cfg-path', '/tmp/tmp7fuzq8xd', '--error-file', '/tmp/tmp79lx5pog']
[2022-03-10 19:16:01,936] {standard_task_runner.py:77} INFO - Job 61: Subtask producer
[2022-03-10 19:16:02,051] {logging_mixin.py:109} INFO - Running <TaskInstance: Demo.producer scheduled__2022-03-10T19:15:00+00:00 [running]> on host c17209ace312
[2022-03-10 19:16:02,182] {taskinstance.py:1431} INFO - Exporting the following env vars:
AIRFLOW_CTX_DAG_OWNER=airflow
AIRFLOW_CTX_DAG_ID=Demo
AIRFLOW_CTX_TASK_ID=producer
AIRFLOW_CTX_EXECUTION_DATE=2022-03-10T19:15:00+00:00
AIRFLOW_CTX_DAG_RUN_ID=scheduled__2022-03-10T19:15:00+00:00
[2022-03-10 19:16:02,183] {logging_mixin.py:109} INFO - Producing message @ 2022-03-10 19:16:02.183475 | Message = {'data_id': 14, 'name': 'BTC', 'timestamp': 1646939762}
[2022-03-10 19:16:02,185] {logging_mixin.py:109} INFO - Producing message @ 2022-03-10 19:16:02.185046 | Message = {'data_id': 156, 'name': 'ETH', 'timestamp': 1646939762}
[2022-03-10 19:16:02,185] {logging_mixin.py:109} INFO - Producing message @ 2022-03-10 19:16:02.185764 | Message = {'data_id': 40, 'name': 'BTT', 'timestamp': 1646939762}
[2022-03-10 19:16:02,186] {logging_mixin.py:109} INFO - Producing message @ 2022-03-10 19:16:02.186422 | Message = {'data_id': 71, 'name': 'DOT', 'timestamp': 1646939762}
[2022-03-10 19:16:02,187] {python.py:175} INFO - Done. Returned value was: None
[2022-03-10 19:16:02,222] {taskinstance.py:1282} INFO - Marking task as SUCCESS. dag_id=Demo, task_id=producer, execution_date=20220310T191500, start_date=20220310T191601, end_date=20220310T191602
[2022-03-10 19:16:02,270] {local_task_job.py:154} INFO - Task exited with return code 0
[2022-03-10 19:16:02,351] {local_task_job.py:264} INFO - 0 downstream tasks scheduled from follow-on schedule check
