[2022-03-10 18:50:01,977] {taskinstance.py:1037} INFO - Dependencies all met for <TaskInstance: Demo.producer scheduled__2022-03-10T18:49:00+00:00 [queued]>
[2022-03-10 18:50:01,990] {taskinstance.py:1037} INFO - Dependencies all met for <TaskInstance: Demo.producer scheduled__2022-03-10T18:49:00+00:00 [queued]>
[2022-03-10 18:50:01,991] {taskinstance.py:1243} INFO - 
--------------------------------------------------------------------------------
[2022-03-10 18:50:01,992] {taskinstance.py:1244} INFO - Starting attempt 1 of 1
[2022-03-10 18:50:01,992] {taskinstance.py:1245} INFO - 
--------------------------------------------------------------------------------
[2022-03-10 18:50:02,007] {taskinstance.py:1264} INFO - Executing <Task(PythonOperator): producer> on 2022-03-10 18:49:00+00:00
[2022-03-10 18:50:02,011] {standard_task_runner.py:52} INFO - Started process 392 to run task
[2022-03-10 18:50:02,015] {standard_task_runner.py:76} INFO - Running: ['airflow', 'tasks', 'run', 'Demo', 'producer', 'scheduled__2022-03-10T18:49:00+00:00', '--job-id', '35', '--raw', '--subdir', 'DAGS_FOLDER/demo.py', '--cfg-path', '/tmp/tmpgt775vt4', '--error-file', '/tmp/tmplvy3d1mz']
[2022-03-10 18:50:02,016] {standard_task_runner.py:77} INFO - Job 35: Subtask producer
[2022-03-10 18:50:02,158] {logging_mixin.py:109} INFO - Running <TaskInstance: Demo.producer scheduled__2022-03-10T18:49:00+00:00 [running]> on host c17209ace312
[2022-03-10 18:50:02,288] {taskinstance.py:1431} INFO - Exporting the following env vars:
AIRFLOW_CTX_DAG_OWNER=airflow
AIRFLOW_CTX_DAG_ID=Demo
AIRFLOW_CTX_TASK_ID=producer
AIRFLOW_CTX_EXECUTION_DATE=2022-03-10T18:49:00+00:00
AIRFLOW_CTX_DAG_RUN_ID=scheduled__2022-03-10T18:49:00+00:00
[2022-03-10 18:50:02,290] {logging_mixin.py:109} INFO - Producing message @ 2022-03-10 18:50:02.290025 | Message = {'data_id': 301, 'name': 'BTC', 'timestamp': 1646938202}
[2022-03-10 18:50:02,291] {logging_mixin.py:109} INFO - Producing message @ 2022-03-10 18:50:02.291511 | Message = {'data_id': 145, 'name': 'ETH', 'timestamp': 1646938202}
[2022-03-10 18:50:02,292] {logging_mixin.py:109} INFO - Producing message @ 2022-03-10 18:50:02.292490 | Message = {'data_id': 27, 'name': 'BTT', 'timestamp': 1646938202}
[2022-03-10 18:50:02,293] {logging_mixin.py:109} INFO - Producing message @ 2022-03-10 18:50:02.293266 | Message = {'data_id': 163, 'name': 'DOT', 'timestamp': 1646938202}
[2022-03-10 18:50:02,294] {python.py:175} INFO - Done. Returned value was: None
[2022-03-10 18:50:02,335] {taskinstance.py:1282} INFO - Marking task as SUCCESS. dag_id=Demo, task_id=producer, execution_date=20220310T184900, start_date=20220310T185001, end_date=20220310T185002
[2022-03-10 18:50:02,389] {local_task_job.py:154} INFO - Task exited with return code 0
[2022-03-10 18:50:02,479] {local_task_job.py:264} INFO - 0 downstream tasks scheduled from follow-on schedule check
