[2022-10-21 11:09:02,484] {taskinstance.py:1037} INFO - Dependencies all met for <TaskInstance: Demo.producer scheduled__2022-10-21T11:08:00+00:00 [queued]>
[2022-10-21 11:09:02,492] {taskinstance.py:1037} INFO - Dependencies all met for <TaskInstance: Demo.producer scheduled__2022-10-21T11:08:00+00:00 [queued]>
[2022-10-21 11:09:02,492] {taskinstance.py:1243} INFO - 
--------------------------------------------------------------------------------
[2022-10-21 11:09:02,493] {taskinstance.py:1244} INFO - Starting attempt 1 of 1
[2022-10-21 11:09:02,493] {taskinstance.py:1245} INFO - 
--------------------------------------------------------------------------------
[2022-10-21 11:09:02,501] {taskinstance.py:1264} INFO - Executing <Task(PythonOperator): producer> on 2022-10-21 11:08:00+00:00
[2022-10-21 11:09:02,503] {standard_task_runner.py:52} INFO - Started process 98 to run task
[2022-10-21 11:09:02,506] {standard_task_runner.py:76} INFO - Running: ['airflow', 'tasks', 'run', 'Demo', 'producer', 'scheduled__2022-10-21T11:08:00+00:00', '--job-id', '36', '--raw', '--subdir', 'DAGS_FOLDER/demo.py', '--cfg-path', '/tmp/tmpzg5uybp4', '--error-file', '/tmp/tmpwqxofebw']
[2022-10-21 11:09:02,507] {standard_task_runner.py:77} INFO - Job 36: Subtask producer
[2022-10-21 11:09:02,550] {logging_mixin.py:109} INFO - Running <TaskInstance: Demo.producer scheduled__2022-10-21T11:08:00+00:00 [running]> on host 4c1937bb97ee
[2022-10-21 11:09:02,615] {taskinstance.py:1429} INFO - Exporting the following env vars:
AIRFLOW_CTX_DAG_OWNER=airflow
AIRFLOW_CTX_DAG_ID=Demo
AIRFLOW_CTX_TASK_ID=producer
AIRFLOW_CTX_EXECUTION_DATE=2022-10-21T11:08:00+00:00
AIRFLOW_CTX_DAG_RUN_ID=scheduled__2022-10-21T11:08:00+00:00
[2022-10-21 11:09:02,616] {logging_mixin.py:109} INFO - Producing message @ 2022-10-21 11:09:02.616311 | Message = {'data_id': 259, 'name': 'BTC', 'timestamp': 1666350542}
[2022-10-21 11:09:02,617] {logging_mixin.py:109} INFO - Producing message @ 2022-10-21 11:09:02.617272 | Message = {'data_id': 212, 'name': 'ETH', 'timestamp': 1666350542}
[2022-10-21 11:09:02,617] {logging_mixin.py:109} INFO - Producing message @ 2022-10-21 11:09:02.617732 | Message = {'data_id': 22, 'name': 'BTT', 'timestamp': 1666350542}
[2022-10-21 11:09:02,618] {logging_mixin.py:109} INFO - Producing message @ 2022-10-21 11:09:02.618147 | Message = {'data_id': 153, 'name': 'DOT', 'timestamp': 1666350542}
[2022-10-21 11:09:02,618] {python.py:175} INFO - Done. Returned value was: None
[2022-10-21 11:09:02,623] {taskinstance.py:1272} INFO - Marking task as SUCCESS. dag_id=Demo, task_id=producer, execution_date=20221021T110800, start_date=20221021T110902, end_date=20221021T110902
[2022-10-21 11:09:02,639] {local_task_job.py:154} INFO - Task exited with return code 0
[2022-10-21 11:09:02,652] {local_task_job.py:264} INFO - 0 downstream tasks scheduled from follow-on schedule check
