[2022-10-22 04:01:04,152] {taskinstance.py:1037} INFO - Dependencies all met for <TaskInstance: Demo.producer scheduled__2022-10-22T04:00:00+00:00 [queued]>
[2022-10-22 04:01:04,161] {taskinstance.py:1037} INFO - Dependencies all met for <TaskInstance: Demo.producer scheduled__2022-10-22T04:00:00+00:00 [queued]>
[2022-10-22 04:01:04,162] {taskinstance.py:1243} INFO - 
--------------------------------------------------------------------------------
[2022-10-22 04:01:04,162] {taskinstance.py:1244} INFO - Starting attempt 1 of 1
[2022-10-22 04:01:04,163] {taskinstance.py:1245} INFO - 
--------------------------------------------------------------------------------
[2022-10-22 04:01:04,175] {taskinstance.py:1264} INFO - Executing <Task(PythonOperator): producer> on 2022-10-22 04:00:00+00:00
[2022-10-22 04:01:04,178] {standard_task_runner.py:52} INFO - Started process 115 to run task
[2022-10-22 04:01:04,183] {standard_task_runner.py:76} INFO - Running: ['airflow', 'tasks', 'run', 'Demo', 'producer', 'scheduled__2022-10-22T04:00:00+00:00', '--job-id', '30', '--raw', '--subdir', 'DAGS_FOLDER/demo.py', '--cfg-path', '/tmp/tmp290l5916', '--error-file', '/tmp/tmpdzv7qr9q']
[2022-10-22 04:01:04,184] {standard_task_runner.py:77} INFO - Job 30: Subtask producer
[2022-10-22 04:01:04,244] {logging_mixin.py:109} INFO - Running <TaskInstance: Demo.producer scheduled__2022-10-22T04:00:00+00:00 [running]> on host 98616e61dc0f
[2022-10-22 04:01:04,297] {taskinstance.py:1431} INFO - Exporting the following env vars:
AIRFLOW_CTX_DAG_OWNER=airflow
AIRFLOW_CTX_DAG_ID=Demo
AIRFLOW_CTX_TASK_ID=producer
AIRFLOW_CTX_EXECUTION_DATE=2022-10-22T04:00:00+00:00
AIRFLOW_CTX_DAG_RUN_ID=scheduled__2022-10-22T04:00:00+00:00
[2022-10-22 04:01:04,298] {logging_mixin.py:109} INFO - Producing message @ 2022-10-22 04:01:04.298295 | Message = {'data_id': 18, 'name': 'BTC', 'timestamp': 1666411264}
[2022-10-22 04:01:04,299] {logging_mixin.py:109} INFO - Producing message @ 2022-10-22 04:01:04.299562 | Message = {'data_id': 79, 'name': 'ETH', 'timestamp': 1666411264}
[2022-10-22 04:01:04,300] {logging_mixin.py:109} INFO - Producing message @ 2022-10-22 04:01:04.300187 | Message = {'data_id': 29, 'name': 'BTT', 'timestamp': 1666411264}
[2022-10-22 04:01:04,300] {logging_mixin.py:109} INFO - Producing message @ 2022-10-22 04:01:04.300715 | Message = {'data_id': 131, 'name': 'DOT', 'timestamp': 1666411264}
[2022-10-22 04:01:04,301] {python.py:175} INFO - Done. Returned value was: None
[2022-10-22 04:01:04,309] {taskinstance.py:1282} INFO - Marking task as SUCCESS. dag_id=Demo, task_id=producer, execution_date=20221022T040000, start_date=20221022T040104, end_date=20221022T040104
[2022-10-22 04:01:04,355] {local_task_job.py:154} INFO - Task exited with return code 0
[2022-10-22 04:01:04,376] {local_task_job.py:264} INFO - 0 downstream tasks scheduled from follow-on schedule check
