2022-03-10T03:34:23,097 INFO [main] org.hibernate.validator.internal.util.Version - HV000001: Hibernate Validator 5.2.5.Final
2022-03-10T03:34:23,701 INFO [main] org.apache.druid.initialization.Initialization - Loading extension [druid-histogram], jars: druid-histogram-0.22.1.jar
2022-03-10T03:34:23,703 INFO [main] org.apache.druid.initialization.Initialization - Loading extension [druid-datasketches], jars: druid-datasketches-0.22.1.jar, commons-math3-3.6.1.jar
2022-03-10T03:34:23,704 INFO [main] org.apache.druid.initialization.Initialization - Loading extension [druid-lookups-cached-global], jars: druid-lookups-cached-global-0.22.1.jar, mapdb-1.0.8.jar
2022-03-10T03:34:23,706 INFO [main] org.apache.druid.initialization.Initialization - Loading extension [postgresql-metadata-storage], jars: postgresql-metadata-storage-0.22.1.jar, postgresql-42.2.14.jar
2022-03-10T03:34:23,707 INFO [main] org.apache.druid.initialization.Initialization - Loading extension [druid-kafka-indexing-service], jars: snappy-java-1.1.8.1.jar, zstd-jni-1.3.3-1.jar, kafka-clients-2.8.0.jar, lz4-java-1.7.1.jar, druid-kafka-indexing-service-0.22.1.jar
2022-03-10T03:34:23,882 INFO [main] org.apache.druid.initialization.Initialization - Loading extension [druid-histogram], jars: druid-histogram-0.22.1.jar
2022-03-10T03:34:23,885 INFO [main] org.apache.druid.initialization.Initialization - Loading extension [druid-datasketches], jars: druid-datasketches-0.22.1.jar, commons-math3-3.6.1.jar
2022-03-10T03:34:23,892 INFO [main] org.apache.druid.initialization.Initialization - Loading extension [druid-lookups-cached-global], jars: druid-lookups-cached-global-0.22.1.jar, mapdb-1.0.8.jar
2022-03-10T03:34:23,895 INFO [main] org.apache.druid.initialization.Initialization - Loading extension [postgresql-metadata-storage], jars: postgresql-metadata-storage-0.22.1.jar, postgresql-42.2.14.jar
2022-03-10T03:34:23,897 INFO [main] org.apache.druid.initialization.Initialization - Loading extension [druid-kafka-indexing-service], jars: snappy-java-1.1.8.1.jar, zstd-jni-1.3.3-1.jar, kafka-clients-2.8.0.jar, lz4-java-1.7.1.jar, druid-kafka-indexing-service-0.22.1.jar
2022-03-10T03:34:25,027 INFO [main] org.apache.druid.server.emitter.EmitterModule - Using emitter [NoopEmitter{}] for metrics and alerts, with dimensions [{version=0.22.1}].
2022-03-10T03:34:25,083 INFO [main] org.apache.druid.server.metrics.MetricsModule - Loaded 3 monitors: org.apache.druid.java.util.metrics.JvmMonitor, org.apache.druid.query.ExecutorServiceMonitor, org.apache.druid.server.initialization.jetty.JettyServerModule$JettyMonitor
2022-03-10T03:34:25,095 INFO [main] org.apache.druid.cli.CliPeon - Starting up with processors[9], memory[1,029,177,344], maxMemory[1,029,177,344], directMemory[3,221,225,472]. Properties follow.
2022-03-10T03:34:25,097 INFO [main] org.apache.druid.cli.CliPeon - * awt.toolkit: sun.awt.X11.XToolkit
2022-03-10T03:34:25,097 INFO [main] org.apache.druid.cli.CliPeon - * druid.coordinator.balancer.strategy: cachingCost
2022-03-10T03:34:25,097 INFO [main] org.apache.druid.cli.CliPeon - * druid.emitter: noop
2022-03-10T03:34:25,097 INFO [main] org.apache.druid.cli.CliPeon - * druid.emitter.logging.logLevel: debug
2022-03-10T03:34:25,097 INFO [main] org.apache.druid.cli.CliPeon - * druid.extensions.loadList: ["druid-histogram", "druid-datasketches", "druid-lookups-cached-global", "postgresql-metadata-storage", "druid-kafka-indexing-service"]
2022-03-10T03:34:25,097 INFO [main] org.apache.druid.cli.CliPeon - * druid.host: 172.22.0.4
2022-03-10T03:34:25,097 INFO [main] org.apache.druid.cli.CliPeon - * druid.indexer.fork.property.druid.processing.buffer.sizeBytes: 256MiB
2022-03-10T03:34:25,098 INFO [main] org.apache.druid.cli.CliPeon - * druid.indexer.logs.directory: /opt/shared/indexing-logs
2022-03-10T03:34:25,098 INFO [main] org.apache.druid.cli.CliPeon - * druid.indexer.logs.type: file
2022-03-10T03:34:25,098 INFO [main] org.apache.druid.cli.CliPeon - * druid.indexer.runner.javaOpts: -server -Xms1g -Xmx1g -XX:MaxDirectMemorySize=1g -Duser.timezone=UTC -Dfile.encoding=UTF-8 -XX:+ExitOnOutOfMemoryError -Djava.util.logging.manager=org.apache.logging.log4j.jul.LogManager
2022-03-10T03:34:25,098 INFO [main] org.apache.druid.cli.CliPeon - * druid.indexer.runner.javaOptsArray: ["-server", "-Xmx1g", "-Xms1g", "-XX:MaxDirectMemorySize=3g", "-Duser.timezone=UTC", "-Dfile.encoding=UTF-8", "-Djava.util.logging.manager=org.apache.logging.log4j.jul.LogManager"]
2022-03-10T03:34:25,098 INFO [main] org.apache.druid.cli.CliPeon - * druid.indexer.task.baseTaskDir: var/druid/task
2022-03-10T03:34:25,098 INFO [main] org.apache.druid.cli.CliPeon - * druid.indexer.task.hadoopWorkingPath: var/druid/hadoop-tmp
2022-03-10T03:34:25,098 INFO [main] org.apache.druid.cli.CliPeon - * druid.indexing.doubleStorage: double
2022-03-10T03:34:25,098 INFO [main] org.apache.druid.cli.CliPeon - * druid.lookup.enableLookupSyncOnStartup: false
2022-03-10T03:34:25,098 INFO [main] org.apache.druid.cli.CliPeon - * druid.metadata.storage.connector.connectURI: jdbc:postgresql://postgres:5432/druid
2022-03-10T03:34:25,099 INFO [main] org.apache.druid.cli.CliPeon - * druid.metadata.storage.connector.host: localhost
2022-03-10T03:34:25,099 INFO [main] org.apache.druid.cli.CliPeon - * druid.metadata.storage.connector.password: <masked>
2022-03-10T03:34:25,099 INFO [main] org.apache.druid.cli.CliPeon - * druid.metadata.storage.connector.port: 1527
2022-03-10T03:34:25,099 INFO [main] org.apache.druid.cli.CliPeon - * druid.metadata.storage.connector.user: druid
2022-03-10T03:34:25,099 INFO [main] org.apache.druid.cli.CliPeon - * druid.metadata.storage.host: 
2022-03-10T03:34:25,099 INFO [main] org.apache.druid.cli.CliPeon - * druid.metadata.storage.type: postgresql
2022-03-10T03:34:25,099 INFO [main] org.apache.druid.cli.CliPeon - * druid.metrics.emitter.dimension.dataSource: demo
2022-03-10T03:34:25,100 INFO [main] org.apache.druid.cli.CliPeon - * druid.metrics.emitter.dimension.taskId: api-issued_kill_demo_lcapdnlf_1000-01-01T00:00:00.000Z_3000-01-01T00:00:00.000Z_2022-03-10T03:34:21.964Z
2022-03-10T03:34:25,100 INFO [main] org.apache.druid.cli.CliPeon - * druid.metrics.emitter.dimension.taskType: kill
2022-03-10T03:34:25,100 INFO [main] org.apache.druid.cli.CliPeon - * druid.monitoring.monitors: ["org.apache.druid.java.util.metrics.JvmMonitor"]
2022-03-10T03:34:25,100 INFO [main] org.apache.druid.cli.CliPeon - * druid.plaintextPort: 8100
2022-03-10T03:34:25,100 INFO [main] org.apache.druid.cli.CliPeon - * druid.processing.buffer.sizeBytes: 256MiB
2022-03-10T03:34:25,100 INFO [main] org.apache.druid.cli.CliPeon - * druid.processing.numMergeBuffers: 2
2022-03-10T03:34:25,100 INFO [main] org.apache.druid.cli.CliPeon - * druid.processing.numThreads: 2
2022-03-10T03:34:25,100 INFO [main] org.apache.druid.cli.CliPeon - * druid.selectors.coordinator.serviceName: druid/coordinator
2022-03-10T03:34:25,100 INFO [main] org.apache.druid.cli.CliPeon - * druid.selectors.indexing.serviceName: druid/overlord
2022-03-10T03:34:25,101 INFO [main] org.apache.druid.cli.CliPeon - * druid.server.hiddenProperties: ["druid.s3.accessKey","druid.s3.secretKey","druid.metadata.storage.connector.password"]
2022-03-10T03:34:25,101 INFO [main] org.apache.druid.cli.CliPeon - * druid.server.http.numThreads: 60
2022-03-10T03:34:25,101 INFO [main] org.apache.druid.cli.CliPeon - * druid.service: druid/middleManager
2022-03-10T03:34:25,101 INFO [main] org.apache.druid.cli.CliPeon - * druid.sql.enable: true
2022-03-10T03:34:25,101 INFO [main] org.apache.druid.cli.CliPeon - * druid.startup.logging.logProperties: true
2022-03-10T03:34:25,101 INFO [main] org.apache.druid.cli.CliPeon - * druid.storage.storageDirectory: /opt/shared/segments
2022-03-10T03:34:25,101 INFO [main] org.apache.druid.cli.CliPeon - * druid.storage.type: local
2022-03-10T03:34:25,101 INFO [main] org.apache.druid.cli.CliPeon - * druid.task.executor.enablePlaintextPort: true
2022-03-10T03:34:25,101 INFO [main] org.apache.druid.cli.CliPeon - * druid.task.executor.enableTlsPort: false
2022-03-10T03:34:25,101 INFO [main] org.apache.druid.cli.CliPeon - * druid.task.executor.host: 172.22.0.4
2022-03-10T03:34:25,101 INFO [main] org.apache.druid.cli.CliPeon - * druid.task.executor.plaintextPort: 8091
2022-03-10T03:34:25,102 INFO [main] org.apache.druid.cli.CliPeon - * druid.task.executor.service: druid/middleManager
2022-03-10T03:34:25,102 INFO [main] org.apache.druid.cli.CliPeon - * druid.task.executor.tlsPort: -1
2022-03-10T03:34:25,102 INFO [main] org.apache.druid.cli.CliPeon - * druid.tlsPort: -1
2022-03-10T03:34:25,102 INFO [main] org.apache.druid.cli.CliPeon - * druid.worker.capacity: 4
2022-03-10T03:34:25,102 INFO [main] org.apache.druid.cli.CliPeon - * druid.zk.paths.base: /druid
2022-03-10T03:34:25,102 INFO [main] org.apache.druid.cli.CliPeon - * druid.zk.service.host: zookeeper
2022-03-10T03:34:25,102 INFO [main] org.apache.druid.cli.CliPeon - * file.encoding: UTF-8
2022-03-10T03:34:25,102 INFO [main] org.apache.druid.cli.CliPeon - * file.encoding.pkg: sun.io
2022-03-10T03:34:25,102 INFO [main] org.apache.druid.cli.CliPeon - * file.separator: /
2022-03-10T03:34:25,103 INFO [main] org.apache.druid.cli.CliPeon - * java.awt.graphicsenv: sun.awt.X11GraphicsEnvironment
2022-03-10T03:34:25,103 INFO [main] org.apache.druid.cli.CliPeon - * java.awt.printerjob: sun.print.PSPrinterJob
2022-03-10T03:34:25,103 INFO [main] org.apache.druid.cli.CliPeon - * java.class.path: /tmp/conf/druid/cluster/_common:/tmp/conf/druid/cluster/data/middleManager:lib/jackson-jaxrs-base-2.10.5.jar:lib/opencsv-4.6.jar:lib/joda-time-2.10.5.jar:lib/esri-geometry-api-2.2.0.jar:lib/spymemcached-2.12.3.jar:lib/jaxb-api-2.3.1.jar:lib/metrics-core-4.0.0.jar:lib/checker-qual-2.5.7.jar:lib/joni-2.1.27.jar:lib/jackson-jq-0.0.10.jar:lib/datasketches-memory-1.3.0.jar:lib/jvm-attach-api-1.5.jar:lib/log4j-slf4j-impl-2.15.0.jar:lib/aether-util-0.9.0.M2.jar:lib/error_prone_annotations-2.8.0.jar:lib/jdbi-2.63.1.jar:lib/derbynet-10.14.2.0.jar:lib/maven-repository-metadata-3.1.1.jar:lib/janino-3.0.11.jar:lib/jcl-over-slf4j-1.7.12.jar:lib/jaxb-runtime-2.3.1.jar:lib/asm-tree-7.1.jar:lib/calcite-linq4j-1.21.0.jar:lib/httpclient-4.5.10.jar:lib/jmespath-java-1.12.37.jar:lib/jackson-core-2.10.5.jar:lib/netty-codec-4.1.68.Final.jar:lib/netty-codec-http-4.1.68.Final.jar:lib/log4j-jul-2.15.0.jar:lib/curator-client-4.3.0.jar:lib/jcodings-1.0.43.jar:lib/accessors-smart-1.2.jar:lib/guice-4.1.0.jar:lib/hibernate-validator-5.2.5.Final.jar:lib/netty-common-4.1.68.Final.jar:lib/rhino-1.7.11.jar:lib/druid-services-0.22.1.jar:lib/jackson-dataformat-smile-2.10.5.jar:lib/curator-recipes-4.3.0.jar:lib/async-http-client-2.5.3.jar:lib/maven-aether-provider-3.1.1.jar:lib/aws-java-sdk-s3-1.12.37.jar:lib/javax.el-3.0.0.jar:lib/sigar-1.6.5.132.jar:lib/calcite-core-1.21.0.jar:lib/caffeine-2.8.0.jar:lib/avatica-server-1.17.0.jar:lib/commons-compress-1.21.jar:lib/commons-codec-1.13.jar:lib/stax-ex-1.8.jar:lib/audience-annotations-0.5.0.jar:lib/derby-10.14.2.0.jar:lib/config-magic-0.9.jar:lib/zstd-jni-1.3.3-1.jar:lib/zookeeper-jute-3.5.9.jar:lib/okhttp-1.0.2.jar:lib/json-smart-2.3.jar:lib/aether-connector-file-0.9.0.M2.jar:lib/commons-lang3-3.8.1.jar:lib/datasketches-java-2.0.0.jar:lib/jetty-servlet-9.4.40.v20210413.jar:lib/aopalliance-1.0.jar:lib/jackson-module-guice-2.10.5.jar:lib/guice-servlet-4.1.0.jar:lib/fastutil-8.5.4.jar:lib/netty-handler-proxy-4.1.68.Final.jar:lib/jetty-security-9.4.40.v20210413.jar:lib/aether-impl-0.9.0.M2.jar:lib/json-path-2.3.0.jar:lib/vavr-0.10.2.jar:lib/zookeeper-3.5.9.jar:lib/aws-java-sdk-kms-1.12.37.jar:lib/jetty-continuation-9.4.40.v20210413.jar:lib/async-http-client-netty-utils-2.5.3.jar:lib/commons-beanutils-1.9.4.jar:lib/druid-server-0.22.1.jar:lib/lz4-java-1.7.1.jar:lib/xz-1.8.jar:lib/guice-multibindings-4.1.0.jar:lib/aether-connector-okhttp-0.0.9.jar:lib/maven-model-3.1.1.jar:lib/druid-core-0.22.1.jar:lib/google-http-client-jackson2-1.26.0.jar:lib/commons-collections-3.2.2.jar:lib/reactive-streams-1.0.2.jar:lib/avatica-metrics-1.17.0.jar:lib/FastInfoset-1.2.15.jar:lib/jetty-proxy-9.4.40.v20210413.jar:lib/jetty-util-ajax-9.4.40.v20210413.jar:lib/jackson-annotations-2.10.5.jar:lib/commons-math3-3.6.1.jar:lib/aws-java-sdk-ec2-1.12.37.jar:lib/netty-buffer-4.1.68.Final.jar:lib/commons-io-2.11.0.jar:lib/commons-text-1.3.jar:lib/netty-resolver-4.1.68.Final.jar:lib/maven-artifact-3.6.0.jar:lib/javax.servlet-api-3.1.0.jar:lib/druid-sql-0.22.1.jar:lib/maven-settings-3.1.1.jar:lib/validation-api-1.1.0.Final.jar:lib/shims-0.9.0.jar:lib/fastutil-core-8.5.4.jar:lib/commons-lang-2.6.jar:lib/maven-model-builder-3.1.1.jar:lib/druid-console-0.22.1.jar:lib/jetty-io-9.4.40.v20210413.jar:lib/curator-framework-4.3.0.jar:lib/commons-logging-1.1.1.jar:lib/protobuf-java-3.11.0.jar:lib/netty-handler-4.1.68.Final.jar:lib/log4j-1.2-api-2.15.0.jar:lib/netty-reactive-streams-2.0.0.jar:lib/j2objc-annotations-1.1.jar:lib/maven-settings-builder-3.1.1.jar:lib/icu4j-55.1.jar:lib/classmate-1.1.0.jar:lib/netty-codec-dns-4.1.68.Final.jar:lib/netty-transport-native-unix-common-4.1.68.Final.jar:lib/google-oauth-client-1.26.0.jar:lib/guice-assistedinject-4.1.0.jar:lib/slf4j-api-1.7.25.jar:lib/resilience4j-core-1.3.1.jar:lib/jackson-databind-2.10.5.1.jar:lib/asm-7.1.jar:lib/jboss-logging-3.2.1.Final.jar:lib/javax.activation-api-1.2.0.jar:lib/fastutil-extra-8.5.4.jar:lib/jackson-module-jaxb-annotations-2.10.5.jar:lib/jetty-util-9.4.40.v20210413.jar:lib/jna-4.5.1.jar:lib/commons-net-3.6.jar:lib/avatica-core-1.17.0.jar:lib/druid-gcp-common-0.22.1.jar:lib/jackson-dataformat-cbor-2.10.5.jar:lib/plexus-utils-3.0.24.jar:lib/derbyclient-10.14.2.0.jar:lib/jackson-datatype-joda-2.10.5.jar:lib/commons-collections4-4.2.jar:lib/aether-spi-0.9.0.M2.jar:lib/netty-transport-4.1.68.Final.jar:lib/extendedset-0.22.1.jar:lib/wagon-provider-api-2.4.jar:lib/jakarta.activation-api-1.2.1.jar:lib/jetty-servlets-9.4.40.v20210413.jar:lib/asm-commons-7.1.jar:lib/resilience4j-bulkhead-1.3.1.jar:lib/istack-commons-runtime-3.0.7.jar:lib/jackson-jaxrs-json-provider-2.10.5.jar:lib/airline-0.7.jar:lib/log4j-api-2.15.0.jar:lib/javax.activation-1.2.0.jar:lib/jakarta.xml.bind-api-2.3.2.jar:lib/curator-x-discovery-4.3.0.jar:lib/jetty-http-9.4.40.v20210413.jar:lib/httpcore-4.4.11.jar:lib/google-http-client-1.26.0.jar:lib/netty-transport-native-epoll-4.1.68.Final-linux-x86_64.jar:lib/asm-analysis-7.1.jar:lib/jersey-core-1.19.3.jar:lib/aggdesigner-algorithm-6.0.jar:lib/netty-3.10.6.Final.jar:lib/javax.el-api-3.0.0.jar:lib/aws-java-sdk-core-1.12.37.jar:lib/netty-resolver-dns-4.1.68.Final.jar:lib/jackson-jaxrs-smile-provider-2.10.5.jar:lib/aether-api-0.9.0.M2.jar:lib/vavr-match-0.10.2.jar:lib/jsr311-api-1.1.1.jar:lib/jersey-server-1.19.3.jar:lib/ion-java-1.0.2.jar:lib/txw2-2.3.1.jar:lib/disruptor-3.3.6.jar:lib/log4j-core-2.15.0.jar:lib/commons-pool2-2.2.jar:lib/druid-processing-0.22.1.jar:lib/javax.inject-1.jar:lib/jetty-client-9.4.40.v20210413.jar:lib/tesla-aether-0.0.5.jar:lib/jersey-servlet-1.19.3.jar:lib/jersey-guice-1.19.3.jar:lib/RoaringBitmap-0.9.0.jar:lib/druid-indexing-hadoop-0.22.1.jar:lib/jsr305-2.0.1.jar:lib/jetty-server-9.4.40.v20210413.jar:lib/druid-indexing-service-0.22.1.jar:lib/plexus-interpolation-1.19.jar:lib/druid-aws-common-0.22.1.jar:lib/jackson-datatype-guava-2.10.5.jar:lib/commons-compiler-3.0.11.jar:lib/jetty-rewrite-9.4.40.v20210413.jar:lib/compress-lzf-1.0.4.jar:lib/google-api-client-1.26.0.jar:lib/antlr4-runtime-4.5.1.jar:lib/druid-hll-0.22.1.jar:lib/commons-dbcp2-2.0.1.jar:lib/guava-16.0.1.jar:lib/cron-scheduler-0.1.jar:lib/netty-codec-socks-4.1.68.Final.jar:
2022-03-10T03:34:25,103 INFO [main] org.apache.druid.cli.CliPeon - * java.class.version: 52.0
2022-03-10T03:34:25,103 INFO [main] org.apache.druid.cli.CliPeon - * java.endorsed.dirs: /usr/lib/jvm/java-8-openjdk-amd64/jre/lib/endorsed
2022-03-10T03:34:25,103 INFO [main] org.apache.druid.cli.CliPeon - * java.ext.dirs: /usr/lib/jvm/java-8-openjdk-amd64/jre/lib/ext:/usr/java/packages/lib/ext
2022-03-10T03:34:25,103 INFO [main] org.apache.druid.cli.CliPeon - * java.home: /usr/lib/jvm/java-8-openjdk-amd64/jre
2022-03-10T03:34:25,104 INFO [main] org.apache.druid.cli.CliPeon - * java.io.tmpdir: var/tmp
2022-03-10T03:34:25,104 INFO [main] org.apache.druid.cli.CliPeon - * java.library.path: /usr/java/packages/lib/amd64:/usr/lib/x86_64-linux-gnu/jni:/lib/x86_64-linux-gnu:/usr/lib/x86_64-linux-gnu:/usr/lib/jni:/lib:/usr/lib
2022-03-10T03:34:25,104 INFO [main] org.apache.druid.cli.CliPeon - * java.runtime.name: OpenJDK Runtime Environment
2022-03-10T03:34:25,104 INFO [main] org.apache.druid.cli.CliPeon - * java.runtime.version: 1.8.0_275-8u275-b01-1~deb9u1-b01
2022-03-10T03:34:25,104 INFO [main] org.apache.druid.cli.CliPeon - * java.specification.name: Java Platform API Specification
2022-03-10T03:34:25,104 INFO [main] org.apache.druid.cli.CliPeon - * java.specification.vendor: Oracle Corporation
2022-03-10T03:34:25,104 INFO [main] org.apache.druid.cli.CliPeon - * java.specification.version: 1.8
2022-03-10T03:34:25,104 INFO [main] org.apache.druid.cli.CliPeon - * java.util.logging.manager: org.apache.logging.log4j.jul.LogManager
2022-03-10T03:34:25,104 INFO [main] org.apache.druid.cli.CliPeon - * java.vendor: Oracle Corporation
2022-03-10T03:34:25,104 INFO [main] org.apache.druid.cli.CliPeon - * java.vendor.url: http://java.oracle.com/
2022-03-10T03:34:25,105 INFO [main] org.apache.druid.cli.CliPeon - * java.vendor.url.bug: http://bugreport.sun.com/bugreport/
2022-03-10T03:34:25,105 INFO [main] org.apache.druid.cli.CliPeon - * java.version: 1.8.0_275
2022-03-10T03:34:25,105 INFO [main] org.apache.druid.cli.CliPeon - * java.vm.info: mixed mode
2022-03-10T03:34:25,105 INFO [main] org.apache.druid.cli.CliPeon - * java.vm.name: OpenJDK 64-Bit Server VM
2022-03-10T03:34:25,105 INFO [main] org.apache.druid.cli.CliPeon - * java.vm.specification.name: Java Virtual Machine Specification
2022-03-10T03:34:25,105 INFO [main] org.apache.druid.cli.CliPeon - * java.vm.specification.vendor: Oracle Corporation
2022-03-10T03:34:25,105 INFO [main] org.apache.druid.cli.CliPeon - * java.vm.specification.version: 1.8
2022-03-10T03:34:25,105 INFO [main] org.apache.druid.cli.CliPeon - * java.vm.vendor: Oracle Corporation
2022-03-10T03:34:25,106 INFO [main] org.apache.druid.cli.CliPeon - * java.vm.version: 25.275-b01
2022-03-10T03:34:25,106 INFO [main] org.apache.druid.cli.CliPeon - * line.separator: 

2022-03-10T03:34:25,106 INFO [main] org.apache.druid.cli.CliPeon - * log4j.shutdownCallbackRegistry: org.apache.druid.common.config.Log4jShutdown
2022-03-10T03:34:25,106 INFO [main] org.apache.druid.cli.CliPeon - * log4j.shutdownHookEnabled: true
2022-03-10T03:34:25,106 INFO [main] org.apache.druid.cli.CliPeon - * log4j2.is.webapp: false
2022-03-10T03:34:25,106 INFO [main] org.apache.druid.cli.CliPeon - * os.arch: amd64
2022-03-10T03:34:25,106 INFO [main] org.apache.druid.cli.CliPeon - * os.name: Linux
2022-03-10T03:34:25,106 INFO [main] org.apache.druid.cli.CliPeon - * os.version: 5.10.76-linuxkit
2022-03-10T03:34:25,106 INFO [main] org.apache.druid.cli.CliPeon - * path.separator: :
2022-03-10T03:34:25,106 INFO [main] org.apache.druid.cli.CliPeon - * sun.arch.data.model: 64
2022-03-10T03:34:25,106 INFO [main] org.apache.druid.cli.CliPeon - * sun.boot.class.path: /usr/lib/jvm/java-8-openjdk-amd64/jre/lib/resources.jar:/usr/lib/jvm/java-8-openjdk-amd64/jre/lib/rt.jar:/usr/lib/jvm/java-8-openjdk-amd64/jre/lib/sunrsasign.jar:/usr/lib/jvm/java-8-openjdk-amd64/jre/lib/jsse.jar:/usr/lib/jvm/java-8-openjdk-amd64/jre/lib/jce.jar:/usr/lib/jvm/java-8-openjdk-amd64/jre/lib/charsets.jar:/usr/lib/jvm/java-8-openjdk-amd64/jre/lib/jfr.jar:/usr/lib/jvm/java-8-openjdk-amd64/jre/classes
2022-03-10T03:34:25,107 INFO [main] org.apache.druid.cli.CliPeon - * sun.boot.library.path: /usr/lib/jvm/java-8-openjdk-amd64/jre/lib/amd64
2022-03-10T03:34:25,107 INFO [main] org.apache.druid.cli.CliPeon - * sun.cpu.endian: little
2022-03-10T03:34:25,107 INFO [main] org.apache.druid.cli.CliPeon - * sun.cpu.isalist: 
2022-03-10T03:34:25,107 INFO [main] org.apache.druid.cli.CliPeon - * sun.io.unicode.encoding: UnicodeLittle
2022-03-10T03:34:25,107 INFO [main] org.apache.druid.cli.CliPeon - * sun.java.command: org.apache.druid.cli.Main internal peon var/druid/task/api-issued_kill_demo_lcapdnlf_1000-01-01T00:00:00.000Z_3000-01-01T00:00:00.000Z_2022-03-10T03:34:21.964Z/task.json var/druid/task/api-issued_kill_demo_lcapdnlf_1000-01-01T00:00:00.000Z_3000-01-01T00:00:00.000Z_2022-03-10T03:34:21.964Z/d0defdab-1302-4c5a-b415-a0097bfa1927/status.json var/druid/task/api-issued_kill_demo_lcapdnlf_1000-01-01T00:00:00.000Z_3000-01-01T00:00:00.000Z_2022-03-10T03:34:21.964Z/d0defdab-1302-4c5a-b415-a0097bfa1927/report.json
2022-03-10T03:34:25,107 INFO [main] org.apache.druid.cli.CliPeon - * sun.java.launcher: SUN_STANDARD
2022-03-10T03:34:25,107 INFO [main] org.apache.druid.cli.CliPeon - * sun.jnu.encoding: UTF-8
2022-03-10T03:34:25,107 INFO [main] org.apache.druid.cli.CliPeon - * sun.management.compiler: HotSpot 64-Bit Tiered Compilers
2022-03-10T03:34:25,107 INFO [main] org.apache.druid.cli.CliPeon - * sun.os.patch.level: unknown
2022-03-10T03:34:25,107 INFO [main] org.apache.druid.cli.CliPeon - * user.dir: /opt/druid
2022-03-10T03:34:25,108 INFO [main] org.apache.druid.cli.CliPeon - * user.home: /opt/druid
2022-03-10T03:34:25,108 INFO [main] org.apache.druid.cli.CliPeon - * user.language: en
2022-03-10T03:34:25,108 INFO [main] org.apache.druid.cli.CliPeon - * user.name: druid
2022-03-10T03:34:25,108 INFO [main] org.apache.druid.cli.CliPeon - * user.timezone: UTC
2022-03-10T03:34:25,125 WARN [main] org.apache.druid.indexing.common.config.TaskConfig - Batch processing mode argument value is null or not valid:[null], defaulting to[CLOSED_SEGMENTS] 
2022-03-10T03:34:25,125 INFO [main] org.apache.druid.indexing.common.config.TaskConfig - Batch processing mode:[CLOSED_SEGMENTS]
2022-03-10T03:34:25,295 INFO [main] org.apache.zookeeper.ZooKeeper - Client environment:zookeeper.version=3.5.9-83df9301aa5c2a5d284a9940177808c01bc35cef, built on 01/06/2021 20:03 GMT
2022-03-10T03:34:25,295 INFO [main] org.apache.zookeeper.ZooKeeper - Client environment:host.name=f1739967c20d
2022-03-10T03:34:25,295 INFO [main] org.apache.zookeeper.ZooKeeper - Client environment:java.version=1.8.0_275
2022-03-10T03:34:25,295 INFO [main] org.apache.zookeeper.ZooKeeper - Client environment:java.vendor=Oracle Corporation
2022-03-10T03:34:25,295 INFO [main] org.apache.zookeeper.ZooKeeper - Client environment:java.home=/usr/lib/jvm/java-8-openjdk-amd64/jre
2022-03-10T03:34:25,295 INFO [main] org.apache.zookeeper.ZooKeeper - Client environment:java.class.path=/tmp/conf/druid/cluster/_common:/tmp/conf/druid/cluster/data/middleManager:lib/jackson-jaxrs-base-2.10.5.jar:lib/opencsv-4.6.jar:lib/joda-time-2.10.5.jar:lib/esri-geometry-api-2.2.0.jar:lib/spymemcached-2.12.3.jar:lib/jaxb-api-2.3.1.jar:lib/metrics-core-4.0.0.jar:lib/checker-qual-2.5.7.jar:lib/joni-2.1.27.jar:lib/jackson-jq-0.0.10.jar:lib/datasketches-memory-1.3.0.jar:lib/jvm-attach-api-1.5.jar:lib/log4j-slf4j-impl-2.15.0.jar:lib/aether-util-0.9.0.M2.jar:lib/error_prone_annotations-2.8.0.jar:lib/jdbi-2.63.1.jar:lib/derbynet-10.14.2.0.jar:lib/maven-repository-metadata-3.1.1.jar:lib/janino-3.0.11.jar:lib/jcl-over-slf4j-1.7.12.jar:lib/jaxb-runtime-2.3.1.jar:lib/asm-tree-7.1.jar:lib/calcite-linq4j-1.21.0.jar:lib/httpclient-4.5.10.jar:lib/jmespath-java-1.12.37.jar:lib/jackson-core-2.10.5.jar:lib/netty-codec-4.1.68.Final.jar:lib/netty-codec-http-4.1.68.Final.jar:lib/log4j-jul-2.15.0.jar:lib/curator-client-4.3.0.jar:lib/jcodings-1.0.43.jar:lib/accessors-smart-1.2.jar:lib/guice-4.1.0.jar:lib/hibernate-validator-5.2.5.Final.jar:lib/netty-common-4.1.68.Final.jar:lib/rhino-1.7.11.jar:lib/druid-services-0.22.1.jar:lib/jackson-dataformat-smile-2.10.5.jar:lib/curator-recipes-4.3.0.jar:lib/async-http-client-2.5.3.jar:lib/maven-aether-provider-3.1.1.jar:lib/aws-java-sdk-s3-1.12.37.jar:lib/javax.el-3.0.0.jar:lib/sigar-1.6.5.132.jar:lib/calcite-core-1.21.0.jar:lib/caffeine-2.8.0.jar:lib/avatica-server-1.17.0.jar:lib/commons-compress-1.21.jar:lib/commons-codec-1.13.jar:lib/stax-ex-1.8.jar:lib/audience-annotations-0.5.0.jar:lib/derby-10.14.2.0.jar:lib/config-magic-0.9.jar:lib/zstd-jni-1.3.3-1.jar:lib/zookeeper-jute-3.5.9.jar:lib/okhttp-1.0.2.jar:lib/json-smart-2.3.jar:lib/aether-connector-file-0.9.0.M2.jar:lib/commons-lang3-3.8.1.jar:lib/datasketches-java-2.0.0.jar:lib/jetty-servlet-9.4.40.v20210413.jar:lib/aopalliance-1.0.jar:lib/jackson-module-guice-2.10.5.jar:lib/guice-servlet-4.1.0.jar:lib/fastutil-8.5.4.jar:lib/netty-handler-proxy-4.1.68.Final.jar:lib/jetty-security-9.4.40.v20210413.jar:lib/aether-impl-0.9.0.M2.jar:lib/json-path-2.3.0.jar:lib/vavr-0.10.2.jar:lib/zookeeper-3.5.9.jar:lib/aws-java-sdk-kms-1.12.37.jar:lib/jetty-continuation-9.4.40.v20210413.jar:lib/async-http-client-netty-utils-2.5.3.jar:lib/commons-beanutils-1.9.4.jar:lib/druid-server-0.22.1.jar:lib/lz4-java-1.7.1.jar:lib/xz-1.8.jar:lib/guice-multibindings-4.1.0.jar:lib/aether-connector-okhttp-0.0.9.jar:lib/maven-model-3.1.1.jar:lib/druid-core-0.22.1.jar:lib/google-http-client-jackson2-1.26.0.jar:lib/commons-collections-3.2.2.jar:lib/reactive-streams-1.0.2.jar:lib/avatica-metrics-1.17.0.jar:lib/FastInfoset-1.2.15.jar:lib/jetty-proxy-9.4.40.v20210413.jar:lib/jetty-util-ajax-9.4.40.v20210413.jar:lib/jackson-annotations-2.10.5.jar:lib/commons-math3-3.6.1.jar:lib/aws-java-sdk-ec2-1.12.37.jar:lib/netty-buffer-4.1.68.Final.jar:lib/commons-io-2.11.0.jar:lib/commons-text-1.3.jar:lib/netty-resolver-4.1.68.Final.jar:lib/maven-artifact-3.6.0.jar:lib/javax.servlet-api-3.1.0.jar:lib/druid-sql-0.22.1.jar:lib/maven-settings-3.1.1.jar:lib/validation-api-1.1.0.Final.jar:lib/shims-0.9.0.jar:lib/fastutil-core-8.5.4.jar:lib/commons-lang-2.6.jar:lib/maven-model-builder-3.1.1.jar:lib/druid-console-0.22.1.jar:lib/jetty-io-9.4.40.v20210413.jar:lib/curator-framework-4.3.0.jar:lib/commons-logging-1.1.1.jar:lib/protobuf-java-3.11.0.jar:lib/netty-handler-4.1.68.Final.jar:lib/log4j-1.2-api-2.15.0.jar:lib/netty-reactive-streams-2.0.0.jar:lib/j2objc-annotations-1.1.jar:lib/maven-settings-builder-3.1.1.jar:lib/icu4j-55.1.jar:lib/classmate-1.1.0.jar:lib/netty-codec-dns-4.1.68.Final.jar:lib/netty-transport-native-unix-common-4.1.68.Final.jar:lib/google-oauth-client-1.26.0.jar:lib/guice-assistedinject-4.1.0.jar:lib/slf4j-api-1.7.25.jar:lib/resilience4j-core-1.3.1.jar:lib/jackson-databind-2.10.5.1.jar:lib/asm-7.1.jar:lib/jboss-logging-3.2.1.Final.jar:lib/javax.activation-api-1.2.0.jar:lib/fastutil-extra-8.5.4.jar:lib/jackson-module-jaxb-annotations-2.10.5.jar:lib/jetty-util-9.4.40.v20210413.jar:lib/jna-4.5.1.jar:lib/commons-net-3.6.jar:lib/avatica-core-1.17.0.jar:lib/druid-gcp-common-0.22.1.jar:lib/jackson-dataformat-cbor-2.10.5.jar:lib/plexus-utils-3.0.24.jar:lib/derbyclient-10.14.2.0.jar:lib/jackson-datatype-joda-2.10.5.jar:lib/commons-collections4-4.2.jar:lib/aether-spi-0.9.0.M2.jar:lib/netty-transport-4.1.68.Final.jar:lib/extendedset-0.22.1.jar:lib/wagon-provider-api-2.4.jar:lib/jakarta.activation-api-1.2.1.jar:lib/jetty-servlets-9.4.40.v20210413.jar:lib/asm-commons-7.1.jar:lib/resilience4j-bulkhead-1.3.1.jar:lib/istack-commons-runtime-3.0.7.jar:lib/jackson-jaxrs-json-provider-2.10.5.jar:lib/airline-0.7.jar:lib/log4j-api-2.15.0.jar:lib/javax.activation-1.2.0.jar:lib/jakarta.xml.bind-api-2.3.2.jar:lib/curator-x-discovery-4.3.0.jar:lib/jetty-http-9.4.40.v20210413.jar:lib/httpcore-4.4.11.jar:lib/google-http-client-1.26.0.jar:lib/netty-transport-native-epoll-4.1.68.Final-linux-x86_64.jar:lib/asm-analysis-7.1.jar:lib/jersey-core-1.19.3.jar:lib/aggdesigner-algorithm-6.0.jar:lib/netty-3.10.6.Final.jar:lib/javax.el-api-3.0.0.jar:lib/aws-java-sdk-core-1.12.37.jar:lib/netty-resolver-dns-4.1.68.Final.jar:lib/jackson-jaxrs-smile-provider-2.10.5.jar:lib/aether-api-0.9.0.M2.jar:lib/vavr-match-0.10.2.jar:lib/jsr311-api-1.1.1.jar:lib/jersey-server-1.19.3.jar:lib/ion-java-1.0.2.jar:lib/txw2-2.3.1.jar:lib/disruptor-3.3.6.jar:lib/log4j-core-2.15.0.jar:lib/commons-pool2-2.2.jar:lib/druid-processing-0.22.1.jar:lib/javax.inject-1.jar:lib/jetty-client-9.4.40.v20210413.jar:lib/tesla-aether-0.0.5.jar:lib/jersey-servlet-1.19.3.jar:lib/jersey-guice-1.19.3.jar:lib/RoaringBitmap-0.9.0.jar:lib/druid-indexing-hadoop-0.22.1.jar:lib/jsr305-2.0.1.jar:lib/jetty-server-9.4.40.v20210413.jar:lib/druid-indexing-service-0.22.1.jar:lib/plexus-interpolation-1.19.jar:lib/druid-aws-common-0.22.1.jar:lib/jackson-datatype-guava-2.10.5.jar:lib/commons-compiler-3.0.11.jar:lib/jetty-rewrite-9.4.40.v20210413.jar:lib/compress-lzf-1.0.4.jar:lib/google-api-client-1.26.0.jar:lib/antlr4-runtime-4.5.1.jar:lib/druid-hll-0.22.1.jar:lib/commons-dbcp2-2.0.1.jar:lib/guava-16.0.1.jar:lib/cron-scheduler-0.1.jar:lib/netty-codec-socks-4.1.68.Final.jar:
2022-03-10T03:34:25,295 INFO [main] org.apache.zookeeper.ZooKeeper - Client environment:java.library.path=/usr/java/packages/lib/amd64:/usr/lib/x86_64-linux-gnu/jni:/lib/x86_64-linux-gnu:/usr/lib/x86_64-linux-gnu:/usr/lib/jni:/lib:/usr/lib
2022-03-10T03:34:25,295 INFO [main] org.apache.zookeeper.ZooKeeper - Client environment:java.io.tmpdir=var/tmp
2022-03-10T03:34:25,295 INFO [main] org.apache.zookeeper.ZooKeeper - Client environment:java.compiler=<NA>
2022-03-10T03:34:25,295 INFO [main] org.apache.zookeeper.ZooKeeper - Client environment:os.name=Linux
2022-03-10T03:34:25,296 INFO [main] org.apache.zookeeper.ZooKeeper - Client environment:os.arch=amd64
2022-03-10T03:34:25,296 INFO [main] org.apache.zookeeper.ZooKeeper - Client environment:os.version=5.10.76-linuxkit
2022-03-10T03:34:25,296 INFO [main] org.apache.zookeeper.ZooKeeper - Client environment:user.name=druid
2022-03-10T03:34:25,296 INFO [main] org.apache.zookeeper.ZooKeeper - Client environment:user.home=/opt/druid
2022-03-10T03:34:25,296 INFO [main] org.apache.zookeeper.ZooKeeper - Client environment:user.dir=/opt/druid
2022-03-10T03:34:25,296 INFO [main] org.apache.zookeeper.ZooKeeper - Client environment:os.memory.free=832MB
2022-03-10T03:34:25,296 INFO [main] org.apache.zookeeper.ZooKeeper - Client environment:os.memory.max=981MB
2022-03-10T03:34:25,296 INFO [main] org.apache.zookeeper.ZooKeeper - Client environment:os.memory.total=981MB
2022-03-10T03:34:25,296 INFO [main] org.apache.curator.utils.Compatibility - Using emulated InjectSessionExpiration
2022-03-10T03:34:25,369 INFO [main] org.skife.config.ConfigurationObjectFactory - Using method itself for [druid.computation.buffer.poolCacheMaxCount, ${base_path}.buffer.poolCacheMaxCount] on [org.apache.druid.query.DruidProcessingConfig#poolCacheMaxCount()]
2022-03-10T03:34:25,371 INFO [main] org.skife.config.ConfigurationObjectFactory - Using method itself for [${base_path}.merge.pool.awaitShutdownMillis] on [org.apache.druid.query.DruidProcessingConfig#getMergePoolAwaitShutdownMillis()]
2022-03-10T03:34:25,371 INFO [main] org.skife.config.ConfigurationObjectFactory - Using method itself for [${base_path}.tmpDir] on [org.apache.druid.query.DruidProcessingConfig#getTmpDir()]
2022-03-10T03:34:25,371 INFO [main] org.skife.config.ConfigurationObjectFactory - Using method itself for [${base_path}.fifo] on [org.apache.druid.query.DruidProcessingConfig#isFifo()]
2022-03-10T03:34:25,371 INFO [main] org.skife.config.ConfigurationObjectFactory - Assigning value [2] for [druid.processing.numThreads] on [org.apache.druid.query.DruidProcessingConfig#getNumThreadsConfigured()]
2022-03-10T03:34:25,372 INFO [main] org.skife.config.ConfigurationObjectFactory - Assigning value [2] for [druid.processing.numMergeBuffers] on [org.apache.druid.query.DruidProcessingConfig#getNumMergeBuffersConfigured()]
2022-03-10T03:34:25,372 INFO [main] org.skife.config.ConfigurationObjectFactory - Using method itself for [${base_path}.columnCache.sizeBytes] on [org.apache.druid.query.DruidProcessingConfig#columnCacheSizeBytes()]
2022-03-10T03:34:25,372 INFO [main] org.skife.config.ConfigurationObjectFactory - Using method itself for [${base_path}.merge.useParallelMergePool] on [org.apache.druid.query.DruidProcessingConfig#useParallelMergePoolConfigured()]
2022-03-10T03:34:25,372 INFO [main] org.skife.config.ConfigurationObjectFactory - Using method itself for [${base_path}.merge.pool.parallelism] on [org.apache.druid.query.DruidProcessingConfig#getMergePoolParallelismConfigured()]
2022-03-10T03:34:25,373 INFO [main] org.skife.config.ConfigurationObjectFactory - Assigning value [256MiB] for [druid.processing.buffer.sizeBytes] on [org.apache.druid.query.DruidProcessingConfig#intermediateComputeSizeBytesConfigured()]
2022-03-10T03:34:25,374 INFO [main] org.skife.config.ConfigurationObjectFactory - Using method itself for [${base_path}.merge.pool.defaultMaxQueryParallelism] on [org.apache.druid.query.DruidProcessingConfig#getMergePoolDefaultMaxQueryParallelism()]
2022-03-10T03:34:25,374 INFO [main] org.skife.config.ConfigurationObjectFactory - Using method itself for [${base_path}.merge.task.targetRunTimeMillis] on [org.apache.druid.query.DruidProcessingConfig#getMergePoolTargetTaskRunTimeMillis()]
2022-03-10T03:34:25,374 INFO [main] org.skife.config.ConfigurationObjectFactory - Using method itself for [${base_path}.merge.task.initialYieldNumRows] on [org.apache.druid.query.DruidProcessingConfig#getMergePoolTaskInitialYieldRows()]
2022-03-10T03:34:25,374 INFO [main] org.skife.config.ConfigurationObjectFactory - Using method itself for [${base_path}.merge.task.smallBatchNumRows] on [org.apache.druid.query.DruidProcessingConfig#getMergePoolSmallBatchRows()]
2022-03-10T03:34:25,375 INFO [main] org.skife.config.ConfigurationObjectFactory - Assigning default value [processing-%s] for [${base_path}.formatString] on [org.apache.druid.java.util.common.concurrent.ExecutorServiceConfig#getFormatString()]
2022-03-10T03:34:25,451 INFO [main] org.apache.druid.segment.loading.SegmentLocalCacheManager - Using storage location strategy: [LeastBytesUsedStorageLocationSelectorStrategy]
2022-03-10T03:34:25,597 INFO [main] org.apache.druid.guice.StorageNodeModule - Segment cache not configured on ServerType [indexer-executor]. It will not be assignable for segment placement
2022-03-10T03:34:25,669 INFO [main] org.eclipse.jetty.util.log - Logging initialized @3631ms to org.eclipse.jetty.util.log.Slf4jLog
2022-03-10T03:34:25,684 INFO [main] org.apache.druid.server.initialization.jetty.JettyServerModule - Creating http connector with port [8100]
2022-03-10T03:34:25,820 WARN [main] org.eclipse.jetty.server.handler.gzip.GzipHandler - minGzipSize of 0 is inefficient for short content, break even is size 23
2022-03-10T03:34:25,855 INFO [main] org.apache.druid.offheap.OffheapBufferGenerator - Allocating new intermediate processing buffer[0] of size[268,435,456]
2022-03-10T03:34:25,940 INFO [main] org.apache.druid.offheap.OffheapBufferGenerator - Allocating new intermediate processing buffer[1] of size[268,435,456]
2022-03-10T03:34:26,054 INFO [main] org.apache.druid.offheap.OffheapBufferGenerator - Allocating new result merging buffer[0] of size[268,435,456]
2022-03-10T03:34:26,131 INFO [main] org.apache.druid.offheap.OffheapBufferGenerator - Allocating new result merging buffer[1] of size[268,435,456]
2022-03-10T03:34:26,236 INFO [main] org.apache.druid.java.util.common.lifecycle.Lifecycle - Starting lifecycle [module] stage [INIT]
2022-03-10T03:34:26,237 INFO [main] org.apache.druid.java.util.common.lifecycle.Lifecycle - Starting lifecycle [module] stage [NORMAL]
2022-03-10T03:34:26,242 INFO [main] org.apache.curator.framework.imps.CuratorFrameworkImpl - Starting
2022-03-10T03:34:26,249 INFO [main] org.apache.zookeeper.ZooKeeper - Initiating client connection, connectString=zookeeper sessionTimeout=30000 watcher=org.apache.curator.ConnectionState@1310fcb0
2022-03-10T03:34:26,254 INFO [main] org.apache.zookeeper.common.X509Util - Setting -D jdk.tls.rejectClientInitiatedRenegotiation=true to disable client-initiated TLS renegotiation
2022-03-10T03:34:26,259 INFO [main] org.apache.zookeeper.ClientCnxnSocket - jute.maxbuffer value is 4194304 Bytes
2022-03-10T03:34:26,269 INFO [main] org.apache.zookeeper.ClientCnxn - zookeeper.request.timeout value is 0. feature enabled=
2022-03-10T03:34:26,280 INFO [main-SendThread(zookeeper:2181)] org.apache.zookeeper.ClientCnxn - Opening socket connection to server zookeeper/172.22.0.2:2181. Will not attempt to authenticate using SASL (unknown error)
2022-03-10T03:34:26,283 INFO [main] org.apache.curator.framework.imps.CuratorFrameworkImpl - Default schema
2022-03-10T03:34:26,325 INFO [main-SendThread(zookeeper:2181)] org.apache.zookeeper.ClientCnxn - Socket connection established, initiating session, client: /172.22.0.4:60004, server: zookeeper/172.22.0.2:2181
2022-03-10T03:34:26,350 INFO [main] org.apache.druid.indexing.worker.executor.ExecutorLifecycle - Running with task: {
  "type" : "kill",
  "id" : "api-issued_kill_demo_lcapdnlf_1000-01-01T00:00:00.000Z_3000-01-01T00:00:00.000Z_2022-03-10T03:34:21.964Z",
  "dataSource" : "demo",
  "interval" : "1000-01-01T00:00:00.000Z/3000-01-01T00:00:00.000Z",
  "context" : {
    "forceTimeChunkLock" : true,
    "useLineageBasedSegmentAllocation" : true
  },
  "markAsUnused" : false,
  "groupId" : "api-issued_kill_demo_lcapdnlf_1000-01-01T00:00:00.000Z_3000-01-01T00:00:00.000Z_2022-03-10T03:34:21.964Z",
  "resource" : {
    "availabilityGroup" : "api-issued_kill_demo_lcapdnlf_1000-01-01T00:00:00.000Z_3000-01-01T00:00:00.000Z_2022-03-10T03:34:21.964Z",
    "requiredCapacity" : 1
  }
}
2022-03-10T03:34:26,354 INFO [main] org.apache.druid.indexing.worker.executor.ExecutorLifecycle - Attempting to lock file[var/druid/task/api-issued_kill_demo_lcapdnlf_1000-01-01T00:00:00.000Z_3000-01-01T00:00:00.000Z_2022-03-10T03:34:21.964Z/lock].
2022-03-10T03:34:26,357 INFO [main] org.apache.druid.indexing.worker.executor.ExecutorLifecycle - Acquired lock file[var/druid/task/api-issued_kill_demo_lcapdnlf_1000-01-01T00:00:00.000Z_3000-01-01T00:00:00.000Z_2022-03-10T03:34:21.964Z/lock] in 2ms.
2022-03-10T03:34:26,372 INFO [main-SendThread(zookeeper:2181)] org.apache.zookeeper.ClientCnxn - Session establishment complete on server zookeeper/172.22.0.2:2181, sessionid = 0x10000248b160009, negotiated timeout = 30000
2022-03-10T03:34:26,396 INFO [main-EventThread] org.apache.curator.framework.state.ConnectionStateManager - State change: CONNECTED
2022-03-10T03:34:26,426 INFO [main-EventThread] org.apache.curator.framework.imps.EnsembleTracker - New config event received: {}
2022-03-10T03:34:26,426 INFO [main-EventThread] org.apache.curator.framework.imps.EnsembleTracker - New config event received: {}
2022-03-10T03:34:26,441 WARN [NodeRoleWatcher[OVERLORD]] org.apache.druid.curator.discovery.CuratorDruidNodeDiscoveryProvider$NodeRoleWatcher - Ignored event type[CONNECTION_RECONNECTED] for node watcher of role[overlord].
2022-03-10T03:34:26,441 WARN [NodeRoleWatcher[COORDINATOR]] org.apache.druid.curator.discovery.CuratorDruidNodeDiscoveryProvider$NodeRoleWatcher - Ignored event type[CONNECTION_RECONNECTED] for node watcher of role[coordinator].
2022-03-10T03:34:26,458 INFO [NodeRoleWatcher[OVERLORD]] org.apache.druid.discovery.BaseNodeRoleWatcher - Node[http://172.22.0.6:8081] of role[overlord] detected.
2022-03-10T03:34:26,458 INFO [NodeRoleWatcher[COORDINATOR]] org.apache.druid.discovery.BaseNodeRoleWatcher - Node[http://172.22.0.6:8081] of role[coordinator] detected.
2022-03-10T03:34:26,458 INFO [NodeRoleWatcher[OVERLORD]] org.apache.druid.discovery.BaseNodeRoleWatcher - Node watcher of role[overlord] is now initialized.
2022-03-10T03:34:26,458 INFO [NodeRoleWatcher[COORDINATOR]] org.apache.druid.discovery.BaseNodeRoleWatcher - Node watcher of role[coordinator] is now initialized.
2022-03-10T03:34:26,558 INFO [main] org.apache.druid.segment.loading.SegmentLocalCacheManager - Using storage location strategy: [LeastBytesUsedStorageLocationSelectorStrategy]
2022-03-10T03:34:26,560 INFO [task-runner-0-priority-0] org.apache.druid.indexing.overlord.SingleTaskBackgroundRunner - Running task: api-issued_kill_demo_lcapdnlf_1000-01-01T00:00:00.000Z_3000-01-01T00:00:00.000Z_2022-03-10T03:34:21.964Z
2022-03-10T03:34:26,565 INFO [main] org.apache.druid.java.util.common.lifecycle.Lifecycle - Starting lifecycle [module] stage [SERVER]
2022-03-10T03:34:26,571 INFO [main] org.eclipse.jetty.server.Server - jetty-9.4.40.v20210413; built: 2021-04-13T20:42:42.668Z; git: b881a572662e1943a14ae12e7e1207989f218b74; jvm 1.8.0_275-8u275-b01-1~deb9u1-b01
2022-03-10T03:34:26,624 INFO [main] org.eclipse.jetty.server.session - DefaultSessionIdManager workerName=node0
2022-03-10T03:34:26,624 INFO [main] org.eclipse.jetty.server.session - No SessionScavenger set, using defaults
2022-03-10T03:34:26,627 INFO [main] org.eclipse.jetty.server.session - node0 Scavenging every 660000ms
2022-03-10T03:34:26,633 INFO [task-runner-0-priority-0] org.apache.druid.indexing.worker.executor.ExecutorLifecycle - Task completed with status: {
  "id" : "api-issued_kill_demo_lcapdnlf_1000-01-01T00:00:00.000Z_3000-01-01T00:00:00.000Z_2022-03-10T03:34:21.964Z",
  "status" : "SUCCESS",
  "duration" : 68,
  "errorMsg" : null,
  "location" : {
    "host" : null,
    "port" : -1,
    "tlsPort" : -1
  }
}
2022-03-10T03:34:26,706 INFO [main] com.sun.jersey.guice.spi.container.GuiceComponentProviderFactory - Registering com.fasterxml.jackson.jaxrs.json.JacksonJsonProvider as a provider class
2022-03-10T03:34:26,707 INFO [main] com.sun.jersey.guice.spi.container.GuiceComponentProviderFactory - Registering com.fasterxml.jackson.jaxrs.smile.JacksonSmileProvider as a provider class
2022-03-10T03:34:26,707 INFO [main] com.sun.jersey.guice.spi.container.GuiceComponentProviderFactory - Registering org.apache.druid.server.initialization.jetty.CustomExceptionMapper as a provider class
2022-03-10T03:34:26,707 INFO [main] com.sun.jersey.guice.spi.container.GuiceComponentProviderFactory - Registering org.apache.druid.server.initialization.jetty.ForbiddenExceptionMapper as a provider class
2022-03-10T03:34:26,708 INFO [main] com.sun.jersey.guice.spi.container.GuiceComponentProviderFactory - Registering org.apache.druid.server.initialization.jetty.BadRequestExceptionMapper as a provider class
2022-03-10T03:34:26,708 INFO [main] com.sun.jersey.guice.spi.container.GuiceComponentProviderFactory - Registering org.apache.druid.server.initialization.jetty.ServiceUnavailableExceptionMapper as a provider class
2022-03-10T03:34:26,708 INFO [main] com.sun.jersey.guice.spi.container.GuiceComponentProviderFactory - Registering org.apache.druid.server.StatusResource as a root resource class
2022-03-10T03:34:26,712 INFO [main] com.sun.jersey.server.impl.application.WebApplicationImpl - Initiating Jersey application, version 'Jersey: 1.19.3 10/24/2016 03:43 PM'
2022-03-10T03:34:26,780 INFO [main] com.sun.jersey.guice.spi.container.GuiceComponentProviderFactory - Binding org.apache.druid.server.initialization.jetty.CustomExceptionMapper to GuiceManagedComponentProvider with the scope "Singleton"
2022-03-10T03:34:26,781 INFO [main] com.sun.jersey.guice.spi.container.GuiceComponentProviderFactory - Binding org.apache.druid.server.initialization.jetty.ForbiddenExceptionMapper to GuiceManagedComponentProvider with the scope "Singleton"
2022-03-10T03:34:26,781 INFO [main] com.sun.jersey.guice.spi.container.GuiceComponentProviderFactory - Binding org.apache.druid.server.initialization.jetty.BadRequestExceptionMapper to GuiceManagedComponentProvider with the scope "Singleton"
2022-03-10T03:34:26,782 INFO [main] com.sun.jersey.guice.spi.container.GuiceComponentProviderFactory - Binding org.apache.druid.server.initialization.jetty.ServiceUnavailableExceptionMapper to GuiceManagedComponentProvider with the scope "Singleton"
2022-03-10T03:34:26,782 INFO [main] com.sun.jersey.guice.spi.container.GuiceComponentProviderFactory - Binding com.fasterxml.jackson.jaxrs.json.JacksonJsonProvider to GuiceManagedComponentProvider with the scope "Singleton"
2022-03-10T03:34:26,787 INFO [main] com.sun.jersey.guice.spi.container.GuiceComponentProviderFactory - Binding com.fasterxml.jackson.jaxrs.smile.JacksonSmileProvider to GuiceManagedComponentProvider with the scope "Singleton"
2022-03-10T03:34:27,048 INFO [main] com.sun.jersey.guice.spi.container.GuiceComponentProviderFactory - Binding org.apache.druid.server.http.security.StateResourceFilter to GuiceInstantiatedComponentProvider
2022-03-10T03:34:27,074 INFO [main] com.sun.jersey.guice.spi.container.GuiceComponentProviderFactory - Binding org.apache.druid.server.http.SegmentListerResource to GuiceInstantiatedComponentProvider
2022-03-10T03:34:27,084 INFO [main] com.sun.jersey.guice.spi.container.GuiceComponentProviderFactory - Binding org.apache.druid.server.QueryResource to GuiceInstantiatedComponentProvider
2022-03-10T03:34:27,086 INFO [main] com.sun.jersey.guice.spi.container.GuiceComponentProviderFactory - Binding org.apache.druid.segment.realtime.firehose.ChatHandlerResource to GuiceInstantiatedComponentProvider
2022-03-10T03:34:27,089 INFO [main] com.sun.jersey.guice.spi.container.GuiceComponentProviderFactory - Binding org.apache.druid.server.http.security.ConfigResourceFilter to GuiceInstantiatedComponentProvider
2022-03-10T03:34:27,092 INFO [main] com.sun.jersey.guice.spi.container.GuiceComponentProviderFactory - Binding org.apache.druid.query.lookup.LookupListeningResource to GuiceInstantiatedComponentProvider
2022-03-10T03:34:27,094 INFO [main] com.sun.jersey.guice.spi.container.GuiceComponentProviderFactory - Binding org.apache.druid.query.lookup.LookupIntrospectionResource to GuiceInstantiatedComponentProvider
2022-03-10T03:34:27,096 INFO [main] com.sun.jersey.guice.spi.container.GuiceComponentProviderFactory - Binding org.apache.druid.server.StatusResource to GuiceManagedComponentProvider with the scope "Undefined"
2022-03-10T03:34:27,125 INFO [main] org.eclipse.jetty.server.handler.ContextHandler - Started o.e.j.s.ServletContextHandler@32dcfeea{/,null,AVAILABLE}
2022-03-10T03:34:27,139 INFO [main] org.eclipse.jetty.server.AbstractConnector - Started ServerConnector@77ce88c4{HTTP/1.1, (http/1.1)}{0.0.0.0:8100}
2022-03-10T03:34:27,139 INFO [main] org.eclipse.jetty.server.Server - Started @5103ms
2022-03-10T03:34:27,140 INFO [main] org.apache.druid.java.util.common.lifecycle.Lifecycle - Starting lifecycle [module] stage [ANNOUNCEMENTS]
2022-03-10T03:34:27,140 INFO [main] org.apache.druid.java.util.common.lifecycle.Lifecycle - Successfully started lifecycle [module]
2022-03-10T03:34:27,145 INFO [main] org.apache.druid.java.util.common.lifecycle.Lifecycle - Stopping lifecycle [module] stage [ANNOUNCEMENTS]
2022-03-10T03:34:27,148 INFO [main] org.apache.druid.java.util.common.lifecycle.Lifecycle - Stopping lifecycle [module] stage [SERVER]
2022-03-10T03:34:27,155 INFO [main] org.eclipse.jetty.server.AbstractConnector - Stopped ServerConnector@77ce88c4{HTTP/1.1, (http/1.1)}{0.0.0.0:8100}
2022-03-10T03:34:27,155 INFO [main] org.eclipse.jetty.server.session - node0 Stopped scavenging
2022-03-10T03:34:27,157 INFO [main] org.eclipse.jetty.server.handler.ContextHandler - Stopped o.e.j.s.ServletContextHandler@32dcfeea{/,null,STOPPED}
2022-03-10T03:34:27,174 INFO [main] org.apache.druid.java.util.common.lifecycle.Lifecycle - Stopping lifecycle [module] stage [NORMAL]
2022-03-10T03:34:27,176 INFO [main] org.apache.druid.indexing.overlord.SingleTaskBackgroundRunner - Starting graceful shutdown of task[api-issued_kill_demo_lcapdnlf_1000-01-01T00:00:00.000Z_3000-01-01T00:00:00.000Z_2022-03-10T03:34:21.964Z].
2022-03-10T03:34:27,199 INFO [LookupExtractorFactoryContainerProvider-MainThread] org.apache.druid.query.lookup.LookupReferencesManager - Lookup Management loop exited. Lookup notices are not handled anymore.
2022-03-10T03:34:27,207 INFO [Curator-Framework-0] org.apache.curator.framework.imps.CuratorFrameworkImpl - backgroundOperationsLoop exiting
2022-03-10T03:34:27,314 INFO [main] org.apache.zookeeper.ZooKeeper - Session: 0x10000248b160009 closed
2022-03-10T03:34:27,314 INFO [main-EventThread] org.apache.zookeeper.ClientCnxn - EventThread shut down for session: 0x10000248b160009
2022-03-10T03:34:27,354 INFO [main] org.apache.druid.java.util.common.lifecycle.Lifecycle - Stopping lifecycle [module] stage [INIT]
Finished peon task
