[2022-03-10 18:35:01,817] {taskinstance.py:1037} INFO - Dependencies all met for <TaskInstance: Demo.producer scheduled__2022-03-10T18:34:00+00:00 [queued]>
[2022-03-10 18:35:01,829] {taskinstance.py:1037} INFO - Dependencies all met for <TaskInstance: Demo.producer scheduled__2022-03-10T18:34:00+00:00 [queued]>
[2022-03-10 18:35:01,830] {taskinstance.py:1243} INFO - 
--------------------------------------------------------------------------------
[2022-03-10 18:35:01,831] {taskinstance.py:1244} INFO - Starting attempt 1 of 1
[2022-03-10 18:35:01,831] {taskinstance.py:1245} INFO - 
--------------------------------------------------------------------------------
[2022-03-10 18:35:01,845] {taskinstance.py:1264} INFO - Executing <Task(PythonOperator): producer> on 2022-03-10 18:34:00+00:00
[2022-03-10 18:35:01,848] {standard_task_runner.py:52} INFO - Started process 259 to run task
[2022-03-10 18:35:01,852] {standard_task_runner.py:76} INFO - Running: ['airflow', 'tasks', 'run', 'Demo', 'producer', 'scheduled__2022-03-10T18:34:00+00:00', '--job-id', '20', '--raw', '--subdir', 'DAGS_FOLDER/demo.py', '--cfg-path', '/tmp/tmpbww85yb4', '--error-file', '/tmp/tmplp24ej53']
[2022-03-10 18:35:01,853] {standard_task_runner.py:77} INFO - Job 20: Subtask producer
[2022-03-10 18:35:01,970] {logging_mixin.py:109} INFO - Running <TaskInstance: Demo.producer scheduled__2022-03-10T18:34:00+00:00 [running]> on host c17209ace312
[2022-03-10 18:35:02,077] {taskinstance.py:1431} INFO - Exporting the following env vars:
AIRFLOW_CTX_DAG_OWNER=airflow
AIRFLOW_CTX_DAG_ID=Demo
AIRFLOW_CTX_TASK_ID=producer
AIRFLOW_CTX_EXECUTION_DATE=2022-03-10T18:34:00+00:00
AIRFLOW_CTX_DAG_RUN_ID=scheduled__2022-03-10T18:34:00+00:00
[2022-03-10 18:35:02,079] {logging_mixin.py:109} INFO - Producing message @ 2022-03-10 18:35:02.079239 | Message = {'data_id': 268, 'name': 'BTC', 'timestamp': 1646937302}
[2022-03-10 18:35:02,081] {logging_mixin.py:109} INFO - Producing message @ 2022-03-10 18:35:02.081076 | Message = {'data_id': 185, 'name': 'ETH', 'timestamp': 1646937302}
[2022-03-10 18:35:02,081] {logging_mixin.py:109} INFO - Producing message @ 2022-03-10 18:35:02.081916 | Message = {'data_id': 11, 'name': 'BTT', 'timestamp': 1646937302}
[2022-03-10 18:35:02,082] {logging_mixin.py:109} INFO - Producing message @ 2022-03-10 18:35:02.082708 | Message = {'data_id': 157, 'name': 'DOT', 'timestamp': 1646937302}
[2022-03-10 18:35:02,083] {python.py:175} INFO - Done. Returned value was: None
[2022-03-10 18:35:02,122] {taskinstance.py:1282} INFO - Marking task as SUCCESS. dag_id=Demo, task_id=producer, execution_date=20220310T183400, start_date=20220310T183501, end_date=20220310T183502
[2022-03-10 18:35:02,185] {local_task_job.py:154} INFO - Task exited with return code 0
[2022-03-10 18:35:02,284] {local_task_job.py:264} INFO - 0 downstream tasks scheduled from follow-on schedule check
