[2022-03-10 18:33:02,437] {taskinstance.py:1037} INFO - Dependencies all met for <TaskInstance: Demo.producer scheduled__2022-03-10T18:32:00+00:00 [queued]>
[2022-03-10 18:33:02,449] {taskinstance.py:1037} INFO - Dependencies all met for <TaskInstance: Demo.producer scheduled__2022-03-10T18:32:00+00:00 [queued]>
[2022-03-10 18:33:02,449] {taskinstance.py:1243} INFO - 
--------------------------------------------------------------------------------
[2022-03-10 18:33:02,450] {taskinstance.py:1244} INFO - Starting attempt 1 of 1
[2022-03-10 18:33:02,450] {taskinstance.py:1245} INFO - 
--------------------------------------------------------------------------------
[2022-03-10 18:33:02,464] {taskinstance.py:1264} INFO - Executing <Task(PythonOperator): producer> on 2022-03-10 18:32:00+00:00
[2022-03-10 18:33:02,468] {standard_task_runner.py:52} INFO - Started process 241 to run task
[2022-03-10 18:33:02,472] {standard_task_runner.py:76} INFO - Running: ['airflow', 'tasks', 'run', 'Demo', 'producer', 'scheduled__2022-03-10T18:32:00+00:00', '--job-id', '18', '--raw', '--subdir', 'DAGS_FOLDER/demo.py', '--cfg-path', '/tmp/tmp72iltqvm', '--error-file', '/tmp/tmpkr7nozud']
[2022-03-10 18:33:02,473] {standard_task_runner.py:77} INFO - Job 18: Subtask producer
[2022-03-10 18:33:02,606] {logging_mixin.py:109} INFO - Running <TaskInstance: Demo.producer scheduled__2022-03-10T18:32:00+00:00 [running]> on host c17209ace312
[2022-03-10 18:33:02,719] {taskinstance.py:1431} INFO - Exporting the following env vars:
AIRFLOW_CTX_DAG_OWNER=airflow
AIRFLOW_CTX_DAG_ID=Demo
AIRFLOW_CTX_TASK_ID=producer
AIRFLOW_CTX_EXECUTION_DATE=2022-03-10T18:32:00+00:00
AIRFLOW_CTX_DAG_RUN_ID=scheduled__2022-03-10T18:32:00+00:00
[2022-03-10 18:33:02,721] {logging_mixin.py:109} INFO - Producing message @ 2022-03-10 18:33:02.721136 | Message = {'data_id': 344, 'name': 'BTC', 'timestamp': 1646937182}
[2022-03-10 18:33:02,722] {logging_mixin.py:109} INFO - Producing message @ 2022-03-10 18:33:02.722648 | Message = {'data_id': 72, 'name': 'ETH', 'timestamp': 1646937182}
[2022-03-10 18:33:02,723] {logging_mixin.py:109} INFO - Producing message @ 2022-03-10 18:33:02.723294 | Message = {'data_id': 19, 'name': 'BTT', 'timestamp': 1646937182}
[2022-03-10 18:33:02,724] {logging_mixin.py:109} INFO - Producing message @ 2022-03-10 18:33:02.724074 | Message = {'data_id': 45, 'name': 'DOT', 'timestamp': 1646937182}
[2022-03-10 18:33:02,724] {python.py:175} INFO - Done. Returned value was: None
[2022-03-10 18:33:02,759] {taskinstance.py:1282} INFO - Marking task as SUCCESS. dag_id=Demo, task_id=producer, execution_date=20220310T183200, start_date=20220310T183302, end_date=20220310T183302
[2022-03-10 18:33:02,805] {local_task_job.py:154} INFO - Task exited with return code 0
[2022-03-10 18:33:02,882] {local_task_job.py:264} INFO - 0 downstream tasks scheduled from follow-on schedule check
