[2022-03-10 18:58:02,446] {taskinstance.py:1037} INFO - Dependencies all met for <TaskInstance: Demo.producer scheduled__2022-03-10T18:57:00+00:00 [queued]>
[2022-03-10 18:58:02,460] {taskinstance.py:1037} INFO - Dependencies all met for <TaskInstance: Demo.producer scheduled__2022-03-10T18:57:00+00:00 [queued]>
[2022-03-10 18:58:02,461] {taskinstance.py:1243} INFO - 
--------------------------------------------------------------------------------
[2022-03-10 18:58:02,462] {taskinstance.py:1244} INFO - Starting attempt 1 of 1
[2022-03-10 18:58:02,463] {taskinstance.py:1245} INFO - 
--------------------------------------------------------------------------------
[2022-03-10 18:58:02,478] {taskinstance.py:1264} INFO - Executing <Task(PythonOperator): producer> on 2022-03-10 18:57:00+00:00
[2022-03-10 18:58:02,482] {standard_task_runner.py:52} INFO - Started process 464 to run task
[2022-03-10 18:58:02,486] {standard_task_runner.py:76} INFO - Running: ['airflow', 'tasks', 'run', 'Demo', 'producer', 'scheduled__2022-03-10T18:57:00+00:00', '--job-id', '43', '--raw', '--subdir', 'DAGS_FOLDER/demo.py', '--cfg-path', '/tmp/tmpteca08hi', '--error-file', '/tmp/tmphmncs7ma']
[2022-03-10 18:58:02,487] {standard_task_runner.py:77} INFO - Job 43: Subtask producer
[2022-03-10 18:58:02,630] {logging_mixin.py:109} INFO - Running <TaskInstance: Demo.producer scheduled__2022-03-10T18:57:00+00:00 [running]> on host c17209ace312
[2022-03-10 18:58:02,775] {taskinstance.py:1431} INFO - Exporting the following env vars:
AIRFLOW_CTX_DAG_OWNER=airflow
AIRFLOW_CTX_DAG_ID=Demo
AIRFLOW_CTX_TASK_ID=producer
AIRFLOW_CTX_EXECUTION_DATE=2022-03-10T18:57:00+00:00
AIRFLOW_CTX_DAG_RUN_ID=scheduled__2022-03-10T18:57:00+00:00
[2022-03-10 18:58:02,776] {logging_mixin.py:109} INFO - Producing message @ 2022-03-10 18:58:02.776591 | Message = {'data_id': 216, 'name': 'BTC', 'timestamp': 1646938682}
[2022-03-10 18:58:02,778] {logging_mixin.py:109} INFO - Producing message @ 2022-03-10 18:58:02.778325 | Message = {'data_id': 211, 'name': 'ETH', 'timestamp': 1646938682}
[2022-03-10 18:58:02,779] {logging_mixin.py:109} INFO - Producing message @ 2022-03-10 18:58:02.779348 | Message = {'data_id': 19, 'name': 'BTT', 'timestamp': 1646938682}
[2022-03-10 18:58:02,780] {logging_mixin.py:109} INFO - Producing message @ 2022-03-10 18:58:02.780258 | Message = {'data_id': 124, 'name': 'DOT', 'timestamp': 1646938682}
[2022-03-10 18:58:02,781] {python.py:175} INFO - Done. Returned value was: None
[2022-03-10 18:58:02,820] {taskinstance.py:1282} INFO - Marking task as SUCCESS. dag_id=Demo, task_id=producer, execution_date=20220310T185700, start_date=20220310T185802, end_date=20220310T185802
[2022-03-10 18:58:02,861] {local_task_job.py:154} INFO - Task exited with return code 0
[2022-03-10 18:58:02,961] {local_task_job.py:264} INFO - 0 downstream tasks scheduled from follow-on schedule check
