[2022-03-10 18:23:02,289] {taskinstance.py:1037} INFO - Dependencies all met for <TaskInstance: Demo.producer scheduled__2022-03-10T18:22:00+00:00 [queued]>
[2022-03-10 18:23:02,306] {taskinstance.py:1037} INFO - Dependencies all met for <TaskInstance: Demo.producer scheduled__2022-03-10T18:22:00+00:00 [queued]>
[2022-03-10 18:23:02,307] {taskinstance.py:1243} INFO - 
--------------------------------------------------------------------------------
[2022-03-10 18:23:02,308] {taskinstance.py:1244} INFO - Starting attempt 1 of 1
[2022-03-10 18:23:02,308] {taskinstance.py:1245} INFO - 
--------------------------------------------------------------------------------
[2022-03-10 18:23:02,333] {taskinstance.py:1264} INFO - Executing <Task(PythonOperator): producer> on 2022-03-10 18:22:00+00:00
[2022-03-10 18:23:02,336] {standard_task_runner.py:52} INFO - Started process 151 to run task
[2022-03-10 18:23:02,342] {standard_task_runner.py:76} INFO - Running: ['airflow', 'tasks', 'run', 'Demo', 'producer', 'scheduled__2022-03-10T18:22:00+00:00', '--job-id', '8', '--raw', '--subdir', 'DAGS_FOLDER/demo.py', '--cfg-path', '/tmp/tmptyn5hq9h', '--error-file', '/tmp/tmpjhahxbdn']
[2022-03-10 18:23:02,344] {standard_task_runner.py:77} INFO - Job 8: Subtask producer
[2022-03-10 18:23:02,512] {logging_mixin.py:109} INFO - Running <TaskInstance: Demo.producer scheduled__2022-03-10T18:22:00+00:00 [running]> on host c17209ace312
[2022-03-10 18:23:02,656] {taskinstance.py:1431} INFO - Exporting the following env vars:
AIRFLOW_CTX_DAG_OWNER=airflow
AIRFLOW_CTX_DAG_ID=Demo
AIRFLOW_CTX_TASK_ID=producer
AIRFLOW_CTX_EXECUTION_DATE=2022-03-10T18:22:00+00:00
AIRFLOW_CTX_DAG_RUN_ID=scheduled__2022-03-10T18:22:00+00:00
[2022-03-10 18:23:02,657] {logging_mixin.py:109} INFO - Producing message @ 2022-03-10 18:23:02.657470 | Message = {'data_id': 173, 'name': 'BTC', 'timestamp': 1646936582}
[2022-03-10 18:23:02,659] {logging_mixin.py:109} INFO - Producing message @ 2022-03-10 18:23:02.659302 | Message = {'data_id': 181, 'name': 'ETH', 'timestamp': 1646936582}
[2022-03-10 18:23:02,660] {logging_mixin.py:109} INFO - Producing message @ 2022-03-10 18:23:02.660061 | Message = {'data_id': 19, 'name': 'BTT', 'timestamp': 1646936582}
[2022-03-10 18:23:02,660] {logging_mixin.py:109} INFO - Producing message @ 2022-03-10 18:23:02.660854 | Message = {'data_id': 118, 'name': 'DOT', 'timestamp': 1646936582}
[2022-03-10 18:23:02,661] {python.py:175} INFO - Done. Returned value was: None
[2022-03-10 18:23:02,701] {taskinstance.py:1282} INFO - Marking task as SUCCESS. dag_id=Demo, task_id=producer, execution_date=20220310T182200, start_date=20220310T182302, end_date=20220310T182302
[2022-03-10 18:23:02,756] {local_task_job.py:154} INFO - Task exited with return code 0
[2022-03-10 18:23:02,831] {local_task_job.py:264} INFO - 0 downstream tasks scheduled from follow-on schedule check
