[2022-03-10 18:28:02,481] {taskinstance.py:1037} INFO - Dependencies all met for <TaskInstance: Demo.producer scheduled__2022-03-10T18:27:00+00:00 [queued]>
[2022-03-10 18:28:02,493] {taskinstance.py:1037} INFO - Dependencies all met for <TaskInstance: Demo.producer scheduled__2022-03-10T18:27:00+00:00 [queued]>
[2022-03-10 18:28:02,494] {taskinstance.py:1243} INFO - 
--------------------------------------------------------------------------------
[2022-03-10 18:28:02,494] {taskinstance.py:1244} INFO - Starting attempt 1 of 1
[2022-03-10 18:28:02,495] {taskinstance.py:1245} INFO - 
--------------------------------------------------------------------------------
[2022-03-10 18:28:02,508] {taskinstance.py:1264} INFO - Executing <Task(PythonOperator): producer> on 2022-03-10 18:27:00+00:00
[2022-03-10 18:28:02,513] {standard_task_runner.py:52} INFO - Started process 196 to run task
[2022-03-10 18:28:02,517] {standard_task_runner.py:76} INFO - Running: ['airflow', 'tasks', 'run', 'Demo', 'producer', 'scheduled__2022-03-10T18:27:00+00:00', '--job-id', '13', '--raw', '--subdir', 'DAGS_FOLDER/demo.py', '--cfg-path', '/tmp/tmpuay670xi', '--error-file', '/tmp/tmp7fqfbg88']
[2022-03-10 18:28:02,518] {standard_task_runner.py:77} INFO - Job 13: Subtask producer
[2022-03-10 18:28:02,630] {logging_mixin.py:109} INFO - Running <TaskInstance: Demo.producer scheduled__2022-03-10T18:27:00+00:00 [running]> on host c17209ace312
[2022-03-10 18:28:02,727] {taskinstance.py:1431} INFO - Exporting the following env vars:
AIRFLOW_CTX_DAG_OWNER=airflow
AIRFLOW_CTX_DAG_ID=Demo
AIRFLOW_CTX_TASK_ID=producer
AIRFLOW_CTX_EXECUTION_DATE=2022-03-10T18:27:00+00:00
AIRFLOW_CTX_DAG_RUN_ID=scheduled__2022-03-10T18:27:00+00:00
[2022-03-10 18:28:02,728] {logging_mixin.py:109} INFO - Producing message @ 2022-03-10 18:28:02.728895 | Message = {'data_id': 138, 'name': 'BTC', 'timestamp': 1646936882}
[2022-03-10 18:28:02,730] {logging_mixin.py:109} INFO - Producing message @ 2022-03-10 18:28:02.730129 | Message = {'data_id': 164, 'name': 'ETH', 'timestamp': 1646936882}
[2022-03-10 18:28:02,730] {logging_mixin.py:109} INFO - Producing message @ 2022-03-10 18:28:02.730850 | Message = {'data_id': 27, 'name': 'BTT', 'timestamp': 1646936882}
[2022-03-10 18:28:02,731] {logging_mixin.py:109} INFO - Producing message @ 2022-03-10 18:28:02.731548 | Message = {'data_id': 165, 'name': 'DOT', 'timestamp': 1646936882}
[2022-03-10 18:28:02,732] {python.py:175} INFO - Done. Returned value was: None
[2022-03-10 18:28:02,762] {taskinstance.py:1282} INFO - Marking task as SUCCESS. dag_id=Demo, task_id=producer, execution_date=20220310T182700, start_date=20220310T182802, end_date=20220310T182802
[2022-03-10 18:28:02,810] {local_task_job.py:154} INFO - Task exited with return code 0
[2022-03-10 18:28:02,877] {local_task_job.py:264} INFO - 0 downstream tasks scheduled from follow-on schedule check
