[2022-10-21 11:16:02,938] {taskinstance.py:1037} INFO - Dependencies all met for <TaskInstance: Demo.producer scheduled__2022-10-21T11:15:00+00:00 [queued]>
[2022-10-21 11:16:02,945] {taskinstance.py:1037} INFO - Dependencies all met for <TaskInstance: Demo.producer scheduled__2022-10-21T11:15:00+00:00 [queued]>
[2022-10-21 11:16:02,945] {taskinstance.py:1243} INFO - 
--------------------------------------------------------------------------------
[2022-10-21 11:16:02,946] {taskinstance.py:1244} INFO - Starting attempt 1 of 1
[2022-10-21 11:16:02,946] {taskinstance.py:1245} INFO - 
--------------------------------------------------------------------------------
[2022-10-21 11:16:02,953] {taskinstance.py:1264} INFO - Executing <Task(PythonOperator): producer> on 2022-10-21 11:15:00+00:00
[2022-10-21 11:16:02,956] {standard_task_runner.py:52} INFO - Started process 147 to run task
[2022-10-21 11:16:02,958] {standard_task_runner.py:76} INFO - Running: ['airflow', 'tasks', 'run', 'Demo', 'producer', 'scheduled__2022-10-21T11:15:00+00:00', '--job-id', '43', '--raw', '--subdir', 'DAGS_FOLDER/demo.py', '--cfg-path', '/tmp/tmpm_sd68bw', '--error-file', '/tmp/tmpisu91my8']
[2022-10-21 11:16:02,959] {standard_task_runner.py:77} INFO - Job 43: Subtask producer
[2022-10-21 11:16:02,993] {logging_mixin.py:109} INFO - Running <TaskInstance: Demo.producer scheduled__2022-10-21T11:15:00+00:00 [running]> on host 4c1937bb97ee
[2022-10-21 11:16:03,024] {taskinstance.py:1429} INFO - Exporting the following env vars:
AIRFLOW_CTX_DAG_OWNER=airflow
AIRFLOW_CTX_DAG_ID=Demo
AIRFLOW_CTX_TASK_ID=producer
AIRFLOW_CTX_EXECUTION_DATE=2022-10-21T11:15:00+00:00
AIRFLOW_CTX_DAG_RUN_ID=scheduled__2022-10-21T11:15:00+00:00
[2022-10-21 11:16:03,025] {logging_mixin.py:109} INFO - Producing message @ 2022-10-21 11:16:03.025073 | Message = {'data_id': 354, 'name': 'BTC', 'timestamp': 1666350963}
[2022-10-21 11:16:03,028] {logging_mixin.py:109} INFO - Producing message @ 2022-10-21 11:16:03.028043 | Message = {'data_id': 112, 'name': 'ETH', 'timestamp': 1666350963}
[2022-10-21 11:16:03,028] {logging_mixin.py:109} INFO - Producing message @ 2022-10-21 11:16:03.028809 | Message = {'data_id': 24, 'name': 'BTT', 'timestamp': 1666350963}
[2022-10-21 11:16:03,029] {logging_mixin.py:109} INFO - Producing message @ 2022-10-21 11:16:03.029245 | Message = {'data_id': 166, 'name': 'DOT', 'timestamp': 1666350963}
[2022-10-21 11:16:03,029] {python.py:175} INFO - Done. Returned value was: None
[2022-10-21 11:16:03,034] {taskinstance.py:1272} INFO - Marking task as SUCCESS. dag_id=Demo, task_id=producer, execution_date=20221021T111500, start_date=20221021T111602, end_date=20221021T111603
[2022-10-21 11:16:03,051] {local_task_job.py:154} INFO - Task exited with return code 0
[2022-10-21 11:16:03,064] {local_task_job.py:264} INFO - 0 downstream tasks scheduled from follow-on schedule check
