[2022-10-22 03:34:03,945] {taskinstance.py:1037} INFO - Dependencies all met for <TaskInstance: Demo.producer scheduled__2022-10-22T03:33:00+00:00 [queued]>
[2022-10-22 03:34:03,957] {taskinstance.py:1037} INFO - Dependencies all met for <TaskInstance: Demo.producer scheduled__2022-10-22T03:33:00+00:00 [queued]>
[2022-10-22 03:34:03,958] {taskinstance.py:1243} INFO - 
--------------------------------------------------------------------------------
[2022-10-22 03:34:03,959] {taskinstance.py:1244} INFO - Starting attempt 1 of 1
[2022-10-22 03:34:03,959] {taskinstance.py:1245} INFO - 
--------------------------------------------------------------------------------
[2022-10-22 03:34:03,974] {taskinstance.py:1264} INFO - Executing <Task(PythonOperator): producer> on 2022-10-22 03:33:00+00:00
[2022-10-22 03:34:03,977] {standard_task_runner.py:52} INFO - Started process 165 to run task
[2022-10-22 03:34:03,982] {standard_task_runner.py:76} INFO - Running: ['airflow', 'tasks', 'run', 'Demo', 'producer', 'scheduled__2022-10-22T03:33:00+00:00', '--job-id', '18', '--raw', '--subdir', 'DAGS_FOLDER/demo.py', '--cfg-path', '/tmp/tmp_g4wk3bu', '--error-file', '/tmp/tmpigpzcr8f']
[2022-10-22 03:34:03,983] {standard_task_runner.py:77} INFO - Job 18: Subtask producer
[2022-10-22 03:34:04,044] {logging_mixin.py:109} INFO - Running <TaskInstance: Demo.producer scheduled__2022-10-22T03:33:00+00:00 [running]> on host 98616e61dc0f
[2022-10-22 03:34:04,103] {taskinstance.py:1431} INFO - Exporting the following env vars:
AIRFLOW_CTX_DAG_OWNER=airflow
AIRFLOW_CTX_DAG_ID=Demo
AIRFLOW_CTX_TASK_ID=producer
AIRFLOW_CTX_EXECUTION_DATE=2022-10-22T03:33:00+00:00
AIRFLOW_CTX_DAG_RUN_ID=scheduled__2022-10-22T03:33:00+00:00
[2022-10-22 03:34:04,105] {logging_mixin.py:109} INFO - Producing message @ 2022-10-22 03:34:04.105477 | Message = {'data_id': 247, 'name': 'BTC', 'timestamp': 1666409644}
[2022-10-22 03:34:04,110] {logging_mixin.py:109} INFO - Producing message @ 2022-10-22 03:34:04.110279 | Message = {'data_id': 178, 'name': 'ETH', 'timestamp': 1666409644}
[2022-10-22 03:34:04,111] {logging_mixin.py:109} INFO - Producing message @ 2022-10-22 03:34:04.111237 | Message = {'data_id': 12, 'name': 'BTT', 'timestamp': 1666409644}
[2022-10-22 03:34:04,112] {logging_mixin.py:109} INFO - Producing message @ 2022-10-22 03:34:04.112132 | Message = {'data_id': 148, 'name': 'DOT', 'timestamp': 1666409644}
[2022-10-22 03:34:04,113] {python.py:175} INFO - Done. Returned value was: None
[2022-10-22 03:34:04,123] {taskinstance.py:1282} INFO - Marking task as SUCCESS. dag_id=Demo, task_id=producer, execution_date=20221022T033300, start_date=20221022T033403, end_date=20221022T033404
[2022-10-22 03:34:04,196] {local_task_job.py:154} INFO - Task exited with return code 0
[2022-10-22 03:34:04,227] {local_task_job.py:264} INFO - 0 downstream tasks scheduled from follow-on schedule check
