[2022-10-21 11:17:02,609] {taskinstance.py:1037} INFO - Dependencies all met for <TaskInstance: Demo.producer scheduled__2022-10-21T11:16:00+00:00 [queued]>
[2022-10-21 11:17:02,619] {taskinstance.py:1037} INFO - Dependencies all met for <TaskInstance: Demo.producer scheduled__2022-10-21T11:16:00+00:00 [queued]>
[2022-10-21 11:17:02,620] {taskinstance.py:1243} INFO - 
--------------------------------------------------------------------------------
[2022-10-21 11:17:02,620] {taskinstance.py:1244} INFO - Starting attempt 1 of 1
[2022-10-21 11:17:02,621] {taskinstance.py:1245} INFO - 
--------------------------------------------------------------------------------
[2022-10-21 11:17:02,632] {taskinstance.py:1264} INFO - Executing <Task(PythonOperator): producer> on 2022-10-21 11:16:00+00:00
[2022-10-21 11:17:02,635] {standard_task_runner.py:52} INFO - Started process 154 to run task
[2022-10-21 11:17:02,639] {standard_task_runner.py:76} INFO - Running: ['airflow', 'tasks', 'run', 'Demo', 'producer', 'scheduled__2022-10-21T11:16:00+00:00', '--job-id', '44', '--raw', '--subdir', 'DAGS_FOLDER/demo.py', '--cfg-path', '/tmp/tmpm7l6nn6m', '--error-file', '/tmp/tmpoxew837q']
[2022-10-21 11:17:02,641] {standard_task_runner.py:77} INFO - Job 44: Subtask producer
[2022-10-21 11:17:02,690] {logging_mixin.py:109} INFO - Running <TaskInstance: Demo.producer scheduled__2022-10-21T11:16:00+00:00 [running]> on host 4c1937bb97ee
[2022-10-21 11:17:02,739] {taskinstance.py:1429} INFO - Exporting the following env vars:
AIRFLOW_CTX_DAG_OWNER=airflow
AIRFLOW_CTX_DAG_ID=Demo
AIRFLOW_CTX_TASK_ID=producer
AIRFLOW_CTX_EXECUTION_DATE=2022-10-21T11:16:00+00:00
AIRFLOW_CTX_DAG_RUN_ID=scheduled__2022-10-21T11:16:00+00:00
[2022-10-21 11:17:02,740] {logging_mixin.py:109} INFO - Producing message @ 2022-10-21 11:17:02.740094 | Message = {'data_id': 254, 'name': 'BTC', 'timestamp': 1666351022}
[2022-10-21 11:17:02,741] {logging_mixin.py:109} INFO - Producing message @ 2022-10-21 11:17:02.741313 | Message = {'data_id': 31, 'name': 'ETH', 'timestamp': 1666351022}
[2022-10-21 11:17:02,741] {logging_mixin.py:109} INFO - Producing message @ 2022-10-21 11:17:02.741827 | Message = {'data_id': 26, 'name': 'BTT', 'timestamp': 1666351022}
[2022-10-21 11:17:02,742] {logging_mixin.py:109} INFO - Producing message @ 2022-10-21 11:17:02.742331 | Message = {'data_id': 162, 'name': 'DOT', 'timestamp': 1666351022}
[2022-10-21 11:17:02,742] {python.py:175} INFO - Done. Returned value was: None
[2022-10-21 11:17:02,748] {taskinstance.py:1272} INFO - Marking task as SUCCESS. dag_id=Demo, task_id=producer, execution_date=20221021T111600, start_date=20221021T111702, end_date=20221021T111702
[2022-10-21 11:17:02,772] {local_task_job.py:154} INFO - Task exited with return code 0
[2022-10-21 11:17:02,786] {local_task_job.py:264} INFO - 0 downstream tasks scheduled from follow-on schedule check
