[2022-03-10 18:34:01,925] {taskinstance.py:1037} INFO - Dependencies all met for <TaskInstance: Demo.producer scheduled__2022-03-10T18:33:00+00:00 [queued]>
[2022-03-10 18:34:01,935] {taskinstance.py:1037} INFO - Dependencies all met for <TaskInstance: Demo.producer scheduled__2022-03-10T18:33:00+00:00 [queued]>
[2022-03-10 18:34:01,935] {taskinstance.py:1243} INFO - 
--------------------------------------------------------------------------------
[2022-03-10 18:34:01,936] {taskinstance.py:1244} INFO - Starting attempt 1 of 1
[2022-03-10 18:34:01,936] {taskinstance.py:1245} INFO - 
--------------------------------------------------------------------------------
[2022-03-10 18:34:01,946] {taskinstance.py:1264} INFO - Executing <Task(PythonOperator): producer> on 2022-03-10 18:33:00+00:00
[2022-03-10 18:34:01,949] {standard_task_runner.py:52} INFO - Started process 250 to run task
[2022-03-10 18:34:01,952] {standard_task_runner.py:76} INFO - Running: ['airflow', 'tasks', 'run', 'Demo', 'producer', 'scheduled__2022-03-10T18:33:00+00:00', '--job-id', '19', '--raw', '--subdir', 'DAGS_FOLDER/demo.py', '--cfg-path', '/tmp/tmp47r1w_0q', '--error-file', '/tmp/tmp5ueaqaqy']
[2022-03-10 18:34:01,953] {standard_task_runner.py:77} INFO - Job 19: Subtask producer
[2022-03-10 18:34:02,062] {logging_mixin.py:109} INFO - Running <TaskInstance: Demo.producer scheduled__2022-03-10T18:33:00+00:00 [running]> on host c17209ace312
[2022-03-10 18:34:02,153] {taskinstance.py:1431} INFO - Exporting the following env vars:
AIRFLOW_CTX_DAG_OWNER=airflow
AIRFLOW_CTX_DAG_ID=Demo
AIRFLOW_CTX_TASK_ID=producer
AIRFLOW_CTX_EXECUTION_DATE=2022-03-10T18:33:00+00:00
AIRFLOW_CTX_DAG_RUN_ID=scheduled__2022-03-10T18:33:00+00:00
[2022-03-10 18:34:02,154] {logging_mixin.py:109} INFO - Producing message @ 2022-03-10 18:34:02.154383 | Message = {'data_id': 225, 'name': 'BTC', 'timestamp': 1646937242}
[2022-03-10 18:34:02,155] {logging_mixin.py:109} INFO - Producing message @ 2022-03-10 18:34:02.155572 | Message = {'data_id': 88, 'name': 'ETH', 'timestamp': 1646937242}
[2022-03-10 18:34:02,156] {logging_mixin.py:109} INFO - Producing message @ 2022-03-10 18:34:02.156153 | Message = {'data_id': 12, 'name': 'BTT', 'timestamp': 1646937242}
[2022-03-10 18:34:02,156] {logging_mixin.py:109} INFO - Producing message @ 2022-03-10 18:34:02.156721 | Message = {'data_id': 140, 'name': 'DOT', 'timestamp': 1646937242}
[2022-03-10 18:34:02,157] {python.py:175} INFO - Done. Returned value was: None
[2022-03-10 18:34:02,185] {taskinstance.py:1282} INFO - Marking task as SUCCESS. dag_id=Demo, task_id=producer, execution_date=20220310T183300, start_date=20220310T183401, end_date=20220310T183402
[2022-03-10 18:34:02,205] {local_task_job.py:154} INFO - Task exited with return code 0
[2022-03-10 18:34:02,271] {local_task_job.py:264} INFO - 0 downstream tasks scheduled from follow-on schedule check
