[2022-10-22 03:24:03,410] {taskinstance.py:1037} INFO - Dependencies all met for <TaskInstance: Demo.producer scheduled__2022-10-22T03:23:00+00:00 [queued]>
[2022-10-22 03:24:03,421] {taskinstance.py:1037} INFO - Dependencies all met for <TaskInstance: Demo.producer scheduled__2022-10-22T03:23:00+00:00 [queued]>
[2022-10-22 03:24:03,422] {taskinstance.py:1243} INFO - 
--------------------------------------------------------------------------------
[2022-10-22 03:24:03,422] {taskinstance.py:1244} INFO - Starting attempt 1 of 1
[2022-10-22 03:24:03,423] {taskinstance.py:1245} INFO - 
--------------------------------------------------------------------------------
[2022-10-22 03:24:03,437] {taskinstance.py:1264} INFO - Executing <Task(PythonOperator): producer> on 2022-10-22 03:23:00+00:00
[2022-10-22 03:24:03,440] {standard_task_runner.py:52} INFO - Started process 77 to run task
[2022-10-22 03:24:03,455] {standard_task_runner.py:76} INFO - Running: ['airflow', 'tasks', 'run', 'Demo', 'producer', 'scheduled__2022-10-22T03:23:00+00:00', '--job-id', '8', '--raw', '--subdir', 'DAGS_FOLDER/demo.py', '--cfg-path', '/tmp/tmp94mhm8pj', '--error-file', '/tmp/tmpijq1lq92']
[2022-10-22 03:24:03,457] {standard_task_runner.py:77} INFO - Job 8: Subtask producer
[2022-10-22 03:24:03,571] {logging_mixin.py:109} INFO - Running <TaskInstance: Demo.producer scheduled__2022-10-22T03:23:00+00:00 [running]> on host 98616e61dc0f
[2022-10-22 03:24:03,651] {taskinstance.py:1431} INFO - Exporting the following env vars:
AIRFLOW_CTX_DAG_OWNER=airflow
AIRFLOW_CTX_DAG_ID=Demo
AIRFLOW_CTX_TASK_ID=producer
AIRFLOW_CTX_EXECUTION_DATE=2022-10-22T03:23:00+00:00
AIRFLOW_CTX_DAG_RUN_ID=scheduled__2022-10-22T03:23:00+00:00
[2022-10-22 03:24:03,653] {logging_mixin.py:109} INFO - Producing message @ 2022-10-22 03:24:03.653073 | Message = {'data_id': 180, 'name': 'BTC', 'timestamp': 1666409043}
[2022-10-22 03:24:03,655] {logging_mixin.py:109} INFO - Producing message @ 2022-10-22 03:24:03.655204 | Message = {'data_id': 148, 'name': 'ETH', 'timestamp': 1666409043}
[2022-10-22 03:24:03,656] {logging_mixin.py:109} INFO - Producing message @ 2022-10-22 03:24:03.655969 | Message = {'data_id': 12, 'name': 'BTT', 'timestamp': 1666409043}
[2022-10-22 03:24:03,656] {logging_mixin.py:109} INFO - Producing message @ 2022-10-22 03:24:03.656563 | Message = {'data_id': 112, 'name': 'DOT', 'timestamp': 1666409043}
[2022-10-22 03:24:03,657] {python.py:175} INFO - Done. Returned value was: None
[2022-10-22 03:24:03,664] {taskinstance.py:1282} INFO - Marking task as SUCCESS. dag_id=Demo, task_id=producer, execution_date=20221022T032300, start_date=20221022T032403, end_date=20221022T032403
[2022-10-22 03:24:03,705] {local_task_job.py:154} INFO - Task exited with return code 0
[2022-10-22 03:24:03,725] {local_task_job.py:264} INFO - 0 downstream tasks scheduled from follow-on schedule check
