[2022-10-21 11:43:03,056] {taskinstance.py:1037} INFO - Dependencies all met for <TaskInstance: Demo.producer scheduled__2022-10-21T11:42:00+00:00 [queued]>
[2022-10-21 11:43:03,069] {taskinstance.py:1037} INFO - Dependencies all met for <TaskInstance: Demo.producer scheduled__2022-10-21T11:42:00+00:00 [queued]>
[2022-10-21 11:43:03,070] {taskinstance.py:1243} INFO - 
--------------------------------------------------------------------------------
[2022-10-21 11:43:03,070] {taskinstance.py:1244} INFO - Starting attempt 1 of 1
[2022-10-21 11:43:03,070] {taskinstance.py:1245} INFO - 
--------------------------------------------------------------------------------
[2022-10-21 11:43:03,083] {taskinstance.py:1264} INFO - Executing <Task(PythonOperator): producer> on 2022-10-21 11:42:00+00:00
[2022-10-21 11:43:03,087] {standard_task_runner.py:52} INFO - Started process 93 to run task
[2022-10-21 11:43:03,093] {standard_task_runner.py:76} INFO - Running: ['airflow', 'tasks', 'run', 'Demo', 'producer', 'scheduled__2022-10-21T11:42:00+00:00', '--job-id', '5', '--raw', '--subdir', 'DAGS_FOLDER/demo.py', '--cfg-path', '/tmp/tmp8260q6lj', '--error-file', '/tmp/tmpd7e3cdur']
[2022-10-21 11:43:03,094] {standard_task_runner.py:77} INFO - Job 5: Subtask producer
[2022-10-21 11:43:03,173] {logging_mixin.py:109} INFO - Running <TaskInstance: Demo.producer scheduled__2022-10-21T11:42:00+00:00 [running]> on host e4f852c7030f
[2022-10-21 11:43:03,208] {taskinstance.py:1429} INFO - Exporting the following env vars:
AIRFLOW_CTX_DAG_OWNER=airflow
AIRFLOW_CTX_DAG_ID=Demo
AIRFLOW_CTX_TASK_ID=producer
AIRFLOW_CTX_EXECUTION_DATE=2022-10-21T11:42:00+00:00
AIRFLOW_CTX_DAG_RUN_ID=scheduled__2022-10-21T11:42:00+00:00
[2022-10-21 11:43:03,209] {logging_mixin.py:109} INFO - Producing message @ 2022-10-21 11:43:03.209308 | Message = {'data_id': 48, 'name': 'BTC', 'timestamp': 1666352583}
[2022-10-21 11:43:03,210] {logging_mixin.py:109} INFO - Producing message @ 2022-10-21 11:43:03.210366 | Message = {'data_id': 93, 'name': 'ETH', 'timestamp': 1666352583}
[2022-10-21 11:43:03,215] {logging_mixin.py:109} INFO - Producing message @ 2022-10-21 11:43:03.215324 | Message = {'data_id': 35, 'name': 'BTT', 'timestamp': 1666352583}
[2022-10-21 11:43:03,217] {logging_mixin.py:109} INFO - Producing message @ 2022-10-21 11:43:03.217804 | Message = {'data_id': 87, 'name': 'DOT', 'timestamp': 1666352583}
[2022-10-21 11:43:03,219] {python.py:175} INFO - Done. Returned value was: None
[2022-10-21 11:43:03,225] {taskinstance.py:1272} INFO - Marking task as SUCCESS. dag_id=Demo, task_id=producer, execution_date=20221021T114200, start_date=20221021T114303, end_date=20221021T114303
[2022-10-21 11:43:03,266] {local_task_job.py:154} INFO - Task exited with return code 0
[2022-10-21 11:43:03,279] {local_task_job.py:264} INFO - 0 downstream tasks scheduled from follow-on schedule check
