[2022-10-22 04:40:03,479] {taskinstance.py:1037} INFO - Dependencies all met for <TaskInstance: Demo.producer scheduled__2022-10-22T04:39:00+00:00 [queued]>
[2022-10-22 04:40:03,488] {taskinstance.py:1037} INFO - Dependencies all met for <TaskInstance: Demo.producer scheduled__2022-10-22T04:39:00+00:00 [queued]>
[2022-10-22 04:40:03,488] {taskinstance.py:1243} INFO - 
--------------------------------------------------------------------------------
[2022-10-22 04:40:03,488] {taskinstance.py:1244} INFO - Starting attempt 1 of 1
[2022-10-22 04:40:03,489] {taskinstance.py:1245} INFO - 
--------------------------------------------------------------------------------
[2022-10-22 04:40:03,499] {taskinstance.py:1264} INFO - Executing <Task(PythonOperator): producer> on 2022-10-22 04:39:00+00:00
[2022-10-22 04:40:03,502] {standard_task_runner.py:52} INFO - Started process 109 to run task
[2022-10-22 04:40:03,507] {standard_task_runner.py:76} INFO - Running: ['airflow', 'tasks', 'run', 'Demo', 'producer', 'scheduled__2022-10-22T04:39:00+00:00', '--job-id', '46', '--raw', '--subdir', 'DAGS_FOLDER/demo.py', '--cfg-path', '/tmp/tmplex3h068', '--error-file', '/tmp/tmpfvdn57zf']
[2022-10-22 04:40:03,508] {standard_task_runner.py:77} INFO - Job 46: Subtask producer
[2022-10-22 04:40:03,567] {logging_mixin.py:109} INFO - Running <TaskInstance: Demo.producer scheduled__2022-10-22T04:39:00+00:00 [running]> on host 98616e61dc0f
[2022-10-22 04:40:03,610] {taskinstance.py:1431} INFO - Exporting the following env vars:
AIRFLOW_CTX_DAG_OWNER=airflow
AIRFLOW_CTX_DAG_ID=Demo
AIRFLOW_CTX_TASK_ID=producer
AIRFLOW_CTX_EXECUTION_DATE=2022-10-22T04:39:00+00:00
AIRFLOW_CTX_DAG_RUN_ID=scheduled__2022-10-22T04:39:00+00:00
[2022-10-22 04:40:03,610] {logging_mixin.py:109} INFO - Producing message @ 2022-10-22 04:40:03.610866 | Message = {'data_id': 254, 'name': 'BTC', 'timestamp': 1666413603}
[2022-10-22 04:40:03,611] {logging_mixin.py:109} INFO - Producing message @ 2022-10-22 04:40:03.611896 | Message = {'data_id': 123, 'name': 'ETH', 'timestamp': 1666413603}
[2022-10-22 04:40:03,612] {logging_mixin.py:109} INFO - Producing message @ 2022-10-22 04:40:03.612348 | Message = {'data_id': 38, 'name': 'BTT', 'timestamp': 1666413603}
[2022-10-22 04:40:03,612] {logging_mixin.py:109} INFO - Producing message @ 2022-10-22 04:40:03.612733 | Message = {'data_id': 150, 'name': 'DOT', 'timestamp': 1666413603}
[2022-10-22 04:40:03,613] {python.py:175} INFO - Done. Returned value was: None
[2022-10-22 04:40:03,618] {taskinstance.py:1282} INFO - Marking task as SUCCESS. dag_id=Demo, task_id=producer, execution_date=20221022T043900, start_date=20221022T044003, end_date=20221022T044003
[2022-10-22 04:40:03,639] {local_task_job.py:154} INFO - Task exited with return code 0
[2022-10-22 04:40:03,658] {local_task_job.py:264} INFO - 0 downstream tasks scheduled from follow-on schedule check
