[2022-10-22 04:34:02,871] {taskinstance.py:1037} INFO - Dependencies all met for <TaskInstance: Demo.producer scheduled__2022-10-22T04:33:00+00:00 [queued]>
[2022-10-22 04:34:02,877] {taskinstance.py:1037} INFO - Dependencies all met for <TaskInstance: Demo.producer scheduled__2022-10-22T04:33:00+00:00 [queued]>
[2022-10-22 04:34:02,877] {taskinstance.py:1243} INFO - 
--------------------------------------------------------------------------------
[2022-10-22 04:34:02,878] {taskinstance.py:1244} INFO - Starting attempt 1 of 1
[2022-10-22 04:34:02,878] {taskinstance.py:1245} INFO - 
--------------------------------------------------------------------------------
[2022-10-22 04:34:02,887] {taskinstance.py:1264} INFO - Executing <Task(PythonOperator): producer> on 2022-10-22 04:33:00+00:00
[2022-10-22 04:34:02,889] {standard_task_runner.py:52} INFO - Started process 55 to run task
[2022-10-22 04:34:02,892] {standard_task_runner.py:76} INFO - Running: ['airflow', 'tasks', 'run', 'Demo', 'producer', 'scheduled__2022-10-22T04:33:00+00:00', '--job-id', '40', '--raw', '--subdir', 'DAGS_FOLDER/demo.py', '--cfg-path', '/tmp/tmp726sqya_', '--error-file', '/tmp/tmpcejcfe0i']
[2022-10-22 04:34:02,893] {standard_task_runner.py:77} INFO - Job 40: Subtask producer
[2022-10-22 04:34:02,929] {logging_mixin.py:109} INFO - Running <TaskInstance: Demo.producer scheduled__2022-10-22T04:33:00+00:00 [running]> on host 98616e61dc0f
[2022-10-22 04:34:02,965] {taskinstance.py:1431} INFO - Exporting the following env vars:
AIRFLOW_CTX_DAG_OWNER=airflow
AIRFLOW_CTX_DAG_ID=Demo
AIRFLOW_CTX_TASK_ID=producer
AIRFLOW_CTX_EXECUTION_DATE=2022-10-22T04:33:00+00:00
AIRFLOW_CTX_DAG_RUN_ID=scheduled__2022-10-22T04:33:00+00:00
[2022-10-22 04:34:02,966] {logging_mixin.py:109} INFO - Producing message @ 2022-10-22 04:34:02.966618 | Message = {'data_id': 267, 'name': 'BTC', 'timestamp': 1666413242}
[2022-10-22 04:34:02,967] {logging_mixin.py:109} INFO - Producing message @ 2022-10-22 04:34:02.967630 | Message = {'data_id': 69, 'name': 'ETH', 'timestamp': 1666413242}
[2022-10-22 04:34:02,968] {logging_mixin.py:109} INFO - Producing message @ 2022-10-22 04:34:02.968051 | Message = {'data_id': 31, 'name': 'BTT', 'timestamp': 1666413242}
[2022-10-22 04:34:02,968] {logging_mixin.py:109} INFO - Producing message @ 2022-10-22 04:34:02.968413 | Message = {'data_id': 50, 'name': 'DOT', 'timestamp': 1666413242}
[2022-10-22 04:34:02,968] {python.py:175} INFO - Done. Returned value was: None
[2022-10-22 04:34:02,973] {taskinstance.py:1282} INFO - Marking task as SUCCESS. dag_id=Demo, task_id=producer, execution_date=20221022T043300, start_date=20221022T043402, end_date=20221022T043402
[2022-10-22 04:34:02,984] {local_task_job.py:154} INFO - Task exited with return code 0
[2022-10-22 04:34:02,999] {local_task_job.py:264} INFO - 0 downstream tasks scheduled from follow-on schedule check
