[2022-10-21 11:47:03,261] {taskinstance.py:1037} INFO - Dependencies all met for <TaskInstance: Demo.producer scheduled__2022-10-21T11:46:00+00:00 [queued]>
[2022-10-21 11:47:03,267] {taskinstance.py:1037} INFO - Dependencies all met for <TaskInstance: Demo.producer scheduled__2022-10-21T11:46:00+00:00 [queued]>
[2022-10-21 11:47:03,268] {taskinstance.py:1243} INFO - 
--------------------------------------------------------------------------------
[2022-10-21 11:47:03,268] {taskinstance.py:1244} INFO - Starting attempt 1 of 1
[2022-10-21 11:47:03,269] {taskinstance.py:1245} INFO - 
--------------------------------------------------------------------------------
[2022-10-21 11:47:03,277] {taskinstance.py:1264} INFO - Executing <Task(PythonOperator): producer> on 2022-10-21 11:46:00+00:00
[2022-10-21 11:47:03,279] {standard_task_runner.py:52} INFO - Started process 121 to run task
[2022-10-21 11:47:03,282] {standard_task_runner.py:76} INFO - Running: ['airflow', 'tasks', 'run', 'Demo', 'producer', 'scheduled__2022-10-21T11:46:00+00:00', '--job-id', '9', '--raw', '--subdir', 'DAGS_FOLDER/demo.py', '--cfg-path', '/tmp/tmpx8k1qk6s', '--error-file', '/tmp/tmpiebh14d5']
[2022-10-21 11:47:03,283] {standard_task_runner.py:77} INFO - Job 9: Subtask producer
[2022-10-21 11:47:03,324] {logging_mixin.py:109} INFO - Running <TaskInstance: Demo.producer scheduled__2022-10-21T11:46:00+00:00 [running]> on host e4f852c7030f
[2022-10-21 11:47:03,372] {taskinstance.py:1429} INFO - Exporting the following env vars:
AIRFLOW_CTX_DAG_OWNER=airflow
AIRFLOW_CTX_DAG_ID=Demo
AIRFLOW_CTX_TASK_ID=producer
AIRFLOW_CTX_EXECUTION_DATE=2022-10-21T11:46:00+00:00
AIRFLOW_CTX_DAG_RUN_ID=scheduled__2022-10-21T11:46:00+00:00
[2022-10-21 11:47:03,373] {logging_mixin.py:109} INFO - Producing message @ 2022-10-21 11:47:03.373080 | Message = {'data_id': 379, 'name': 'BTC', 'timestamp': 1666352823}
[2022-10-21 11:47:03,374] {logging_mixin.py:109} INFO - Producing message @ 2022-10-21 11:47:03.374112 | Message = {'data_id': 246, 'name': 'ETH', 'timestamp': 1666352823}
[2022-10-21 11:47:03,374] {logging_mixin.py:109} INFO - Producing message @ 2022-10-21 11:47:03.374594 | Message = {'data_id': 34, 'name': 'BTT', 'timestamp': 1666352823}
[2022-10-21 11:47:03,375] {logging_mixin.py:109} INFO - Producing message @ 2022-10-21 11:47:03.375152 | Message = {'data_id': 112, 'name': 'DOT', 'timestamp': 1666352823}
[2022-10-21 11:47:03,375] {python.py:175} INFO - Done. Returned value was: None
[2022-10-21 11:47:03,381] {taskinstance.py:1272} INFO - Marking task as SUCCESS. dag_id=Demo, task_id=producer, execution_date=20221021T114600, start_date=20221021T114703, end_date=20221021T114703
[2022-10-21 11:47:03,414] {local_task_job.py:154} INFO - Task exited with return code 0
[2022-10-21 11:47:03,428] {local_task_job.py:264} INFO - 0 downstream tasks scheduled from follow-on schedule check
