[2022-02-28 07:00:19,136] {taskinstance.py:1037} INFO - Dependencies all met for <TaskInstance: 0747_pipeline.document_etl manual__2022-02-28T07:00:16.391385+00:00 [queued]>
[2022-02-28 07:00:19,152] {taskinstance.py:1037} INFO - Dependencies all met for <TaskInstance: 0747_pipeline.document_etl manual__2022-02-28T07:00:16.391385+00:00 [queued]>
[2022-02-28 07:00:19,153] {taskinstance.py:1243} INFO - 
--------------------------------------------------------------------------------
[2022-02-28 07:00:19,154] {taskinstance.py:1244} INFO - Starting attempt 1 of 1
[2022-02-28 07:00:19,154] {taskinstance.py:1245} INFO - 
--------------------------------------------------------------------------------
[2022-02-28 07:00:19,202] {taskinstance.py:1264} INFO - Executing <Task(SparkSubmitOperator): document_etl> on 2022-02-28 07:00:16.391385+00:00
[2022-02-28 07:00:19,205] {standard_task_runner.py:52} INFO - Started process 842 to run task
[2022-02-28 07:00:19,209] {standard_task_runner.py:76} INFO - Running: ['airflow', 'tasks', 'run', '0747_pipeline', 'document_etl', 'manual__2022-02-28T07:00:16.391385+00:00', '--job-id', '81', '--raw', '--subdir', 'DAGS_FOLDER/0747.py', '--cfg-path', '/tmp/tmppn474rv8', '--error-file', '/tmp/tmpgpgqwc01']
[2022-02-28 07:00:19,210] {standard_task_runner.py:77} INFO - Job 81: Subtask document_etl
[2022-02-28 07:00:19,307] {logging_mixin.py:109} INFO - Running <TaskInstance: 0747_pipeline.document_etl manual__2022-02-28T07:00:16.391385+00:00 [running]> on host c5f5c4f93487
[2022-02-28 07:00:19,456] {taskinstance.py:1431} INFO - Exporting the following env vars:
AIRFLOW_CTX_DAG_OWNER=airflow
AIRFLOW_CTX_DAG_ID=0747_pipeline
AIRFLOW_CTX_TASK_ID=document_etl
AIRFLOW_CTX_EXECUTION_DATE=2022-02-28T07:00:16.391385+00:00
AIRFLOW_CTX_DAG_RUN_ID=manual__2022-02-28T07:00:16.391385+00:00
[2022-02-28 07:00:19,487] {base.py:79} INFO - Using connection to: id: spark_default. Host: spark://spark-master, Port: 7077, Schema: , Login: , Password: None, extra: {'queue': 'default', 'spark-home': '', 'spark-binary': 'spark-submit', 'namespace': 'default'}
[2022-02-28 07:00:19,489] {spark_submit.py:335} INFO - Spark-Submit cmd: spark-submit --master spark://spark-master:7077 --name 0747 Pipeline --queue default /sparks/production/0747/document_etl.py
[2022-02-28 07:00:21,112] {spark_submit.py:488} INFO - WARNING: An illegal reflective access operation has occurred
[2022-02-28 07:00:21,113] {spark_submit.py:488} INFO - WARNING: Illegal reflective access by org.apache.spark.unsafe.Platform (file:/usr/local/lib/python3.7/site-packages/pyspark/jars/spark-unsafe_2.12-3.2.1.jar) to constructor java.nio.DirectByteBuffer(long,int)
[2022-02-28 07:00:21,113] {spark_submit.py:488} INFO - WARNING: Please consider reporting this to the maintainers of org.apache.spark.unsafe.Platform
[2022-02-28 07:00:21,114] {spark_submit.py:488} INFO - WARNING: Use --illegal-access=warn to enable warnings of further illegal reflective access operations
[2022-02-28 07:00:21,115] {spark_submit.py:488} INFO - WARNING: All illegal access operations will be denied in a future release
[2022-02-28 07:00:21,532] {spark_submit.py:488} INFO - ===========================
[2022-02-28 07:00:21,532] {spark_submit.py:488} INFO - Step 1: Import Libraries
[2022-02-28 07:00:21,533] {spark_submit.py:488} INFO - ===========================
[2022-02-28 07:00:21,770] {spark_submit.py:488} INFO - ===========================
[2022-02-28 07:00:21,771] {spark_submit.py:488} INFO - Step 2: Start Spark Session
[2022-02-28 07:00:21,772] {spark_submit.py:488} INFO - ===========================
[2022-02-28 07:00:21,872] {spark_submit.py:488} INFO - Using Spark's default log4j profile: org/apache/spark/log4j-defaults.properties
[2022-02-28 07:00:21,885] {spark_submit.py:488} INFO - 22/02/28 07:00:21 INFO SparkContext: Running Spark version 3.2.1
[2022-02-28 07:00:22,004] {spark_submit.py:488} INFO - 22/02/28 07:00:22 WARN NativeCodeLoader: Unable to load native-hadoop library for your platform... using builtin-java classes where applicable
[2022-02-28 07:00:22,165] {spark_submit.py:488} INFO - 22/02/28 07:00:22 INFO ResourceUtils: ==============================================================
[2022-02-28 07:00:22,168] {spark_submit.py:488} INFO - 22/02/28 07:00:22 INFO ResourceUtils: No custom resources configured for spark.driver.
[2022-02-28 07:00:22,168] {spark_submit.py:488} INFO - 22/02/28 07:00:22 INFO ResourceUtils: ==============================================================
[2022-02-28 07:00:22,169] {spark_submit.py:488} INFO - 22/02/28 07:00:22 INFO SparkContext: Submitted application: 0747 Pipeline
[2022-02-28 07:00:22,201] {spark_submit.py:488} INFO - 22/02/28 07:00:22 INFO ResourceProfile: Default ResourceProfile created, executor resources: Map(cores -> name: cores, amount: 2, script: , vendor: , memory -> name: memory, amount: 2048, script: , vendor: , offHeap -> name: offHeap, amount: 0, script: , vendor: ), task resources: Map(cpus -> name: cpus, amount: 1.0)
[2022-02-28 07:00:22,218] {spark_submit.py:488} INFO - 22/02/28 07:00:22 INFO ResourceProfile: Limiting resource is cpus at 2 tasks per executor
[2022-02-28 07:00:22,221] {spark_submit.py:488} INFO - 22/02/28 07:00:22 INFO ResourceProfileManager: Added ResourceProfile id: 0
[2022-02-28 07:00:22,295] {spark_submit.py:488} INFO - 22/02/28 07:00:22 INFO SecurityManager: Changing view acls to: root
[2022-02-28 07:00:22,297] {spark_submit.py:488} INFO - 22/02/28 07:00:22 INFO SecurityManager: Changing modify acls to: root
[2022-02-28 07:00:22,298] {spark_submit.py:488} INFO - 22/02/28 07:00:22 INFO SecurityManager: Changing view acls groups to:
[2022-02-28 07:00:22,298] {spark_submit.py:488} INFO - 22/02/28 07:00:22 INFO SecurityManager: Changing modify acls groups to:
[2022-02-28 07:00:22,299] {spark_submit.py:488} INFO - 22/02/28 07:00:22 INFO SecurityManager: SecurityManager: authentication disabled; ui acls disabled; users  with view permissions: Set(root); groups with view permissions: Set(); users  with modify permissions: Set(root); groups with modify permissions: Set()
[2022-02-28 07:00:22,688] {spark_submit.py:488} INFO - 22/02/28 07:00:22 INFO Utils: Successfully started service 'sparkDriver' on port 40943.
[2022-02-28 07:00:22,733] {spark_submit.py:488} INFO - 22/02/28 07:00:22 INFO SparkEnv: Registering MapOutputTracker
[2022-02-28 07:00:22,786] {spark_submit.py:488} INFO - 22/02/28 07:00:22 INFO SparkEnv: Registering BlockManagerMaster
[2022-02-28 07:00:22,820] {spark_submit.py:488} INFO - 22/02/28 07:00:22 INFO BlockManagerMasterEndpoint: Using org.apache.spark.storage.DefaultTopologyMapper for getting topology information
[2022-02-28 07:00:22,821] {spark_submit.py:488} INFO - 22/02/28 07:00:22 INFO BlockManagerMasterEndpoint: BlockManagerMasterEndpoint up
[2022-02-28 07:00:22,830] {spark_submit.py:488} INFO - 22/02/28 07:00:22 INFO SparkEnv: Registering BlockManagerMasterHeartbeat
[2022-02-28 07:00:22,832] {spark_submit.py:488} INFO - 22/02/28 07:00:22 INFO DiskBlockManager: Created local directory at /tmp/blockmgr-b4afe6d3-235d-40c8-aaa1-9f17dd3eb22e
[2022-02-28 07:00:22,858] {spark_submit.py:488} INFO - 22/02/28 07:00:22 INFO MemoryStore: MemoryStore started with capacity 434.4 MiB
[2022-02-28 07:00:22,893] {spark_submit.py:488} INFO - 22/02/28 07:00:22 INFO SparkEnv: Registering OutputCommitCoordinator
[2022-02-28 07:00:23,273] {spark_submit.py:488} INFO - 22/02/28 07:00:23 INFO Utils: Successfully started service 'SparkUI' on port 4040.
[2022-02-28 07:00:23,364] {spark_submit.py:488} INFO - 22/02/28 07:00:23 INFO SparkUI: Bound SparkUI to 0.0.0.0, and started at http://c5f5c4f93487:4040
[2022-02-28 07:00:23,649] {spark_submit.py:488} INFO - 22/02/28 07:00:23 INFO Executor: Starting executor ID driver on host c5f5c4f93487
[2022-02-28 07:00:23,692] {spark_submit.py:488} INFO - 22/02/28 07:00:23 INFO Utils: Successfully started service 'org.apache.spark.network.netty.NettyBlockTransferService' on port 34595.
[2022-02-28 07:00:23,693] {spark_submit.py:488} INFO - 22/02/28 07:00:23 INFO NettyBlockTransferService: Server created on c5f5c4f93487:34595
[2022-02-28 07:00:23,694] {spark_submit.py:488} INFO - 22/02/28 07:00:23 INFO BlockManager: Using org.apache.spark.storage.RandomBlockReplicationPolicy for block replication policy
[2022-02-28 07:00:23,706] {spark_submit.py:488} INFO - 22/02/28 07:00:23 INFO BlockManagerMaster: Registering BlockManager BlockManagerId(driver, c5f5c4f93487, 34595, None)
[2022-02-28 07:00:23,714] {spark_submit.py:488} INFO - 22/02/28 07:00:23 INFO BlockManagerMasterEndpoint: Registering block manager c5f5c4f93487:34595 with 434.4 MiB RAM, BlockManagerId(driver, c5f5c4f93487, 34595, None)
[2022-02-28 07:00:23,718] {spark_submit.py:488} INFO - 22/02/28 07:00:23 INFO BlockManagerMaster: Registered BlockManager BlockManagerId(driver, c5f5c4f93487, 34595, None)
[2022-02-28 07:00:23,720] {spark_submit.py:488} INFO - 22/02/28 07:00:23 INFO BlockManager: Initialized BlockManager: BlockManagerId(driver, c5f5c4f93487, 34595, None)
[2022-02-28 07:00:24,388] {spark_submit.py:488} INFO - 22/02/28 07:00:24 INFO SharedState: Setting hive.metastore.warehouse.dir ('null') to the value of spark.sql.warehouse.dir.
[2022-02-28 07:00:24,421] {spark_submit.py:488} INFO - 22/02/28 07:00:24 INFO SharedState: Warehouse path is 'file:/airflow/spark-warehouse'.
[2022-02-28 07:00:25,360] {spark_submit.py:488} INFO - /usr/local/lib/python3.7/site-packages/pyspark/python/lib/pyspark.zip/pyspark/sql/context.py:79: FutureWarning: Deprecated in 3.0.0. Use SparkSession.builder.getOrCreate() instead.
[2022-02-28 07:00:25,368] {spark_submit.py:488} INFO - ===========================
[2022-02-28 07:00:25,369] {spark_submit.py:488} INFO - Step 3: Load Data
[2022-02-28 07:00:25,370] {spark_submit.py:488} INFO - ===========================
[2022-02-28 07:00:25,930] {spark_submit.py:488} INFO - 22/02/28 07:00:25 INFO SparkContext: Starting job: runJob at PythonRDD.scala:166
[2022-02-28 07:00:25,989] {spark_submit.py:488} INFO - 22/02/28 07:00:25 INFO DAGScheduler: Got job 0 (runJob at PythonRDD.scala:166) with 1 output partitions
[2022-02-28 07:00:25,990] {spark_submit.py:488} INFO - 22/02/28 07:00:25 INFO DAGScheduler: Final stage: ResultStage 0 (runJob at PythonRDD.scala:166)
[2022-02-28 07:00:25,992] {spark_submit.py:488} INFO - 22/02/28 07:00:25 INFO DAGScheduler: Parents of final stage: List()
[2022-02-28 07:00:25,995] {spark_submit.py:488} INFO - 22/02/28 07:00:25 INFO DAGScheduler: Missing parents: List()
[2022-02-28 07:00:26,007] {spark_submit.py:488} INFO - 22/02/28 07:00:26 INFO DAGScheduler: Submitting ResultStage 0 (PythonRDD[1] at RDD at PythonRDD.scala:53), which has no missing parents
[2022-02-28 07:00:26,244] {spark_submit.py:488} INFO - 22/02/28 07:00:26 INFO MemoryStore: Block broadcast_0 stored as values in memory (estimated size 6.4 KiB, free 434.4 MiB)
[2022-02-28 07:00:26,299] {spark_submit.py:488} INFO - 22/02/28 07:00:26 INFO MemoryStore: Block broadcast_0_piece0 stored as bytes in memory (estimated size 4.0 KiB, free 434.4 MiB)
[2022-02-28 07:00:26,303] {spark_submit.py:488} INFO - 22/02/28 07:00:26 INFO BlockManagerInfo: Added broadcast_0_piece0 in memory on c5f5c4f93487:34595 (size: 4.0 KiB, free: 434.4 MiB)
[2022-02-28 07:00:26,310] {spark_submit.py:488} INFO - 22/02/28 07:00:26 INFO SparkContext: Created broadcast 0 from broadcast at DAGScheduler.scala:1478
[2022-02-28 07:00:26,328] {spark_submit.py:488} INFO - 22/02/28 07:00:26 INFO DAGScheduler: Submitting 1 missing tasks from ResultStage 0 (PythonRDD[1] at RDD at PythonRDD.scala:53) (first 15 tasks are for partitions Vector(0))
[2022-02-28 07:00:26,331] {spark_submit.py:488} INFO - 22/02/28 07:00:26 INFO TaskSchedulerImpl: Adding task set 0.0 with 1 tasks resource profile 0
[2022-02-28 07:00:26,417] {spark_submit.py:488} INFO - 22/02/28 07:00:26 INFO TaskSetManager: Starting task 0.0 in stage 0.0 (TID 0) (c5f5c4f93487, executor driver, partition 0, PROCESS_LOCAL, 4543 bytes) taskResourceAssignments Map()
[2022-02-28 07:00:26,445] {spark_submit.py:488} INFO - 22/02/28 07:00:26 INFO Executor: Running task 0.0 in stage 0.0 (TID 0)
[2022-02-28 07:00:26,947] {spark_submit.py:488} INFO - 22/02/28 07:00:26 INFO PythonRunner: Times: total = 368, boot = 352, init = 16, finish = 0
[2022-02-28 07:00:26,977] {spark_submit.py:488} INFO - 22/02/28 07:00:26 INFO Executor: Finished task 0.0 in stage 0.0 (TID 0). 1351 bytes result sent to driver
[2022-02-28 07:00:26,993] {spark_submit.py:488} INFO - 22/02/28 07:00:26 INFO TaskSetManager: Finished task 0.0 in stage 0.0 (TID 0) in 594 ms on c5f5c4f93487 (executor driver) (1/1)
[2022-02-28 07:00:26,998] {spark_submit.py:488} INFO - 22/02/28 07:00:26 INFO TaskSchedulerImpl: Removed TaskSet 0.0, whose tasks have all completed, from pool
[2022-02-28 07:00:27,004] {spark_submit.py:488} INFO - 22/02/28 07:00:27 INFO PythonAccumulatorV2: Connected to AccumulatorServer at host: 127.0.0.1 port: 60133
[2022-02-28 07:00:27,011] {spark_submit.py:488} INFO - 22/02/28 07:00:27 INFO DAGScheduler: ResultStage 0 (runJob at PythonRDD.scala:166) finished in 0.968 s
[2022-02-28 07:00:27,019] {spark_submit.py:488} INFO - 22/02/28 07:00:27 INFO DAGScheduler: Job 0 is finished. Cancelling potential speculative or zombie tasks for this job
[2022-02-28 07:00:27,020] {spark_submit.py:488} INFO - 22/02/28 07:00:27 INFO TaskSchedulerImpl: Killing all running tasks in stage 0: Stage finished
[2022-02-28 07:00:27,024] {spark_submit.py:488} INFO - 22/02/28 07:00:27 INFO DAGScheduler: Job 0 finished: runJob at PythonRDD.scala:166, took 1.092413 s
[2022-02-28 07:00:27,850] {spark_submit.py:488} INFO - 22/02/28 07:00:27 INFO BlockManagerInfo: Removed broadcast_0_piece0 on c5f5c4f93487:34595 in memory (size: 4.0 KiB, free: 434.4 MiB)
[2022-02-28 07:00:29,575] {spark_submit.py:488} INFO - root
[2022-02-28 07:00:29,576] {spark_submit.py:488} INFO - |-- name: string (nullable = true)
[2022-02-28 07:00:29,579] {spark_submit.py:488} INFO - |-- path: string (nullable = true)
[2022-02-28 07:00:29,581] {spark_submit.py:488} INFO - 
[2022-02-28 07:00:30,742] {spark_submit.py:488} INFO - 22/02/28 07:00:30 INFO CodeGenerator: Code generated in 225.778 ms
[2022-02-28 07:00:30,770] {spark_submit.py:488} INFO - 22/02/28 07:00:30 INFO SparkContext: Starting job: showString at NativeMethodAccessorImpl.java:0
[2022-02-28 07:00:30,774] {spark_submit.py:488} INFO - 22/02/28 07:00:30 INFO DAGScheduler: Got job 1 (showString at NativeMethodAccessorImpl.java:0) with 1 output partitions
[2022-02-28 07:00:30,775] {spark_submit.py:488} INFO - 22/02/28 07:00:30 INFO DAGScheduler: Final stage: ResultStage 1 (showString at NativeMethodAccessorImpl.java:0)
[2022-02-28 07:00:30,777] {spark_submit.py:488} INFO - 22/02/28 07:00:30 INFO DAGScheduler: Parents of final stage: List()
[2022-02-28 07:00:30,778] {spark_submit.py:488} INFO - 22/02/28 07:00:30 INFO DAGScheduler: Missing parents: List()
[2022-02-28 07:00:30,779] {spark_submit.py:488} INFO - 22/02/28 07:00:30 INFO DAGScheduler: Submitting ResultStage 1 (MapPartitionsRDD[7] at showString at NativeMethodAccessorImpl.java:0), which has no missing parents
[2022-02-28 07:00:30,798] {spark_submit.py:488} INFO - 22/02/28 07:00:30 INFO MemoryStore: Block broadcast_1 stored as values in memory (estimated size 13.9 KiB, free 434.4 MiB)
[2022-02-28 07:00:30,802] {spark_submit.py:488} INFO - 22/02/28 07:00:30 INFO MemoryStore: Block broadcast_1_piece0 stored as bytes in memory (estimated size 7.4 KiB, free 434.4 MiB)
[2022-02-28 07:00:30,804] {spark_submit.py:488} INFO - 22/02/28 07:00:30 INFO BlockManagerInfo: Added broadcast_1_piece0 in memory on c5f5c4f93487:34595 (size: 7.4 KiB, free: 434.4 MiB)
[2022-02-28 07:00:30,806] {spark_submit.py:488} INFO - 22/02/28 07:00:30 INFO SparkContext: Created broadcast 1 from broadcast at DAGScheduler.scala:1478
[2022-02-28 07:00:30,808] {spark_submit.py:488} INFO - 22/02/28 07:00:30 INFO DAGScheduler: Submitting 1 missing tasks from ResultStage 1 (MapPartitionsRDD[7] at showString at NativeMethodAccessorImpl.java:0) (first 15 tasks are for partitions Vector(0))
[2022-02-28 07:00:30,809] {spark_submit.py:488} INFO - 22/02/28 07:00:30 INFO TaskSchedulerImpl: Adding task set 1.0 with 1 tasks resource profile 0
[2022-02-28 07:00:30,811] {spark_submit.py:488} INFO - 22/02/28 07:00:30 INFO TaskSetManager: Starting task 0.0 in stage 1.0 (TID 1) (c5f5c4f93487, executor driver, partition 0, PROCESS_LOCAL, 4543 bytes) taskResourceAssignments Map()
[2022-02-28 07:00:30,813] {spark_submit.py:488} INFO - 22/02/28 07:00:30 INFO Executor: Running task 0.0 in stage 1.0 (TID 1)
[2022-02-28 07:00:30,944] {spark_submit.py:488} INFO - 22/02/28 07:00:30 INFO PythonRunner: Times: total = 10, boot = 4, init = 6, finish = 0
[2022-02-28 07:00:30,955] {spark_submit.py:488} INFO - 22/02/28 07:00:30 INFO Executor: Finished task 0.0 in stage 1.0 (TID 1). 1898 bytes result sent to driver
[2022-02-28 07:00:30,958] {spark_submit.py:488} INFO - 22/02/28 07:00:30 INFO TaskSetManager: Finished task 0.0 in stage 1.0 (TID 1) in 147 ms on c5f5c4f93487 (executor driver) (1/1)
[2022-02-28 07:00:30,959] {spark_submit.py:488} INFO - 22/02/28 07:00:30 INFO TaskSchedulerImpl: Removed TaskSet 1.0, whose tasks have all completed, from pool
[2022-02-28 07:00:30,961] {spark_submit.py:488} INFO - 22/02/28 07:00:30 INFO DAGScheduler: ResultStage 1 (showString at NativeMethodAccessorImpl.java:0) finished in 0.181 s
[2022-02-28 07:00:30,963] {spark_submit.py:488} INFO - 22/02/28 07:00:30 INFO DAGScheduler: Job 1 is finished. Cancelling potential speculative or zombie tasks for this job
[2022-02-28 07:00:30,964] {spark_submit.py:488} INFO - 22/02/28 07:00:30 INFO TaskSchedulerImpl: Killing all running tasks in stage 1: Stage finished
[2022-02-28 07:00:30,966] {spark_submit.py:488} INFO - 22/02/28 07:00:30 INFO DAGScheduler: Job 1 finished: showString at NativeMethodAccessorImpl.java:0, took 0.194166 s
[2022-02-28 07:00:31,037] {spark_submit.py:488} INFO - 22/02/28 07:00:31 INFO CodeGenerator: Code generated in 33.8533 ms
[2022-02-28 07:00:31,064] {spark_submit.py:488} INFO - +---------+-------------------------+
[2022-02-28 07:00:31,065] {spark_submit.py:488} INFO - |name     |path                     |
[2022-02-28 07:00:31,066] {spark_submit.py:488} INFO - +---------+-------------------------+
[2022-02-28 07:00:31,067] {spark_submit.py:488} INFO - |test1.jpg|/opt/spark-data/test1.jpg|
[2022-02-28 07:00:31,069] {spark_submit.py:488} INFO - |test2.jpg|/opt/spark-data/test2.jpg|
[2022-02-28 07:00:31,070] {spark_submit.py:488} INFO - +---------+-------------------------+
[2022-02-28 07:00:31,071] {spark_submit.py:488} INFO - 
[2022-02-28 07:00:31,116] {spark_submit.py:488} INFO - 22/02/28 07:00:31 INFO SparkContext: Invoking stop() from shutdown hook
[2022-02-28 07:00:31,136] {spark_submit.py:488} INFO - 22/02/28 07:00:31 INFO SparkUI: Stopped Spark web UI at http://c5f5c4f93487:4040
[2022-02-28 07:00:31,171] {spark_submit.py:488} INFO - 22/02/28 07:00:31 INFO MapOutputTrackerMasterEndpoint: MapOutputTrackerMasterEndpoint stopped!
[2022-02-28 07:00:31,189] {spark_submit.py:488} INFO - 22/02/28 07:00:31 INFO MemoryStore: MemoryStore cleared
[2022-02-28 07:00:31,190] {spark_submit.py:488} INFO - 22/02/28 07:00:31 INFO BlockManager: BlockManager stopped
[2022-02-28 07:00:31,199] {spark_submit.py:488} INFO - 22/02/28 07:00:31 INFO BlockManagerMaster: BlockManagerMaster stopped
[2022-02-28 07:00:31,205] {spark_submit.py:488} INFO - 22/02/28 07:00:31 INFO OutputCommitCoordinator$OutputCommitCoordinatorEndpoint: OutputCommitCoordinator stopped!
[2022-02-28 07:00:31,212] {spark_submit.py:488} INFO - 22/02/28 07:00:31 INFO SparkContext: Successfully stopped SparkContext
[2022-02-28 07:00:31,213] {spark_submit.py:488} INFO - 22/02/28 07:00:31 INFO ShutdownHookManager: Shutdown hook called
[2022-02-28 07:00:31,215] {spark_submit.py:488} INFO - 22/02/28 07:00:31 INFO ShutdownHookManager: Deleting directory /tmp/spark-21a4ea0c-7900-49c1-bf59-3ccda2def5d2
[2022-02-28 07:00:31,220] {spark_submit.py:488} INFO - 22/02/28 07:00:31 INFO ShutdownHookManager: Deleting directory /tmp/spark-286ba364-8b12-496e-b641-7762989b5843/pyspark-d0c47300-acab-4d6b-adbd-64ad59ebb626
[2022-02-28 07:00:31,225] {spark_submit.py:488} INFO - 22/02/28 07:00:31 INFO ShutdownHookManager: Deleting directory /tmp/spark-286ba364-8b12-496e-b641-7762989b5843
[2022-02-28 07:00:31,376] {taskinstance.py:1282} INFO - Marking task as SUCCESS. dag_id=0747_pipeline, task_id=document_etl, execution_date=20220228T070016, start_date=20220228T070019, end_date=20220228T070031
[2022-02-28 07:00:31,460] {local_task_job.py:154} INFO - Task exited with return code 0
[2022-02-28 07:00:31,547] {local_task_job.py:264} INFO - 1 downstream tasks scheduled from follow-on schedule check
