[2022-10-21 11:18:03,120] {taskinstance.py:1037} INFO - Dependencies all met for <TaskInstance: Demo.producer scheduled__2022-10-21T11:17:00+00:00 [queued]>
[2022-10-21 11:18:03,127] {taskinstance.py:1037} INFO - Dependencies all met for <TaskInstance: Demo.producer scheduled__2022-10-21T11:17:00+00:00 [queued]>
[2022-10-21 11:18:03,128] {taskinstance.py:1243} INFO - 
--------------------------------------------------------------------------------
[2022-10-21 11:18:03,128] {taskinstance.py:1244} INFO - Starting attempt 1 of 1
[2022-10-21 11:18:03,128] {taskinstance.py:1245} INFO - 
--------------------------------------------------------------------------------
[2022-10-21 11:18:03,137] {taskinstance.py:1264} INFO - Executing <Task(PythonOperator): producer> on 2022-10-21 11:17:00+00:00
[2022-10-21 11:18:03,140] {standard_task_runner.py:52} INFO - Started process 161 to run task
[2022-10-21 11:18:03,143] {standard_task_runner.py:76} INFO - Running: ['airflow', 'tasks', 'run', 'Demo', 'producer', 'scheduled__2022-10-21T11:17:00+00:00', '--job-id', '45', '--raw', '--subdir', 'DAGS_FOLDER/demo.py', '--cfg-path', '/tmp/tmpf6h20m4h', '--error-file', '/tmp/tmpmhdyfigz']
[2022-10-21 11:18:03,144] {standard_task_runner.py:77} INFO - Job 45: Subtask producer
[2022-10-21 11:18:03,186] {logging_mixin.py:109} INFO - Running <TaskInstance: Demo.producer scheduled__2022-10-21T11:17:00+00:00 [running]> on host 4c1937bb97ee
[2022-10-21 11:18:03,228] {taskinstance.py:1429} INFO - Exporting the following env vars:
AIRFLOW_CTX_DAG_OWNER=airflow
AIRFLOW_CTX_DAG_ID=Demo
AIRFLOW_CTX_TASK_ID=producer
AIRFLOW_CTX_EXECUTION_DATE=2022-10-21T11:17:00+00:00
AIRFLOW_CTX_DAG_RUN_ID=scheduled__2022-10-21T11:17:00+00:00
[2022-10-21 11:18:03,229] {logging_mixin.py:109} INFO - Producing message @ 2022-10-21 11:18:03.229347 | Message = {'data_id': 298, 'name': 'BTC', 'timestamp': 1666351083}
[2022-10-21 11:18:03,230] {logging_mixin.py:109} INFO - Producing message @ 2022-10-21 11:18:03.230657 | Message = {'data_id': 96, 'name': 'ETH', 'timestamp': 1666351083}
[2022-10-21 11:18:03,231] {logging_mixin.py:109} INFO - Producing message @ 2022-10-21 11:18:03.231185 | Message = {'data_id': 10, 'name': 'BTT', 'timestamp': 1666351083}
[2022-10-21 11:18:03,231] {logging_mixin.py:109} INFO - Producing message @ 2022-10-21 11:18:03.231700 | Message = {'data_id': 159, 'name': 'DOT', 'timestamp': 1666351083}
[2022-10-21 11:18:03,232] {python.py:175} INFO - Done. Returned value was: None
[2022-10-21 11:18:03,238] {taskinstance.py:1272} INFO - Marking task as SUCCESS. dag_id=Demo, task_id=producer, execution_date=20221021T111700, start_date=20221021T111803, end_date=20221021T111803
[2022-10-21 11:18:03,276] {local_task_job.py:154} INFO - Task exited with return code 0
[2022-10-21 11:18:03,291] {local_task_job.py:264} INFO - 0 downstream tasks scheduled from follow-on schedule check
