[2022-02-28 06:49:49,630] {taskinstance.py:1037} INFO - Dependencies all met for <TaskInstance: 0747_pipeline.paragraph_extract manual__2022-02-28T06:37:06.521999+00:00 [queued]>
[2022-02-28 06:49:49,647] {taskinstance.py:1037} INFO - Dependencies all met for <TaskInstance: 0747_pipeline.paragraph_extract manual__2022-02-28T06:37:06.521999+00:00 [queued]>
[2022-02-28 06:49:49,648] {taskinstance.py:1243} INFO - 
--------------------------------------------------------------------------------
[2022-02-28 06:49:49,648] {taskinstance.py:1244} INFO - Starting attempt 1 of 1
[2022-02-28 06:49:49,649] {taskinstance.py:1245} INFO - 
--------------------------------------------------------------------------------
[2022-02-28 06:49:49,697] {taskinstance.py:1264} INFO - Executing <Task(SparkSubmitOperator): paragraph_extract> on 2022-02-28 06:37:06.521999+00:00
[2022-02-28 06:49:49,699] {standard_task_runner.py:52} INFO - Started process 196 to run task
[2022-02-28 06:49:49,702] {standard_task_runner.py:76} INFO - Running: ['airflow', 'tasks', 'run', '0747_pipeline', 'paragraph_extract', 'manual__2022-02-28T06:37:06.521999+00:00', '--job-id', '77', '--raw', '--subdir', 'DAGS_FOLDER/0747.py', '--cfg-path', '/tmp/tmp8esdbr7n', '--error-file', '/tmp/tmp2pnpsxn0']
[2022-02-28 06:49:49,703] {standard_task_runner.py:77} INFO - Job 77: Subtask paragraph_extract
[2022-02-28 06:49:49,787] {logging_mixin.py:109} INFO - Running <TaskInstance: 0747_pipeline.paragraph_extract manual__2022-02-28T06:37:06.521999+00:00 [running]> on host c5f5c4f93487
[2022-02-28 06:49:49,888] {taskinstance.py:1431} INFO - Exporting the following env vars:
AIRFLOW_CTX_DAG_OWNER=airflow
AIRFLOW_CTX_DAG_ID=0747_pipeline
AIRFLOW_CTX_TASK_ID=paragraph_extract
AIRFLOW_CTX_EXECUTION_DATE=2022-02-28T06:37:06.521999+00:00
AIRFLOW_CTX_DAG_RUN_ID=manual__2022-02-28T06:37:06.521999+00:00
[2022-02-28 06:49:49,898] {base.py:79} INFO - Using connection to: id: spark_default. Host: spark://spark-master, Port: 7077, Schema: , Login: , Password: None, extra: {'queue': 'default', 'spark-home': '', 'spark-binary': 'spark-submit', 'namespace': 'default'}
[2022-02-28 06:49:49,899] {spark_submit.py:335} INFO - Spark-Submit cmd: spark-submit --master spark://spark-master:7077 --name 0747 Pipeline --queue default /sparks/production/0747/document_etl.py
[2022-02-28 06:49:51,220] {spark_submit.py:488} INFO - WARNING: An illegal reflective access operation has occurred
[2022-02-28 06:49:51,221] {spark_submit.py:488} INFO - WARNING: Illegal reflective access by org.apache.spark.unsafe.Platform (file:/usr/local/lib/python3.7/site-packages/pyspark/jars/spark-unsafe_2.12-3.2.1.jar) to constructor java.nio.DirectByteBuffer(long,int)
[2022-02-28 06:49:51,221] {spark_submit.py:488} INFO - WARNING: Please consider reporting this to the maintainers of org.apache.spark.unsafe.Platform
[2022-02-28 06:49:51,222] {spark_submit.py:488} INFO - WARNING: Use --illegal-access=warn to enable warnings of further illegal reflective access operations
[2022-02-28 06:49:51,223] {spark_submit.py:488} INFO - WARNING: All illegal access operations will be denied in a future release
[2022-02-28 06:49:51,658] {spark_submit.py:488} INFO - ===========================
[2022-02-28 06:49:51,659] {spark_submit.py:488} INFO - Step 1: Import Libraries
[2022-02-28 06:49:51,660] {spark_submit.py:488} INFO - ===========================
[2022-02-28 06:49:51,901] {spark_submit.py:488} INFO - ===========================
[2022-02-28 06:49:51,902] {spark_submit.py:488} INFO - Step 2: Start Spark Session
[2022-02-28 06:49:51,904] {spark_submit.py:488} INFO - ===========================
[2022-02-28 06:49:52,004] {spark_submit.py:488} INFO - Using Spark's default log4j profile: org/apache/spark/log4j-defaults.properties
[2022-02-28 06:49:52,016] {spark_submit.py:488} INFO - 22/02/28 06:49:52 INFO SparkContext: Running Spark version 3.2.1
[2022-02-28 06:49:52,130] {spark_submit.py:488} INFO - 22/02/28 06:49:52 WARN NativeCodeLoader: Unable to load native-hadoop library for your platform... using builtin-java classes where applicable
[2022-02-28 06:49:52,278] {spark_submit.py:488} INFO - 22/02/28 06:49:52 INFO ResourceUtils: ==============================================================
[2022-02-28 06:49:52,279] {spark_submit.py:488} INFO - 22/02/28 06:49:52 INFO ResourceUtils: No custom resources configured for spark.driver.
[2022-02-28 06:49:52,280] {spark_submit.py:488} INFO - 22/02/28 06:49:52 INFO ResourceUtils: ==============================================================
[2022-02-28 06:49:52,281] {spark_submit.py:488} INFO - 22/02/28 06:49:52 INFO SparkContext: Submitted application: test
[2022-02-28 06:49:52,309] {spark_submit.py:488} INFO - 22/02/28 06:49:52 INFO ResourceProfile: Default ResourceProfile created, executor resources: Map(cores -> name: cores, amount: 2, script: , vendor: , memory -> name: memory, amount: 2048, script: , vendor: , offHeap -> name: offHeap, amount: 0, script: , vendor: ), task resources: Map(cpus -> name: cpus, amount: 1.0)
[2022-02-28 06:49:52,324] {spark_submit.py:488} INFO - 22/02/28 06:49:52 INFO ResourceProfile: Limiting resource is cpus at 2 tasks per executor
[2022-02-28 06:49:52,327] {spark_submit.py:488} INFO - 22/02/28 06:49:52 INFO ResourceProfileManager: Added ResourceProfile id: 0
[2022-02-28 06:49:52,389] {spark_submit.py:488} INFO - 22/02/28 06:49:52 INFO SecurityManager: Changing view acls to: root
[2022-02-28 06:49:52,390] {spark_submit.py:488} INFO - 22/02/28 06:49:52 INFO SecurityManager: Changing modify acls to: root
[2022-02-28 06:49:52,391] {spark_submit.py:488} INFO - 22/02/28 06:49:52 INFO SecurityManager: Changing view acls groups to:
[2022-02-28 06:49:52,392] {spark_submit.py:488} INFO - 22/02/28 06:49:52 INFO SecurityManager: Changing modify acls groups to:
[2022-02-28 06:49:52,392] {spark_submit.py:488} INFO - 22/02/28 06:49:52 INFO SecurityManager: SecurityManager: authentication disabled; ui acls disabled; users  with view permissions: Set(root); groups with view permissions: Set(); users  with modify permissions: Set(root); groups with modify permissions: Set()
[2022-02-28 06:49:52,787] {spark_submit.py:488} INFO - 22/02/28 06:49:52 INFO Utils: Successfully started service 'sparkDriver' on port 38611.
[2022-02-28 06:49:52,821] {spark_submit.py:488} INFO - 22/02/28 06:49:52 INFO SparkEnv: Registering MapOutputTracker
[2022-02-28 06:49:52,859] {spark_submit.py:488} INFO - 22/02/28 06:49:52 INFO SparkEnv: Registering BlockManagerMaster
[2022-02-28 06:49:52,886] {spark_submit.py:488} INFO - 22/02/28 06:49:52 INFO BlockManagerMasterEndpoint: Using org.apache.spark.storage.DefaultTopologyMapper for getting topology information
[2022-02-28 06:49:52,887] {spark_submit.py:488} INFO - 22/02/28 06:49:52 INFO BlockManagerMasterEndpoint: BlockManagerMasterEndpoint up
[2022-02-28 06:49:52,893] {spark_submit.py:488} INFO - 22/02/28 06:49:52 INFO SparkEnv: Registering BlockManagerMasterHeartbeat
[2022-02-28 06:49:52,924] {spark_submit.py:488} INFO - 22/02/28 06:49:52 INFO DiskBlockManager: Created local directory at /tmp/blockmgr-6f025b94-c8b4-41a8-a927-86cda83c2864
[2022-02-28 06:49:52,948] {spark_submit.py:488} INFO - 22/02/28 06:49:52 INFO MemoryStore: MemoryStore started with capacity 434.4 MiB
[2022-02-28 06:49:52,969] {spark_submit.py:488} INFO - 22/02/28 06:49:52 INFO SparkEnv: Registering OutputCommitCoordinator
[2022-02-28 06:49:53,256] {spark_submit.py:488} INFO - 22/02/28 06:49:53 INFO Utils: Successfully started service 'SparkUI' on port 4040.
[2022-02-28 06:49:53,332] {spark_submit.py:488} INFO - 22/02/28 06:49:53 INFO SparkUI: Bound SparkUI to 0.0.0.0, and started at http://c5f5c4f93487:4040
[2022-02-28 06:49:53,531] {spark_submit.py:488} INFO - 22/02/28 06:49:53 INFO StandaloneAppClient$ClientEndpoint: Connecting to master spark://spark-master:7077...
[2022-02-28 06:49:53,608] {spark_submit.py:488} INFO - 22/02/28 06:49:53 INFO TransportClientFactory: Successfully created connection to spark-master/172.19.0.3:7077 after 51 ms (0 ms spent in bootstraps)
[2022-02-28 06:49:53,728] {spark_submit.py:488} INFO - 22/02/28 06:49:53 INFO StandaloneSchedulerBackend: Connected to Spark cluster with app ID app-20220228064953-0001
[2022-02-28 06:49:53,731] {spark_submit.py:488} INFO - 22/02/28 06:49:53 INFO StandaloneAppClient$ClientEndpoint: Executor added: app-20220228064953-0001/0 on worker-20220228064915-172.19.0.4-7000 (172.19.0.4:7000) with 2 core(s)
[2022-02-28 06:49:53,746] {spark_submit.py:488} INFO - 22/02/28 06:49:53 INFO StandaloneSchedulerBackend: Granted executor ID app-20220228064953-0001/0 on hostPort 172.19.0.4:7000 with 2 core(s), 2.0 GiB RAM
[2022-02-28 06:49:53,748] {spark_submit.py:488} INFO - 22/02/28 06:49:53 INFO StandaloneAppClient$ClientEndpoint: Executor added: app-20220228064953-0001/1 on worker-20220228064915-172.19.0.5-7000 (172.19.0.5:7000) with 2 core(s)
[2022-02-28 06:49:53,749] {spark_submit.py:488} INFO - 22/02/28 06:49:53 INFO StandaloneSchedulerBackend: Granted executor ID app-20220228064953-0001/1 on hostPort 172.19.0.5:7000 with 2 core(s), 2.0 GiB RAM
[2022-02-28 06:49:53,764] {spark_submit.py:488} INFO - 22/02/28 06:49:53 INFO Utils: Successfully started service 'org.apache.spark.network.netty.NettyBlockTransferService' on port 41955.
[2022-02-28 06:49:53,767] {spark_submit.py:488} INFO - 22/02/28 06:49:53 INFO NettyBlockTransferService: Server created on c5f5c4f93487:41955
[2022-02-28 06:49:53,771] {spark_submit.py:488} INFO - 22/02/28 06:49:53 INFO BlockManager: Using org.apache.spark.storage.RandomBlockReplicationPolicy for block replication policy
[2022-02-28 06:49:53,798] {spark_submit.py:488} INFO - 22/02/28 06:49:53 INFO BlockManagerMaster: Registering BlockManager BlockManagerId(driver, c5f5c4f93487, 41955, None)
[2022-02-28 06:49:53,822] {spark_submit.py:488} INFO - 22/02/28 06:49:53 INFO BlockManagerMasterEndpoint: Registering block manager c5f5c4f93487:41955 with 434.4 MiB RAM, BlockManagerId(driver, c5f5c4f93487, 41955, None)
[2022-02-28 06:49:53,841] {spark_submit.py:488} INFO - 22/02/28 06:49:53 ERROR TransportRequestHandler: Error while invoking RpcHandler#receive() for one-way message.
[2022-02-28 06:49:53,851] {spark_submit.py:488} INFO - java.io.InvalidClassException: org.apache.spark.deploy.DeployMessages$ExecutorUpdated; local class incompatible: stream classdesc serialVersionUID = 1654279024112373855, local class serialVersionUID = -1971851081955655249
[2022-02-28 06:49:53,853] {spark_submit.py:488} INFO - at java.base/java.io.ObjectStreamClass.initNonProxy(ObjectStreamClass.java:689)
[2022-02-28 06:49:53,856] {spark_submit.py:488} INFO - at java.base/java.io.ObjectInputStream.readNonProxyDesc(ObjectInputStream.java:2014)
[2022-02-28 06:49:53,857] {spark_submit.py:488} INFO - at java.base/java.io.ObjectInputStream.readClassDesc(ObjectInputStream.java:1864)
[2022-02-28 06:49:53,859] {spark_submit.py:488} INFO - at java.base/java.io.ObjectInputStream.readOrdinaryObject(ObjectInputStream.java:2195)
[2022-02-28 06:49:53,860] {spark_submit.py:488} INFO - at java.base/java.io.ObjectInputStream.readObject0(ObjectInputStream.java:1681)
[2022-02-28 06:49:53,862] {spark_submit.py:488} INFO - at java.base/java.io.ObjectInputStream.readObject(ObjectInputStream.java:493)
[2022-02-28 06:49:53,863] {spark_submit.py:488} INFO - at java.base/java.io.ObjectInputStream.readObject(ObjectInputStream.java:451)
[2022-02-28 06:49:53,865] {spark_submit.py:488} INFO - at org.apache.spark.serializer.JavaDeserializationStream.readObject(JavaSerializer.scala:76)
[2022-02-28 06:49:53,868] {spark_submit.py:488} INFO - at org.apache.spark.serializer.JavaSerializerInstance.deserialize(JavaSerializer.scala:109)
[2022-02-28 06:49:53,870] {spark_submit.py:488} INFO - at org.apache.spark.rpc.netty.NettyRpcEnv.$anonfun$deserialize$2(NettyRpcEnv.scala:299)
[2022-02-28 06:49:53,872] {spark_submit.py:488} INFO - at scala.util.DynamicVariable.withValue(DynamicVariable.scala:62)
[2022-02-28 06:49:53,873] {spark_submit.py:488} INFO - at org.apache.spark.rpc.netty.NettyRpcEnv.deserialize(NettyRpcEnv.scala:352)
[2022-02-28 06:49:53,874] {spark_submit.py:488} INFO - at org.apache.spark.rpc.netty.NettyRpcEnv.$anonfun$deserialize$1(NettyRpcEnv.scala:298)
[2022-02-28 06:49:53,877] {spark_submit.py:488} INFO - at scala.util.DynamicVariable.withValue(DynamicVariable.scala:62)
[2022-02-28 06:49:53,880] {spark_submit.py:488} INFO - at org.apache.spark.rpc.netty.NettyRpcEnv.deserialize(NettyRpcEnv.scala:298)
[2022-02-28 06:49:53,886] {spark_submit.py:488} INFO - at org.apache.spark.rpc.netty.RequestMessage$.apply(NettyRpcEnv.scala:647)
[2022-02-28 06:49:53,891] {spark_submit.py:488} INFO - at org.apache.spark.rpc.netty.NettyRpcHandler.internalReceive(NettyRpcEnv.scala:698)
[2022-02-28 06:49:53,893] {spark_submit.py:488} INFO - at org.apache.spark.rpc.netty.NettyRpcHandler.receive(NettyRpcEnv.scala:690)
[2022-02-28 06:49:53,894] {spark_submit.py:488} INFO - at org.apache.spark.network.server.TransportRequestHandler.processOneWayMessage(TransportRequestHandler.java:274)
[2022-02-28 06:49:53,897] {spark_submit.py:488} INFO - at org.apache.spark.network.server.TransportRequestHandler.handle(TransportRequestHandler.java:111)
[2022-02-28 06:49:53,898] {spark_submit.py:488} INFO - at org.apache.spark.network.server.TransportChannelHandler.channelRead0(TransportChannelHandler.java:140)
[2022-02-28 06:49:53,899] {spark_submit.py:488} INFO - at org.apache.spark.network.server.TransportChannelHandler.channelRead0(TransportChannelHandler.java:53)
[2022-02-28 06:49:53,901] {spark_submit.py:488} INFO - at io.netty.channel.SimpleChannelInboundHandler.channelRead(SimpleChannelInboundHandler.java:99)
[2022-02-28 06:49:53,902] {spark_submit.py:488} INFO - at io.netty.channel.AbstractChannelHandlerContext.invokeChannelRead(AbstractChannelHandlerContext.java:379)
[2022-02-28 06:49:53,903] {spark_submit.py:488} INFO - at io.netty.channel.AbstractChannelHandlerContext.invokeChannelRead(AbstractChannelHandlerContext.java:365)
[2022-02-28 06:49:53,905] {spark_submit.py:488} INFO - at io.netty.channel.AbstractChannelHandlerContext.fireChannelRead(AbstractChannelHandlerContext.java:357)
[2022-02-28 06:49:53,906] {spark_submit.py:488} INFO - at io.netty.handler.timeout.IdleStateHandler.channelRead(IdleStateHandler.java:286)
[2022-02-28 06:49:53,908] {spark_submit.py:488} INFO - at io.netty.channel.AbstractChannelHandlerContext.invokeChannelRead(AbstractChannelHandlerContext.java:379)
[2022-02-28 06:49:53,909] {spark_submit.py:488} INFO - at io.netty.channel.AbstractChannelHandlerContext.invokeChannelRead(AbstractChannelHandlerContext.java:365)
[2022-02-28 06:49:53,911] {spark_submit.py:488} INFO - at io.netty.channel.AbstractChannelHandlerContext.fireChannelRead(AbstractChannelHandlerContext.java:357)
[2022-02-28 06:49:53,912] {spark_submit.py:488} INFO - at io.netty.handler.codec.MessageToMessageDecoder.channelRead(MessageToMessageDecoder.java:103)
[2022-02-28 06:49:53,913] {spark_submit.py:488} INFO - at io.netty.channel.AbstractChannelHandlerContext.invokeChannelRead(AbstractChannelHandlerContext.java:379)
[2022-02-28 06:49:53,915] {spark_submit.py:488} INFO - at io.netty.channel.AbstractChannelHandlerContext.invokeChannelRead(AbstractChannelHandlerContext.java:365)
[2022-02-28 06:49:53,916] {spark_submit.py:488} INFO - at io.netty.channel.AbstractChannelHandlerContext.fireChannelRead(AbstractChannelHandlerContext.java:357)
[2022-02-28 06:49:53,917] {spark_submit.py:488} INFO - at org.apache.spark.network.util.TransportFrameDecoder.channelRead(TransportFrameDecoder.java:102)
[2022-02-28 06:49:53,918] {spark_submit.py:488} INFO - at io.netty.channel.AbstractChannelHandlerContext.invokeChannelRead(AbstractChannelHandlerContext.java:379)
[2022-02-28 06:49:53,920] {spark_submit.py:488} INFO - at io.netty.channel.AbstractChannelHandlerContext.invokeChannelRead(AbstractChannelHandlerContext.java:365)
[2022-02-28 06:49:53,920] {spark_submit.py:488} INFO - at io.netty.channel.AbstractChannelHandlerContext.fireChannelRead(AbstractChannelHandlerContext.java:357)
[2022-02-28 06:49:53,923] {spark_submit.py:488} INFO - at io.netty.channel.DefaultChannelPipeline$HeadContext.channelRead(DefaultChannelPipeline.java:1410)
[2022-02-28 06:49:53,925] {spark_submit.py:488} INFO - at io.netty.channel.AbstractChannelHandlerContext.invokeChannelRead(AbstractChannelHandlerContext.java:379)
[2022-02-28 06:49:53,928] {spark_submit.py:488} INFO - at io.netty.channel.AbstractChannelHandlerContext.invokeChannelRead(AbstractChannelHandlerContext.java:365)
[2022-02-28 06:49:53,929] {spark_submit.py:488} INFO - at io.netty.channel.DefaultChannelPipeline.fireChannelRead(DefaultChannelPipeline.java:919)
[2022-02-28 06:49:53,930] {spark_submit.py:488} INFO - at io.netty.channel.nio.AbstractNioByteChannel$NioByteUnsafe.read(AbstractNioByteChannel.java:166)
[2022-02-28 06:49:53,932] {spark_submit.py:488} INFO - at io.netty.channel.nio.NioEventLoop.processSelectedKey(NioEventLoop.java:719)
[2022-02-28 06:49:53,933] {spark_submit.py:488} INFO - at io.netty.channel.nio.NioEventLoop.processSelectedKeysOptimized(NioEventLoop.java:655)
[2022-02-28 06:49:53,934] {spark_submit.py:488} INFO - at io.netty.channel.nio.NioEventLoop.processSelectedKeys(NioEventLoop.java:581)
[2022-02-28 06:49:53,935] {spark_submit.py:488} INFO - at io.netty.channel.nio.NioEventLoop.run(NioEventLoop.java:493)
[2022-02-28 06:49:53,936] {spark_submit.py:488} INFO - at io.netty.util.concurrent.SingleThreadEventExecutor$4.run(SingleThreadEventExecutor.java:986)
[2022-02-28 06:49:53,937] {spark_submit.py:488} INFO - at io.netty.util.internal.ThreadExecutorMap$2.run(ThreadExecutorMap.java:74)
[2022-02-28 06:49:53,938] {spark_submit.py:488} INFO - at io.netty.util.concurrent.FastThreadLocalRunnable.run(FastThreadLocalRunnable.java:30)
[2022-02-28 06:49:53,939] {spark_submit.py:488} INFO - at java.base/java.lang.Thread.run(Thread.java:829)
[2022-02-28 06:49:53,940] {spark_submit.py:488} INFO - 22/02/28 06:49:53 INFO BlockManagerMaster: Registered BlockManager BlockManagerId(driver, c5f5c4f93487, 41955, None)
[2022-02-28 06:49:53,941] {spark_submit.py:488} INFO - 22/02/28 06:49:53 ERROR TransportRequestHandler: Error while invoking RpcHandler#receive() for one-way message.
[2022-02-28 06:49:53,942] {spark_submit.py:488} INFO - java.io.InvalidClassException: org.apache.spark.deploy.DeployMessages$ExecutorUpdated; local class incompatible: stream classdesc serialVersionUID = 1654279024112373855, local class serialVersionUID = -1971851081955655249
[2022-02-28 06:49:53,943] {spark_submit.py:488} INFO - at java.base/java.io.ObjectStreamClass.initNonProxy(ObjectStreamClass.java:689)
[2022-02-28 06:49:53,944] {spark_submit.py:488} INFO - at java.base/java.io.ObjectInputStream.readNonProxyDesc(ObjectInputStream.java:2014)
[2022-02-28 06:49:53,945] {spark_submit.py:488} INFO - at java.base/java.io.ObjectInputStream.readClassDesc(ObjectInputStream.java:1864)
[2022-02-28 06:49:53,946] {spark_submit.py:488} INFO - at java.base/java.io.ObjectInputStream.readOrdinaryObject(ObjectInputStream.java:2195)
[2022-02-28 06:49:53,947] {spark_submit.py:488} INFO - at java.base/java.io.ObjectInputStream.readObject0(ObjectInputStream.java:1681)
[2022-02-28 06:49:53,948] {spark_submit.py:488} INFO - at java.base/java.io.ObjectInputStream.readObject(ObjectInputStream.java:493)
[2022-02-28 06:49:53,948] {spark_submit.py:488} INFO - at java.base/java.io.ObjectInputStream.readObject(ObjectInputStream.java:451)
[2022-02-28 06:49:53,949] {spark_submit.py:488} INFO - at org.apache.spark.serializer.JavaDeserializationStream.readObject(JavaSerializer.scala:76)
[2022-02-28 06:49:53,950] {spark_submit.py:488} INFO - at org.apache.spark.serializer.JavaSerializerInstance.deserialize(JavaSerializer.scala:109)
[2022-02-28 06:49:53,951] {spark_submit.py:488} INFO - at org.apache.spark.rpc.netty.NettyRpcEnv.$anonfun$deserialize$2(NettyRpcEnv.scala:299)
[2022-02-28 06:49:53,952] {spark_submit.py:488} INFO - at scala.util.DynamicVariable.withValue(DynamicVariable.scala:62)
[2022-02-28 06:49:53,953] {spark_submit.py:488} INFO - at org.apache.spark.rpc.netty.NettyRpcEnv.deserialize(NettyRpcEnv.scala:352)
[2022-02-28 06:49:53,953] {spark_submit.py:488} INFO - at org.apache.spark.rpc.netty.NettyRpcEnv.$anonfun$deserialize$1(NettyRpcEnv.scala:298)
[2022-02-28 06:49:53,954] {spark_submit.py:488} INFO - at scala.util.DynamicVariable.withValue(DynamicVariable.scala:62)
[2022-02-28 06:49:53,955] {spark_submit.py:488} INFO - at org.apache.spark.rpc.netty.NettyRpcEnv.deserialize(NettyRpcEnv.scala:298)
[2022-02-28 06:49:53,957] {spark_submit.py:488} INFO - at org.apache.spark.rpc.netty.RequestMessage$.apply(NettyRpcEnv.scala:647)
[2022-02-28 06:49:53,958] {spark_submit.py:488} INFO - at org.apache.spark.rpc.netty.NettyRpcHandler.internalReceive(NettyRpcEnv.scala:698)
[2022-02-28 06:49:53,959] {spark_submit.py:488} INFO - at org.apache.spark.rpc.netty.NettyRpcHandler.receive(NettyRpcEnv.scala:690)
[2022-02-28 06:49:53,960] {spark_submit.py:488} INFO - at org.apache.spark.network.server.TransportRequestHandler.processOneWayMessage(TransportRequestHandler.java:274)
[2022-02-28 06:49:53,961] {spark_submit.py:488} INFO - at org.apache.spark.network.server.TransportRequestHandler.handle(TransportRequestHandler.java:111)
[2022-02-28 06:49:53,962] {spark_submit.py:488} INFO - at org.apache.spark.network.server.TransportChannelHandler.channelRead0(TransportChannelHandler.java:140)
[2022-02-28 06:49:53,963] {spark_submit.py:488} INFO - at org.apache.spark.network.server.TransportChannelHandler.channelRead0(TransportChannelHandler.java:53)
[2022-02-28 06:49:53,963] {spark_submit.py:488} INFO - at io.netty.channel.SimpleChannelInboundHandler.channelRead(SimpleChannelInboundHandler.java:99)
[2022-02-28 06:49:53,964] {spark_submit.py:488} INFO - at io.netty.channel.AbstractChannelHandlerContext.invokeChannelRead(AbstractChannelHandlerContext.java:379)
[2022-02-28 06:49:53,965] {spark_submit.py:488} INFO - at io.netty.channel.AbstractChannelHandlerContext.invokeChannelRead(AbstractChannelHandlerContext.java:365)
[2022-02-28 06:49:53,965] {spark_submit.py:488} INFO - at io.netty.channel.AbstractChannelHandlerContext.fireChannelRead(AbstractChannelHandlerContext.java:357)
[2022-02-28 06:49:53,966] {spark_submit.py:488} INFO - at io.netty.handler.timeout.IdleStateHandler.channelRead(IdleStateHandler.java:286)
[2022-02-28 06:49:53,967] {spark_submit.py:488} INFO - at io.netty.channel.AbstractChannelHandlerContext.invokeChannelRead(AbstractChannelHandlerContext.java:379)
[2022-02-28 06:49:53,968] {spark_submit.py:488} INFO - at io.netty.channel.AbstractChannelHandlerContext.invokeChannelRead(AbstractChannelHandlerContext.java:365)
[2022-02-28 06:49:53,969] {spark_submit.py:488} INFO - at io.netty.channel.AbstractChannelHandlerContext.fireChannelRead(AbstractChannelHandlerContext.java:357)
[2022-02-28 06:49:53,970] {spark_submit.py:488} INFO - at io.netty.handler.codec.MessageToMessageDecoder.channelRead(MessageToMessageDecoder.java:103)
[2022-02-28 06:49:53,971] {spark_submit.py:488} INFO - at io.netty.channel.AbstractChannelHandlerContext.invokeChannelRead(AbstractChannelHandlerContext.java:379)
[2022-02-28 06:49:53,972] {spark_submit.py:488} INFO - at io.netty.channel.AbstractChannelHandlerContext.invokeChannelRead(AbstractChannelHandlerContext.java:365)
[2022-02-28 06:49:53,973] {spark_submit.py:488} INFO - at io.netty.channel.AbstractChannelHandlerContext.fireChannelRead(AbstractChannelHandlerContext.java:357)
[2022-02-28 06:49:53,974] {spark_submit.py:488} INFO - at org.apache.spark.network.util.TransportFrameDecoder.channelRead(TransportFrameDecoder.java:102)
[2022-02-28 06:49:53,975] {spark_submit.py:488} INFO - at io.netty.channel.AbstractChannelHandlerContext.invokeChannelRead(AbstractChannelHandlerContext.java:379)
[2022-02-28 06:49:53,976] {spark_submit.py:488} INFO - at io.netty.channel.AbstractChannelHandlerContext.invokeChannelRead(AbstractChannelHandlerContext.java:365)
[2022-02-28 06:49:53,977] {spark_submit.py:488} INFO - at io.netty.channel.AbstractChannelHandlerContext.fireChannelRead(AbstractChannelHandlerContext.java:357)
[2022-02-28 06:49:53,978] {spark_submit.py:488} INFO - at io.netty.channel.DefaultChannelPipeline$HeadContext.channelRead(DefaultChannelPipeline.java:1410)
[2022-02-28 06:49:53,979] {spark_submit.py:488} INFO - at io.netty.channel.AbstractChannelHandlerContext.invokeChannelRead(AbstractChannelHandlerContext.java:379)
[2022-02-28 06:49:53,980] {spark_submit.py:488} INFO - at io.netty.channel.AbstractChannelHandlerContext.invokeChannelRead(AbstractChannelHandlerContext.java:365)
[2022-02-28 06:49:53,983] {spark_submit.py:488} INFO - at io.netty.channel.DefaultChannelPipeline.fireChannelRead(DefaultChannelPipeline.java:919)
[2022-02-28 06:49:53,984] {spark_submit.py:488} INFO - at io.netty.channel.nio.AbstractNioByteChannel$NioByteUnsafe.read(AbstractNioByteChannel.java:166)
[2022-02-28 06:49:53,985] {spark_submit.py:488} INFO - at io.netty.channel.nio.NioEventLoop.processSelectedKey(NioEventLoop.java:719)
[2022-02-28 06:49:53,986] {spark_submit.py:488} INFO - at io.netty.channel.nio.NioEventLoop.processSelectedKeysOptimized(NioEventLoop.java:655)
[2022-02-28 06:49:53,987] {spark_submit.py:488} INFO - at io.netty.channel.nio.NioEventLoop.processSelectedKeys(NioEventLoop.java:581)
[2022-02-28 06:49:53,988] {spark_submit.py:488} INFO - at io.netty.channel.nio.NioEventLoop.run(NioEventLoop.java:493)
[2022-02-28 06:49:53,990] {spark_submit.py:488} INFO - at io.netty.util.concurrent.SingleThreadEventExecutor$4.run(SingleThreadEventExecutor.java:986)
[2022-02-28 06:49:53,990] {spark_submit.py:488} INFO - at io.netty.util.internal.ThreadExecutorMap$2.run(ThreadExecutorMap.java:74)
[2022-02-28 06:49:53,991] {spark_submit.py:488} INFO - at io.netty.util.concurrent.FastThreadLocalRunnable.run(FastThreadLocalRunnable.java:30)
[2022-02-28 06:49:53,992] {spark_submit.py:488} INFO - at java.base/java.lang.Thread.run(Thread.java:829)
[2022-02-28 06:49:53,993] {spark_submit.py:488} INFO - 22/02/28 06:49:53 INFO BlockManager: Initialized BlockManager: BlockManagerId(driver, c5f5c4f93487, 41955, None)
[2022-02-28 06:49:54,315] {spark_submit.py:488} INFO - 22/02/28 06:49:54 INFO StandaloneSchedulerBackend: SchedulerBackend is ready for scheduling beginning after reached minRegisteredResourcesRatio: 0.0
[2022-02-28 06:49:54,756] {spark_submit.py:488} INFO - 22/02/28 06:49:54 INFO SharedState: Setting hive.metastore.warehouse.dir ('null') to the value of spark.sql.warehouse.dir.
[2022-02-28 06:49:54,792] {spark_submit.py:488} INFO - 22/02/28 06:49:54 INFO SharedState: Warehouse path is 'file:/airflow/spark-warehouse'.
[2022-02-28 06:49:56,038] {spark_submit.py:488} INFO - /usr/local/lib/python3.7/site-packages/pyspark/python/lib/pyspark.zip/pyspark/sql/context.py:79: FutureWarning: Deprecated in 3.0.0. Use SparkSession.builder.getOrCreate() instead.
[2022-02-28 06:49:56,121] {spark_submit.py:488} INFO - 22/02/28 06:49:56 INFO SparkContext: Invoking stop() from shutdown hook
[2022-02-28 06:49:56,166] {spark_submit.py:488} INFO - 22/02/28 06:49:56 INFO SparkUI: Stopped Spark web UI at http://c5f5c4f93487:4040
[2022-02-28 06:49:56,179] {spark_submit.py:488} INFO - 22/02/28 06:49:56 INFO StandaloneSchedulerBackend: Shutting down all executors
[2022-02-28 06:49:56,191] {spark_submit.py:488} INFO - 22/02/28 06:49:56 INFO CoarseGrainedSchedulerBackend$DriverEndpoint: Asking each executor to shut down
[2022-02-28 06:49:56,245] {spark_submit.py:488} INFO - 22/02/28 06:49:56 INFO MapOutputTrackerMasterEndpoint: MapOutputTrackerMasterEndpoint stopped!
[2022-02-28 06:49:56,268] {spark_submit.py:488} INFO - 22/02/28 06:49:56 INFO MemoryStore: MemoryStore cleared
[2022-02-28 06:49:56,270] {spark_submit.py:488} INFO - 22/02/28 06:49:56 INFO BlockManager: BlockManager stopped
[2022-02-28 06:49:56,288] {spark_submit.py:488} INFO - 22/02/28 06:49:56 INFO BlockManagerMaster: BlockManagerMaster stopped
[2022-02-28 06:49:56,293] {spark_submit.py:488} INFO - 22/02/28 06:49:56 INFO OutputCommitCoordinator$OutputCommitCoordinatorEndpoint: OutputCommitCoordinator stopped!
[2022-02-28 06:49:56,324] {spark_submit.py:488} INFO - 22/02/28 06:49:56 INFO SparkContext: Successfully stopped SparkContext
[2022-02-28 06:49:56,325] {spark_submit.py:488} INFO - 22/02/28 06:49:56 INFO ShutdownHookManager: Shutdown hook called
[2022-02-28 06:49:56,327] {spark_submit.py:488} INFO - 22/02/28 06:49:56 INFO ShutdownHookManager: Deleting directory /tmp/spark-47dfb18f-e85b-4771-9603-dd004e17c658
[2022-02-28 06:49:56,332] {spark_submit.py:488} INFO - 22/02/28 06:49:56 INFO ShutdownHookManager: Deleting directory /tmp/spark-ec493139-16d2-4462-807d-31edaeeb4e47
[2022-02-28 06:49:56,336] {spark_submit.py:488} INFO - 22/02/28 06:49:56 INFO ShutdownHookManager: Deleting directory /tmp/spark-ec493139-16d2-4462-807d-31edaeeb4e47/pyspark-47906cc2-31d5-410a-b998-24a2fe27bfe7
[2022-02-28 06:49:56,414] {taskinstance.py:1282} INFO - Marking task as SUCCESS. dag_id=0747_pipeline, task_id=paragraph_extract, execution_date=20220228T063706, start_date=20220228T064949, end_date=20220228T064956
[2022-02-28 06:49:56,494] {local_task_job.py:154} INFO - Task exited with return code 0
[2022-02-28 06:49:56,575] {local_task_job.py:264} INFO - 1 downstream tasks scheduled from follow-on schedule check
