[2022-10-22 03:33:03,525] {taskinstance.py:1037} INFO - Dependencies all met for <TaskInstance: Demo.producer scheduled__2022-10-22T03:32:00+00:00 [queued]>
[2022-10-22 03:33:03,536] {taskinstance.py:1037} INFO - Dependencies all met for <TaskInstance: Demo.producer scheduled__2022-10-22T03:32:00+00:00 [queued]>
[2022-10-22 03:33:03,536] {taskinstance.py:1243} INFO - 
--------------------------------------------------------------------------------
[2022-10-22 03:33:03,537] {taskinstance.py:1244} INFO - Starting attempt 1 of 1
[2022-10-22 03:33:03,538] {taskinstance.py:1245} INFO - 
--------------------------------------------------------------------------------
[2022-10-22 03:33:03,550] {taskinstance.py:1264} INFO - Executing <Task(PythonOperator): producer> on 2022-10-22 03:32:00+00:00
[2022-10-22 03:33:03,554] {standard_task_runner.py:52} INFO - Started process 156 to run task
[2022-10-22 03:33:03,559] {standard_task_runner.py:76} INFO - Running: ['airflow', 'tasks', 'run', 'Demo', 'producer', 'scheduled__2022-10-22T03:32:00+00:00', '--job-id', '17', '--raw', '--subdir', 'DAGS_FOLDER/demo.py', '--cfg-path', '/tmp/tmp0bt_afeg', '--error-file', '/tmp/tmp07cg612y']
[2022-10-22 03:33:03,560] {standard_task_runner.py:77} INFO - Job 17: Subtask producer
[2022-10-22 03:33:03,622] {logging_mixin.py:109} INFO - Running <TaskInstance: Demo.producer scheduled__2022-10-22T03:32:00+00:00 [running]> on host 98616e61dc0f
[2022-10-22 03:33:03,679] {taskinstance.py:1431} INFO - Exporting the following env vars:
AIRFLOW_CTX_DAG_OWNER=airflow
AIRFLOW_CTX_DAG_ID=Demo
AIRFLOW_CTX_TASK_ID=producer
AIRFLOW_CTX_EXECUTION_DATE=2022-10-22T03:32:00+00:00
AIRFLOW_CTX_DAG_RUN_ID=scheduled__2022-10-22T03:32:00+00:00
[2022-10-22 03:33:03,680] {logging_mixin.py:109} INFO - Producing message @ 2022-10-22 03:33:03.680158 | Message = {'data_id': 342, 'name': 'BTC', 'timestamp': 1666409583}
[2022-10-22 03:33:03,681] {logging_mixin.py:109} INFO - Producing message @ 2022-10-22 03:33:03.681623 | Message = {'data_id': 114, 'name': 'ETH', 'timestamp': 1666409583}
[2022-10-22 03:33:03,682] {logging_mixin.py:109} INFO - Producing message @ 2022-10-22 03:33:03.682232 | Message = {'data_id': 19, 'name': 'BTT', 'timestamp': 1666409583}
[2022-10-22 03:33:03,682] {logging_mixin.py:109} INFO - Producing message @ 2022-10-22 03:33:03.682942 | Message = {'data_id': 54, 'name': 'DOT', 'timestamp': 1666409583}
[2022-10-22 03:33:03,683] {python.py:175} INFO - Done. Returned value was: None
[2022-10-22 03:33:03,691] {taskinstance.py:1282} INFO - Marking task as SUCCESS. dag_id=Demo, task_id=producer, execution_date=20221022T033200, start_date=20221022T033303, end_date=20221022T033303
[2022-10-22 03:33:03,732] {local_task_job.py:154} INFO - Task exited with return code 0
[2022-10-22 03:33:03,753] {local_task_job.py:264} INFO - 0 downstream tasks scheduled from follow-on schedule check
