[2022-10-22 03:30:04,057] {taskinstance.py:1037} INFO - Dependencies all met for <TaskInstance: Demo.producer scheduled__2022-10-22T03:29:00+00:00 [queued]>
[2022-10-22 03:30:04,075] {taskinstance.py:1037} INFO - Dependencies all met for <TaskInstance: Demo.producer scheduled__2022-10-22T03:29:00+00:00 [queued]>
[2022-10-22 03:30:04,076] {taskinstance.py:1243} INFO - 
--------------------------------------------------------------------------------
[2022-10-22 03:30:04,077] {taskinstance.py:1244} INFO - Starting attempt 1 of 1
[2022-10-22 03:30:04,077] {taskinstance.py:1245} INFO - 
--------------------------------------------------------------------------------
[2022-10-22 03:30:04,095] {taskinstance.py:1264} INFO - Executing <Task(PythonOperator): producer> on 2022-10-22 03:29:00+00:00
[2022-10-22 03:30:04,100] {standard_task_runner.py:52} INFO - Started process 131 to run task
[2022-10-22 03:30:04,106] {standard_task_runner.py:76} INFO - Running: ['airflow', 'tasks', 'run', 'Demo', 'producer', 'scheduled__2022-10-22T03:29:00+00:00', '--job-id', '14', '--raw', '--subdir', 'DAGS_FOLDER/demo.py', '--cfg-path', '/tmp/tmprcnkvjng', '--error-file', '/tmp/tmpu73e74h5']
[2022-10-22 03:30:04,107] {standard_task_runner.py:77} INFO - Job 14: Subtask producer
[2022-10-22 03:30:04,172] {logging_mixin.py:109} INFO - Running <TaskInstance: Demo.producer scheduled__2022-10-22T03:29:00+00:00 [running]> on host 98616e61dc0f
[2022-10-22 03:30:04,237] {taskinstance.py:1431} INFO - Exporting the following env vars:
AIRFLOW_CTX_DAG_OWNER=airflow
AIRFLOW_CTX_DAG_ID=Demo
AIRFLOW_CTX_TASK_ID=producer
AIRFLOW_CTX_EXECUTION_DATE=2022-10-22T03:29:00+00:00
AIRFLOW_CTX_DAG_RUN_ID=scheduled__2022-10-22T03:29:00+00:00
[2022-10-22 03:30:04,238] {logging_mixin.py:109} INFO - Producing message @ 2022-10-22 03:30:04.238860 | Message = {'data_id': 192, 'name': 'BTC', 'timestamp': 1666409404}
[2022-10-22 03:30:04,240] {logging_mixin.py:109} INFO - Producing message @ 2022-10-22 03:30:04.240276 | Message = {'data_id': 179, 'name': 'ETH', 'timestamp': 1666409404}
[2022-10-22 03:30:04,240] {logging_mixin.py:109} INFO - Producing message @ 2022-10-22 03:30:04.240957 | Message = {'data_id': 36, 'name': 'BTT', 'timestamp': 1666409404}
[2022-10-22 03:30:04,241] {logging_mixin.py:109} INFO - Producing message @ 2022-10-22 03:30:04.241563 | Message = {'data_id': 63, 'name': 'DOT', 'timestamp': 1666409404}
[2022-10-22 03:30:04,242] {python.py:175} INFO - Done. Returned value was: None
[2022-10-22 03:30:04,250] {taskinstance.py:1282} INFO - Marking task as SUCCESS. dag_id=Demo, task_id=producer, execution_date=20221022T032900, start_date=20221022T033004, end_date=20221022T033004
[2022-10-22 03:30:04,279] {local_task_job.py:154} INFO - Task exited with return code 0
[2022-10-22 03:30:04,312] {local_task_job.py:264} INFO - 0 downstream tasks scheduled from follow-on schedule check
