[2022-10-22 03:56:04,113] {taskinstance.py:1037} INFO - Dependencies all met for <TaskInstance: Demo.producer scheduled__2022-10-22T03:55:00+00:00 [queued]>
[2022-10-22 03:56:04,126] {taskinstance.py:1037} INFO - Dependencies all met for <TaskInstance: Demo.producer scheduled__2022-10-22T03:55:00+00:00 [queued]>
[2022-10-22 03:56:04,136] {taskinstance.py:1243} INFO - 
--------------------------------------------------------------------------------
[2022-10-22 03:56:04,137] {taskinstance.py:1244} INFO - Starting attempt 1 of 1
[2022-10-22 03:56:04,138] {taskinstance.py:1245} INFO - 
--------------------------------------------------------------------------------
[2022-10-22 03:56:04,154] {taskinstance.py:1264} INFO - Executing <Task(PythonOperator): producer> on 2022-10-22 03:55:00+00:00
[2022-10-22 03:56:04,159] {standard_task_runner.py:52} INFO - Started process 70 to run task
[2022-10-22 03:56:04,165] {standard_task_runner.py:76} INFO - Running: ['airflow', 'tasks', 'run', 'Demo', 'producer', 'scheduled__2022-10-22T03:55:00+00:00', '--job-id', '25', '--raw', '--subdir', 'DAGS_FOLDER/demo.py', '--cfg-path', '/tmp/tmpto15bowq', '--error-file', '/tmp/tmptmca4zm3']
[2022-10-22 03:56:04,167] {standard_task_runner.py:77} INFO - Job 25: Subtask producer
[2022-10-22 03:56:04,250] {logging_mixin.py:109} INFO - Running <TaskInstance: Demo.producer scheduled__2022-10-22T03:55:00+00:00 [running]> on host 98616e61dc0f
[2022-10-22 03:56:04,322] {taskinstance.py:1431} INFO - Exporting the following env vars:
AIRFLOW_CTX_DAG_OWNER=airflow
AIRFLOW_CTX_DAG_ID=Demo
AIRFLOW_CTX_TASK_ID=producer
AIRFLOW_CTX_EXECUTION_DATE=2022-10-22T03:55:00+00:00
AIRFLOW_CTX_DAG_RUN_ID=scheduled__2022-10-22T03:55:00+00:00
[2022-10-22 03:56:04,324] {logging_mixin.py:109} INFO - Producing message @ 2022-10-22 03:56:04.324318 | Message = {'data_id': 147, 'name': 'BTC', 'timestamp': 1666410964}
[2022-10-22 03:56:04,325] {logging_mixin.py:109} INFO - Producing message @ 2022-10-22 03:56:04.325927 | Message = {'data_id': 228, 'name': 'ETH', 'timestamp': 1666410964}
[2022-10-22 03:56:04,326] {logging_mixin.py:109} INFO - Producing message @ 2022-10-22 03:56:04.326729 | Message = {'data_id': 27, 'name': 'BTT', 'timestamp': 1666410964}
[2022-10-22 03:56:04,327] {logging_mixin.py:109} INFO - Producing message @ 2022-10-22 03:56:04.327549 | Message = {'data_id': 43, 'name': 'DOT', 'timestamp': 1666410964}
[2022-10-22 03:56:04,328] {python.py:175} INFO - Done. Returned value was: None
[2022-10-22 03:56:04,336] {taskinstance.py:1282} INFO - Marking task as SUCCESS. dag_id=Demo, task_id=producer, execution_date=20221022T035500, start_date=20221022T035604, end_date=20221022T035604
[2022-10-22 03:56:04,377] {local_task_job.py:154} INFO - Task exited with return code 0
[2022-10-22 03:56:04,401] {local_task_job.py:264} INFO - 0 downstream tasks scheduled from follow-on schedule check
