[2022-10-21 11:51:03,388] {taskinstance.py:1037} INFO - Dependencies all met for <TaskInstance: Demo.producer scheduled__2022-10-21T11:50:00+00:00 [queued]>
[2022-10-21 11:51:03,396] {taskinstance.py:1037} INFO - Dependencies all met for <TaskInstance: Demo.producer scheduled__2022-10-21T11:50:00+00:00 [queued]>
[2022-10-21 11:51:03,396] {taskinstance.py:1243} INFO - 
--------------------------------------------------------------------------------
[2022-10-21 11:51:03,397] {taskinstance.py:1244} INFO - Starting attempt 1 of 1
[2022-10-21 11:51:03,397] {taskinstance.py:1245} INFO - 
--------------------------------------------------------------------------------
[2022-10-21 11:51:03,407] {taskinstance.py:1264} INFO - Executing <Task(PythonOperator): producer> on 2022-10-21 11:50:00+00:00
[2022-10-21 11:51:03,409] {standard_task_runner.py:52} INFO - Started process 147 to run task
[2022-10-21 11:51:03,413] {standard_task_runner.py:76} INFO - Running: ['airflow', 'tasks', 'run', 'Demo', 'producer', 'scheduled__2022-10-21T11:50:00+00:00', '--job-id', '13', '--raw', '--subdir', 'DAGS_FOLDER/demo.py', '--cfg-path', '/tmp/tmp9tjfjf_e', '--error-file', '/tmp/tmp3yazlv66']
[2022-10-21 11:51:03,414] {standard_task_runner.py:77} INFO - Job 13: Subtask producer
[2022-10-21 11:51:03,453] {logging_mixin.py:109} INFO - Running <TaskInstance: Demo.producer scheduled__2022-10-21T11:50:00+00:00 [running]> on host e4f852c7030f
[2022-10-21 11:51:03,490] {taskinstance.py:1429} INFO - Exporting the following env vars:
AIRFLOW_CTX_DAG_OWNER=airflow
AIRFLOW_CTX_DAG_ID=Demo
AIRFLOW_CTX_TASK_ID=producer
AIRFLOW_CTX_EXECUTION_DATE=2022-10-21T11:50:00+00:00
AIRFLOW_CTX_DAG_RUN_ID=scheduled__2022-10-21T11:50:00+00:00
[2022-10-21 11:51:03,491] {logging_mixin.py:109} INFO - Producing message @ 2022-10-21 11:51:03.491893 | Message = {'data_id': 127, 'name': 'BTC', 'timestamp': 1666353063}
[2022-10-21 11:51:03,492] {logging_mixin.py:109} INFO - Producing message @ 2022-10-21 11:51:03.492932 | Message = {'data_id': 180, 'name': 'ETH', 'timestamp': 1666353063}
[2022-10-21 11:51:03,493] {logging_mixin.py:109} INFO - Producing message @ 2022-10-21 11:51:03.493451 | Message = {'data_id': 19, 'name': 'BTT', 'timestamp': 1666353063}
[2022-10-21 11:51:03,494] {logging_mixin.py:109} INFO - Producing message @ 2022-10-21 11:51:03.494096 | Message = {'data_id': 66, 'name': 'DOT', 'timestamp': 1666353063}
[2022-10-21 11:51:03,494] {python.py:175} INFO - Done. Returned value was: None
[2022-10-21 11:51:03,500] {taskinstance.py:1272} INFO - Marking task as SUCCESS. dag_id=Demo, task_id=producer, execution_date=20221021T115000, start_date=20221021T115103, end_date=20221021T115103
[2022-10-21 11:51:03,546] {local_task_job.py:154} INFO - Task exited with return code 0
[2022-10-21 11:51:03,559] {local_task_job.py:264} INFO - 0 downstream tasks scheduled from follow-on schedule check
