[2022-03-10 19:19:02,301] {taskinstance.py:1037} INFO - Dependencies all met for <TaskInstance: Demo.producer scheduled__2022-03-10T19:18:00+00:00 [queued]>
[2022-03-10 19:19:02,314] {taskinstance.py:1037} INFO - Dependencies all met for <TaskInstance: Demo.producer scheduled__2022-03-10T19:18:00+00:00 [queued]>
[2022-03-10 19:19:02,315] {taskinstance.py:1243} INFO - 
--------------------------------------------------------------------------------
[2022-03-10 19:19:02,316] {taskinstance.py:1244} INFO - Starting attempt 1 of 1
[2022-03-10 19:19:02,316] {taskinstance.py:1245} INFO - 
--------------------------------------------------------------------------------
[2022-03-10 19:19:02,330] {taskinstance.py:1264} INFO - Executing <Task(PythonOperator): producer> on 2022-03-10 19:18:00+00:00
[2022-03-10 19:19:02,333] {standard_task_runner.py:52} INFO - Started process 653 to run task
[2022-03-10 19:19:02,337] {standard_task_runner.py:76} INFO - Running: ['airflow', 'tasks', 'run', 'Demo', 'producer', 'scheduled__2022-03-10T19:18:00+00:00', '--job-id', '64', '--raw', '--subdir', 'DAGS_FOLDER/demo.py', '--cfg-path', '/tmp/tmpk9haavsm', '--error-file', '/tmp/tmpfk6k6drs']
[2022-03-10 19:19:02,338] {standard_task_runner.py:77} INFO - Job 64: Subtask producer
[2022-03-10 19:19:02,468] {logging_mixin.py:109} INFO - Running <TaskInstance: Demo.producer scheduled__2022-03-10T19:18:00+00:00 [running]> on host c17209ace312
[2022-03-10 19:19:02,580] {taskinstance.py:1431} INFO - Exporting the following env vars:
AIRFLOW_CTX_DAG_OWNER=airflow
AIRFLOW_CTX_DAG_ID=Demo
AIRFLOW_CTX_TASK_ID=producer
AIRFLOW_CTX_EXECUTION_DATE=2022-03-10T19:18:00+00:00
AIRFLOW_CTX_DAG_RUN_ID=scheduled__2022-03-10T19:18:00+00:00
[2022-03-10 19:19:02,581] {logging_mixin.py:109} INFO - Producing message @ 2022-03-10 19:19:02.581895 | Message = {'data_id': 375, 'name': 'BTC', 'timestamp': 1646939942}
[2022-03-10 19:19:02,583] {logging_mixin.py:109} INFO - Producing message @ 2022-03-10 19:19:02.583225 | Message = {'data_id': 90, 'name': 'ETH', 'timestamp': 1646939942}
[2022-03-10 19:19:02,584] {logging_mixin.py:109} INFO - Producing message @ 2022-03-10 19:19:02.584133 | Message = {'data_id': 27, 'name': 'BTT', 'timestamp': 1646939942}
[2022-03-10 19:19:02,584] {logging_mixin.py:109} INFO - Producing message @ 2022-03-10 19:19:02.584680 | Message = {'data_id': 70, 'name': 'DOT', 'timestamp': 1646939942}
[2022-03-10 19:19:02,585] {python.py:175} INFO - Done. Returned value was: None
[2022-03-10 19:19:02,620] {taskinstance.py:1282} INFO - Marking task as SUCCESS. dag_id=Demo, task_id=producer, execution_date=20220310T191800, start_date=20220310T191902, end_date=20220310T191902
[2022-03-10 19:19:02,671] {local_task_job.py:154} INFO - Task exited with return code 0
[2022-03-10 19:19:02,752] {local_task_job.py:264} INFO - 0 downstream tasks scheduled from follow-on schedule check
