[2022-10-21 11:46:03,628] {taskinstance.py:1037} INFO - Dependencies all met for <TaskInstance: Demo.producer scheduled__2022-10-21T11:45:00+00:00 [queued]>
[2022-10-21 11:46:03,640] {taskinstance.py:1037} INFO - Dependencies all met for <TaskInstance: Demo.producer scheduled__2022-10-21T11:45:00+00:00 [queued]>
[2022-10-21 11:46:03,641] {taskinstance.py:1243} INFO - 
--------------------------------------------------------------------------------
[2022-10-21 11:46:03,641] {taskinstance.py:1244} INFO - Starting attempt 1 of 1
[2022-10-21 11:46:03,641] {taskinstance.py:1245} INFO - 
--------------------------------------------------------------------------------
[2022-10-21 11:46:03,655] {taskinstance.py:1264} INFO - Executing <Task(PythonOperator): producer> on 2022-10-21 11:45:00+00:00
[2022-10-21 11:46:03,658] {standard_task_runner.py:52} INFO - Started process 114 to run task
[2022-10-21 11:46:03,664] {standard_task_runner.py:76} INFO - Running: ['airflow', 'tasks', 'run', 'Demo', 'producer', 'scheduled__2022-10-21T11:45:00+00:00', '--job-id', '8', '--raw', '--subdir', 'DAGS_FOLDER/demo.py', '--cfg-path', '/tmp/tmp7v2ixk9e', '--error-file', '/tmp/tmpyo0fe23v']
[2022-10-21 11:46:03,667] {standard_task_runner.py:77} INFO - Job 8: Subtask producer
[2022-10-21 11:46:03,723] {logging_mixin.py:109} INFO - Running <TaskInstance: Demo.producer scheduled__2022-10-21T11:45:00+00:00 [running]> on host e4f852c7030f
[2022-10-21 11:46:03,774] {taskinstance.py:1429} INFO - Exporting the following env vars:
AIRFLOW_CTX_DAG_OWNER=airflow
AIRFLOW_CTX_DAG_ID=Demo
AIRFLOW_CTX_TASK_ID=producer
AIRFLOW_CTX_EXECUTION_DATE=2022-10-21T11:45:00+00:00
AIRFLOW_CTX_DAG_RUN_ID=scheduled__2022-10-21T11:45:00+00:00
[2022-10-21 11:46:03,776] {logging_mixin.py:109} INFO - Producing message @ 2022-10-21 11:46:03.776189 | Message = {'data_id': 230, 'name': 'BTC', 'timestamp': 1666352763}
[2022-10-21 11:46:03,777] {logging_mixin.py:109} INFO - Producing message @ 2022-10-21 11:46:03.777750 | Message = {'data_id': 176, 'name': 'ETH', 'timestamp': 1666352763}
[2022-10-21 11:46:03,778] {logging_mixin.py:109} INFO - Producing message @ 2022-10-21 11:46:03.778454 | Message = {'data_id': 34, 'name': 'BTT', 'timestamp': 1666352763}
[2022-10-21 11:46:03,779] {logging_mixin.py:109} INFO - Producing message @ 2022-10-21 11:46:03.779064 | Message = {'data_id': 106, 'name': 'DOT', 'timestamp': 1666352763}
[2022-10-21 11:46:03,779] {python.py:175} INFO - Done. Returned value was: None
[2022-10-21 11:46:03,786] {taskinstance.py:1272} INFO - Marking task as SUCCESS. dag_id=Demo, task_id=producer, execution_date=20221021T114500, start_date=20221021T114603, end_date=20221021T114603
[2022-10-21 11:46:03,837] {local_task_job.py:154} INFO - Task exited with return code 0
[2022-10-21 11:46:03,849] {local_task_job.py:264} INFO - 0 downstream tasks scheduled from follow-on schedule check
