[2022-10-22 03:31:04,181] {taskinstance.py:1037} INFO - Dependencies all met for <TaskInstance: Demo.producer scheduled__2022-10-22T03:30:00+00:00 [queued]>
[2022-10-22 03:31:04,192] {taskinstance.py:1037} INFO - Dependencies all met for <TaskInstance: Demo.producer scheduled__2022-10-22T03:30:00+00:00 [queued]>
[2022-10-22 03:31:04,192] {taskinstance.py:1243} INFO - 
--------------------------------------------------------------------------------
[2022-10-22 03:31:04,193] {taskinstance.py:1244} INFO - Starting attempt 1 of 1
[2022-10-22 03:31:04,193] {taskinstance.py:1245} INFO - 
--------------------------------------------------------------------------------
[2022-10-22 03:31:04,208] {taskinstance.py:1264} INFO - Executing <Task(PythonOperator): producer> on 2022-10-22 03:30:00+00:00
[2022-10-22 03:31:04,213] {standard_task_runner.py:52} INFO - Started process 140 to run task
[2022-10-22 03:31:04,218] {standard_task_runner.py:76} INFO - Running: ['airflow', 'tasks', 'run', 'Demo', 'producer', 'scheduled__2022-10-22T03:30:00+00:00', '--job-id', '15', '--raw', '--subdir', 'DAGS_FOLDER/demo.py', '--cfg-path', '/tmp/tmpjzgyqkja', '--error-file', '/tmp/tmpr3nnjn3d']
[2022-10-22 03:31:04,220] {standard_task_runner.py:77} INFO - Job 15: Subtask producer
[2022-10-22 03:31:04,291] {logging_mixin.py:109} INFO - Running <TaskInstance: Demo.producer scheduled__2022-10-22T03:30:00+00:00 [running]> on host 98616e61dc0f
[2022-10-22 03:31:04,347] {taskinstance.py:1431} INFO - Exporting the following env vars:
AIRFLOW_CTX_DAG_OWNER=airflow
AIRFLOW_CTX_DAG_ID=Demo
AIRFLOW_CTX_TASK_ID=producer
AIRFLOW_CTX_EXECUTION_DATE=2022-10-22T03:30:00+00:00
AIRFLOW_CTX_DAG_RUN_ID=scheduled__2022-10-22T03:30:00+00:00
[2022-10-22 03:31:04,349] {logging_mixin.py:109} INFO - Producing message @ 2022-10-22 03:31:04.349116 | Message = {'data_id': 204, 'name': 'BTC', 'timestamp': 1666409464}
[2022-10-22 03:31:04,351] {logging_mixin.py:109} INFO - Producing message @ 2022-10-22 03:31:04.351258 | Message = {'data_id': 74, 'name': 'ETH', 'timestamp': 1666409464}
[2022-10-22 03:31:04,352] {logging_mixin.py:109} INFO - Producing message @ 2022-10-22 03:31:04.352640 | Message = {'data_id': 37, 'name': 'BTT', 'timestamp': 1666409464}
[2022-10-22 03:31:04,353] {logging_mixin.py:109} INFO - Producing message @ 2022-10-22 03:31:04.353335 | Message = {'data_id': 87, 'name': 'DOT', 'timestamp': 1666409464}
[2022-10-22 03:31:04,354] {python.py:175} INFO - Done. Returned value was: None
[2022-10-22 03:31:04,361] {taskinstance.py:1282} INFO - Marking task as SUCCESS. dag_id=Demo, task_id=producer, execution_date=20221022T033000, start_date=20221022T033104, end_date=20221022T033104
[2022-10-22 03:31:04,391] {local_task_job.py:154} INFO - Task exited with return code 0
[2022-10-22 03:31:04,417] {local_task_job.py:264} INFO - 0 downstream tasks scheduled from follow-on schedule check
