[2022-03-10 19:14:02,436] {taskinstance.py:1037} INFO - Dependencies all met for <TaskInstance: Demo.producer scheduled__2022-03-10T19:13:00+00:00 [queued]>
[2022-03-10 19:14:02,446] {taskinstance.py:1037} INFO - Dependencies all met for <TaskInstance: Demo.producer scheduled__2022-03-10T19:13:00+00:00 [queued]>
[2022-03-10 19:14:02,447] {taskinstance.py:1243} INFO - 
--------------------------------------------------------------------------------
[2022-03-10 19:14:02,447] {taskinstance.py:1244} INFO - Starting attempt 1 of 1
[2022-03-10 19:14:02,448] {taskinstance.py:1245} INFO - 
--------------------------------------------------------------------------------
[2022-03-10 19:14:02,460] {taskinstance.py:1264} INFO - Executing <Task(PythonOperator): producer> on 2022-03-10 19:13:00+00:00
[2022-03-10 19:14:02,463] {standard_task_runner.py:52} INFO - Started process 608 to run task
[2022-03-10 19:14:02,466] {standard_task_runner.py:76} INFO - Running: ['airflow', 'tasks', 'run', 'Demo', 'producer', 'scheduled__2022-03-10T19:13:00+00:00', '--job-id', '59', '--raw', '--subdir', 'DAGS_FOLDER/demo.py', '--cfg-path', '/tmp/tmp3v5yh9z6', '--error-file', '/tmp/tmpo6ujm69e']
[2022-03-10 19:14:02,467] {standard_task_runner.py:77} INFO - Job 59: Subtask producer
[2022-03-10 19:14:02,571] {logging_mixin.py:109} INFO - Running <TaskInstance: Demo.producer scheduled__2022-03-10T19:13:00+00:00 [running]> on host c17209ace312
[2022-03-10 19:14:02,668] {taskinstance.py:1431} INFO - Exporting the following env vars:
AIRFLOW_CTX_DAG_OWNER=airflow
AIRFLOW_CTX_DAG_ID=Demo
AIRFLOW_CTX_TASK_ID=producer
AIRFLOW_CTX_EXECUTION_DATE=2022-03-10T19:13:00+00:00
AIRFLOW_CTX_DAG_RUN_ID=scheduled__2022-03-10T19:13:00+00:00
[2022-03-10 19:14:02,669] {logging_mixin.py:109} INFO - Producing message @ 2022-03-10 19:14:02.669305 | Message = {'data_id': 216, 'name': 'BTC', 'timestamp': 1646939642}
[2022-03-10 19:14:02,670] {logging_mixin.py:109} INFO - Producing message @ 2022-03-10 19:14:02.670461 | Message = {'data_id': 83, 'name': 'ETH', 'timestamp': 1646939642}
[2022-03-10 19:14:02,671] {logging_mixin.py:109} INFO - Producing message @ 2022-03-10 19:14:02.671020 | Message = {'data_id': 35, 'name': 'BTT', 'timestamp': 1646939642}
[2022-03-10 19:14:02,671] {logging_mixin.py:109} INFO - Producing message @ 2022-03-10 19:14:02.671606 | Message = {'data_id': 85, 'name': 'DOT', 'timestamp': 1646939642}
[2022-03-10 19:14:02,672] {python.py:175} INFO - Done. Returned value was: None
[2022-03-10 19:14:02,699] {taskinstance.py:1282} INFO - Marking task as SUCCESS. dag_id=Demo, task_id=producer, execution_date=20220310T191300, start_date=20220310T191402, end_date=20220310T191402
[2022-03-10 19:14:02,719] {local_task_job.py:154} INFO - Task exited with return code 0
[2022-03-10 19:14:02,784] {local_task_job.py:264} INFO - 0 downstream tasks scheduled from follow-on schedule check
