[2022-03-10 18:39:01,689] {taskinstance.py:1037} INFO - Dependencies all met for <TaskInstance: Demo.producer scheduled__2022-03-10T18:38:00+00:00 [queued]>
[2022-03-10 18:39:01,703] {taskinstance.py:1037} INFO - Dependencies all met for <TaskInstance: Demo.producer scheduled__2022-03-10T18:38:00+00:00 [queued]>
[2022-03-10 18:39:01,704] {taskinstance.py:1243} INFO - 
--------------------------------------------------------------------------------
[2022-03-10 18:39:01,705] {taskinstance.py:1244} INFO - Starting attempt 1 of 1
[2022-03-10 18:39:01,705] {taskinstance.py:1245} INFO - 
--------------------------------------------------------------------------------
[2022-03-10 18:39:01,718] {taskinstance.py:1264} INFO - Executing <Task(PythonOperator): producer> on 2022-03-10 18:38:00+00:00
[2022-03-10 18:39:01,721] {standard_task_runner.py:52} INFO - Started process 295 to run task
[2022-03-10 18:39:01,725] {standard_task_runner.py:76} INFO - Running: ['airflow', 'tasks', 'run', 'Demo', 'producer', 'scheduled__2022-03-10T18:38:00+00:00', '--job-id', '24', '--raw', '--subdir', 'DAGS_FOLDER/demo.py', '--cfg-path', '/tmp/tmp8xry_l04', '--error-file', '/tmp/tmpzeuy0_6u']
[2022-03-10 18:39:01,726] {standard_task_runner.py:77} INFO - Job 24: Subtask producer
[2022-03-10 18:39:01,869] {logging_mixin.py:109} INFO - Running <TaskInstance: Demo.producer scheduled__2022-03-10T18:38:00+00:00 [running]> on host c17209ace312
[2022-03-10 18:39:01,979] {taskinstance.py:1431} INFO - Exporting the following env vars:
AIRFLOW_CTX_DAG_OWNER=airflow
AIRFLOW_CTX_DAG_ID=Demo
AIRFLOW_CTX_TASK_ID=producer
AIRFLOW_CTX_EXECUTION_DATE=2022-03-10T18:38:00+00:00
AIRFLOW_CTX_DAG_RUN_ID=scheduled__2022-03-10T18:38:00+00:00
[2022-03-10 18:39:01,981] {logging_mixin.py:109} INFO - Producing message @ 2022-03-10 18:39:01.981240 | Message = {'data_id': 21, 'name': 'BTC', 'timestamp': 1646937541}
[2022-03-10 18:39:01,982] {logging_mixin.py:109} INFO - Producing message @ 2022-03-10 18:39:01.982717 | Message = {'data_id': 74, 'name': 'ETH', 'timestamp': 1646937541}
[2022-03-10 18:39:01,983] {logging_mixin.py:109} INFO - Producing message @ 2022-03-10 18:39:01.983354 | Message = {'data_id': 34, 'name': 'BTT', 'timestamp': 1646937541}
[2022-03-10 18:39:01,984] {logging_mixin.py:109} INFO - Producing message @ 2022-03-10 18:39:01.984263 | Message = {'data_id': 62, 'name': 'DOT', 'timestamp': 1646937541}
[2022-03-10 18:39:01,985] {python.py:175} INFO - Done. Returned value was: None
[2022-03-10 18:39:02,020] {taskinstance.py:1282} INFO - Marking task as SUCCESS. dag_id=Demo, task_id=producer, execution_date=20220310T183800, start_date=20220310T183901, end_date=20220310T183902
[2022-03-10 18:39:02,060] {local_task_job.py:154} INFO - Task exited with return code 0
[2022-03-10 18:39:02,143] {local_task_job.py:264} INFO - 0 downstream tasks scheduled from follow-on schedule check
