[2022-10-22 03:29:04,760] {taskinstance.py:1037} INFO - Dependencies all met for <TaskInstance: Demo.producer scheduled__2022-10-22T03:28:00+00:00 [queued]>
[2022-10-22 03:29:04,776] {taskinstance.py:1037} INFO - Dependencies all met for <TaskInstance: Demo.producer scheduled__2022-10-22T03:28:00+00:00 [queued]>
[2022-10-22 03:29:04,777] {taskinstance.py:1243} INFO - 
--------------------------------------------------------------------------------
[2022-10-22 03:29:04,778] {taskinstance.py:1244} INFO - Starting attempt 1 of 1
[2022-10-22 03:29:04,779] {taskinstance.py:1245} INFO - 
--------------------------------------------------------------------------------
[2022-10-22 03:29:04,800] {taskinstance.py:1264} INFO - Executing <Task(PythonOperator): producer> on 2022-10-22 03:28:00+00:00
[2022-10-22 03:29:04,804] {standard_task_runner.py:52} INFO - Started process 122 to run task
[2022-10-22 03:29:04,811] {standard_task_runner.py:76} INFO - Running: ['airflow', 'tasks', 'run', 'Demo', 'producer', 'scheduled__2022-10-22T03:28:00+00:00', '--job-id', '13', '--raw', '--subdir', 'DAGS_FOLDER/demo.py', '--cfg-path', '/tmp/tmpzlue3fxb', '--error-file', '/tmp/tmps43n04x8']
[2022-10-22 03:29:04,812] {standard_task_runner.py:77} INFO - Job 13: Subtask producer
[2022-10-22 03:29:04,893] {logging_mixin.py:109} INFO - Running <TaskInstance: Demo.producer scheduled__2022-10-22T03:28:00+00:00 [running]> on host 98616e61dc0f
[2022-10-22 03:29:04,953] {taskinstance.py:1431} INFO - Exporting the following env vars:
AIRFLOW_CTX_DAG_OWNER=airflow
AIRFLOW_CTX_DAG_ID=Demo
AIRFLOW_CTX_TASK_ID=producer
AIRFLOW_CTX_EXECUTION_DATE=2022-10-22T03:28:00+00:00
AIRFLOW_CTX_DAG_RUN_ID=scheduled__2022-10-22T03:28:00+00:00
[2022-10-22 03:29:04,955] {logging_mixin.py:109} INFO - Producing message @ 2022-10-22 03:29:04.955223 | Message = {'data_id': 161, 'name': 'BTC', 'timestamp': 1666409344}
[2022-10-22 03:29:04,956] {logging_mixin.py:109} INFO - Producing message @ 2022-10-22 03:29:04.956549 | Message = {'data_id': 69, 'name': 'ETH', 'timestamp': 1666409344}
[2022-10-22 03:29:04,957] {logging_mixin.py:109} INFO - Producing message @ 2022-10-22 03:29:04.957173 | Message = {'data_id': 38, 'name': 'BTT', 'timestamp': 1666409344}
[2022-10-22 03:29:04,957] {logging_mixin.py:109} INFO - Producing message @ 2022-10-22 03:29:04.957859 | Message = {'data_id': 100, 'name': 'DOT', 'timestamp': 1666409344}
[2022-10-22 03:29:04,958] {python.py:175} INFO - Done. Returned value was: None
[2022-10-22 03:29:04,965] {taskinstance.py:1282} INFO - Marking task as SUCCESS. dag_id=Demo, task_id=producer, execution_date=20221022T032800, start_date=20221022T032904, end_date=20221022T032904
[2022-10-22 03:29:05,024] {local_task_job.py:154} INFO - Task exited with return code 0
[2022-10-22 03:29:05,068] {local_task_job.py:264} INFO - 0 downstream tasks scheduled from follow-on schedule check
