[2022-03-10 18:45:01,834] {taskinstance.py:1037} INFO - Dependencies all met for <TaskInstance: Demo.producer scheduled__2022-03-10T18:44:00+00:00 [queued]>
[2022-03-10 18:45:01,848] {taskinstance.py:1037} INFO - Dependencies all met for <TaskInstance: Demo.producer scheduled__2022-03-10T18:44:00+00:00 [queued]>
[2022-03-10 18:45:01,849] {taskinstance.py:1243} INFO - 
--------------------------------------------------------------------------------
[2022-03-10 18:45:01,850] {taskinstance.py:1244} INFO - Starting attempt 1 of 1
[2022-03-10 18:45:01,851] {taskinstance.py:1245} INFO - 
--------------------------------------------------------------------------------
[2022-03-10 18:45:01,868] {taskinstance.py:1264} INFO - Executing <Task(PythonOperator): producer> on 2022-03-10 18:44:00+00:00
[2022-03-10 18:45:01,873] {standard_task_runner.py:52} INFO - Started process 347 to run task
[2022-03-10 18:45:01,878] {standard_task_runner.py:76} INFO - Running: ['airflow', 'tasks', 'run', 'Demo', 'producer', 'scheduled__2022-03-10T18:44:00+00:00', '--job-id', '30', '--raw', '--subdir', 'DAGS_FOLDER/demo.py', '--cfg-path', '/tmp/tmpmmggwqud', '--error-file', '/tmp/tmp7k2evjv7']
[2022-03-10 18:45:01,883] {standard_task_runner.py:77} INFO - Job 30: Subtask producer
[2022-03-10 18:45:02,025] {logging_mixin.py:109} INFO - Running <TaskInstance: Demo.producer scheduled__2022-03-10T18:44:00+00:00 [running]> on host c17209ace312
[2022-03-10 18:45:02,118] {taskinstance.py:1431} INFO - Exporting the following env vars:
AIRFLOW_CTX_DAG_OWNER=airflow
AIRFLOW_CTX_DAG_ID=Demo
AIRFLOW_CTX_TASK_ID=producer
AIRFLOW_CTX_EXECUTION_DATE=2022-03-10T18:44:00+00:00
AIRFLOW_CTX_DAG_RUN_ID=scheduled__2022-03-10T18:44:00+00:00
[2022-03-10 18:45:02,119] {logging_mixin.py:109} INFO - Producing message @ 2022-03-10 18:45:02.119650 | Message = {'data_id': 29, 'name': 'BTC', 'timestamp': 1646937902}
[2022-03-10 18:45:02,120] {logging_mixin.py:109} INFO - Producing message @ 2022-03-10 18:45:02.120856 | Message = {'data_id': 74, 'name': 'ETH', 'timestamp': 1646937902}
[2022-03-10 18:45:02,121] {logging_mixin.py:109} INFO - Producing message @ 2022-03-10 18:45:02.121470 | Message = {'data_id': 30, 'name': 'BTT', 'timestamp': 1646937902}
[2022-03-10 18:45:02,122] {logging_mixin.py:109} INFO - Producing message @ 2022-03-10 18:45:02.122152 | Message = {'data_id': 84, 'name': 'DOT', 'timestamp': 1646937902}
[2022-03-10 18:45:02,122] {python.py:175} INFO - Done. Returned value was: None
[2022-03-10 18:45:02,153] {taskinstance.py:1282} INFO - Marking task as SUCCESS. dag_id=Demo, task_id=producer, execution_date=20220310T184400, start_date=20220310T184501, end_date=20220310T184502
[2022-03-10 18:45:02,172] {local_task_job.py:154} INFO - Task exited with return code 0
[2022-03-10 18:45:02,240] {local_task_job.py:264} INFO - 0 downstream tasks scheduled from follow-on schedule check
