[2022-10-21 11:11:03,218] {taskinstance.py:1037} INFO - Dependencies all met for <TaskInstance: Demo.producer scheduled__2022-10-21T11:10:00+00:00 [queued]>
[2022-10-21 11:11:03,225] {taskinstance.py:1037} INFO - Dependencies all met for <TaskInstance: Demo.producer scheduled__2022-10-21T11:10:00+00:00 [queued]>
[2022-10-21 11:11:03,225] {taskinstance.py:1243} INFO - 
--------------------------------------------------------------------------------
[2022-10-21 11:11:03,225] {taskinstance.py:1244} INFO - Starting attempt 1 of 1
[2022-10-21 11:11:03,226] {taskinstance.py:1245} INFO - 
--------------------------------------------------------------------------------
[2022-10-21 11:11:03,235] {taskinstance.py:1264} INFO - Executing <Task(PythonOperator): producer> on 2022-10-21 11:10:00+00:00
[2022-10-21 11:11:03,237] {standard_task_runner.py:52} INFO - Started process 112 to run task
[2022-10-21 11:11:03,241] {standard_task_runner.py:76} INFO - Running: ['airflow', 'tasks', 'run', 'Demo', 'producer', 'scheduled__2022-10-21T11:10:00+00:00', '--job-id', '38', '--raw', '--subdir', 'DAGS_FOLDER/demo.py', '--cfg-path', '/tmp/tmpedjeyt_x', '--error-file', '/tmp/tmp8tpv4uew']
[2022-10-21 11:11:03,242] {standard_task_runner.py:77} INFO - Job 38: Subtask producer
[2022-10-21 11:11:03,288] {logging_mixin.py:109} INFO - Running <TaskInstance: Demo.producer scheduled__2022-10-21T11:10:00+00:00 [running]> on host 4c1937bb97ee
[2022-10-21 11:11:03,336] {taskinstance.py:1429} INFO - Exporting the following env vars:
AIRFLOW_CTX_DAG_OWNER=airflow
AIRFLOW_CTX_DAG_ID=Demo
AIRFLOW_CTX_TASK_ID=producer
AIRFLOW_CTX_EXECUTION_DATE=2022-10-21T11:10:00+00:00
AIRFLOW_CTX_DAG_RUN_ID=scheduled__2022-10-21T11:10:00+00:00
[2022-10-21 11:11:03,337] {logging_mixin.py:109} INFO - Producing message @ 2022-10-21 11:11:03.337753 | Message = {'data_id': 87, 'name': 'BTC', 'timestamp': 1666350663}
[2022-10-21 11:11:03,339] {logging_mixin.py:109} INFO - Producing message @ 2022-10-21 11:11:03.339136 | Message = {'data_id': 140, 'name': 'ETH', 'timestamp': 1666350663}
[2022-10-21 11:11:03,339] {logging_mixin.py:109} INFO - Producing message @ 2022-10-21 11:11:03.339809 | Message = {'data_id': 38, 'name': 'BTT', 'timestamp': 1666350663}
[2022-10-21 11:11:03,340] {logging_mixin.py:109} INFO - Producing message @ 2022-10-21 11:11:03.340325 | Message = {'data_id': 102, 'name': 'DOT', 'timestamp': 1666350663}
[2022-10-21 11:11:03,340] {python.py:175} INFO - Done. Returned value was: None
[2022-10-21 11:11:03,348] {taskinstance.py:1272} INFO - Marking task as SUCCESS. dag_id=Demo, task_id=producer, execution_date=20221021T111000, start_date=20221021T111103, end_date=20221021T111103
[2022-10-21 11:11:03,374] {local_task_job.py:154} INFO - Task exited with return code 0
[2022-10-21 11:11:03,396] {local_task_job.py:264} INFO - 0 downstream tasks scheduled from follow-on schedule check
