[2022-10-22 04:00:03,463] {taskinstance.py:1037} INFO - Dependencies all met for <TaskInstance: Demo.producer scheduled__2022-10-22T03:59:00+00:00 [queued]>
[2022-10-22 04:00:03,472] {taskinstance.py:1037} INFO - Dependencies all met for <TaskInstance: Demo.producer scheduled__2022-10-22T03:59:00+00:00 [queued]>
[2022-10-22 04:00:03,473] {taskinstance.py:1243} INFO - 
--------------------------------------------------------------------------------
[2022-10-22 04:00:03,473] {taskinstance.py:1244} INFO - Starting attempt 1 of 1
[2022-10-22 04:00:03,474] {taskinstance.py:1245} INFO - 
--------------------------------------------------------------------------------
[2022-10-22 04:00:03,486] {taskinstance.py:1264} INFO - Executing <Task(PythonOperator): producer> on 2022-10-22 03:59:00+00:00
[2022-10-22 04:00:03,490] {standard_task_runner.py:52} INFO - Started process 106 to run task
[2022-10-22 04:00:03,494] {standard_task_runner.py:76} INFO - Running: ['airflow', 'tasks', 'run', 'Demo', 'producer', 'scheduled__2022-10-22T03:59:00+00:00', '--job-id', '29', '--raw', '--subdir', 'DAGS_FOLDER/demo.py', '--cfg-path', '/tmp/tmpplnucldt', '--error-file', '/tmp/tmp2bra6f3g']
[2022-10-22 04:00:03,495] {standard_task_runner.py:77} INFO - Job 29: Subtask producer
[2022-10-22 04:00:03,554] {logging_mixin.py:109} INFO - Running <TaskInstance: Demo.producer scheduled__2022-10-22T03:59:00+00:00 [running]> on host 98616e61dc0f
[2022-10-22 04:00:03,606] {taskinstance.py:1431} INFO - Exporting the following env vars:
AIRFLOW_CTX_DAG_OWNER=airflow
AIRFLOW_CTX_DAG_ID=Demo
AIRFLOW_CTX_TASK_ID=producer
AIRFLOW_CTX_EXECUTION_DATE=2022-10-22T03:59:00+00:00
AIRFLOW_CTX_DAG_RUN_ID=scheduled__2022-10-22T03:59:00+00:00
[2022-10-22 04:00:03,608] {logging_mixin.py:109} INFO - Producing message @ 2022-10-22 04:00:03.608018 | Message = {'data_id': 135, 'name': 'BTC', 'timestamp': 1666411203}
[2022-10-22 04:00:03,609] {logging_mixin.py:109} INFO - Producing message @ 2022-10-22 04:00:03.609432 | Message = {'data_id': 61, 'name': 'ETH', 'timestamp': 1666411203}
[2022-10-22 04:00:03,610] {logging_mixin.py:109} INFO - Producing message @ 2022-10-22 04:00:03.610239 | Message = {'data_id': 13, 'name': 'BTT', 'timestamp': 1666411203}
[2022-10-22 04:00:03,610] {logging_mixin.py:109} INFO - Producing message @ 2022-10-22 04:00:03.610883 | Message = {'data_id': 124, 'name': 'DOT', 'timestamp': 1666411203}
[2022-10-22 04:00:03,611] {python.py:175} INFO - Done. Returned value was: None
[2022-10-22 04:00:03,618] {taskinstance.py:1282} INFO - Marking task as SUCCESS. dag_id=Demo, task_id=producer, execution_date=20221022T035900, start_date=20221022T040003, end_date=20221022T040003
[2022-10-22 04:00:03,667] {local_task_job.py:154} INFO - Task exited with return code 0
[2022-10-22 04:00:03,687] {local_task_job.py:264} INFO - 0 downstream tasks scheduled from follow-on schedule check
