[2022-03-10 19:10:01,685] {taskinstance.py:1037} INFO - Dependencies all met for <TaskInstance: Demo.producer scheduled__2022-03-10T19:09:00+00:00 [queued]>
[2022-03-10 19:10:01,696] {taskinstance.py:1037} INFO - Dependencies all met for <TaskInstance: Demo.producer scheduled__2022-03-10T19:09:00+00:00 [queued]>
[2022-03-10 19:10:01,696] {taskinstance.py:1243} INFO - 
--------------------------------------------------------------------------------
[2022-03-10 19:10:01,697] {taskinstance.py:1244} INFO - Starting attempt 1 of 1
[2022-03-10 19:10:01,697] {taskinstance.py:1245} INFO - 
--------------------------------------------------------------------------------
[2022-03-10 19:10:01,708] {taskinstance.py:1264} INFO - Executing <Task(PythonOperator): producer> on 2022-03-10 19:09:00+00:00
[2022-03-10 19:10:01,710] {standard_task_runner.py:52} INFO - Started process 572 to run task
[2022-03-10 19:10:01,713] {standard_task_runner.py:76} INFO - Running: ['airflow', 'tasks', 'run', 'Demo', 'producer', 'scheduled__2022-03-10T19:09:00+00:00', '--job-id', '55', '--raw', '--subdir', 'DAGS_FOLDER/demo.py', '--cfg-path', '/tmp/tmpqtlupaaf', '--error-file', '/tmp/tmp4707ip4t']
[2022-03-10 19:10:01,714] {standard_task_runner.py:77} INFO - Job 55: Subtask producer
[2022-03-10 19:10:01,829] {logging_mixin.py:109} INFO - Running <TaskInstance: Demo.producer scheduled__2022-03-10T19:09:00+00:00 [running]> on host c17209ace312
[2022-03-10 19:10:01,946] {taskinstance.py:1431} INFO - Exporting the following env vars:
AIRFLOW_CTX_DAG_OWNER=airflow
AIRFLOW_CTX_DAG_ID=Demo
AIRFLOW_CTX_TASK_ID=producer
AIRFLOW_CTX_EXECUTION_DATE=2022-03-10T19:09:00+00:00
AIRFLOW_CTX_DAG_RUN_ID=scheduled__2022-03-10T19:09:00+00:00
[2022-03-10 19:10:01,947] {logging_mixin.py:109} INFO - Producing message @ 2022-03-10 19:10:01.947962 | Message = {'data_id': 316, 'name': 'BTC', 'timestamp': 1646939401}
[2022-03-10 19:10:01,949] {logging_mixin.py:109} INFO - Producing message @ 2022-03-10 19:10:01.949111 | Message = {'data_id': 65, 'name': 'ETH', 'timestamp': 1646939401}
[2022-03-10 19:10:01,949] {logging_mixin.py:109} INFO - Producing message @ 2022-03-10 19:10:01.949632 | Message = {'data_id': 20, 'name': 'BTT', 'timestamp': 1646939401}
[2022-03-10 19:10:01,950] {logging_mixin.py:109} INFO - Producing message @ 2022-03-10 19:10:01.950143 | Message = {'data_id': 105, 'name': 'DOT', 'timestamp': 1646939401}
[2022-03-10 19:10:01,950] {python.py:175} INFO - Done. Returned value was: None
[2022-03-10 19:10:01,981] {taskinstance.py:1282} INFO - Marking task as SUCCESS. dag_id=Demo, task_id=producer, execution_date=20220310T190900, start_date=20220310T191001, end_date=20220310T191001
[2022-03-10 19:10:02,007] {local_task_job.py:154} INFO - Task exited with return code 0
[2022-03-10 19:10:02,095] {local_task_job.py:264} INFO - 0 downstream tasks scheduled from follow-on schedule check
