[2022-10-22 03:23:52,396] {taskinstance.py:1037} INFO - Dependencies all met for <TaskInstance: Demo.producer scheduled__2022-10-22T03:22:00+00:00 [queued]>
[2022-10-22 03:23:52,406] {taskinstance.py:1037} INFO - Dependencies all met for <TaskInstance: Demo.producer scheduled__2022-10-22T03:22:00+00:00 [queued]>
[2022-10-22 03:23:52,406] {taskinstance.py:1243} INFO - 
--------------------------------------------------------------------------------
[2022-10-22 03:23:52,407] {taskinstance.py:1244} INFO - Starting attempt 1 of 1
[2022-10-22 03:23:52,407] {taskinstance.py:1245} INFO - 
--------------------------------------------------------------------------------
[2022-10-22 03:23:52,421] {taskinstance.py:1264} INFO - Executing <Task(PythonOperator): producer> on 2022-10-22 03:22:00+00:00
[2022-10-22 03:23:52,424] {standard_task_runner.py:52} INFO - Started process 72 to run task
[2022-10-22 03:23:52,429] {standard_task_runner.py:76} INFO - Running: ['airflow', 'tasks', 'run', 'Demo', 'producer', 'scheduled__2022-10-22T03:22:00+00:00', '--job-id', '7', '--raw', '--subdir', 'DAGS_FOLDER/demo.py', '--cfg-path', '/tmp/tmpnwzc2gp4', '--error-file', '/tmp/tmpva3ffsyk']
[2022-10-22 03:23:52,430] {standard_task_runner.py:77} INFO - Job 7: Subtask producer
[2022-10-22 03:23:52,482] {logging_mixin.py:109} INFO - Running <TaskInstance: Demo.producer scheduled__2022-10-22T03:22:00+00:00 [running]> on host 98616e61dc0f
[2022-10-22 03:23:52,530] {taskinstance.py:1431} INFO - Exporting the following env vars:
AIRFLOW_CTX_DAG_OWNER=airflow
AIRFLOW_CTX_DAG_ID=Demo
AIRFLOW_CTX_TASK_ID=producer
AIRFLOW_CTX_EXECUTION_DATE=2022-10-22T03:22:00+00:00
AIRFLOW_CTX_DAG_RUN_ID=scheduled__2022-10-22T03:22:00+00:00
[2022-10-22 03:23:52,531] {logging_mixin.py:109} INFO - Producing message @ 2022-10-22 03:23:52.531732 | Message = {'data_id': 101, 'name': 'BTC', 'timestamp': 1666409032}
[2022-10-22 03:23:52,533] {logging_mixin.py:109} INFO - Producing message @ 2022-10-22 03:23:52.533526 | Message = {'data_id': 37, 'name': 'ETH', 'timestamp': 1666409032}
[2022-10-22 03:23:52,534] {logging_mixin.py:109} INFO - Producing message @ 2022-10-22 03:23:52.534353 | Message = {'data_id': 36, 'name': 'BTT', 'timestamp': 1666409032}
[2022-10-22 03:23:52,535] {logging_mixin.py:109} INFO - Producing message @ 2022-10-22 03:23:52.535145 | Message = {'data_id': 139, 'name': 'DOT', 'timestamp': 1666409032}
[2022-10-22 03:23:52,535] {python.py:175} INFO - Done. Returned value was: None
[2022-10-22 03:23:52,543] {taskinstance.py:1282} INFO - Marking task as SUCCESS. dag_id=Demo, task_id=producer, execution_date=20221022T032200, start_date=20221022T032352, end_date=20221022T032352
[2022-10-22 03:23:52,602] {local_task_job.py:154} INFO - Task exited with return code 0
[2022-10-22 03:23:52,629] {local_task_job.py:264} INFO - 0 downstream tasks scheduled from follow-on schedule check
