[2022-10-21 11:15:03,664] {taskinstance.py:1037} INFO - Dependencies all met for <TaskInstance: Demo.producer scheduled__2022-10-21T11:14:00+00:00 [queued]>
[2022-10-21 11:15:03,670] {taskinstance.py:1037} INFO - Dependencies all met for <TaskInstance: Demo.producer scheduled__2022-10-21T11:14:00+00:00 [queued]>
[2022-10-21 11:15:03,670] {taskinstance.py:1243} INFO - 
--------------------------------------------------------------------------------
[2022-10-21 11:15:03,671] {taskinstance.py:1244} INFO - Starting attempt 1 of 1
[2022-10-21 11:15:03,671] {taskinstance.py:1245} INFO - 
--------------------------------------------------------------------------------
[2022-10-21 11:15:03,678] {taskinstance.py:1264} INFO - Executing <Task(PythonOperator): producer> on 2022-10-21 11:14:00+00:00
[2022-10-21 11:15:03,680] {standard_task_runner.py:52} INFO - Started process 140 to run task
[2022-10-21 11:15:03,683] {standard_task_runner.py:76} INFO - Running: ['airflow', 'tasks', 'run', 'Demo', 'producer', 'scheduled__2022-10-21T11:14:00+00:00', '--job-id', '42', '--raw', '--subdir', 'DAGS_FOLDER/demo.py', '--cfg-path', '/tmp/tmpdjv0k11w', '--error-file', '/tmp/tmp_mjbrw2f']
[2022-10-21 11:15:03,684] {standard_task_runner.py:77} INFO - Job 42: Subtask producer
[2022-10-21 11:15:03,724] {logging_mixin.py:109} INFO - Running <TaskInstance: Demo.producer scheduled__2022-10-21T11:14:00+00:00 [running]> on host 4c1937bb97ee
[2022-10-21 11:15:03,779] {taskinstance.py:1429} INFO - Exporting the following env vars:
AIRFLOW_CTX_DAG_OWNER=airflow
AIRFLOW_CTX_DAG_ID=Demo
AIRFLOW_CTX_TASK_ID=producer
AIRFLOW_CTX_EXECUTION_DATE=2022-10-21T11:14:00+00:00
AIRFLOW_CTX_DAG_RUN_ID=scheduled__2022-10-21T11:14:00+00:00
[2022-10-21 11:15:03,780] {logging_mixin.py:109} INFO - Producing message @ 2022-10-21 11:15:03.780258 | Message = {'data_id': 365, 'name': 'BTC', 'timestamp': 1666350903}
[2022-10-21 11:15:03,781] {logging_mixin.py:109} INFO - Producing message @ 2022-10-21 11:15:03.781637 | Message = {'data_id': 175, 'name': 'ETH', 'timestamp': 1666350903}
[2022-10-21 11:15:03,782] {logging_mixin.py:109} INFO - Producing message @ 2022-10-21 11:15:03.782539 | Message = {'data_id': 36, 'name': 'BTT', 'timestamp': 1666350903}
[2022-10-21 11:15:03,783] {logging_mixin.py:109} INFO - Producing message @ 2022-10-21 11:15:03.783018 | Message = {'data_id': 145, 'name': 'DOT', 'timestamp': 1666350903}
[2022-10-21 11:15:03,783] {python.py:175} INFO - Done. Returned value was: None
[2022-10-21 11:15:03,789] {taskinstance.py:1272} INFO - Marking task as SUCCESS. dag_id=Demo, task_id=producer, execution_date=20221021T111400, start_date=20221021T111503, end_date=20221021T111503
[2022-10-21 11:15:03,816] {local_task_job.py:154} INFO - Task exited with return code 0
[2022-10-21 11:15:03,830] {local_task_job.py:264} INFO - 0 downstream tasks scheduled from follow-on schedule check
