[2022-10-21 11:05:03,815] {taskinstance.py:1037} INFO - Dependencies all met for <TaskInstance: Demo.producer scheduled__2022-10-21T11:04:00+00:00 [queued]>
[2022-10-21 11:05:03,825] {taskinstance.py:1037} INFO - Dependencies all met for <TaskInstance: Demo.producer scheduled__2022-10-21T11:04:00+00:00 [queued]>
[2022-10-21 11:05:03,826] {taskinstance.py:1243} INFO - 
--------------------------------------------------------------------------------
[2022-10-21 11:05:03,826] {taskinstance.py:1244} INFO - Starting attempt 1 of 1
[2022-10-21 11:05:03,826] {taskinstance.py:1245} INFO - 
--------------------------------------------------------------------------------
[2022-10-21 11:05:03,837] {taskinstance.py:1264} INFO - Executing <Task(PythonOperator): producer> on 2022-10-21 11:04:00+00:00
[2022-10-21 11:05:03,840] {standard_task_runner.py:52} INFO - Started process 70 to run task
[2022-10-21 11:05:03,845] {standard_task_runner.py:76} INFO - Running: ['airflow', 'tasks', 'run', 'Demo', 'producer', 'scheduled__2022-10-21T11:04:00+00:00', '--job-id', '32', '--raw', '--subdir', 'DAGS_FOLDER/demo.py', '--cfg-path', '/tmp/tmppqlh_fhq', '--error-file', '/tmp/tmpgonil3uj']
[2022-10-21 11:05:03,846] {standard_task_runner.py:77} INFO - Job 32: Subtask producer
[2022-10-21 11:05:03,893] {logging_mixin.py:109} INFO - Running <TaskInstance: Demo.producer scheduled__2022-10-21T11:04:00+00:00 [running]> on host 4c1937bb97ee
[2022-10-21 11:05:03,929] {taskinstance.py:1429} INFO - Exporting the following env vars:
AIRFLOW_CTX_DAG_OWNER=airflow
AIRFLOW_CTX_DAG_ID=Demo
AIRFLOW_CTX_TASK_ID=producer
AIRFLOW_CTX_EXECUTION_DATE=2022-10-21T11:04:00+00:00
AIRFLOW_CTX_DAG_RUN_ID=scheduled__2022-10-21T11:04:00+00:00
[2022-10-21 11:05:03,930] {logging_mixin.py:109} INFO - Producing message @ 2022-10-21 11:05:03.930427 | Message = {'data_id': 108, 'name': 'BTC', 'timestamp': 1666350303}
[2022-10-21 11:05:03,931] {logging_mixin.py:109} INFO - Producing message @ 2022-10-21 11:05:03.931482 | Message = {'data_id': 217, 'name': 'ETH', 'timestamp': 1666350303}
[2022-10-21 11:05:03,932] {logging_mixin.py:109} INFO - Producing message @ 2022-10-21 11:05:03.931990 | Message = {'data_id': 28, 'name': 'BTT', 'timestamp': 1666350303}
[2022-10-21 11:05:03,932] {logging_mixin.py:109} INFO - Producing message @ 2022-10-21 11:05:03.932455 | Message = {'data_id': 42, 'name': 'DOT', 'timestamp': 1666350303}
[2022-10-21 11:05:03,932] {python.py:175} INFO - Done. Returned value was: None
[2022-10-21 11:05:03,937] {taskinstance.py:1272} INFO - Marking task as SUCCESS. dag_id=Demo, task_id=producer, execution_date=20221021T110400, start_date=20221021T110503, end_date=20221021T110503
[2022-10-21 11:05:03,977] {local_task_job.py:154} INFO - Task exited with return code 0
[2022-10-21 11:05:03,990] {local_task_job.py:264} INFO - 0 downstream tasks scheduled from follow-on schedule check
