[2022-03-10 18:57:03,090] {taskinstance.py:1037} INFO - Dependencies all met for <TaskInstance: Demo.producer scheduled__2022-03-10T18:56:00+00:00 [queued]>
[2022-03-10 18:57:03,105] {taskinstance.py:1037} INFO - Dependencies all met for <TaskInstance: Demo.producer scheduled__2022-03-10T18:56:00+00:00 [queued]>
[2022-03-10 18:57:03,106] {taskinstance.py:1243} INFO - 
--------------------------------------------------------------------------------
[2022-03-10 18:57:03,107] {taskinstance.py:1244} INFO - Starting attempt 1 of 1
[2022-03-10 18:57:03,108] {taskinstance.py:1245} INFO - 
--------------------------------------------------------------------------------
[2022-03-10 18:57:03,124] {taskinstance.py:1264} INFO - Executing <Task(PythonOperator): producer> on 2022-03-10 18:56:00+00:00
[2022-03-10 18:57:03,127] {standard_task_runner.py:52} INFO - Started process 455 to run task
[2022-03-10 18:57:03,132] {standard_task_runner.py:76} INFO - Running: ['airflow', 'tasks', 'run', 'Demo', 'producer', 'scheduled__2022-03-10T18:56:00+00:00', '--job-id', '42', '--raw', '--subdir', 'DAGS_FOLDER/demo.py', '--cfg-path', '/tmp/tmp1_h9ot5q', '--error-file', '/tmp/tmp8b7_c2iv']
[2022-03-10 18:57:03,133] {standard_task_runner.py:77} INFO - Job 42: Subtask producer
[2022-03-10 18:57:03,304] {logging_mixin.py:109} INFO - Running <TaskInstance: Demo.producer scheduled__2022-03-10T18:56:00+00:00 [running]> on host c17209ace312
[2022-03-10 18:57:03,441] {taskinstance.py:1431} INFO - Exporting the following env vars:
AIRFLOW_CTX_DAG_OWNER=airflow
AIRFLOW_CTX_DAG_ID=Demo
AIRFLOW_CTX_TASK_ID=producer
AIRFLOW_CTX_EXECUTION_DATE=2022-03-10T18:56:00+00:00
AIRFLOW_CTX_DAG_RUN_ID=scheduled__2022-03-10T18:56:00+00:00
[2022-03-10 18:57:03,442] {logging_mixin.py:109} INFO - Producing message @ 2022-03-10 18:57:03.442718 | Message = {'data_id': 111, 'name': 'BTC', 'timestamp': 1646938623}
[2022-03-10 18:57:03,444] {logging_mixin.py:109} INFO - Producing message @ 2022-03-10 18:57:03.444594 | Message = {'data_id': 10, 'name': 'ETH', 'timestamp': 1646938623}
[2022-03-10 18:57:03,445] {logging_mixin.py:109} INFO - Producing message @ 2022-03-10 18:57:03.445496 | Message = {'data_id': 17, 'name': 'BTT', 'timestamp': 1646938623}
[2022-03-10 18:57:03,446] {logging_mixin.py:109} INFO - Producing message @ 2022-03-10 18:57:03.446260 | Message = {'data_id': 66, 'name': 'DOT', 'timestamp': 1646938623}
[2022-03-10 18:57:03,447] {python.py:175} INFO - Done. Returned value was: None
[2022-03-10 18:57:03,487] {taskinstance.py:1282} INFO - Marking task as SUCCESS. dag_id=Demo, task_id=producer, execution_date=20220310T185600, start_date=20220310T185703, end_date=20220310T185703
[2022-03-10 18:57:03,546] {local_task_job.py:154} INFO - Task exited with return code 0
[2022-03-10 18:57:03,632] {local_task_job.py:264} INFO - 0 downstream tasks scheduled from follow-on schedule check
