[2022-03-10 19:17:02,093] {taskinstance.py:1037} INFO - Dependencies all met for <TaskInstance: Demo.producer scheduled__2022-03-10T19:16:00+00:00 [queued]>
[2022-03-10 19:17:02,109] {taskinstance.py:1037} INFO - Dependencies all met for <TaskInstance: Demo.producer scheduled__2022-03-10T19:16:00+00:00 [queued]>
[2022-03-10 19:17:02,110] {taskinstance.py:1243} INFO - 
--------------------------------------------------------------------------------
[2022-03-10 19:17:02,111] {taskinstance.py:1244} INFO - Starting attempt 1 of 1
[2022-03-10 19:17:02,112] {taskinstance.py:1245} INFO - 
--------------------------------------------------------------------------------
[2022-03-10 19:17:02,129] {taskinstance.py:1264} INFO - Executing <Task(PythonOperator): producer> on 2022-03-10 19:16:00+00:00
[2022-03-10 19:17:02,133] {standard_task_runner.py:52} INFO - Started process 635 to run task
[2022-03-10 19:17:02,140] {standard_task_runner.py:76} INFO - Running: ['airflow', 'tasks', 'run', 'Demo', 'producer', 'scheduled__2022-03-10T19:16:00+00:00', '--job-id', '62', '--raw', '--subdir', 'DAGS_FOLDER/demo.py', '--cfg-path', '/tmp/tmpsycplb9t', '--error-file', '/tmp/tmp3xrwdfu6']
[2022-03-10 19:17:02,143] {standard_task_runner.py:77} INFO - Job 62: Subtask producer
[2022-03-10 19:17:02,260] {logging_mixin.py:109} INFO - Running <TaskInstance: Demo.producer scheduled__2022-03-10T19:16:00+00:00 [running]> on host c17209ace312
[2022-03-10 19:17:02,359] {taskinstance.py:1431} INFO - Exporting the following env vars:
AIRFLOW_CTX_DAG_OWNER=airflow
AIRFLOW_CTX_DAG_ID=Demo
AIRFLOW_CTX_TASK_ID=producer
AIRFLOW_CTX_EXECUTION_DATE=2022-03-10T19:16:00+00:00
AIRFLOW_CTX_DAG_RUN_ID=scheduled__2022-03-10T19:16:00+00:00
[2022-03-10 19:17:02,361] {logging_mixin.py:109} INFO - Producing message @ 2022-03-10 19:17:02.361175 | Message = {'data_id': 239, 'name': 'BTC', 'timestamp': 1646939822}
[2022-03-10 19:17:02,362] {logging_mixin.py:109} INFO - Producing message @ 2022-03-10 19:17:02.362729 | Message = {'data_id': 131, 'name': 'ETH', 'timestamp': 1646939822}
[2022-03-10 19:17:02,363] {logging_mixin.py:109} INFO - Producing message @ 2022-03-10 19:17:02.363314 | Message = {'data_id': 30, 'name': 'BTT', 'timestamp': 1646939822}
[2022-03-10 19:17:02,364] {logging_mixin.py:109} INFO - Producing message @ 2022-03-10 19:17:02.364117 | Message = {'data_id': 86, 'name': 'DOT', 'timestamp': 1646939822}
[2022-03-10 19:17:02,364] {python.py:175} INFO - Done. Returned value was: None
[2022-03-10 19:17:02,398] {taskinstance.py:1282} INFO - Marking task as SUCCESS. dag_id=Demo, task_id=producer, execution_date=20220310T191600, start_date=20220310T191702, end_date=20220310T191702
[2022-03-10 19:17:02,434] {local_task_job.py:154} INFO - Task exited with return code 0
[2022-03-10 19:17:02,523] {local_task_job.py:264} INFO - 0 downstream tasks scheduled from follow-on schedule check
