[2022-03-10 18:32:02,479] {taskinstance.py:1037} INFO - Dependencies all met for <TaskInstance: Demo.producer scheduled__2022-03-10T18:31:00+00:00 [queued]>
[2022-03-10 18:32:02,492] {taskinstance.py:1037} INFO - Dependencies all met for <TaskInstance: Demo.producer scheduled__2022-03-10T18:31:00+00:00 [queued]>
[2022-03-10 18:32:02,493] {taskinstance.py:1243} INFO - 
--------------------------------------------------------------------------------
[2022-03-10 18:32:02,493] {taskinstance.py:1244} INFO - Starting attempt 1 of 1
[2022-03-10 18:32:02,494] {taskinstance.py:1245} INFO - 
--------------------------------------------------------------------------------
[2022-03-10 18:32:02,509] {taskinstance.py:1264} INFO - Executing <Task(PythonOperator): producer> on 2022-03-10 18:31:00+00:00
[2022-03-10 18:32:02,513] {standard_task_runner.py:52} INFO - Started process 232 to run task
[2022-03-10 18:32:02,518] {standard_task_runner.py:76} INFO - Running: ['airflow', 'tasks', 'run', 'Demo', 'producer', 'scheduled__2022-03-10T18:31:00+00:00', '--job-id', '17', '--raw', '--subdir', 'DAGS_FOLDER/demo.py', '--cfg-path', '/tmp/tmpcvd3uk6c', '--error-file', '/tmp/tmpzc8mhikm']
[2022-03-10 18:32:02,519] {standard_task_runner.py:77} INFO - Job 17: Subtask producer
[2022-03-10 18:32:02,662] {logging_mixin.py:109} INFO - Running <TaskInstance: Demo.producer scheduled__2022-03-10T18:31:00+00:00 [running]> on host c17209ace312
[2022-03-10 18:32:02,787] {taskinstance.py:1431} INFO - Exporting the following env vars:
AIRFLOW_CTX_DAG_OWNER=airflow
AIRFLOW_CTX_DAG_ID=Demo
AIRFLOW_CTX_TASK_ID=producer
AIRFLOW_CTX_EXECUTION_DATE=2022-03-10T18:31:00+00:00
AIRFLOW_CTX_DAG_RUN_ID=scheduled__2022-03-10T18:31:00+00:00
[2022-03-10 18:32:02,788] {logging_mixin.py:109} INFO - Producing message @ 2022-03-10 18:32:02.788390 | Message = {'data_id': 90, 'name': 'BTC', 'timestamp': 1646937122}
[2022-03-10 18:32:02,790] {logging_mixin.py:109} INFO - Producing message @ 2022-03-10 18:32:02.790248 | Message = {'data_id': 80, 'name': 'ETH', 'timestamp': 1646937122}
[2022-03-10 18:32:02,791] {logging_mixin.py:109} INFO - Producing message @ 2022-03-10 18:32:02.791235 | Message = {'data_id': 34, 'name': 'BTT', 'timestamp': 1646937122}
[2022-03-10 18:32:02,792] {logging_mixin.py:109} INFO - Producing message @ 2022-03-10 18:32:02.792147 | Message = {'data_id': 44, 'name': 'DOT', 'timestamp': 1646937122}
[2022-03-10 18:32:02,793] {python.py:175} INFO - Done. Returned value was: None
[2022-03-10 18:32:02,830] {taskinstance.py:1282} INFO - Marking task as SUCCESS. dag_id=Demo, task_id=producer, execution_date=20220310T183100, start_date=20220310T183202, end_date=20220310T183202
[2022-03-10 18:32:02,851] {local_task_job.py:154} INFO - Task exited with return code 0
[2022-03-10 18:32:02,928] {local_task_job.py:264} INFO - 0 downstream tasks scheduled from follow-on schedule check
