[2022-03-10 18:40:01,781] {taskinstance.py:1037} INFO - Dependencies all met for <TaskInstance: Demo.producer scheduled__2022-03-10T18:39:00+00:00 [queued]>
[2022-03-10 18:40:01,802] {taskinstance.py:1037} INFO - Dependencies all met for <TaskInstance: Demo.producer scheduled__2022-03-10T18:39:00+00:00 [queued]>
[2022-03-10 18:40:01,802] {taskinstance.py:1243} INFO - 
--------------------------------------------------------------------------------
[2022-03-10 18:40:01,803] {taskinstance.py:1244} INFO - Starting attempt 1 of 1
[2022-03-10 18:40:01,804] {taskinstance.py:1245} INFO - 
--------------------------------------------------------------------------------
[2022-03-10 18:40:01,824] {taskinstance.py:1264} INFO - Executing <Task(PythonOperator): producer> on 2022-03-10 18:39:00+00:00
[2022-03-10 18:40:01,829] {standard_task_runner.py:52} INFO - Started process 304 to run task
[2022-03-10 18:40:01,833] {standard_task_runner.py:76} INFO - Running: ['airflow', 'tasks', 'run', 'Demo', 'producer', 'scheduled__2022-03-10T18:39:00+00:00', '--job-id', '25', '--raw', '--subdir', 'DAGS_FOLDER/demo.py', '--cfg-path', '/tmp/tmpl_wati89', '--error-file', '/tmp/tmp1tu0sy12']
[2022-03-10 18:40:01,835] {standard_task_runner.py:77} INFO - Job 25: Subtask producer
[2022-03-10 18:40:01,969] {logging_mixin.py:109} INFO - Running <TaskInstance: Demo.producer scheduled__2022-03-10T18:39:00+00:00 [running]> on host c17209ace312
[2022-03-10 18:40:02,107] {taskinstance.py:1431} INFO - Exporting the following env vars:
AIRFLOW_CTX_DAG_OWNER=airflow
AIRFLOW_CTX_DAG_ID=Demo
AIRFLOW_CTX_TASK_ID=producer
AIRFLOW_CTX_EXECUTION_DATE=2022-03-10T18:39:00+00:00
AIRFLOW_CTX_DAG_RUN_ID=scheduled__2022-03-10T18:39:00+00:00
[2022-03-10 18:40:02,109] {logging_mixin.py:109} INFO - Producing message @ 2022-03-10 18:40:02.109266 | Message = {'data_id': 163, 'name': 'BTC', 'timestamp': 1646937602}
[2022-03-10 18:40:02,111] {logging_mixin.py:109} INFO - Producing message @ 2022-03-10 18:40:02.111476 | Message = {'data_id': 54, 'name': 'ETH', 'timestamp': 1646937602}
[2022-03-10 18:40:02,112] {logging_mixin.py:109} INFO - Producing message @ 2022-03-10 18:40:02.112565 | Message = {'data_id': 33, 'name': 'BTT', 'timestamp': 1646937602}
[2022-03-10 18:40:02,113] {logging_mixin.py:109} INFO - Producing message @ 2022-03-10 18:40:02.113554 | Message = {'data_id': 111, 'name': 'DOT', 'timestamp': 1646937602}
[2022-03-10 18:40:02,114] {python.py:175} INFO - Done. Returned value was: None
[2022-03-10 18:40:02,159] {taskinstance.py:1282} INFO - Marking task as SUCCESS. dag_id=Demo, task_id=producer, execution_date=20220310T183900, start_date=20220310T184001, end_date=20220310T184002
[2022-03-10 18:40:02,207] {local_task_job.py:154} INFO - Task exited with return code 0
[2022-03-10 18:40:02,303] {local_task_job.py:264} INFO - 0 downstream tasks scheduled from follow-on schedule check
