[2022-10-21 11:57:02,778] {taskinstance.py:1037} INFO - Dependencies all met for <TaskInstance: Demo.producer scheduled__2022-10-21T11:56:00+00:00 [queued]>
[2022-10-21 11:57:02,785] {taskinstance.py:1037} INFO - Dependencies all met for <TaskInstance: Demo.producer scheduled__2022-10-21T11:56:00+00:00 [queued]>
[2022-10-21 11:57:02,785] {taskinstance.py:1243} INFO - 
--------------------------------------------------------------------------------
[2022-10-21 11:57:02,786] {taskinstance.py:1244} INFO - Starting attempt 1 of 1
[2022-10-21 11:57:02,786] {taskinstance.py:1245} INFO - 
--------------------------------------------------------------------------------
[2022-10-21 11:57:02,800] {taskinstance.py:1264} INFO - Executing <Task(PythonOperator): producer> on 2022-10-21 11:56:00+00:00
[2022-10-21 11:57:02,803] {standard_task_runner.py:52} INFO - Started process 189 to run task
[2022-10-21 11:57:02,806] {standard_task_runner.py:76} INFO - Running: ['airflow', 'tasks', 'run', 'Demo', 'producer', 'scheduled__2022-10-21T11:56:00+00:00', '--job-id', '19', '--raw', '--subdir', 'DAGS_FOLDER/demo.py', '--cfg-path', '/tmp/tmpradstl00', '--error-file', '/tmp/tmprnjwf8zy']
[2022-10-21 11:57:02,807] {standard_task_runner.py:77} INFO - Job 19: Subtask producer
[2022-10-21 11:57:02,849] {logging_mixin.py:109} INFO - Running <TaskInstance: Demo.producer scheduled__2022-10-21T11:56:00+00:00 [running]> on host e4f852c7030f
[2022-10-21 11:57:02,884] {taskinstance.py:1429} INFO - Exporting the following env vars:
AIRFLOW_CTX_DAG_OWNER=airflow
AIRFLOW_CTX_DAG_ID=Demo
AIRFLOW_CTX_TASK_ID=producer
AIRFLOW_CTX_EXECUTION_DATE=2022-10-21T11:56:00+00:00
AIRFLOW_CTX_DAG_RUN_ID=scheduled__2022-10-21T11:56:00+00:00
[2022-10-21 11:57:02,885] {logging_mixin.py:109} INFO - Producing message @ 2022-10-21 11:57:02.885743 | Message = {'data_id': 199, 'name': 'BTC', 'timestamp': 1666353422}
[2022-10-21 11:57:02,886] {logging_mixin.py:109} INFO - Producing message @ 2022-10-21 11:57:02.886820 | Message = {'data_id': 22, 'name': 'ETH', 'timestamp': 1666353422}
[2022-10-21 11:57:02,887] {logging_mixin.py:109} INFO - Producing message @ 2022-10-21 11:57:02.887297 | Message = {'data_id': 11, 'name': 'BTT', 'timestamp': 1666353422}
[2022-10-21 11:57:02,887] {logging_mixin.py:109} INFO - Producing message @ 2022-10-21 11:57:02.887759 | Message = {'data_id': 69, 'name': 'DOT', 'timestamp': 1666353422}
[2022-10-21 11:57:02,888] {python.py:175} INFO - Done. Returned value was: None
[2022-10-21 11:57:02,894] {taskinstance.py:1272} INFO - Marking task as SUCCESS. dag_id=Demo, task_id=producer, execution_date=20221021T115600, start_date=20221021T115702, end_date=20221021T115702
[2022-10-21 11:57:02,939] {local_task_job.py:154} INFO - Task exited with return code 0
[2022-10-21 11:57:02,953] {local_task_job.py:264} INFO - 0 downstream tasks scheduled from follow-on schedule check
