[2022-10-21 11:52:03,476] {taskinstance.py:1037} INFO - Dependencies all met for <TaskInstance: Demo.producer scheduled__2022-10-21T11:51:00+00:00 [queued]>
[2022-10-21 11:52:03,483] {taskinstance.py:1037} INFO - Dependencies all met for <TaskInstance: Demo.producer scheduled__2022-10-21T11:51:00+00:00 [queued]>
[2022-10-21 11:52:03,484] {taskinstance.py:1243} INFO - 
--------------------------------------------------------------------------------
[2022-10-21 11:52:03,485] {taskinstance.py:1244} INFO - Starting attempt 1 of 1
[2022-10-21 11:52:03,485] {taskinstance.py:1245} INFO - 
--------------------------------------------------------------------------------
[2022-10-21 11:52:03,497] {taskinstance.py:1264} INFO - Executing <Task(PythonOperator): producer> on 2022-10-21 11:51:00+00:00
[2022-10-21 11:52:03,501] {standard_task_runner.py:52} INFO - Started process 154 to run task
[2022-10-21 11:52:03,508] {standard_task_runner.py:76} INFO - Running: ['airflow', 'tasks', 'run', 'Demo', 'producer', 'scheduled__2022-10-21T11:51:00+00:00', '--job-id', '14', '--raw', '--subdir', 'DAGS_FOLDER/demo.py', '--cfg-path', '/tmp/tmph32_45f7', '--error-file', '/tmp/tmp93y9lc26']
[2022-10-21 11:52:03,510] {standard_task_runner.py:77} INFO - Job 14: Subtask producer
[2022-10-21 11:52:03,572] {logging_mixin.py:109} INFO - Running <TaskInstance: Demo.producer scheduled__2022-10-21T11:51:00+00:00 [running]> on host e4f852c7030f
[2022-10-21 11:52:03,613] {taskinstance.py:1429} INFO - Exporting the following env vars:
AIRFLOW_CTX_DAG_OWNER=airflow
AIRFLOW_CTX_DAG_ID=Demo
AIRFLOW_CTX_TASK_ID=producer
AIRFLOW_CTX_EXECUTION_DATE=2022-10-21T11:51:00+00:00
AIRFLOW_CTX_DAG_RUN_ID=scheduled__2022-10-21T11:51:00+00:00
[2022-10-21 11:52:03,614] {logging_mixin.py:109} INFO - Producing message @ 2022-10-21 11:52:03.614599 | Message = {'data_id': 75, 'name': 'BTC', 'timestamp': 1666353123}
[2022-10-21 11:52:03,615] {logging_mixin.py:109} INFO - Producing message @ 2022-10-21 11:52:03.615675 | Message = {'data_id': 191, 'name': 'ETH', 'timestamp': 1666353123}
[2022-10-21 11:52:03,616] {logging_mixin.py:109} INFO - Producing message @ 2022-10-21 11:52:03.616366 | Message = {'data_id': 23, 'name': 'BTT', 'timestamp': 1666353123}
[2022-10-21 11:52:03,616] {logging_mixin.py:109} INFO - Producing message @ 2022-10-21 11:52:03.616850 | Message = {'data_id': 81, 'name': 'DOT', 'timestamp': 1666353123}
[2022-10-21 11:52:03,617] {python.py:175} INFO - Done. Returned value was: None
[2022-10-21 11:52:03,622] {taskinstance.py:1272} INFO - Marking task as SUCCESS. dag_id=Demo, task_id=producer, execution_date=20221021T115100, start_date=20221021T115203, end_date=20221021T115203
[2022-10-21 11:52:03,642] {local_task_job.py:154} INFO - Task exited with return code 0
[2022-10-21 11:52:03,661] {local_task_job.py:264} INFO - 0 downstream tasks scheduled from follow-on schedule check
