[2022-10-22 04:38:02,674] {taskinstance.py:1037} INFO - Dependencies all met for <TaskInstance: Demo.producer scheduled__2022-10-22T04:37:00+00:00 [queued]>
[2022-10-22 04:38:02,680] {taskinstance.py:1037} INFO - Dependencies all met for <TaskInstance: Demo.producer scheduled__2022-10-22T04:37:00+00:00 [queued]>
[2022-10-22 04:38:02,680] {taskinstance.py:1243} INFO - 
--------------------------------------------------------------------------------
[2022-10-22 04:38:02,680] {taskinstance.py:1244} INFO - Starting attempt 1 of 1
[2022-10-22 04:38:02,681] {taskinstance.py:1245} INFO - 
--------------------------------------------------------------------------------
[2022-10-22 04:38:02,690] {taskinstance.py:1264} INFO - Executing <Task(PythonOperator): producer> on 2022-10-22 04:37:00+00:00
[2022-10-22 04:38:02,692] {standard_task_runner.py:52} INFO - Started process 91 to run task
[2022-10-22 04:38:02,695] {standard_task_runner.py:76} INFO - Running: ['airflow', 'tasks', 'run', 'Demo', 'producer', 'scheduled__2022-10-22T04:37:00+00:00', '--job-id', '44', '--raw', '--subdir', 'DAGS_FOLDER/demo.py', '--cfg-path', '/tmp/tmpbmi616y_', '--error-file', '/tmp/tmp8n3ydy3j']
[2022-10-22 04:38:02,696] {standard_task_runner.py:77} INFO - Job 44: Subtask producer
[2022-10-22 04:38:02,732] {logging_mixin.py:109} INFO - Running <TaskInstance: Demo.producer scheduled__2022-10-22T04:37:00+00:00 [running]> on host 98616e61dc0f
[2022-10-22 04:38:02,768] {taskinstance.py:1431} INFO - Exporting the following env vars:
AIRFLOW_CTX_DAG_OWNER=airflow
AIRFLOW_CTX_DAG_ID=Demo
AIRFLOW_CTX_TASK_ID=producer
AIRFLOW_CTX_EXECUTION_DATE=2022-10-22T04:37:00+00:00
AIRFLOW_CTX_DAG_RUN_ID=scheduled__2022-10-22T04:37:00+00:00
[2022-10-22 04:38:02,769] {logging_mixin.py:109} INFO - Producing message @ 2022-10-22 04:38:02.769720 | Message = {'data_id': 30, 'name': 'BTC', 'timestamp': 1666413482}
[2022-10-22 04:38:02,770] {logging_mixin.py:109} INFO - Producing message @ 2022-10-22 04:38:02.770582 | Message = {'data_id': 193, 'name': 'ETH', 'timestamp': 1666413482}
[2022-10-22 04:38:02,770] {logging_mixin.py:109} INFO - Producing message @ 2022-10-22 04:38:02.770964 | Message = {'data_id': 17, 'name': 'BTT', 'timestamp': 1666413482}
[2022-10-22 04:38:02,771] {logging_mixin.py:109} INFO - Producing message @ 2022-10-22 04:38:02.771319 | Message = {'data_id': 106, 'name': 'DOT', 'timestamp': 1666413482}
[2022-10-22 04:38:02,771] {python.py:175} INFO - Done. Returned value was: None
[2022-10-22 04:38:02,776] {taskinstance.py:1282} INFO - Marking task as SUCCESS. dag_id=Demo, task_id=producer, execution_date=20221022T043700, start_date=20221022T043802, end_date=20221022T043802
[2022-10-22 04:38:02,787] {local_task_job.py:154} INFO - Task exited with return code 0
[2022-10-22 04:38:02,802] {local_task_job.py:264} INFO - 0 downstream tasks scheduled from follow-on schedule check
