[2022-03-10 19:02:02,034] {taskinstance.py:1037} INFO - Dependencies all met for <TaskInstance: Demo.producer scheduled__2022-03-10T19:01:00+00:00 [queued]>
[2022-03-10 19:02:02,047] {taskinstance.py:1037} INFO - Dependencies all met for <TaskInstance: Demo.producer scheduled__2022-03-10T19:01:00+00:00 [queued]>
[2022-03-10 19:02:02,047] {taskinstance.py:1243} INFO - 
--------------------------------------------------------------------------------
[2022-03-10 19:02:02,048] {taskinstance.py:1244} INFO - Starting attempt 1 of 1
[2022-03-10 19:02:02,049] {taskinstance.py:1245} INFO - 
--------------------------------------------------------------------------------
[2022-03-10 19:02:02,063] {taskinstance.py:1264} INFO - Executing <Task(PythonOperator): producer> on 2022-03-10 19:01:00+00:00
[2022-03-10 19:02:02,067] {standard_task_runner.py:52} INFO - Started process 500 to run task
[2022-03-10 19:02:02,074] {standard_task_runner.py:76} INFO - Running: ['airflow', 'tasks', 'run', 'Demo', 'producer', 'scheduled__2022-03-10T19:01:00+00:00', '--job-id', '47', '--raw', '--subdir', 'DAGS_FOLDER/demo.py', '--cfg-path', '/tmp/tmpwun9p21_', '--error-file', '/tmp/tmpzzlpulbq']
[2022-03-10 19:02:02,075] {standard_task_runner.py:77} INFO - Job 47: Subtask producer
[2022-03-10 19:02:02,252] {logging_mixin.py:109} INFO - Running <TaskInstance: Demo.producer scheduled__2022-03-10T19:01:00+00:00 [running]> on host c17209ace312
[2022-03-10 19:02:02,425] {taskinstance.py:1431} INFO - Exporting the following env vars:
AIRFLOW_CTX_DAG_OWNER=airflow
AIRFLOW_CTX_DAG_ID=Demo
AIRFLOW_CTX_TASK_ID=producer
AIRFLOW_CTX_EXECUTION_DATE=2022-03-10T19:01:00+00:00
AIRFLOW_CTX_DAG_RUN_ID=scheduled__2022-03-10T19:01:00+00:00
[2022-03-10 19:02:02,426] {logging_mixin.py:109} INFO - Producing message @ 2022-03-10 19:02:02.426197 | Message = {'data_id': 229, 'name': 'BTC', 'timestamp': 1646938922}
[2022-03-10 19:02:02,428] {logging_mixin.py:109} INFO - Producing message @ 2022-03-10 19:02:02.428181 | Message = {'data_id': 52, 'name': 'ETH', 'timestamp': 1646938922}
[2022-03-10 19:02:02,429] {logging_mixin.py:109} INFO - Producing message @ 2022-03-10 19:02:02.429047 | Message = {'data_id': 39, 'name': 'BTT', 'timestamp': 1646938922}
[2022-03-10 19:02:02,429] {logging_mixin.py:109} INFO - Producing message @ 2022-03-10 19:02:02.429927 | Message = {'data_id': 99, 'name': 'DOT', 'timestamp': 1646938922}
[2022-03-10 19:02:02,430] {python.py:175} INFO - Done. Returned value was: None
[2022-03-10 19:02:02,470] {taskinstance.py:1282} INFO - Marking task as SUCCESS. dag_id=Demo, task_id=producer, execution_date=20220310T190100, start_date=20220310T190202, end_date=20220310T190202
[2022-03-10 19:02:02,530] {local_task_job.py:154} INFO - Task exited with return code 0
[2022-03-10 19:02:02,618] {local_task_job.py:264} INFO - 0 downstream tasks scheduled from follow-on schedule check
