[2022-03-10 18:47:01,730] {taskinstance.py:1037} INFO - Dependencies all met for <TaskInstance: Demo.producer scheduled__2022-03-10T18:46:00+00:00 [queued]>
[2022-03-10 18:47:01,743] {taskinstance.py:1037} INFO - Dependencies all met for <TaskInstance: Demo.producer scheduled__2022-03-10T18:46:00+00:00 [queued]>
[2022-03-10 18:47:01,744] {taskinstance.py:1243} INFO - 
--------------------------------------------------------------------------------
[2022-03-10 18:47:01,744] {taskinstance.py:1244} INFO - Starting attempt 1 of 1
[2022-03-10 18:47:01,745] {taskinstance.py:1245} INFO - 
--------------------------------------------------------------------------------
[2022-03-10 18:47:01,759] {taskinstance.py:1264} INFO - Executing <Task(PythonOperator): producer> on 2022-03-10 18:46:00+00:00
[2022-03-10 18:47:01,762] {standard_task_runner.py:52} INFO - Started process 365 to run task
[2022-03-10 18:47:01,766] {standard_task_runner.py:76} INFO - Running: ['airflow', 'tasks', 'run', 'Demo', 'producer', 'scheduled__2022-03-10T18:46:00+00:00', '--job-id', '32', '--raw', '--subdir', 'DAGS_FOLDER/demo.py', '--cfg-path', '/tmp/tmpsf9n8091', '--error-file', '/tmp/tmpbtf5vhx6']
[2022-03-10 18:47:01,768] {standard_task_runner.py:77} INFO - Job 32: Subtask producer
[2022-03-10 18:47:01,915] {logging_mixin.py:109} INFO - Running <TaskInstance: Demo.producer scheduled__2022-03-10T18:46:00+00:00 [running]> on host c17209ace312
[2022-03-10 18:47:02,026] {taskinstance.py:1431} INFO - Exporting the following env vars:
AIRFLOW_CTX_DAG_OWNER=airflow
AIRFLOW_CTX_DAG_ID=Demo
AIRFLOW_CTX_TASK_ID=producer
AIRFLOW_CTX_EXECUTION_DATE=2022-03-10T18:46:00+00:00
AIRFLOW_CTX_DAG_RUN_ID=scheduled__2022-03-10T18:46:00+00:00
[2022-03-10 18:47:02,027] {logging_mixin.py:109} INFO - Producing message @ 2022-03-10 18:47:02.027595 | Message = {'data_id': 73, 'name': 'BTC', 'timestamp': 1646938022}
[2022-03-10 18:47:02,029] {logging_mixin.py:109} INFO - Producing message @ 2022-03-10 18:47:02.029022 | Message = {'data_id': 151, 'name': 'ETH', 'timestamp': 1646938022}
[2022-03-10 18:47:02,029] {logging_mixin.py:109} INFO - Producing message @ 2022-03-10 18:47:02.029719 | Message = {'data_id': 36, 'name': 'BTT', 'timestamp': 1646938022}
[2022-03-10 18:47:02,030] {logging_mixin.py:109} INFO - Producing message @ 2022-03-10 18:47:02.030927 | Message = {'data_id': 48, 'name': 'DOT', 'timestamp': 1646938022}
[2022-03-10 18:47:02,031] {python.py:175} INFO - Done. Returned value was: None
[2022-03-10 18:47:02,066] {taskinstance.py:1282} INFO - Marking task as SUCCESS. dag_id=Demo, task_id=producer, execution_date=20220310T184600, start_date=20220310T184701, end_date=20220310T184702
[2022-03-10 18:47:02,100] {local_task_job.py:154} INFO - Task exited with return code 0
[2022-03-10 18:47:02,176] {local_task_job.py:264} INFO - 0 downstream tasks scheduled from follow-on schedule check
