[2022-03-10 19:01:02,319] {taskinstance.py:1037} INFO - Dependencies all met for <TaskInstance: Demo.producer scheduled__2022-03-10T19:00:00+00:00 [queued]>
[2022-03-10 19:01:02,329] {taskinstance.py:1037} INFO - Dependencies all met for <TaskInstance: Demo.producer scheduled__2022-03-10T19:00:00+00:00 [queued]>
[2022-03-10 19:01:02,330] {taskinstance.py:1243} INFO - 
--------------------------------------------------------------------------------
[2022-03-10 19:01:02,330] {taskinstance.py:1244} INFO - Starting attempt 1 of 1
[2022-03-10 19:01:02,331] {taskinstance.py:1245} INFO - 
--------------------------------------------------------------------------------
[2022-03-10 19:01:02,341] {taskinstance.py:1264} INFO - Executing <Task(PythonOperator): producer> on 2022-03-10 19:00:00+00:00
[2022-03-10 19:01:02,344] {standard_task_runner.py:52} INFO - Started process 491 to run task
[2022-03-10 19:01:02,348] {standard_task_runner.py:76} INFO - Running: ['airflow', 'tasks', 'run', 'Demo', 'producer', 'scheduled__2022-03-10T19:00:00+00:00', '--job-id', '46', '--raw', '--subdir', 'DAGS_FOLDER/demo.py', '--cfg-path', '/tmp/tmpazjjw2gd', '--error-file', '/tmp/tmpyc1sll4t']
[2022-03-10 19:01:02,349] {standard_task_runner.py:77} INFO - Job 46: Subtask producer
[2022-03-10 19:01:02,457] {logging_mixin.py:109} INFO - Running <TaskInstance: Demo.producer scheduled__2022-03-10T19:00:00+00:00 [running]> on host c17209ace312
[2022-03-10 19:01:02,560] {taskinstance.py:1431} INFO - Exporting the following env vars:
AIRFLOW_CTX_DAG_OWNER=airflow
AIRFLOW_CTX_DAG_ID=Demo
AIRFLOW_CTX_TASK_ID=producer
AIRFLOW_CTX_EXECUTION_DATE=2022-03-10T19:00:00+00:00
AIRFLOW_CTX_DAG_RUN_ID=scheduled__2022-03-10T19:00:00+00:00
[2022-03-10 19:01:02,561] {logging_mixin.py:109} INFO - Producing message @ 2022-03-10 19:01:02.561667 | Message = {'data_id': 166, 'name': 'BTC', 'timestamp': 1646938862}
[2022-03-10 19:01:02,563] {logging_mixin.py:109} INFO - Producing message @ 2022-03-10 19:01:02.562974 | Message = {'data_id': 238, 'name': 'ETH', 'timestamp': 1646938862}
[2022-03-10 19:01:02,563] {logging_mixin.py:109} INFO - Producing message @ 2022-03-10 19:01:02.563805 | Message = {'data_id': 13, 'name': 'BTT', 'timestamp': 1646938862}
[2022-03-10 19:01:02,564] {logging_mixin.py:109} INFO - Producing message @ 2022-03-10 19:01:02.564550 | Message = {'data_id': 75, 'name': 'DOT', 'timestamp': 1646938862}
[2022-03-10 19:01:02,565] {python.py:175} INFO - Done. Returned value was: None
[2022-03-10 19:01:02,597] {taskinstance.py:1282} INFO - Marking task as SUCCESS. dag_id=Demo, task_id=producer, execution_date=20220310T190000, start_date=20220310T190102, end_date=20220310T190102
[2022-03-10 19:01:02,642] {local_task_job.py:154} INFO - Task exited with return code 0
[2022-03-10 19:01:02,709] {local_task_job.py:264} INFO - 0 downstream tasks scheduled from follow-on schedule check
