[2022-10-21 11:06:03,310] {taskinstance.py:1037} INFO - Dependencies all met for <TaskInstance: Demo.producer scheduled__2022-10-21T11:05:00+00:00 [queued]>
[2022-10-21 11:06:03,318] {taskinstance.py:1037} INFO - Dependencies all met for <TaskInstance: Demo.producer scheduled__2022-10-21T11:05:00+00:00 [queued]>
[2022-10-21 11:06:03,319] {taskinstance.py:1243} INFO - 
--------------------------------------------------------------------------------
[2022-10-21 11:06:03,319] {taskinstance.py:1244} INFO - Starting attempt 1 of 1
[2022-10-21 11:06:03,320] {taskinstance.py:1245} INFO - 
--------------------------------------------------------------------------------
[2022-10-21 11:06:03,331] {taskinstance.py:1264} INFO - Executing <Task(PythonOperator): producer> on 2022-10-21 11:05:00+00:00
[2022-10-21 11:06:03,334] {standard_task_runner.py:52} INFO - Started process 77 to run task
[2022-10-21 11:06:03,338] {standard_task_runner.py:76} INFO - Running: ['airflow', 'tasks', 'run', 'Demo', 'producer', 'scheduled__2022-10-21T11:05:00+00:00', '--job-id', '33', '--raw', '--subdir', 'DAGS_FOLDER/demo.py', '--cfg-path', '/tmp/tmpo7zav6z0', '--error-file', '/tmp/tmp4k524kt_']
[2022-10-21 11:06:03,339] {standard_task_runner.py:77} INFO - Job 33: Subtask producer
[2022-10-21 11:06:03,385] {logging_mixin.py:109} INFO - Running <TaskInstance: Demo.producer scheduled__2022-10-21T11:05:00+00:00 [running]> on host 4c1937bb97ee
[2022-10-21 11:06:03,428] {taskinstance.py:1429} INFO - Exporting the following env vars:
AIRFLOW_CTX_DAG_OWNER=airflow
AIRFLOW_CTX_DAG_ID=Demo
AIRFLOW_CTX_TASK_ID=producer
AIRFLOW_CTX_EXECUTION_DATE=2022-10-21T11:05:00+00:00
AIRFLOW_CTX_DAG_RUN_ID=scheduled__2022-10-21T11:05:00+00:00
[2022-10-21 11:06:03,429] {logging_mixin.py:109} INFO - Producing message @ 2022-10-21 11:06:03.429698 | Message = {'data_id': 277, 'name': 'BTC', 'timestamp': 1666350363}
[2022-10-21 11:06:03,430] {logging_mixin.py:109} INFO - Producing message @ 2022-10-21 11:06:03.430924 | Message = {'data_id': 173, 'name': 'ETH', 'timestamp': 1666350363}
[2022-10-21 11:06:03,431] {logging_mixin.py:109} INFO - Producing message @ 2022-10-21 11:06:03.431409 | Message = {'data_id': 16, 'name': 'BTT', 'timestamp': 1666350363}
[2022-10-21 11:06:03,431] {logging_mixin.py:109} INFO - Producing message @ 2022-10-21 11:06:03.431859 | Message = {'data_id': 157, 'name': 'DOT', 'timestamp': 1666350363}
[2022-10-21 11:06:03,432] {python.py:175} INFO - Done. Returned value was: None
[2022-10-21 11:06:03,438] {taskinstance.py:1272} INFO - Marking task as SUCCESS. dag_id=Demo, task_id=producer, execution_date=20221021T110500, start_date=20221021T110603, end_date=20221021T110603
[2022-10-21 11:06:03,471] {local_task_job.py:154} INFO - Task exited with return code 0
[2022-10-21 11:06:03,485] {local_task_job.py:264} INFO - 0 downstream tasks scheduled from follow-on schedule check
