[2022-10-22 04:39:03,928] {taskinstance.py:1037} INFO - Dependencies all met for <TaskInstance: Demo.producer scheduled__2022-10-22T04:38:00+00:00 [queued]>
[2022-10-22 04:39:03,935] {taskinstance.py:1037} INFO - Dependencies all met for <TaskInstance: Demo.producer scheduled__2022-10-22T04:38:00+00:00 [queued]>
[2022-10-22 04:39:03,935] {taskinstance.py:1243} INFO - 
--------------------------------------------------------------------------------
[2022-10-22 04:39:03,936] {taskinstance.py:1244} INFO - Starting attempt 1 of 1
[2022-10-22 04:39:03,936] {taskinstance.py:1245} INFO - 
--------------------------------------------------------------------------------
[2022-10-22 04:39:03,947] {taskinstance.py:1264} INFO - Executing <Task(PythonOperator): producer> on 2022-10-22 04:38:00+00:00
[2022-10-22 04:39:03,950] {standard_task_runner.py:52} INFO - Started process 100 to run task
[2022-10-22 04:39:03,956] {standard_task_runner.py:76} INFO - Running: ['airflow', 'tasks', 'run', 'Demo', 'producer', 'scheduled__2022-10-22T04:38:00+00:00', '--job-id', '45', '--raw', '--subdir', 'DAGS_FOLDER/demo.py', '--cfg-path', '/tmp/tmpnutbjc2c', '--error-file', '/tmp/tmpu9t_6iwk']
[2022-10-22 04:39:03,957] {standard_task_runner.py:77} INFO - Job 45: Subtask producer
[2022-10-22 04:39:04,011] {logging_mixin.py:109} INFO - Running <TaskInstance: Demo.producer scheduled__2022-10-22T04:38:00+00:00 [running]> on host 98616e61dc0f
[2022-10-22 04:39:04,055] {taskinstance.py:1431} INFO - Exporting the following env vars:
AIRFLOW_CTX_DAG_OWNER=airflow
AIRFLOW_CTX_DAG_ID=Demo
AIRFLOW_CTX_TASK_ID=producer
AIRFLOW_CTX_EXECUTION_DATE=2022-10-22T04:38:00+00:00
AIRFLOW_CTX_DAG_RUN_ID=scheduled__2022-10-22T04:38:00+00:00
[2022-10-22 04:39:04,056] {logging_mixin.py:109} INFO - Producing message @ 2022-10-22 04:39:04.056693 | Message = {'data_id': 150, 'name': 'BTC', 'timestamp': 1666413544}
[2022-10-22 04:39:04,057] {logging_mixin.py:109} INFO - Producing message @ 2022-10-22 04:39:04.057600 | Message = {'data_id': 207, 'name': 'ETH', 'timestamp': 1666413544}
[2022-10-22 04:39:04,058] {logging_mixin.py:109} INFO - Producing message @ 2022-10-22 04:39:04.058017 | Message = {'data_id': 36, 'name': 'BTT', 'timestamp': 1666413544}
[2022-10-22 04:39:04,058] {logging_mixin.py:109} INFO - Producing message @ 2022-10-22 04:39:04.058391 | Message = {'data_id': 138, 'name': 'DOT', 'timestamp': 1666413544}
[2022-10-22 04:39:04,058] {python.py:175} INFO - Done. Returned value was: None
[2022-10-22 04:39:04,063] {taskinstance.py:1282} INFO - Marking task as SUCCESS. dag_id=Demo, task_id=producer, execution_date=20221022T043800, start_date=20221022T043903, end_date=20221022T043904
[2022-10-22 04:39:04,087] {local_task_job.py:154} INFO - Task exited with return code 0
[2022-10-22 04:39:04,102] {local_task_job.py:264} INFO - 0 downstream tasks scheduled from follow-on schedule check
