[2022-03-10 19:15:02,179] {taskinstance.py:1037} INFO - Dependencies all met for <TaskInstance: Demo.producer scheduled__2022-03-10T19:14:00+00:00 [queued]>
[2022-03-10 19:15:02,189] {taskinstance.py:1037} INFO - Dependencies all met for <TaskInstance: Demo.producer scheduled__2022-03-10T19:14:00+00:00 [queued]>
[2022-03-10 19:15:02,190] {taskinstance.py:1243} INFO - 
--------------------------------------------------------------------------------
[2022-03-10 19:15:02,190] {taskinstance.py:1244} INFO - Starting attempt 1 of 1
[2022-03-10 19:15:02,191] {taskinstance.py:1245} INFO - 
--------------------------------------------------------------------------------
[2022-03-10 19:15:02,201] {taskinstance.py:1264} INFO - Executing <Task(PythonOperator): producer> on 2022-03-10 19:14:00+00:00
[2022-03-10 19:15:02,204] {standard_task_runner.py:52} INFO - Started process 617 to run task
[2022-03-10 19:15:02,207] {standard_task_runner.py:76} INFO - Running: ['airflow', 'tasks', 'run', 'Demo', 'producer', 'scheduled__2022-03-10T19:14:00+00:00', '--job-id', '60', '--raw', '--subdir', 'DAGS_FOLDER/demo.py', '--cfg-path', '/tmp/tmpk4w05v52', '--error-file', '/tmp/tmpmgkpakij']
[2022-03-10 19:15:02,208] {standard_task_runner.py:77} INFO - Job 60: Subtask producer
[2022-03-10 19:15:02,313] {logging_mixin.py:109} INFO - Running <TaskInstance: Demo.producer scheduled__2022-03-10T19:14:00+00:00 [running]> on host c17209ace312
[2022-03-10 19:15:02,405] {taskinstance.py:1431} INFO - Exporting the following env vars:
AIRFLOW_CTX_DAG_OWNER=airflow
AIRFLOW_CTX_DAG_ID=Demo
AIRFLOW_CTX_TASK_ID=producer
AIRFLOW_CTX_EXECUTION_DATE=2022-03-10T19:14:00+00:00
AIRFLOW_CTX_DAG_RUN_ID=scheduled__2022-03-10T19:14:00+00:00
[2022-03-10 19:15:02,406] {logging_mixin.py:109} INFO - Producing message @ 2022-03-10 19:15:02.406738 | Message = {'data_id': 11, 'name': 'BTC', 'timestamp': 1646939702}
[2022-03-10 19:15:02,408] {logging_mixin.py:109} INFO - Producing message @ 2022-03-10 19:15:02.408053 | Message = {'data_id': 81, 'name': 'ETH', 'timestamp': 1646939702}
[2022-03-10 19:15:02,408] {logging_mixin.py:109} INFO - Producing message @ 2022-03-10 19:15:02.408626 | Message = {'data_id': 26, 'name': 'BTT', 'timestamp': 1646939702}
[2022-03-10 19:15:02,409] {logging_mixin.py:109} INFO - Producing message @ 2022-03-10 19:15:02.409359 | Message = {'data_id': 71, 'name': 'DOT', 'timestamp': 1646939702}
[2022-03-10 19:15:02,410] {python.py:175} INFO - Done. Returned value was: None
[2022-03-10 19:15:02,442] {taskinstance.py:1282} INFO - Marking task as SUCCESS. dag_id=Demo, task_id=producer, execution_date=20220310T191400, start_date=20220310T191502, end_date=20220310T191502
[2022-03-10 19:15:02,460] {local_task_job.py:154} INFO - Task exited with return code 0
[2022-03-10 19:15:02,529] {local_task_job.py:264} INFO - 0 downstream tasks scheduled from follow-on schedule check
