[2022-02-28 07:01:11,455] {taskinstance.py:1037} INFO - Dependencies all met for <TaskInstance: 0747_pipeline.transform_to_json manual__2022-02-28T07:00:16.391385+00:00 [queued]>
[2022-02-28 07:01:11,470] {taskinstance.py:1037} INFO - Dependencies all met for <TaskInstance: 0747_pipeline.transform_to_json manual__2022-02-28T07:00:16.391385+00:00 [queued]>
[2022-02-28 07:01:11,471] {taskinstance.py:1243} INFO - 
--------------------------------------------------------------------------------
[2022-02-28 07:01:11,472] {taskinstance.py:1244} INFO - Starting attempt 1 of 1
[2022-02-28 07:01:11,473] {taskinstance.py:1245} INFO - 
--------------------------------------------------------------------------------
[2022-02-28 07:01:11,521] {taskinstance.py:1264} INFO - Executing <Task(SparkSubmitOperator): transform_to_json> on 2022-02-28 07:00:16.391385+00:00
[2022-02-28 07:01:11,524] {standard_task_runner.py:52} INFO - Started process 1409 to run task
[2022-02-28 07:01:11,527] {standard_task_runner.py:76} INFO - Running: ['airflow', 'tasks', 'run', '0747_pipeline', 'transform_to_json', 'manual__2022-02-28T07:00:16.391385+00:00', '--job-id', '85', '--raw', '--subdir', 'DAGS_FOLDER/0747.py', '--cfg-path', '/tmp/tmpqyxsqooo', '--error-file', '/tmp/tmpmz8hn1_w']
[2022-02-28 07:01:11,528] {standard_task_runner.py:77} INFO - Job 85: Subtask transform_to_json
[2022-02-28 07:01:11,611] {logging_mixin.py:109} INFO - Running <TaskInstance: 0747_pipeline.transform_to_json manual__2022-02-28T07:00:16.391385+00:00 [running]> on host c5f5c4f93487
[2022-02-28 07:01:11,711] {taskinstance.py:1431} INFO - Exporting the following env vars:
AIRFLOW_CTX_DAG_OWNER=airflow
AIRFLOW_CTX_DAG_ID=0747_pipeline
AIRFLOW_CTX_TASK_ID=transform_to_json
AIRFLOW_CTX_EXECUTION_DATE=2022-02-28T07:00:16.391385+00:00
AIRFLOW_CTX_DAG_RUN_ID=manual__2022-02-28T07:00:16.391385+00:00
[2022-02-28 07:01:11,720] {base.py:79} INFO - Using connection to: id: spark_default. Host: spark://spark-master, Port: 7077, Schema: , Login: , Password: None, extra: {'queue': 'default', 'spark-home': '', 'spark-binary': 'spark-submit', 'namespace': 'default'}
[2022-02-28 07:01:11,721] {spark_submit.py:335} INFO - Spark-Submit cmd: spark-submit --master spark://spark-master:7077 --name 0747 Pipeline --queue default /sparks/production/0747/document_etl.py
[2022-02-28 07:01:13,084] {spark_submit.py:488} INFO - WARNING: An illegal reflective access operation has occurred
[2022-02-28 07:01:13,085] {spark_submit.py:488} INFO - WARNING: Illegal reflective access by org.apache.spark.unsafe.Platform (file:/usr/local/lib/python3.7/site-packages/pyspark/jars/spark-unsafe_2.12-3.2.1.jar) to constructor java.nio.DirectByteBuffer(long,int)
[2022-02-28 07:01:13,086] {spark_submit.py:488} INFO - WARNING: Please consider reporting this to the maintainers of org.apache.spark.unsafe.Platform
[2022-02-28 07:01:13,087] {spark_submit.py:488} INFO - WARNING: Use --illegal-access=warn to enable warnings of further illegal reflective access operations
[2022-02-28 07:01:13,088] {spark_submit.py:488} INFO - WARNING: All illegal access operations will be denied in a future release
[2022-02-28 07:01:13,511] {spark_submit.py:488} INFO - ===========================
[2022-02-28 07:01:13,512] {spark_submit.py:488} INFO - Step 1: Import Libraries
[2022-02-28 07:01:13,512] {spark_submit.py:488} INFO - ===========================
[2022-02-28 07:01:13,740] {spark_submit.py:488} INFO - ===========================
[2022-02-28 07:01:13,742] {spark_submit.py:488} INFO - Step 2: Start Spark Session
[2022-02-28 07:01:13,743] {spark_submit.py:488} INFO - ===========================
[2022-02-28 07:01:13,846] {spark_submit.py:488} INFO - Using Spark's default log4j profile: org/apache/spark/log4j-defaults.properties
[2022-02-28 07:01:13,860] {spark_submit.py:488} INFO - 22/02/28 07:01:13 INFO SparkContext: Running Spark version 3.2.1
[2022-02-28 07:01:13,972] {spark_submit.py:488} INFO - 22/02/28 07:01:13 WARN NativeCodeLoader: Unable to load native-hadoop library for your platform... using builtin-java classes where applicable
[2022-02-28 07:01:14,137] {spark_submit.py:488} INFO - 22/02/28 07:01:14 INFO ResourceUtils: ==============================================================
[2022-02-28 07:01:14,139] {spark_submit.py:488} INFO - 22/02/28 07:01:14 INFO ResourceUtils: No custom resources configured for spark.driver.
[2022-02-28 07:01:14,140] {spark_submit.py:488} INFO - 22/02/28 07:01:14 INFO ResourceUtils: ==============================================================
[2022-02-28 07:01:14,140] {spark_submit.py:488} INFO - 22/02/28 07:01:14 INFO SparkContext: Submitted application: 0747 Pipeline
[2022-02-28 07:01:14,170] {spark_submit.py:488} INFO - 22/02/28 07:01:14 INFO ResourceProfile: Default ResourceProfile created, executor resources: Map(cores -> name: cores, amount: 2, script: , vendor: , memory -> name: memory, amount: 2048, script: , vendor: , offHeap -> name: offHeap, amount: 0, script: , vendor: ), task resources: Map(cpus -> name: cpus, amount: 1.0)
[2022-02-28 07:01:14,184] {spark_submit.py:488} INFO - 22/02/28 07:01:14 INFO ResourceProfile: Limiting resource is cpus at 2 tasks per executor
[2022-02-28 07:01:14,187] {spark_submit.py:488} INFO - 22/02/28 07:01:14 INFO ResourceProfileManager: Added ResourceProfile id: 0
[2022-02-28 07:01:14,249] {spark_submit.py:488} INFO - 22/02/28 07:01:14 INFO SecurityManager: Changing view acls to: root
[2022-02-28 07:01:14,250] {spark_submit.py:488} INFO - 22/02/28 07:01:14 INFO SecurityManager: Changing modify acls to: root
[2022-02-28 07:01:14,251] {spark_submit.py:488} INFO - 22/02/28 07:01:14 INFO SecurityManager: Changing view acls groups to:
[2022-02-28 07:01:14,252] {spark_submit.py:488} INFO - 22/02/28 07:01:14 INFO SecurityManager: Changing modify acls groups to:
[2022-02-28 07:01:14,253] {spark_submit.py:488} INFO - 22/02/28 07:01:14 INFO SecurityManager: SecurityManager: authentication disabled; ui acls disabled; users  with view permissions: Set(root); groups with view permissions: Set(); users  with modify permissions: Set(root); groups with modify permissions: Set()
[2022-02-28 07:01:14,595] {spark_submit.py:488} INFO - 22/02/28 07:01:14 INFO Utils: Successfully started service 'sparkDriver' on port 42481.
[2022-02-28 07:01:14,629] {spark_submit.py:488} INFO - 22/02/28 07:01:14 INFO SparkEnv: Registering MapOutputTracker
[2022-02-28 07:01:14,667] {spark_submit.py:488} INFO - 22/02/28 07:01:14 INFO SparkEnv: Registering BlockManagerMaster
[2022-02-28 07:01:14,696] {spark_submit.py:488} INFO - 22/02/28 07:01:14 INFO BlockManagerMasterEndpoint: Using org.apache.spark.storage.DefaultTopologyMapper for getting topology information
[2022-02-28 07:01:14,697] {spark_submit.py:488} INFO - 22/02/28 07:01:14 INFO BlockManagerMasterEndpoint: BlockManagerMasterEndpoint up
[2022-02-28 07:01:14,703] {spark_submit.py:488} INFO - 22/02/28 07:01:14 INFO SparkEnv: Registering BlockManagerMasterHeartbeat
[2022-02-28 07:01:14,731] {spark_submit.py:488} INFO - 22/02/28 07:01:14 INFO DiskBlockManager: Created local directory at /tmp/blockmgr-1f85f1c9-8478-407c-a2f9-06cdb714bd9f
[2022-02-28 07:01:14,762] {spark_submit.py:488} INFO - 22/02/28 07:01:14 INFO MemoryStore: MemoryStore started with capacity 434.4 MiB
[2022-02-28 07:01:14,791] {spark_submit.py:488} INFO - 22/02/28 07:01:14 INFO SparkEnv: Registering OutputCommitCoordinator
[2022-02-28 07:01:15,091] {spark_submit.py:488} INFO - 22/02/28 07:01:15 INFO Utils: Successfully started service 'SparkUI' on port 4040.
[2022-02-28 07:01:15,181] {spark_submit.py:488} INFO - 22/02/28 07:01:15 INFO SparkUI: Bound SparkUI to 0.0.0.0, and started at http://c5f5c4f93487:4040
[2022-02-28 07:01:15,461] {spark_submit.py:488} INFO - 22/02/28 07:01:15 INFO Executor: Starting executor ID driver on host c5f5c4f93487
[2022-02-28 07:01:15,500] {spark_submit.py:488} INFO - 22/02/28 07:01:15 INFO Utils: Successfully started service 'org.apache.spark.network.netty.NettyBlockTransferService' on port 40671.
[2022-02-28 07:01:15,501] {spark_submit.py:488} INFO - 22/02/28 07:01:15 INFO NettyBlockTransferService: Server created on c5f5c4f93487:40671
[2022-02-28 07:01:15,502] {spark_submit.py:488} INFO - 22/02/28 07:01:15 INFO BlockManager: Using org.apache.spark.storage.RandomBlockReplicationPolicy for block replication policy
[2022-02-28 07:01:15,511] {spark_submit.py:488} INFO - 22/02/28 07:01:15 INFO BlockManagerMaster: Registering BlockManager BlockManagerId(driver, c5f5c4f93487, 40671, None)
[2022-02-28 07:01:15,520] {spark_submit.py:488} INFO - 22/02/28 07:01:15 INFO BlockManagerMasterEndpoint: Registering block manager c5f5c4f93487:40671 with 434.4 MiB RAM, BlockManagerId(driver, c5f5c4f93487, 40671, None)
[2022-02-28 07:01:15,523] {spark_submit.py:488} INFO - 22/02/28 07:01:15 INFO BlockManagerMaster: Registered BlockManager BlockManagerId(driver, c5f5c4f93487, 40671, None)
[2022-02-28 07:01:15,525] {spark_submit.py:488} INFO - 22/02/28 07:01:15 INFO BlockManager: Initialized BlockManager: BlockManagerId(driver, c5f5c4f93487, 40671, None)
[2022-02-28 07:01:16,028] {spark_submit.py:488} INFO - 22/02/28 07:01:16 INFO SharedState: Setting hive.metastore.warehouse.dir ('null') to the value of spark.sql.warehouse.dir.
[2022-02-28 07:01:16,055] {spark_submit.py:488} INFO - 22/02/28 07:01:16 INFO SharedState: Warehouse path is 'file:/airflow/spark-warehouse'.
[2022-02-28 07:01:16,814] {spark_submit.py:488} INFO - /usr/local/lib/python3.7/site-packages/pyspark/python/lib/pyspark.zip/pyspark/sql/context.py:79: FutureWarning: Deprecated in 3.0.0. Use SparkSession.builder.getOrCreate() instead.
[2022-02-28 07:01:16,820] {spark_submit.py:488} INFO - ===========================
[2022-02-28 07:01:16,821] {spark_submit.py:488} INFO - Step 3: Load Data
[2022-02-28 07:01:16,822] {spark_submit.py:488} INFO - ===========================
[2022-02-28 07:01:17,272] {spark_submit.py:488} INFO - 22/02/28 07:01:17 INFO SparkContext: Starting job: runJob at PythonRDD.scala:166
[2022-02-28 07:01:17,293] {spark_submit.py:488} INFO - 22/02/28 07:01:17 INFO DAGScheduler: Got job 0 (runJob at PythonRDD.scala:166) with 1 output partitions
[2022-02-28 07:01:17,295] {spark_submit.py:488} INFO - 22/02/28 07:01:17 INFO DAGScheduler: Final stage: ResultStage 0 (runJob at PythonRDD.scala:166)
[2022-02-28 07:01:17,296] {spark_submit.py:488} INFO - 22/02/28 07:01:17 INFO DAGScheduler: Parents of final stage: List()
[2022-02-28 07:01:17,297] {spark_submit.py:488} INFO - 22/02/28 07:01:17 INFO DAGScheduler: Missing parents: List()
[2022-02-28 07:01:17,304] {spark_submit.py:488} INFO - 22/02/28 07:01:17 INFO DAGScheduler: Submitting ResultStage 0 (PythonRDD[1] at RDD at PythonRDD.scala:53), which has no missing parents
[2022-02-28 07:01:17,459] {spark_submit.py:488} INFO - 22/02/28 07:01:17 INFO MemoryStore: Block broadcast_0 stored as values in memory (estimated size 6.4 KiB, free 434.4 MiB)
[2022-02-28 07:01:17,502] {spark_submit.py:488} INFO - 22/02/28 07:01:17 INFO MemoryStore: Block broadcast_0_piece0 stored as bytes in memory (estimated size 4.0 KiB, free 434.4 MiB)
[2022-02-28 07:01:17,504] {spark_submit.py:488} INFO - 22/02/28 07:01:17 INFO BlockManagerInfo: Added broadcast_0_piece0 in memory on c5f5c4f93487:40671 (size: 4.0 KiB, free: 434.4 MiB)
[2022-02-28 07:01:17,510] {spark_submit.py:488} INFO - 22/02/28 07:01:17 INFO SparkContext: Created broadcast 0 from broadcast at DAGScheduler.scala:1478
[2022-02-28 07:01:17,522] {spark_submit.py:488} INFO - 22/02/28 07:01:17 INFO DAGScheduler: Submitting 1 missing tasks from ResultStage 0 (PythonRDD[1] at RDD at PythonRDD.scala:53) (first 15 tasks are for partitions Vector(0))
[2022-02-28 07:01:17,523] {spark_submit.py:488} INFO - 22/02/28 07:01:17 INFO TaskSchedulerImpl: Adding task set 0.0 with 1 tasks resource profile 0
[2022-02-28 07:01:17,582] {spark_submit.py:488} INFO - 22/02/28 07:01:17 INFO TaskSetManager: Starting task 0.0 in stage 0.0 (TID 0) (c5f5c4f93487, executor driver, partition 0, PROCESS_LOCAL, 4543 bytes) taskResourceAssignments Map()
[2022-02-28 07:01:17,600] {spark_submit.py:488} INFO - 22/02/28 07:01:17 INFO Executor: Running task 0.0 in stage 0.0 (TID 0)
[2022-02-28 07:01:18,040] {spark_submit.py:488} INFO - 22/02/28 07:01:18 INFO PythonRunner: Times: total = 347, boot = 334, init = 13, finish = 0
[2022-02-28 07:01:18,060] {spark_submit.py:488} INFO - 22/02/28 07:01:18 INFO Executor: Finished task 0.0 in stage 0.0 (TID 0). 1351 bytes result sent to driver
[2022-02-28 07:01:18,071] {spark_submit.py:488} INFO - 22/02/28 07:01:18 INFO TaskSetManager: Finished task 0.0 in stage 0.0 (TID 0) in 501 ms on c5f5c4f93487 (executor driver) (1/1)
[2022-02-28 07:01:18,075] {spark_submit.py:488} INFO - 22/02/28 07:01:18 INFO TaskSchedulerImpl: Removed TaskSet 0.0, whose tasks have all completed, from pool
[2022-02-28 07:01:18,080] {spark_submit.py:488} INFO - 22/02/28 07:01:18 INFO PythonAccumulatorV2: Connected to AccumulatorServer at host: 127.0.0.1 port: 43611
[2022-02-28 07:01:18,086] {spark_submit.py:488} INFO - 22/02/28 07:01:18 INFO DAGScheduler: ResultStage 0 (runJob at PythonRDD.scala:166) finished in 0.764 s
[2022-02-28 07:01:18,092] {spark_submit.py:488} INFO - 22/02/28 07:01:18 INFO DAGScheduler: Job 0 is finished. Cancelling potential speculative or zombie tasks for this job
[2022-02-28 07:01:18,093] {spark_submit.py:488} INFO - 22/02/28 07:01:18 INFO TaskSchedulerImpl: Killing all running tasks in stage 0: Stage finished
[2022-02-28 07:01:18,097] {spark_submit.py:488} INFO - 22/02/28 07:01:18 INFO DAGScheduler: Job 0 finished: runJob at PythonRDD.scala:166, took 0.823598 s
[2022-02-28 07:01:18,769] {spark_submit.py:488} INFO - 22/02/28 07:01:18 INFO BlockManagerInfo: Removed broadcast_0_piece0 on c5f5c4f93487:40671 in memory (size: 4.0 KiB, free: 434.4 MiB)
[2022-02-28 07:01:20,071] {spark_submit.py:488} INFO - root
[2022-02-28 07:01:20,072] {spark_submit.py:488} INFO - |-- name: string (nullable = true)
[2022-02-28 07:01:20,073] {spark_submit.py:488} INFO - |-- path: string (nullable = true)
[2022-02-28 07:01:20,074] {spark_submit.py:488} INFO - 
[2022-02-28 07:01:20,874] {spark_submit.py:488} INFO - 22/02/28 07:01:20 INFO CodeGenerator: Code generated in 230.2957 ms
[2022-02-28 07:01:20,921] {spark_submit.py:488} INFO - 22/02/28 07:01:20 INFO SparkContext: Starting job: showString at NativeMethodAccessorImpl.java:0
[2022-02-28 07:01:20,925] {spark_submit.py:488} INFO - 22/02/28 07:01:20 INFO DAGScheduler: Got job 1 (showString at NativeMethodAccessorImpl.java:0) with 1 output partitions
[2022-02-28 07:01:20,926] {spark_submit.py:488} INFO - 22/02/28 07:01:20 INFO DAGScheduler: Final stage: ResultStage 1 (showString at NativeMethodAccessorImpl.java:0)
[2022-02-28 07:01:20,928] {spark_submit.py:488} INFO - 22/02/28 07:01:20 INFO DAGScheduler: Parents of final stage: List()
[2022-02-28 07:01:20,929] {spark_submit.py:488} INFO - 22/02/28 07:01:20 INFO DAGScheduler: Missing parents: List()
[2022-02-28 07:01:20,930] {spark_submit.py:488} INFO - 22/02/28 07:01:20 INFO DAGScheduler: Submitting ResultStage 1 (MapPartitionsRDD[7] at showString at NativeMethodAccessorImpl.java:0), which has no missing parents
[2022-02-28 07:01:20,945] {spark_submit.py:488} INFO - 22/02/28 07:01:20 INFO MemoryStore: Block broadcast_1 stored as values in memory (estimated size 13.9 KiB, free 434.4 MiB)
[2022-02-28 07:01:20,950] {spark_submit.py:488} INFO - 22/02/28 07:01:20 INFO MemoryStore: Block broadcast_1_piece0 stored as bytes in memory (estimated size 7.4 KiB, free 434.4 MiB)
[2022-02-28 07:01:20,951] {spark_submit.py:488} INFO - 22/02/28 07:01:20 INFO BlockManagerInfo: Added broadcast_1_piece0 in memory on c5f5c4f93487:40671 (size: 7.4 KiB, free: 434.4 MiB)
[2022-02-28 07:01:20,953] {spark_submit.py:488} INFO - 22/02/28 07:01:20 INFO SparkContext: Created broadcast 1 from broadcast at DAGScheduler.scala:1478
[2022-02-28 07:01:20,955] {spark_submit.py:488} INFO - 22/02/28 07:01:20 INFO DAGScheduler: Submitting 1 missing tasks from ResultStage 1 (MapPartitionsRDD[7] at showString at NativeMethodAccessorImpl.java:0) (first 15 tasks are for partitions Vector(0))
[2022-02-28 07:01:20,956] {spark_submit.py:488} INFO - 22/02/28 07:01:20 INFO TaskSchedulerImpl: Adding task set 1.0 with 1 tasks resource profile 0
[2022-02-28 07:01:20,959] {spark_submit.py:488} INFO - 22/02/28 07:01:20 INFO TaskSetManager: Starting task 0.0 in stage 1.0 (TID 1) (c5f5c4f93487, executor driver, partition 0, PROCESS_LOCAL, 4543 bytes) taskResourceAssignments Map()
[2022-02-28 07:01:20,961] {spark_submit.py:488} INFO - 22/02/28 07:01:20 INFO Executor: Running task 0.0 in stage 1.0 (TID 1)
[2022-02-28 07:01:21,071] {spark_submit.py:488} INFO - 22/02/28 07:01:21 INFO PythonRunner: Times: total = 9, boot = 4, init = 4, finish = 1
[2022-02-28 07:01:21,081] {spark_submit.py:488} INFO - 22/02/28 07:01:21 INFO Executor: Finished task 0.0 in stage 1.0 (TID 1). 1898 bytes result sent to driver
[2022-02-28 07:01:21,084] {spark_submit.py:488} INFO - 22/02/28 07:01:21 INFO TaskSetManager: Finished task 0.0 in stage 1.0 (TID 1) in 126 ms on c5f5c4f93487 (executor driver) (1/1)
[2022-02-28 07:01:21,085] {spark_submit.py:488} INFO - 22/02/28 07:01:21 INFO TaskSchedulerImpl: Removed TaskSet 1.0, whose tasks have all completed, from pool
[2022-02-28 07:01:21,088] {spark_submit.py:488} INFO - 22/02/28 07:01:21 INFO DAGScheduler: ResultStage 1 (showString at NativeMethodAccessorImpl.java:0) finished in 0.157 s
[2022-02-28 07:01:21,091] {spark_submit.py:488} INFO - 22/02/28 07:01:21 INFO DAGScheduler: Job 1 is finished. Cancelling potential speculative or zombie tasks for this job
[2022-02-28 07:01:21,093] {spark_submit.py:488} INFO - 22/02/28 07:01:21 INFO TaskSchedulerImpl: Killing all running tasks in stage 1: Stage finished
[2022-02-28 07:01:21,094] {spark_submit.py:488} INFO - 22/02/28 07:01:21 INFO DAGScheduler: Job 1 finished: showString at NativeMethodAccessorImpl.java:0, took 0.165522 s
[2022-02-28 07:01:21,146] {spark_submit.py:488} INFO - 22/02/28 07:01:21 INFO CodeGenerator: Code generated in 28.3032 ms
[2022-02-28 07:01:21,165] {spark_submit.py:488} INFO - +---------+-------------------------+
[2022-02-28 07:01:21,166] {spark_submit.py:488} INFO - |name     |path                     |
[2022-02-28 07:01:21,167] {spark_submit.py:488} INFO - +---------+-------------------------+
[2022-02-28 07:01:21,168] {spark_submit.py:488} INFO - |test1.jpg|/opt/spark-data/test1.jpg|
[2022-02-28 07:01:21,169] {spark_submit.py:488} INFO - |test2.jpg|/opt/spark-data/test2.jpg|
[2022-02-28 07:01:21,170] {spark_submit.py:488} INFO - +---------+-------------------------+
[2022-02-28 07:01:21,171] {spark_submit.py:488} INFO - 
[2022-02-28 07:01:21,199] {spark_submit.py:488} INFO - 22/02/28 07:01:21 INFO SparkContext: Invoking stop() from shutdown hook
[2022-02-28 07:01:21,217] {spark_submit.py:488} INFO - 22/02/28 07:01:21 INFO SparkUI: Stopped Spark web UI at http://c5f5c4f93487:4040
[2022-02-28 07:01:21,252] {spark_submit.py:488} INFO - 22/02/28 07:01:21 INFO MapOutputTrackerMasterEndpoint: MapOutputTrackerMasterEndpoint stopped!
[2022-02-28 07:01:21,275] {spark_submit.py:488} INFO - 22/02/28 07:01:21 INFO MemoryStore: MemoryStore cleared
[2022-02-28 07:01:21,277] {spark_submit.py:488} INFO - 22/02/28 07:01:21 INFO BlockManager: BlockManager stopped
[2022-02-28 07:01:21,285] {spark_submit.py:488} INFO - 22/02/28 07:01:21 INFO BlockManagerMaster: BlockManagerMaster stopped
[2022-02-28 07:01:21,291] {spark_submit.py:488} INFO - 22/02/28 07:01:21 INFO OutputCommitCoordinator$OutputCommitCoordinatorEndpoint: OutputCommitCoordinator stopped!
[2022-02-28 07:01:21,299] {spark_submit.py:488} INFO - 22/02/28 07:01:21 INFO SparkContext: Successfully stopped SparkContext
[2022-02-28 07:01:21,300] {spark_submit.py:488} INFO - 22/02/28 07:01:21 INFO ShutdownHookManager: Shutdown hook called
[2022-02-28 07:01:21,301] {spark_submit.py:488} INFO - 22/02/28 07:01:21 INFO ShutdownHookManager: Deleting directory /tmp/spark-833fb9c4-ce66-4d4f-80c8-38f08f87996a/pyspark-9ea068a7-2e18-493e-b36e-e94c0ed2f6d3
[2022-02-28 07:01:21,306] {spark_submit.py:488} INFO - 22/02/28 07:01:21 INFO ShutdownHookManager: Deleting directory /tmp/spark-833fb9c4-ce66-4d4f-80c8-38f08f87996a
[2022-02-28 07:01:21,310] {spark_submit.py:488} INFO - 22/02/28 07:01:21 INFO ShutdownHookManager: Deleting directory /tmp/spark-6d669b5b-91ef-405d-b8f8-d6ba538b48d6
[2022-02-28 07:01:21,417] {taskinstance.py:1282} INFO - Marking task as SUCCESS. dag_id=0747_pipeline, task_id=transform_to_json, execution_date=20220228T070016, start_date=20220228T070111, end_date=20220228T070121
[2022-02-28 07:01:21,494] {local_task_job.py:154} INFO - Task exited with return code 0
[2022-02-28 07:01:21,530] {local_task_job.py:264} INFO - 0 downstream tasks scheduled from follow-on schedule check
