[2022-03-10 18:30:02,063] {taskinstance.py:1037} INFO - Dependencies all met for <TaskInstance: Demo.producer scheduled__2022-03-10T18:29:00+00:00 [queued]>
[2022-03-10 18:30:02,076] {taskinstance.py:1037} INFO - Dependencies all met for <TaskInstance: Demo.producer scheduled__2022-03-10T18:29:00+00:00 [queued]>
[2022-03-10 18:30:02,077] {taskinstance.py:1243} INFO - 
--------------------------------------------------------------------------------
[2022-03-10 18:30:02,078] {taskinstance.py:1244} INFO - Starting attempt 1 of 1
[2022-03-10 18:30:02,078] {taskinstance.py:1245} INFO - 
--------------------------------------------------------------------------------
[2022-03-10 18:30:02,091] {taskinstance.py:1264} INFO - Executing <Task(PythonOperator): producer> on 2022-03-10 18:29:00+00:00
[2022-03-10 18:30:02,094] {standard_task_runner.py:52} INFO - Started process 214 to run task
[2022-03-10 18:30:02,097] {standard_task_runner.py:76} INFO - Running: ['airflow', 'tasks', 'run', 'Demo', 'producer', 'scheduled__2022-03-10T18:29:00+00:00', '--job-id', '15', '--raw', '--subdir', 'DAGS_FOLDER/demo.py', '--cfg-path', '/tmp/tmpe479fctb', '--error-file', '/tmp/tmp6oadksvd']
[2022-03-10 18:30:02,100] {standard_task_runner.py:77} INFO - Job 15: Subtask producer
[2022-03-10 18:30:02,230] {logging_mixin.py:109} INFO - Running <TaskInstance: Demo.producer scheduled__2022-03-10T18:29:00+00:00 [running]> on host c17209ace312
[2022-03-10 18:30:02,339] {taskinstance.py:1431} INFO - Exporting the following env vars:
AIRFLOW_CTX_DAG_OWNER=airflow
AIRFLOW_CTX_DAG_ID=Demo
AIRFLOW_CTX_TASK_ID=producer
AIRFLOW_CTX_EXECUTION_DATE=2022-03-10T18:29:00+00:00
AIRFLOW_CTX_DAG_RUN_ID=scheduled__2022-03-10T18:29:00+00:00
[2022-03-10 18:30:02,341] {logging_mixin.py:109} INFO - Producing message @ 2022-03-10 18:30:02.341195 | Message = {'data_id': 274, 'name': 'BTC', 'timestamp': 1646937002}
[2022-03-10 18:30:02,342] {logging_mixin.py:109} INFO - Producing message @ 2022-03-10 18:30:02.342510 | Message = {'data_id': 228, 'name': 'ETH', 'timestamp': 1646937002}
[2022-03-10 18:30:02,343] {logging_mixin.py:109} INFO - Producing message @ 2022-03-10 18:30:02.343131 | Message = {'data_id': 25, 'name': 'BTT', 'timestamp': 1646937002}
[2022-03-10 18:30:02,343] {logging_mixin.py:109} INFO - Producing message @ 2022-03-10 18:30:02.343834 | Message = {'data_id': 96, 'name': 'DOT', 'timestamp': 1646937002}
[2022-03-10 18:30:02,344] {python.py:175} INFO - Done. Returned value was: None
[2022-03-10 18:30:02,372] {taskinstance.py:1282} INFO - Marking task as SUCCESS. dag_id=Demo, task_id=producer, execution_date=20220310T182900, start_date=20220310T183002, end_date=20220310T183002
[2022-03-10 18:30:02,391] {local_task_job.py:154} INFO - Task exited with return code 0
[2022-03-10 18:30:02,458] {local_task_job.py:264} INFO - 0 downstream tasks scheduled from follow-on schedule check
