[2022-10-22 03:59:03,120] {taskinstance.py:1037} INFO - Dependencies all met for <TaskInstance: Demo.producer scheduled__2022-10-22T03:58:00+00:00 [queued]>
[2022-10-22 03:59:03,130] {taskinstance.py:1037} INFO - Dependencies all met for <TaskInstance: Demo.producer scheduled__2022-10-22T03:58:00+00:00 [queued]>
[2022-10-22 03:59:03,131] {taskinstance.py:1243} INFO - 
--------------------------------------------------------------------------------
[2022-10-22 03:59:03,132] {taskinstance.py:1244} INFO - Starting attempt 1 of 1
[2022-10-22 03:59:03,132] {taskinstance.py:1245} INFO - 
--------------------------------------------------------------------------------
[2022-10-22 03:59:03,145] {taskinstance.py:1264} INFO - Executing <Task(PythonOperator): producer> on 2022-10-22 03:58:00+00:00
[2022-10-22 03:59:03,148] {standard_task_runner.py:52} INFO - Started process 97 to run task
[2022-10-22 03:59:03,153] {standard_task_runner.py:76} INFO - Running: ['airflow', 'tasks', 'run', 'Demo', 'producer', 'scheduled__2022-10-22T03:58:00+00:00', '--job-id', '28', '--raw', '--subdir', 'DAGS_FOLDER/demo.py', '--cfg-path', '/tmp/tmprso6evlf', '--error-file', '/tmp/tmplrr14llc']
[2022-10-22 03:59:03,154] {standard_task_runner.py:77} INFO - Job 28: Subtask producer
[2022-10-22 03:59:03,214] {logging_mixin.py:109} INFO - Running <TaskInstance: Demo.producer scheduled__2022-10-22T03:58:00+00:00 [running]> on host 98616e61dc0f
[2022-10-22 03:59:03,266] {taskinstance.py:1431} INFO - Exporting the following env vars:
AIRFLOW_CTX_DAG_OWNER=airflow
AIRFLOW_CTX_DAG_ID=Demo
AIRFLOW_CTX_TASK_ID=producer
AIRFLOW_CTX_EXECUTION_DATE=2022-10-22T03:58:00+00:00
AIRFLOW_CTX_DAG_RUN_ID=scheduled__2022-10-22T03:58:00+00:00
[2022-10-22 03:59:03,268] {logging_mixin.py:109} INFO - Producing message @ 2022-10-22 03:59:03.268171 | Message = {'data_id': 292, 'name': 'BTC', 'timestamp': 1666411143}
[2022-10-22 03:59:03,269] {logging_mixin.py:109} INFO - Producing message @ 2022-10-22 03:59:03.269468 | Message = {'data_id': 159, 'name': 'ETH', 'timestamp': 1666411143}
[2022-10-22 03:59:03,270] {logging_mixin.py:109} INFO - Producing message @ 2022-10-22 03:59:03.270189 | Message = {'data_id': 40, 'name': 'BTT', 'timestamp': 1666411143}
[2022-10-22 03:59:03,270] {logging_mixin.py:109} INFO - Producing message @ 2022-10-22 03:59:03.270834 | Message = {'data_id': 97, 'name': 'DOT', 'timestamp': 1666411143}
[2022-10-22 03:59:03,271] {python.py:175} INFO - Done. Returned value was: None
[2022-10-22 03:59:03,278] {taskinstance.py:1282} INFO - Marking task as SUCCESS. dag_id=Demo, task_id=producer, execution_date=20221022T035800, start_date=20221022T035903, end_date=20221022T035903
[2022-10-22 03:59:03,326] {local_task_job.py:154} INFO - Task exited with return code 0
[2022-10-22 03:59:03,345] {local_task_job.py:264} INFO - 0 downstream tasks scheduled from follow-on schedule check
