[2022-03-10 19:04:02,125] {taskinstance.py:1037} INFO - Dependencies all met for <TaskInstance: Demo.producer scheduled__2022-03-10T19:03:00+00:00 [queued]>
[2022-03-10 19:04:02,138] {taskinstance.py:1037} INFO - Dependencies all met for <TaskInstance: Demo.producer scheduled__2022-03-10T19:03:00+00:00 [queued]>
[2022-03-10 19:04:02,138] {taskinstance.py:1243} INFO - 
--------------------------------------------------------------------------------
[2022-03-10 19:04:02,139] {taskinstance.py:1244} INFO - Starting attempt 1 of 1
[2022-03-10 19:04:02,139] {taskinstance.py:1245} INFO - 
--------------------------------------------------------------------------------
[2022-03-10 19:04:02,152] {taskinstance.py:1264} INFO - Executing <Task(PythonOperator): producer> on 2022-03-10 19:03:00+00:00
[2022-03-10 19:04:02,156] {standard_task_runner.py:52} INFO - Started process 518 to run task
[2022-03-10 19:04:02,159] {standard_task_runner.py:76} INFO - Running: ['airflow', 'tasks', 'run', 'Demo', 'producer', 'scheduled__2022-03-10T19:03:00+00:00', '--job-id', '49', '--raw', '--subdir', 'DAGS_FOLDER/demo.py', '--cfg-path', '/tmp/tmp6ald61gp', '--error-file', '/tmp/tmpwzxrj7et']
[2022-03-10 19:04:02,160] {standard_task_runner.py:77} INFO - Job 49: Subtask producer
[2022-03-10 19:04:02,300] {logging_mixin.py:109} INFO - Running <TaskInstance: Demo.producer scheduled__2022-03-10T19:03:00+00:00 [running]> on host c17209ace312
[2022-03-10 19:04:02,420] {taskinstance.py:1431} INFO - Exporting the following env vars:
AIRFLOW_CTX_DAG_OWNER=airflow
AIRFLOW_CTX_DAG_ID=Demo
AIRFLOW_CTX_TASK_ID=producer
AIRFLOW_CTX_EXECUTION_DATE=2022-03-10T19:03:00+00:00
AIRFLOW_CTX_DAG_RUN_ID=scheduled__2022-03-10T19:03:00+00:00
[2022-03-10 19:04:02,421] {logging_mixin.py:109} INFO - Producing message @ 2022-03-10 19:04:02.421694 | Message = {'data_id': 400, 'name': 'BTC', 'timestamp': 1646939042}
[2022-03-10 19:04:02,423] {logging_mixin.py:109} INFO - Producing message @ 2022-03-10 19:04:02.423722 | Message = {'data_id': 36, 'name': 'ETH', 'timestamp': 1646939042}
[2022-03-10 19:04:02,424] {logging_mixin.py:109} INFO - Producing message @ 2022-03-10 19:04:02.424396 | Message = {'data_id': 29, 'name': 'BTT', 'timestamp': 1646939042}
[2022-03-10 19:04:02,425] {logging_mixin.py:109} INFO - Producing message @ 2022-03-10 19:04:02.425098 | Message = {'data_id': 145, 'name': 'DOT', 'timestamp': 1646939042}
[2022-03-10 19:04:02,425] {python.py:175} INFO - Done. Returned value was: None
[2022-03-10 19:04:02,464] {taskinstance.py:1282} INFO - Marking task as SUCCESS. dag_id=Demo, task_id=producer, execution_date=20220310T190300, start_date=20220310T190402, end_date=20220310T190402
[2022-03-10 19:04:02,496] {local_task_job.py:154} INFO - Task exited with return code 0
[2022-03-10 19:04:02,575] {local_task_job.py:264} INFO - 0 downstream tasks scheduled from follow-on schedule check
