[2022-02-28 06:50:20,162] {taskinstance.py:1037} INFO - Dependencies all met for <TaskInstance: 0747_pipeline.transform_to_json manual__2022-02-28T06:37:06.521999+00:00 [queued]>
[2022-02-28 06:50:20,176] {taskinstance.py:1037} INFO - Dependencies all met for <TaskInstance: 0747_pipeline.transform_to_json manual__2022-02-28T06:37:06.521999+00:00 [queued]>
[2022-02-28 06:50:20,177] {taskinstance.py:1243} INFO - 
--------------------------------------------------------------------------------
[2022-02-28 06:50:20,177] {taskinstance.py:1244} INFO - Starting attempt 1 of 1
[2022-02-28 06:50:20,178] {taskinstance.py:1245} INFO - 
--------------------------------------------------------------------------------
[2022-02-28 06:50:20,223] {taskinstance.py:1264} INFO - Executing <Task(SparkSubmitOperator): transform_to_json> on 2022-02-28 06:37:06.521999+00:00
[2022-02-28 06:50:20,225] {standard_task_runner.py:52} INFO - Started process 666 to run task
[2022-02-28 06:50:20,228] {standard_task_runner.py:76} INFO - Running: ['airflow', 'tasks', 'run', '0747_pipeline', 'transform_to_json', 'manual__2022-02-28T06:37:06.521999+00:00', '--job-id', '80', '--raw', '--subdir', 'DAGS_FOLDER/0747.py', '--cfg-path', '/tmp/tmp9pjf1yc7', '--error-file', '/tmp/tmph10vh2fx']
[2022-02-28 06:50:20,230] {standard_task_runner.py:77} INFO - Job 80: Subtask transform_to_json
[2022-02-28 06:50:20,318] {logging_mixin.py:109} INFO - Running <TaskInstance: 0747_pipeline.transform_to_json manual__2022-02-28T06:37:06.521999+00:00 [running]> on host c5f5c4f93487
[2022-02-28 06:50:20,424] {taskinstance.py:1431} INFO - Exporting the following env vars:
AIRFLOW_CTX_DAG_OWNER=airflow
AIRFLOW_CTX_DAG_ID=0747_pipeline
AIRFLOW_CTX_TASK_ID=transform_to_json
AIRFLOW_CTX_EXECUTION_DATE=2022-02-28T06:37:06.521999+00:00
AIRFLOW_CTX_DAG_RUN_ID=manual__2022-02-28T06:37:06.521999+00:00
[2022-02-28 06:50:20,434] {base.py:79} INFO - Using connection to: id: spark_default. Host: spark://spark-master, Port: 7077, Schema: , Login: , Password: None, extra: {'queue': 'default', 'spark-home': '', 'spark-binary': 'spark-submit', 'namespace': 'default'}
[2022-02-28 06:50:20,435] {spark_submit.py:335} INFO - Spark-Submit cmd: spark-submit --master spark://spark-master:7077 --name 0747 Pipeline --queue default /sparks/production/0747/document_etl.py
[2022-02-28 06:50:21,861] {spark_submit.py:488} INFO - WARNING: An illegal reflective access operation has occurred
[2022-02-28 06:50:21,862] {spark_submit.py:488} INFO - WARNING: Illegal reflective access by org.apache.spark.unsafe.Platform (file:/usr/local/lib/python3.7/site-packages/pyspark/jars/spark-unsafe_2.12-3.2.1.jar) to constructor java.nio.DirectByteBuffer(long,int)
[2022-02-28 06:50:21,863] {spark_submit.py:488} INFO - WARNING: Please consider reporting this to the maintainers of org.apache.spark.unsafe.Platform
[2022-02-28 06:50:21,864] {spark_submit.py:488} INFO - WARNING: Use --illegal-access=warn to enable warnings of further illegal reflective access operations
[2022-02-28 06:50:21,865] {spark_submit.py:488} INFO - WARNING: All illegal access operations will be denied in a future release
[2022-02-28 06:50:22,447] {spark_submit.py:488} INFO - ===========================
[2022-02-28 06:50:22,448] {spark_submit.py:488} INFO - Step 1: Import Libraries
[2022-02-28 06:50:22,449] {spark_submit.py:488} INFO - ===========================
[2022-02-28 06:50:22,678] {spark_submit.py:488} INFO - ===========================
[2022-02-28 06:50:22,679] {spark_submit.py:488} INFO - Step 2: Start Spark Session
[2022-02-28 06:50:22,680] {spark_submit.py:488} INFO - ===========================
[2022-02-28 06:50:22,780] {spark_submit.py:488} INFO - Using Spark's default log4j profile: org/apache/spark/log4j-defaults.properties
[2022-02-28 06:50:22,793] {spark_submit.py:488} INFO - 22/02/28 06:50:22 INFO SparkContext: Running Spark version 3.2.1
[2022-02-28 06:50:22,942] {spark_submit.py:488} INFO - 22/02/28 06:50:22 WARN NativeCodeLoader: Unable to load native-hadoop library for your platform... using builtin-java classes where applicable
[2022-02-28 06:50:23,238] {spark_submit.py:488} INFO - 22/02/28 06:50:23 INFO ResourceUtils: ==============================================================
[2022-02-28 06:50:23,243] {spark_submit.py:488} INFO - 22/02/28 06:50:23 INFO ResourceUtils: No custom resources configured for spark.driver.
[2022-02-28 06:50:23,245] {spark_submit.py:488} INFO - 22/02/28 06:50:23 INFO ResourceUtils: ==============================================================
[2022-02-28 06:50:23,247] {spark_submit.py:488} INFO - 22/02/28 06:50:23 INFO SparkContext: Submitted application: test
[2022-02-28 06:50:23,348] {spark_submit.py:488} INFO - 22/02/28 06:50:23 INFO ResourceProfile: Default ResourceProfile created, executor resources: Map(cores -> name: cores, amount: 2, script: , vendor: , memory -> name: memory, amount: 2048, script: , vendor: , offHeap -> name: offHeap, amount: 0, script: , vendor: ), task resources: Map(cpus -> name: cpus, amount: 1.0)
[2022-02-28 06:50:23,399] {spark_submit.py:488} INFO - 22/02/28 06:50:23 INFO ResourceProfile: Limiting resource is cpus at 2 tasks per executor
[2022-02-28 06:50:23,411] {spark_submit.py:488} INFO - 22/02/28 06:50:23 INFO ResourceProfileManager: Added ResourceProfile id: 0
[2022-02-28 06:50:23,529] {spark_submit.py:488} INFO - 22/02/28 06:50:23 INFO SecurityManager: Changing view acls to: root
[2022-02-28 06:50:23,531] {spark_submit.py:488} INFO - 22/02/28 06:50:23 INFO SecurityManager: Changing modify acls to: root
[2022-02-28 06:50:23,535] {spark_submit.py:488} INFO - 22/02/28 06:50:23 INFO SecurityManager: Changing view acls groups to:
[2022-02-28 06:50:23,537] {spark_submit.py:488} INFO - 22/02/28 06:50:23 INFO SecurityManager: Changing modify acls groups to:
[2022-02-28 06:50:23,539] {spark_submit.py:488} INFO - 22/02/28 06:50:23 INFO SecurityManager: SecurityManager: authentication disabled; ui acls disabled; users  with view permissions: Set(root); groups with view permissions: Set(); users  with modify permissions: Set(root); groups with modify permissions: Set()
[2022-02-28 06:50:24,022] {spark_submit.py:488} INFO - 22/02/28 06:50:24 INFO Utils: Successfully started service 'sparkDriver' on port 39135.
[2022-02-28 06:50:24,063] {spark_submit.py:488} INFO - 22/02/28 06:50:24 INFO SparkEnv: Registering MapOutputTracker
[2022-02-28 06:50:24,115] {spark_submit.py:488} INFO - 22/02/28 06:50:24 INFO SparkEnv: Registering BlockManagerMaster
[2022-02-28 06:50:24,148] {spark_submit.py:488} INFO - 22/02/28 06:50:24 INFO BlockManagerMasterEndpoint: Using org.apache.spark.storage.DefaultTopologyMapper for getting topology information
[2022-02-28 06:50:24,149] {spark_submit.py:488} INFO - 22/02/28 06:50:24 INFO BlockManagerMasterEndpoint: BlockManagerMasterEndpoint up
[2022-02-28 06:50:24,156] {spark_submit.py:488} INFO - 22/02/28 06:50:24 INFO SparkEnv: Registering BlockManagerMasterHeartbeat
[2022-02-28 06:50:24,190] {spark_submit.py:488} INFO - 22/02/28 06:50:24 INFO DiskBlockManager: Created local directory at /tmp/blockmgr-89adbd28-003f-41fa-be54-a1b2e9c9c376
[2022-02-28 06:50:24,221] {spark_submit.py:488} INFO - 22/02/28 06:50:24 INFO MemoryStore: MemoryStore started with capacity 434.4 MiB
[2022-02-28 06:50:24,246] {spark_submit.py:488} INFO - 22/02/28 06:50:24 INFO SparkEnv: Registering OutputCommitCoordinator
[2022-02-28 06:50:24,564] {spark_submit.py:488} INFO - 22/02/28 06:50:24 INFO Utils: Successfully started service 'SparkUI' on port 4040.
[2022-02-28 06:50:24,665] {spark_submit.py:488} INFO - 22/02/28 06:50:24 INFO SparkUI: Bound SparkUI to 0.0.0.0, and started at http://c5f5c4f93487:4040
[2022-02-28 06:50:24,967] {spark_submit.py:488} INFO - 22/02/28 06:50:24 INFO StandaloneAppClient$ClientEndpoint: Connecting to master spark://spark-master:7077...
[2022-02-28 06:50:25,092] {spark_submit.py:488} INFO - 22/02/28 06:50:25 INFO TransportClientFactory: Successfully created connection to spark-master/172.19.0.3:7077 after 81 ms (0 ms spent in bootstraps)
[2022-02-28 06:50:25,339] {spark_submit.py:488} INFO - 22/02/28 06:50:25 INFO StandaloneSchedulerBackend: Connected to Spark cluster with app ID app-20220228065025-0004
[2022-02-28 06:50:25,366] {spark_submit.py:488} INFO - 22/02/28 06:50:25 INFO StandaloneAppClient$ClientEndpoint: Executor added: app-20220228065025-0004/0 on worker-20220228064915-172.19.0.4-7000 (172.19.0.4:7000) with 2 core(s)
[2022-02-28 06:50:25,380] {spark_submit.py:488} INFO - 22/02/28 06:50:25 INFO StandaloneSchedulerBackend: Granted executor ID app-20220228065025-0004/0 on hostPort 172.19.0.4:7000 with 2 core(s), 2.0 GiB RAM
[2022-02-28 06:50:25,382] {spark_submit.py:488} INFO - 22/02/28 06:50:25 INFO StandaloneAppClient$ClientEndpoint: Executor added: app-20220228065025-0004/1 on worker-20220228064915-172.19.0.5-7000 (172.19.0.5:7000) with 2 core(s)
[2022-02-28 06:50:25,383] {spark_submit.py:488} INFO - 22/02/28 06:50:25 INFO StandaloneSchedulerBackend: Granted executor ID app-20220228065025-0004/1 on hostPort 172.19.0.5:7000 with 2 core(s), 2.0 GiB RAM
[2022-02-28 06:50:25,397] {spark_submit.py:488} INFO - 22/02/28 06:50:25 ERROR TransportRequestHandler: Error while invoking RpcHandler#receive() for one-way message.
[2022-02-28 06:50:25,398] {spark_submit.py:488} INFO - java.io.InvalidClassException: org.apache.spark.deploy.DeployMessages$ExecutorUpdated; local class incompatible: stream classdesc serialVersionUID = 1654279024112373855, local class serialVersionUID = -1971851081955655249
[2022-02-28 06:50:25,399] {spark_submit.py:488} INFO - at java.base/java.io.ObjectStreamClass.initNonProxy(ObjectStreamClass.java:689)
[2022-02-28 06:50:25,400] {spark_submit.py:488} INFO - at java.base/java.io.ObjectInputStream.readNonProxyDesc(ObjectInputStream.java:2014)
[2022-02-28 06:50:25,401] {spark_submit.py:488} INFO - at java.base/java.io.ObjectInputStream.readClassDesc(ObjectInputStream.java:1864)
[2022-02-28 06:50:25,402] {spark_submit.py:488} INFO - at java.base/java.io.ObjectInputStream.readOrdinaryObject(ObjectInputStream.java:2195)
[2022-02-28 06:50:25,403] {spark_submit.py:488} INFO - at java.base/java.io.ObjectInputStream.readObject0(ObjectInputStream.java:1681)
[2022-02-28 06:50:25,404] {spark_submit.py:488} INFO - at java.base/java.io.ObjectInputStream.readObject(ObjectInputStream.java:493)
[2022-02-28 06:50:25,405] {spark_submit.py:488} INFO - at java.base/java.io.ObjectInputStream.readObject(ObjectInputStream.java:451)
[2022-02-28 06:50:25,407] {spark_submit.py:488} INFO - at org.apache.spark.serializer.JavaDeserializationStream.readObject(JavaSerializer.scala:76)
[2022-02-28 06:50:25,408] {spark_submit.py:488} INFO - at org.apache.spark.serializer.JavaSerializerInstance.deserialize(JavaSerializer.scala:109)
[2022-02-28 06:50:25,408] {spark_submit.py:488} INFO - at org.apache.spark.rpc.netty.NettyRpcEnv.$anonfun$deserialize$2(NettyRpcEnv.scala:299)
[2022-02-28 06:50:25,409] {spark_submit.py:488} INFO - at scala.util.DynamicVariable.withValue(DynamicVariable.scala:62)
[2022-02-28 06:50:25,411] {spark_submit.py:488} INFO - at org.apache.spark.rpc.netty.NettyRpcEnv.deserialize(NettyRpcEnv.scala:352)
[2022-02-28 06:50:25,412] {spark_submit.py:488} INFO - at org.apache.spark.rpc.netty.NettyRpcEnv.$anonfun$deserialize$1(NettyRpcEnv.scala:298)
[2022-02-28 06:50:25,413] {spark_submit.py:488} INFO - at scala.util.DynamicVariable.withValue(DynamicVariable.scala:62)
[2022-02-28 06:50:25,414] {spark_submit.py:488} INFO - at org.apache.spark.rpc.netty.NettyRpcEnv.deserialize(NettyRpcEnv.scala:298)
[2022-02-28 06:50:25,415] {spark_submit.py:488} INFO - at org.apache.spark.rpc.netty.RequestMessage$.apply(NettyRpcEnv.scala:647)
[2022-02-28 06:50:25,416] {spark_submit.py:488} INFO - at org.apache.spark.rpc.netty.NettyRpcHandler.internalReceive(NettyRpcEnv.scala:698)
[2022-02-28 06:50:25,417] {spark_submit.py:488} INFO - at org.apache.spark.rpc.netty.NettyRpcHandler.receive(NettyRpcEnv.scala:690)
[2022-02-28 06:50:25,418] {spark_submit.py:488} INFO - at org.apache.spark.network.server.TransportRequestHandler.processOneWayMessage(TransportRequestHandler.java:274)
[2022-02-28 06:50:25,418] {spark_submit.py:488} INFO - at org.apache.spark.network.server.TransportRequestHandler.handle(TransportRequestHandler.java:111)
[2022-02-28 06:50:25,420] {spark_submit.py:488} INFO - at org.apache.spark.network.server.TransportChannelHandler.channelRead0(TransportChannelHandler.java:140)
[2022-02-28 06:50:25,421] {spark_submit.py:488} INFO - at org.apache.spark.network.server.TransportChannelHandler.channelRead0(TransportChannelHandler.java:53)
[2022-02-28 06:50:25,422] {spark_submit.py:488} INFO - at io.netty.channel.SimpleChannelInboundHandler.channelRead(SimpleChannelInboundHandler.java:99)
[2022-02-28 06:50:25,423] {spark_submit.py:488} INFO - at io.netty.channel.AbstractChannelHandlerContext.invokeChannelRead(AbstractChannelHandlerContext.java:379)
[2022-02-28 06:50:25,424] {spark_submit.py:488} INFO - at io.netty.channel.AbstractChannelHandlerContext.invokeChannelRead(AbstractChannelHandlerContext.java:365)
[2022-02-28 06:50:25,425] {spark_submit.py:488} INFO - at io.netty.channel.AbstractChannelHandlerContext.fireChannelRead(AbstractChannelHandlerContext.java:357)
[2022-02-28 06:50:25,425] {spark_submit.py:488} INFO - at io.netty.handler.timeout.IdleStateHandler.channelRead(IdleStateHandler.java:286)
[2022-02-28 06:50:25,426] {spark_submit.py:488} INFO - at io.netty.channel.AbstractChannelHandlerContext.invokeChannelRead(AbstractChannelHandlerContext.java:379)
[2022-02-28 06:50:25,427] {spark_submit.py:488} INFO - at io.netty.channel.AbstractChannelHandlerContext.invokeChannelRead(AbstractChannelHandlerContext.java:365)
[2022-02-28 06:50:25,428] {spark_submit.py:488} INFO - at io.netty.channel.AbstractChannelHandlerContext.fireChannelRead(AbstractChannelHandlerContext.java:357)
[2022-02-28 06:50:25,429] {spark_submit.py:488} INFO - at io.netty.handler.codec.MessageToMessageDecoder.channelRead(MessageToMessageDecoder.java:103)
[2022-02-28 06:50:25,430] {spark_submit.py:488} INFO - at io.netty.channel.AbstractChannelHandlerContext.invokeChannelRead(AbstractChannelHandlerContext.java:379)
[2022-02-28 06:50:25,431] {spark_submit.py:488} INFO - at io.netty.channel.AbstractChannelHandlerContext.invokeChannelRead(AbstractChannelHandlerContext.java:365)
[2022-02-28 06:50:25,432] {spark_submit.py:488} INFO - at io.netty.channel.AbstractChannelHandlerContext.fireChannelRead(AbstractChannelHandlerContext.java:357)
[2022-02-28 06:50:25,433] {spark_submit.py:488} INFO - at org.apache.spark.network.util.TransportFrameDecoder.channelRead(TransportFrameDecoder.java:102)
[2022-02-28 06:50:25,434] {spark_submit.py:488} INFO - at io.netty.channel.AbstractChannelHandlerContext.invokeChannelRead(AbstractChannelHandlerContext.java:379)
[2022-02-28 06:50:25,435] {spark_submit.py:488} INFO - at io.netty.channel.AbstractChannelHandlerContext.invokeChannelRead(AbstractChannelHandlerContext.java:365)
[2022-02-28 06:50:25,436] {spark_submit.py:488} INFO - at io.netty.channel.AbstractChannelHandlerContext.fireChannelRead(AbstractChannelHandlerContext.java:357)
[2022-02-28 06:50:25,437] {spark_submit.py:488} INFO - at io.netty.channel.DefaultChannelPipeline$HeadContext.channelRead(DefaultChannelPipeline.java:1410)
[2022-02-28 06:50:25,439] {spark_submit.py:488} INFO - at io.netty.channel.AbstractChannelHandlerContext.invokeChannelRead(AbstractChannelHandlerContext.java:379)
[2022-02-28 06:50:25,439] {spark_submit.py:488} INFO - at io.netty.channel.AbstractChannelHandlerContext.invokeChannelRead(AbstractChannelHandlerContext.java:365)
[2022-02-28 06:50:25,441] {spark_submit.py:488} INFO - at io.netty.channel.DefaultChannelPipeline.fireChannelRead(DefaultChannelPipeline.java:919)
[2022-02-28 06:50:25,444] {spark_submit.py:488} INFO - at io.netty.channel.nio.AbstractNioByteChannel$NioByteUnsafe.read(AbstractNioByteChannel.java:166)
[2022-02-28 06:50:25,445] {spark_submit.py:488} INFO - at io.netty.channel.nio.NioEventLoop.processSelectedKey(NioEventLoop.java:719)
[2022-02-28 06:50:25,446] {spark_submit.py:488} INFO - at io.netty.channel.nio.NioEventLoop.processSelectedKeysOptimized(NioEventLoop.java:655)
[2022-02-28 06:50:25,447] {spark_submit.py:488} INFO - at io.netty.channel.nio.NioEventLoop.processSelectedKeys(NioEventLoop.java:581)
[2022-02-28 06:50:25,449] {spark_submit.py:488} INFO - at io.netty.channel.nio.NioEventLoop.run(NioEventLoop.java:493)
[2022-02-28 06:50:25,450] {spark_submit.py:488} INFO - at io.netty.util.concurrent.SingleThreadEventExecutor$4.run(SingleThreadEventExecutor.java:986)
[2022-02-28 06:50:25,451] {spark_submit.py:488} INFO - at io.netty.util.internal.ThreadExecutorMap$2.run(ThreadExecutorMap.java:74)
[2022-02-28 06:50:25,452] {spark_submit.py:488} INFO - at io.netty.util.concurrent.FastThreadLocalRunnable.run(FastThreadLocalRunnable.java:30)
[2022-02-28 06:50:25,453] {spark_submit.py:488} INFO - at java.base/java.lang.Thread.run(Thread.java:829)
[2022-02-28 06:50:25,454] {spark_submit.py:488} INFO - 22/02/28 06:50:25 INFO Utils: Successfully started service 'org.apache.spark.network.netty.NettyBlockTransferService' on port 34083.
[2022-02-28 06:50:25,455] {spark_submit.py:488} INFO - 22/02/28 06:50:25 INFO NettyBlockTransferService: Server created on c5f5c4f93487:34083
[2022-02-28 06:50:25,456] {spark_submit.py:488} INFO - 22/02/28 06:50:25 ERROR TransportRequestHandler: Error while invoking RpcHandler#receive() for one-way message.
[2022-02-28 06:50:25,457] {spark_submit.py:488} INFO - java.io.InvalidClassException: org.apache.spark.deploy.DeployMessages$ExecutorUpdated; local class incompatible: stream classdesc serialVersionUID = 1654279024112373855, local class serialVersionUID = -1971851081955655249
[2022-02-28 06:50:25,458] {spark_submit.py:488} INFO - at java.base/java.io.ObjectStreamClass.initNonProxy(ObjectStreamClass.java:689)
[2022-02-28 06:50:25,460] {spark_submit.py:488} INFO - at java.base/java.io.ObjectInputStream.readNonProxyDesc(ObjectInputStream.java:2014)
[2022-02-28 06:50:25,461] {spark_submit.py:488} INFO - at java.base/java.io.ObjectInputStream.readClassDesc(ObjectInputStream.java:1864)
[2022-02-28 06:50:25,462] {spark_submit.py:488} INFO - at java.base/java.io.ObjectInputStream.readOrdinaryObject(ObjectInputStream.java:2195)
[2022-02-28 06:50:25,463] {spark_submit.py:488} INFO - at java.base/java.io.ObjectInputStream.readObject0(ObjectInputStream.java:1681)
[2022-02-28 06:50:25,464] {spark_submit.py:488} INFO - at java.base/java.io.ObjectInputStream.readObject(ObjectInputStream.java:493)
[2022-02-28 06:50:25,465] {spark_submit.py:488} INFO - at java.base/java.io.ObjectInputStream.readObject(ObjectInputStream.java:451)
[2022-02-28 06:50:25,466] {spark_submit.py:488} INFO - at org.apache.spark.serializer.JavaDeserializationStream.readObject(JavaSerializer.scala:76)
[2022-02-28 06:50:25,467] {spark_submit.py:488} INFO - at org.apache.spark.serializer.JavaSerializerInstance.deserialize(JavaSerializer.scala:109)
[2022-02-28 06:50:25,468] {spark_submit.py:488} INFO - at org.apache.spark.rpc.netty.NettyRpcEnv.$anonfun$deserialize$2(NettyRpcEnv.scala:299)
[2022-02-28 06:50:25,469] {spark_submit.py:488} INFO - at scala.util.DynamicVariable.withValue(DynamicVariable.scala:62)
[2022-02-28 06:50:25,470] {spark_submit.py:488} INFO - at org.apache.spark.rpc.netty.NettyRpcEnv.deserialize(NettyRpcEnv.scala:352)
[2022-02-28 06:50:25,471] {spark_submit.py:488} INFO - at org.apache.spark.rpc.netty.NettyRpcEnv.$anonfun$deserialize$1(NettyRpcEnv.scala:298)
[2022-02-28 06:50:25,472] {spark_submit.py:488} INFO - at scala.util.DynamicVariable.withValue(DynamicVariable.scala:62)
[2022-02-28 06:50:25,472] {spark_submit.py:488} INFO - at org.apache.spark.rpc.netty.NettyRpcEnv.deserialize(NettyRpcEnv.scala:298)
[2022-02-28 06:50:25,473] {spark_submit.py:488} INFO - at org.apache.spark.rpc.netty.RequestMessage$.apply(NettyRpcEnv.scala:647)
[2022-02-28 06:50:25,476] {spark_submit.py:488} INFO - at org.apache.spark.rpc.netty.NettyRpcHandler.internalReceive(NettyRpcEnv.scala:698)
[2022-02-28 06:50:25,476] {spark_submit.py:488} INFO - at org.apache.spark.rpc.netty.NettyRpcHandler.receive(NettyRpcEnv.scala:690)
[2022-02-28 06:50:25,477] {spark_submit.py:488} INFO - at org.apache.spark.network.server.TransportRequestHandler.processOneWayMessage(TransportRequestHandler.java:274)
[2022-02-28 06:50:25,478] {spark_submit.py:488} INFO - at org.apache.spark.network.server.TransportRequestHandler.handle(TransportRequestHandler.java:111)
[2022-02-28 06:50:25,480] {spark_submit.py:488} INFO - at org.apache.spark.network.server.TransportChannelHandler.channelRead0(TransportChannelHandler.java:140)
[2022-02-28 06:50:25,481] {spark_submit.py:488} INFO - at org.apache.spark.network.server.TransportChannelHandler.channelRead0(TransportChannelHandler.java:53)
[2022-02-28 06:50:25,482] {spark_submit.py:488} INFO - at io.netty.channel.SimpleChannelInboundHandler.channelRead(SimpleChannelInboundHandler.java:99)
[2022-02-28 06:50:25,483] {spark_submit.py:488} INFO - at io.netty.channel.AbstractChannelHandlerContext.invokeChannelRead(AbstractChannelHandlerContext.java:379)
[2022-02-28 06:50:25,484] {spark_submit.py:488} INFO - at io.netty.channel.AbstractChannelHandlerContext.invokeChannelRead(AbstractChannelHandlerContext.java:365)
[2022-02-28 06:50:25,485] {spark_submit.py:488} INFO - at io.netty.channel.AbstractChannelHandlerContext.fireChannelRead(AbstractChannelHandlerContext.java:357)
[2022-02-28 06:50:25,486] {spark_submit.py:488} INFO - at io.netty.handler.timeout.IdleStateHandler.channelRead(IdleStateHandler.java:286)
[2022-02-28 06:50:25,487] {spark_submit.py:488} INFO - at io.netty.channel.AbstractChannelHandlerContext.invokeChannelRead(AbstractChannelHandlerContext.java:379)
[2022-02-28 06:50:25,488] {spark_submit.py:488} INFO - at io.netty.channel.AbstractChannelHandlerContext.invokeChannelRead(AbstractChannelHandlerContext.java:365)
[2022-02-28 06:50:25,489] {spark_submit.py:488} INFO - at io.netty.channel.AbstractChannelHandlerContext.fireChannelRead(AbstractChannelHandlerContext.java:357)
[2022-02-28 06:50:25,490] {spark_submit.py:488} INFO - at io.netty.handler.codec.MessageToMessageDecoder.channelRead(MessageToMessageDecoder.java:103)
[2022-02-28 06:50:25,491] {spark_submit.py:488} INFO - at io.netty.channel.AbstractChannelHandlerContext.invokeChannelRead(AbstractChannelHandlerContext.java:379)
[2022-02-28 06:50:25,492] {spark_submit.py:488} INFO - at io.netty.channel.AbstractChannelHandlerContext.invokeChannelRead(AbstractChannelHandlerContext.java:365)
[2022-02-28 06:50:25,493] {spark_submit.py:488} INFO - at io.netty.channel.AbstractChannelHandlerContext.fireChannelRead(AbstractChannelHandlerContext.java:357)
[2022-02-28 06:50:25,494] {spark_submit.py:488} INFO - at org.apache.spark.network.util.TransportFrameDecoder.channelRead(TransportFrameDecoder.java:102)
[2022-02-28 06:50:25,495] {spark_submit.py:488} INFO - at io.netty.channel.AbstractChannelHandlerContext.invokeChannelRead(AbstractChannelHandlerContext.java:379)
[2022-02-28 06:50:25,496] {spark_submit.py:488} INFO - at io.netty.channel.AbstractChannelHandlerContext.invokeChannelRead(AbstractChannelHandlerContext.java:365)
[2022-02-28 06:50:25,497] {spark_submit.py:488} INFO - at io.netty.channel.AbstractChannelHandlerContext.fireChannelRead(AbstractChannelHandlerContext.java:357)
[2022-02-28 06:50:25,498] {spark_submit.py:488} INFO - at io.netty.channel.DefaultChannelPipeline$HeadContext.channelRead(DefaultChannelPipeline.java:1410)
[2022-02-28 06:50:25,499] {spark_submit.py:488} INFO - at io.netty.channel.AbstractChannelHandlerContext.invokeChannelRead(AbstractChannelHandlerContext.java:379)
[2022-02-28 06:50:25,500] {spark_submit.py:488} INFO - at io.netty.channel.AbstractChannelHandlerContext.invokeChannelRead(AbstractChannelHandlerContext.java:365)
[2022-02-28 06:50:25,501] {spark_submit.py:488} INFO - at io.netty.channel.DefaultChannelPipeline.fireChannelRead(DefaultChannelPipeline.java:919)
[2022-02-28 06:50:25,502] {spark_submit.py:488} INFO - at io.netty.channel.nio.AbstractNioByteChannel$NioByteUnsafe.read(AbstractNioByteChannel.java:166)
[2022-02-28 06:50:25,503] {spark_submit.py:488} INFO - at io.netty.channel.nio.NioEventLoop.processSelectedKey(NioEventLoop.java:719)
[2022-02-28 06:50:25,504] {spark_submit.py:488} INFO - at io.netty.channel.nio.NioEventLoop.processSelectedKeysOptimized(NioEventLoop.java:655)
[2022-02-28 06:50:25,505] {spark_submit.py:488} INFO - at io.netty.channel.nio.NioEventLoop.processSelectedKeys(NioEventLoop.java:581)
[2022-02-28 06:50:25,506] {spark_submit.py:488} INFO - at io.netty.channel.nio.NioEventLoop.run(NioEventLoop.java:493)
[2022-02-28 06:50:25,508] {spark_submit.py:488} INFO - at io.netty.util.concurrent.SingleThreadEventExecutor$4.run(SingleThreadEventExecutor.java:986)
[2022-02-28 06:50:25,509] {spark_submit.py:488} INFO - at io.netty.util.internal.ThreadExecutorMap$2.run(ThreadExecutorMap.java:74)
[2022-02-28 06:50:25,510] {spark_submit.py:488} INFO - at io.netty.util.concurrent.FastThreadLocalRunnable.run(FastThreadLocalRunnable.java:30)
[2022-02-28 06:50:25,511] {spark_submit.py:488} INFO - at java.base/java.lang.Thread.run(Thread.java:829)
[2022-02-28 06:50:25,512] {spark_submit.py:488} INFO - 22/02/28 06:50:25 INFO BlockManager: Using org.apache.spark.storage.RandomBlockReplicationPolicy for block replication policy
[2022-02-28 06:50:25,513] {spark_submit.py:488} INFO - 22/02/28 06:50:25 INFO BlockManagerMaster: Registering BlockManager BlockManagerId(driver, c5f5c4f93487, 34083, None)
[2022-02-28 06:50:25,514] {spark_submit.py:488} INFO - 22/02/28 06:50:25 INFO BlockManagerMasterEndpoint: Registering block manager c5f5c4f93487:34083 with 434.4 MiB RAM, BlockManagerId(driver, c5f5c4f93487, 34083, None)
[2022-02-28 06:50:25,515] {spark_submit.py:488} INFO - 22/02/28 06:50:25 INFO BlockManagerMaster: Registered BlockManager BlockManagerId(driver, c5f5c4f93487, 34083, None)
[2022-02-28 06:50:25,516] {spark_submit.py:488} INFO - 22/02/28 06:50:25 INFO BlockManager: Initialized BlockManager: BlockManagerId(driver, c5f5c4f93487, 34083, None)
[2022-02-28 06:50:25,837] {spark_submit.py:488} INFO - 22/02/28 06:50:25 INFO StandaloneSchedulerBackend: SchedulerBackend is ready for scheduling beginning after reached minRegisteredResourcesRatio: 0.0
[2022-02-28 06:50:26,294] {spark_submit.py:488} INFO - 22/02/28 06:50:26 INFO SharedState: Setting hive.metastore.warehouse.dir ('null') to the value of spark.sql.warehouse.dir.
[2022-02-28 06:50:26,326] {spark_submit.py:488} INFO - 22/02/28 06:50:26 INFO SharedState: Warehouse path is 'file:/airflow/spark-warehouse'.
[2022-02-28 06:50:27,508] {spark_submit.py:488} INFO - /usr/local/lib/python3.7/site-packages/pyspark/python/lib/pyspark.zip/pyspark/sql/context.py:79: FutureWarning: Deprecated in 3.0.0. Use SparkSession.builder.getOrCreate() instead.
[2022-02-28 06:50:27,580] {spark_submit.py:488} INFO - 22/02/28 06:50:27 INFO SparkContext: Invoking stop() from shutdown hook
[2022-02-28 06:50:27,625] {spark_submit.py:488} INFO - 22/02/28 06:50:27 INFO SparkUI: Stopped Spark web UI at http://c5f5c4f93487:4040
[2022-02-28 06:50:27,636] {spark_submit.py:488} INFO - 22/02/28 06:50:27 INFO StandaloneSchedulerBackend: Shutting down all executors
[2022-02-28 06:50:27,655] {spark_submit.py:488} INFO - 22/02/28 06:50:27 INFO CoarseGrainedSchedulerBackend$DriverEndpoint: Asking each executor to shut down
[2022-02-28 06:50:27,855] {spark_submit.py:488} INFO - 22/02/28 06:50:27 INFO MapOutputTrackerMasterEndpoint: MapOutputTrackerMasterEndpoint stopped!
[2022-02-28 06:50:27,910] {spark_submit.py:488} INFO - 22/02/28 06:50:27 INFO MemoryStore: MemoryStore cleared
[2022-02-28 06:50:27,913] {spark_submit.py:488} INFO - 22/02/28 06:50:27 INFO BlockManager: BlockManager stopped
[2022-02-28 06:50:27,962] {spark_submit.py:488} INFO - 22/02/28 06:50:27 INFO BlockManagerMaster: BlockManagerMaster stopped
[2022-02-28 06:50:27,979] {spark_submit.py:488} INFO - 22/02/28 06:50:27 INFO OutputCommitCoordinator$OutputCommitCoordinatorEndpoint: OutputCommitCoordinator stopped!
[2022-02-28 06:50:28,000] {spark_submit.py:488} INFO - 22/02/28 06:50:27 INFO SparkContext: Successfully stopped SparkContext
[2022-02-28 06:50:28,003] {spark_submit.py:488} INFO - 22/02/28 06:50:28 INFO ShutdownHookManager: Shutdown hook called
[2022-02-28 06:50:28,006] {spark_submit.py:488} INFO - 22/02/28 06:50:28 INFO ShutdownHookManager: Deleting directory /tmp/spark-bb56e994-aab6-4e8a-839e-5302b381138f
[2022-02-28 06:50:28,014] {spark_submit.py:488} INFO - 22/02/28 06:50:28 INFO ShutdownHookManager: Deleting directory /tmp/spark-b0849054-d98e-4bcb-a735-ef6ad4d291ac
[2022-02-28 06:50:28,021] {spark_submit.py:488} INFO - 22/02/28 06:50:28 INFO ShutdownHookManager: Deleting directory /tmp/spark-b0849054-d98e-4bcb-a735-ef6ad4d291ac/pyspark-e51d53fe-e21d-4109-b319-ef9e85fd9336
[2022-02-28 06:50:28,110] {taskinstance.py:1282} INFO - Marking task as SUCCESS. dag_id=0747_pipeline, task_id=transform_to_json, execution_date=20220228T063706, start_date=20220228T065020, end_date=20220228T065028
[2022-02-28 06:50:28,185] {local_task_job.py:154} INFO - Task exited with return code 0
[2022-02-28 06:50:28,221] {local_task_job.py:264} INFO - 0 downstream tasks scheduled from follow-on schedule check
