[2022-02-28 07:00:47,791] {taskinstance.py:1037} INFO - Dependencies all met for <TaskInstance: 0747_pipeline.field_extract manual__2022-02-28T07:00:16.391385+00:00 [queued]>
[2022-02-28 07:00:47,819] {taskinstance.py:1037} INFO - Dependencies all met for <TaskInstance: 0747_pipeline.field_extract manual__2022-02-28T07:00:16.391385+00:00 [queued]>
[2022-02-28 07:00:47,820] {taskinstance.py:1243} INFO - 
--------------------------------------------------------------------------------
[2022-02-28 07:00:47,820] {taskinstance.py:1244} INFO - Starting attempt 1 of 1
[2022-02-28 07:00:47,821] {taskinstance.py:1245} INFO - 
--------------------------------------------------------------------------------
[2022-02-28 07:00:47,875] {taskinstance.py:1264} INFO - Executing <Task(SparkSubmitOperator): field_extract> on 2022-02-28 07:00:16.391385+00:00
[2022-02-28 07:00:47,877] {standard_task_runner.py:52} INFO - Started process 1126 to run task
[2022-02-28 07:00:47,880] {standard_task_runner.py:76} INFO - Running: ['airflow', 'tasks', 'run', '0747_pipeline', 'field_extract', 'manual__2022-02-28T07:00:16.391385+00:00', '--job-id', '83', '--raw', '--subdir', 'DAGS_FOLDER/0747.py', '--cfg-path', '/tmp/tmpz30v0b36', '--error-file', '/tmp/tmppik0q4y3']
[2022-02-28 07:00:47,881] {standard_task_runner.py:77} INFO - Job 83: Subtask field_extract
[2022-02-28 07:00:47,986] {logging_mixin.py:109} INFO - Running <TaskInstance: 0747_pipeline.field_extract manual__2022-02-28T07:00:16.391385+00:00 [running]> on host c5f5c4f93487
[2022-02-28 07:00:48,105] {taskinstance.py:1431} INFO - Exporting the following env vars:
AIRFLOW_CTX_DAG_OWNER=airflow
AIRFLOW_CTX_DAG_ID=0747_pipeline
AIRFLOW_CTX_TASK_ID=field_extract
AIRFLOW_CTX_EXECUTION_DATE=2022-02-28T07:00:16.391385+00:00
AIRFLOW_CTX_DAG_RUN_ID=manual__2022-02-28T07:00:16.391385+00:00
[2022-02-28 07:00:48,115] {base.py:79} INFO - Using connection to: id: spark_default. Host: spark://spark-master, Port: 7077, Schema: , Login: , Password: None, extra: {'queue': 'default', 'spark-home': '', 'spark-binary': 'spark-submit', 'namespace': 'default'}
[2022-02-28 07:00:48,116] {spark_submit.py:335} INFO - Spark-Submit cmd: spark-submit --master spark://spark-master:7077 --name 0747 Pipeline --queue default /sparks/production/0747/document_etl.py
[2022-02-28 07:00:49,442] {spark_submit.py:488} INFO - WARNING: An illegal reflective access operation has occurred
[2022-02-28 07:00:49,443] {spark_submit.py:488} INFO - WARNING: Illegal reflective access by org.apache.spark.unsafe.Platform (file:/usr/local/lib/python3.7/site-packages/pyspark/jars/spark-unsafe_2.12-3.2.1.jar) to constructor java.nio.DirectByteBuffer(long,int)
[2022-02-28 07:00:49,444] {spark_submit.py:488} INFO - WARNING: Please consider reporting this to the maintainers of org.apache.spark.unsafe.Platform
[2022-02-28 07:00:49,444] {spark_submit.py:488} INFO - WARNING: Use --illegal-access=warn to enable warnings of further illegal reflective access operations
[2022-02-28 07:00:49,445] {spark_submit.py:488} INFO - WARNING: All illegal access operations will be denied in a future release
[2022-02-28 07:00:49,862] {spark_submit.py:488} INFO - ===========================
[2022-02-28 07:00:49,863] {spark_submit.py:488} INFO - Step 1: Import Libraries
[2022-02-28 07:00:49,864] {spark_submit.py:488} INFO - ===========================
[2022-02-28 07:00:50,095] {spark_submit.py:488} INFO - ===========================
[2022-02-28 07:00:50,096] {spark_submit.py:488} INFO - Step 2: Start Spark Session
[2022-02-28 07:00:50,097] {spark_submit.py:488} INFO - ===========================
[2022-02-28 07:00:50,197] {spark_submit.py:488} INFO - Using Spark's default log4j profile: org/apache/spark/log4j-defaults.properties
[2022-02-28 07:00:50,210] {spark_submit.py:488} INFO - 22/02/28 07:00:50 INFO SparkContext: Running Spark version 3.2.1
[2022-02-28 07:00:50,318] {spark_submit.py:488} INFO - 22/02/28 07:00:50 WARN NativeCodeLoader: Unable to load native-hadoop library for your platform... using builtin-java classes where applicable
[2022-02-28 07:00:50,451] {spark_submit.py:488} INFO - 22/02/28 07:00:50 INFO ResourceUtils: ==============================================================
[2022-02-28 07:00:50,453] {spark_submit.py:488} INFO - 22/02/28 07:00:50 INFO ResourceUtils: No custom resources configured for spark.driver.
[2022-02-28 07:00:50,453] {spark_submit.py:488} INFO - 22/02/28 07:00:50 INFO ResourceUtils: ==============================================================
[2022-02-28 07:00:50,454] {spark_submit.py:488} INFO - 22/02/28 07:00:50 INFO SparkContext: Submitted application: 0747 Pipeline
[2022-02-28 07:00:50,484] {spark_submit.py:488} INFO - 22/02/28 07:00:50 INFO ResourceProfile: Default ResourceProfile created, executor resources: Map(cores -> name: cores, amount: 2, script: , vendor: , memory -> name: memory, amount: 2048, script: , vendor: , offHeap -> name: offHeap, amount: 0, script: , vendor: ), task resources: Map(cpus -> name: cpus, amount: 1.0)
[2022-02-28 07:00:50,499] {spark_submit.py:488} INFO - 22/02/28 07:00:50 INFO ResourceProfile: Limiting resource is cpus at 2 tasks per executor
[2022-02-28 07:00:50,513] {spark_submit.py:488} INFO - 22/02/28 07:00:50 INFO ResourceProfileManager: Added ResourceProfile id: 0
[2022-02-28 07:00:50,576] {spark_submit.py:488} INFO - 22/02/28 07:00:50 INFO SecurityManager: Changing view acls to: root
[2022-02-28 07:00:50,577] {spark_submit.py:488} INFO - 22/02/28 07:00:50 INFO SecurityManager: Changing modify acls to: root
[2022-02-28 07:00:50,578] {spark_submit.py:488} INFO - 22/02/28 07:00:50 INFO SecurityManager: Changing view acls groups to:
[2022-02-28 07:00:50,579] {spark_submit.py:488} INFO - 22/02/28 07:00:50 INFO SecurityManager: Changing modify acls groups to:
[2022-02-28 07:00:50,580] {spark_submit.py:488} INFO - 22/02/28 07:00:50 INFO SecurityManager: SecurityManager: authentication disabled; ui acls disabled; users  with view permissions: Set(root); groups with view permissions: Set(); users  with modify permissions: Set(root); groups with modify permissions: Set()
[2022-02-28 07:00:50,928] {spark_submit.py:488} INFO - 22/02/28 07:00:50 INFO Utils: Successfully started service 'sparkDriver' on port 33475.
[2022-02-28 07:00:50,969] {spark_submit.py:488} INFO - 22/02/28 07:00:50 INFO SparkEnv: Registering MapOutputTracker
[2022-02-28 07:00:51,016] {spark_submit.py:488} INFO - 22/02/28 07:00:51 INFO SparkEnv: Registering BlockManagerMaster
[2022-02-28 07:00:51,050] {spark_submit.py:488} INFO - 22/02/28 07:00:51 INFO BlockManagerMasterEndpoint: Using org.apache.spark.storage.DefaultTopologyMapper for getting topology information
[2022-02-28 07:00:51,057] {spark_submit.py:488} INFO - 22/02/28 07:00:51 INFO BlockManagerMasterEndpoint: BlockManagerMasterEndpoint up
[2022-02-28 07:00:51,060] {spark_submit.py:488} INFO - 22/02/28 07:00:51 INFO SparkEnv: Registering BlockManagerMasterHeartbeat
[2022-02-28 07:00:51,092] {spark_submit.py:488} INFO - 22/02/28 07:00:51 INFO DiskBlockManager: Created local directory at /tmp/blockmgr-8e883b9b-f8a1-4bef-990e-4db0600ca0b6
[2022-02-28 07:00:51,127] {spark_submit.py:488} INFO - 22/02/28 07:00:51 INFO MemoryStore: MemoryStore started with capacity 434.4 MiB
[2022-02-28 07:00:51,150] {spark_submit.py:488} INFO - 22/02/28 07:00:51 INFO SparkEnv: Registering OutputCommitCoordinator
[2022-02-28 07:00:51,461] {spark_submit.py:488} INFO - 22/02/28 07:00:51 INFO Utils: Successfully started service 'SparkUI' on port 4040.
[2022-02-28 07:00:51,543] {spark_submit.py:488} INFO - 22/02/28 07:00:51 INFO SparkUI: Bound SparkUI to 0.0.0.0, and started at http://c5f5c4f93487:4040
[2022-02-28 07:00:51,763] {spark_submit.py:488} INFO - 22/02/28 07:00:51 INFO Executor: Starting executor ID driver on host c5f5c4f93487
[2022-02-28 07:00:51,802] {spark_submit.py:488} INFO - 22/02/28 07:00:51 INFO Utils: Successfully started service 'org.apache.spark.network.netty.NettyBlockTransferService' on port 38679.
[2022-02-28 07:00:51,822] {spark_submit.py:488} INFO - 22/02/28 07:00:51 INFO NettyBlockTransferService: Server created on c5f5c4f93487:38679
[2022-02-28 07:00:51,822] {spark_submit.py:488} INFO - 22/02/28 07:00:51 INFO BlockManager: Using org.apache.spark.storage.RandomBlockReplicationPolicy for block replication policy
[2022-02-28 07:00:51,824] {spark_submit.py:488} INFO - 22/02/28 07:00:51 INFO BlockManagerMaster: Registering BlockManager BlockManagerId(driver, c5f5c4f93487, 38679, None)
[2022-02-28 07:00:51,824] {spark_submit.py:488} INFO - 22/02/28 07:00:51 INFO BlockManagerMasterEndpoint: Registering block manager c5f5c4f93487:38679 with 434.4 MiB RAM, BlockManagerId(driver, c5f5c4f93487, 38679, None)
[2022-02-28 07:00:51,831] {spark_submit.py:488} INFO - 22/02/28 07:00:51 INFO BlockManagerMaster: Registered BlockManager BlockManagerId(driver, c5f5c4f93487, 38679, None)
[2022-02-28 07:00:51,833] {spark_submit.py:488} INFO - 22/02/28 07:00:51 INFO BlockManager: Initialized BlockManager: BlockManagerId(driver, c5f5c4f93487, 38679, None)
[2022-02-28 07:00:52,377] {spark_submit.py:488} INFO - 22/02/28 07:00:52 INFO SharedState: Setting hive.metastore.warehouse.dir ('null') to the value of spark.sql.warehouse.dir.
[2022-02-28 07:00:52,403] {spark_submit.py:488} INFO - 22/02/28 07:00:52 INFO SharedState: Warehouse path is 'file:/airflow/spark-warehouse'.
[2022-02-28 07:00:53,126] {spark_submit.py:488} INFO - /usr/local/lib/python3.7/site-packages/pyspark/python/lib/pyspark.zip/pyspark/sql/context.py:79: FutureWarning: Deprecated in 3.0.0. Use SparkSession.builder.getOrCreate() instead.
[2022-02-28 07:00:53,132] {spark_submit.py:488} INFO - ===========================
[2022-02-28 07:00:53,133] {spark_submit.py:488} INFO - Step 3: Load Data
[2022-02-28 07:00:53,134] {spark_submit.py:488} INFO - ===========================
[2022-02-28 07:00:53,592] {spark_submit.py:488} INFO - 22/02/28 07:00:53 INFO SparkContext: Starting job: runJob at PythonRDD.scala:166
[2022-02-28 07:00:53,613] {spark_submit.py:488} INFO - 22/02/28 07:00:53 INFO DAGScheduler: Got job 0 (runJob at PythonRDD.scala:166) with 1 output partitions
[2022-02-28 07:00:53,614] {spark_submit.py:488} INFO - 22/02/28 07:00:53 INFO DAGScheduler: Final stage: ResultStage 0 (runJob at PythonRDD.scala:166)
[2022-02-28 07:00:53,615] {spark_submit.py:488} INFO - 22/02/28 07:00:53 INFO DAGScheduler: Parents of final stage: List()
[2022-02-28 07:00:53,617] {spark_submit.py:488} INFO - 22/02/28 07:00:53 INFO DAGScheduler: Missing parents: List()
[2022-02-28 07:00:53,622] {spark_submit.py:488} INFO - 22/02/28 07:00:53 INFO DAGScheduler: Submitting ResultStage 0 (PythonRDD[1] at RDD at PythonRDD.scala:53), which has no missing parents
[2022-02-28 07:00:53,844] {spark_submit.py:488} INFO - 22/02/28 07:00:53 INFO MemoryStore: Block broadcast_0 stored as values in memory (estimated size 6.4 KiB, free 434.4 MiB)
[2022-02-28 07:00:53,912] {spark_submit.py:488} INFO - 22/02/28 07:00:53 INFO MemoryStore: Block broadcast_0_piece0 stored as bytes in memory (estimated size 4.0 KiB, free 434.4 MiB)
[2022-02-28 07:00:53,918] {spark_submit.py:488} INFO - 22/02/28 07:00:53 INFO BlockManagerInfo: Added broadcast_0_piece0 in memory on c5f5c4f93487:38679 (size: 4.0 KiB, free: 434.4 MiB)
[2022-02-28 07:00:53,928] {spark_submit.py:488} INFO - 22/02/28 07:00:53 INFO SparkContext: Created broadcast 0 from broadcast at DAGScheduler.scala:1478
[2022-02-28 07:00:53,943] {spark_submit.py:488} INFO - 22/02/28 07:00:53 INFO DAGScheduler: Submitting 1 missing tasks from ResultStage 0 (PythonRDD[1] at RDD at PythonRDD.scala:53) (first 15 tasks are for partitions Vector(0))
[2022-02-28 07:00:53,946] {spark_submit.py:488} INFO - 22/02/28 07:00:53 INFO TaskSchedulerImpl: Adding task set 0.0 with 1 tasks resource profile 0
[2022-02-28 07:00:54,017] {spark_submit.py:488} INFO - 22/02/28 07:00:54 INFO TaskSetManager: Starting task 0.0 in stage 0.0 (TID 0) (c5f5c4f93487, executor driver, partition 0, PROCESS_LOCAL, 4543 bytes) taskResourceAssignments Map()
[2022-02-28 07:00:54,038] {spark_submit.py:488} INFO - 22/02/28 07:00:54 INFO Executor: Running task 0.0 in stage 0.0 (TID 0)
[2022-02-28 07:00:54,504] {spark_submit.py:488} INFO - 22/02/28 07:00:54 INFO PythonRunner: Times: total = 356, boot = 343, init = 13, finish = 0
[2022-02-28 07:00:54,527] {spark_submit.py:488} INFO - 22/02/28 07:00:54 INFO Executor: Finished task 0.0 in stage 0.0 (TID 0). 1351 bytes result sent to driver
[2022-02-28 07:00:54,538] {spark_submit.py:488} INFO - 22/02/28 07:00:54 INFO TaskSetManager: Finished task 0.0 in stage 0.0 (TID 0) in 535 ms on c5f5c4f93487 (executor driver) (1/1)
[2022-02-28 07:00:54,541] {spark_submit.py:488} INFO - 22/02/28 07:00:54 INFO TaskSchedulerImpl: Removed TaskSet 0.0, whose tasks have all completed, from pool
[2022-02-28 07:00:54,546] {spark_submit.py:488} INFO - 22/02/28 07:00:54 INFO PythonAccumulatorV2: Connected to AccumulatorServer at host: 127.0.0.1 port: 47831
[2022-02-28 07:00:54,551] {spark_submit.py:488} INFO - 22/02/28 07:00:54 INFO DAGScheduler: ResultStage 0 (runJob at PythonRDD.scala:166) finished in 0.911 s
[2022-02-28 07:00:54,556] {spark_submit.py:488} INFO - 22/02/28 07:00:54 INFO DAGScheduler: Job 0 is finished. Cancelling potential speculative or zombie tasks for this job
[2022-02-28 07:00:54,557] {spark_submit.py:488} INFO - 22/02/28 07:00:54 INFO TaskSchedulerImpl: Killing all running tasks in stage 0: Stage finished
[2022-02-28 07:00:54,560] {spark_submit.py:488} INFO - 22/02/28 07:00:54 INFO DAGScheduler: Job 0 finished: runJob at PythonRDD.scala:166, took 0.966479 s
[2022-02-28 07:00:55,314] {spark_submit.py:488} INFO - 22/02/28 07:00:55 INFO BlockManagerInfo: Removed broadcast_0_piece0 on c5f5c4f93487:38679 in memory (size: 4.0 KiB, free: 434.4 MiB)
[2022-02-28 07:00:56,403] {spark_submit.py:488} INFO - root
[2022-02-28 07:00:56,404] {spark_submit.py:488} INFO - |-- name: string (nullable = true)
[2022-02-28 07:00:56,405] {spark_submit.py:488} INFO - |-- path: string (nullable = true)
[2022-02-28 07:00:56,406] {spark_submit.py:488} INFO - 
[2022-02-28 07:00:57,325] {spark_submit.py:488} INFO - 22/02/28 07:00:57 INFO CodeGenerator: Code generated in 215.8985 ms
[2022-02-28 07:00:57,349] {spark_submit.py:488} INFO - 22/02/28 07:00:57 INFO SparkContext: Starting job: showString at NativeMethodAccessorImpl.java:0
[2022-02-28 07:00:57,352] {spark_submit.py:488} INFO - 22/02/28 07:00:57 INFO DAGScheduler: Got job 1 (showString at NativeMethodAccessorImpl.java:0) with 1 output partitions
[2022-02-28 07:00:57,353] {spark_submit.py:488} INFO - 22/02/28 07:00:57 INFO DAGScheduler: Final stage: ResultStage 1 (showString at NativeMethodAccessorImpl.java:0)
[2022-02-28 07:00:57,354] {spark_submit.py:488} INFO - 22/02/28 07:00:57 INFO DAGScheduler: Parents of final stage: List()
[2022-02-28 07:00:57,355] {spark_submit.py:488} INFO - 22/02/28 07:00:57 INFO DAGScheduler: Missing parents: List()
[2022-02-28 07:00:57,356] {spark_submit.py:488} INFO - 22/02/28 07:00:57 INFO DAGScheduler: Submitting ResultStage 1 (MapPartitionsRDD[7] at showString at NativeMethodAccessorImpl.java:0), which has no missing parents
[2022-02-28 07:00:57,380] {spark_submit.py:488} INFO - 22/02/28 07:00:57 INFO MemoryStore: Block broadcast_1 stored as values in memory (estimated size 13.9 KiB, free 434.4 MiB)
[2022-02-28 07:00:57,385] {spark_submit.py:488} INFO - 22/02/28 07:00:57 INFO MemoryStore: Block broadcast_1_piece0 stored as bytes in memory (estimated size 7.4 KiB, free 434.4 MiB)
[2022-02-28 07:00:57,386] {spark_submit.py:488} INFO - 22/02/28 07:00:57 INFO BlockManagerInfo: Added broadcast_1_piece0 in memory on c5f5c4f93487:38679 (size: 7.4 KiB, free: 434.4 MiB)
[2022-02-28 07:00:57,387] {spark_submit.py:488} INFO - 22/02/28 07:00:57 INFO SparkContext: Created broadcast 1 from broadcast at DAGScheduler.scala:1478
[2022-02-28 07:00:57,389] {spark_submit.py:488} INFO - 22/02/28 07:00:57 INFO DAGScheduler: Submitting 1 missing tasks from ResultStage 1 (MapPartitionsRDD[7] at showString at NativeMethodAccessorImpl.java:0) (first 15 tasks are for partitions Vector(0))
[2022-02-28 07:00:57,390] {spark_submit.py:488} INFO - 22/02/28 07:00:57 INFO TaskSchedulerImpl: Adding task set 1.0 with 1 tasks resource profile 0
[2022-02-28 07:00:57,392] {spark_submit.py:488} INFO - 22/02/28 07:00:57 INFO TaskSetManager: Starting task 0.0 in stage 1.0 (TID 1) (c5f5c4f93487, executor driver, partition 0, PROCESS_LOCAL, 4543 bytes) taskResourceAssignments Map()
[2022-02-28 07:00:57,395] {spark_submit.py:488} INFO - 22/02/28 07:00:57 INFO Executor: Running task 0.0 in stage 1.0 (TID 1)
[2022-02-28 07:00:57,497] {spark_submit.py:488} INFO - 22/02/28 07:00:57 INFO PythonRunner: Times: total = 12, boot = 4, init = 7, finish = 1
[2022-02-28 07:00:57,502] {spark_submit.py:488} INFO - 22/02/28 07:00:57 INFO Executor: Finished task 0.0 in stage 1.0 (TID 1). 1855 bytes result sent to driver
[2022-02-28 07:00:57,506] {spark_submit.py:488} INFO - 22/02/28 07:00:57 INFO TaskSetManager: Finished task 0.0 in stage 1.0 (TID 1) in 115 ms on c5f5c4f93487 (executor driver) (1/1)
[2022-02-28 07:00:57,507] {spark_submit.py:488} INFO - 22/02/28 07:00:57 INFO TaskSchedulerImpl: Removed TaskSet 1.0, whose tasks have all completed, from pool
[2022-02-28 07:00:57,508] {spark_submit.py:488} INFO - 22/02/28 07:00:57 INFO DAGScheduler: ResultStage 1 (showString at NativeMethodAccessorImpl.java:0) finished in 0.152 s
[2022-02-28 07:00:57,509] {spark_submit.py:488} INFO - 22/02/28 07:00:57 INFO DAGScheduler: Job 1 is finished. Cancelling potential speculative or zombie tasks for this job
[2022-02-28 07:00:57,510] {spark_submit.py:488} INFO - 22/02/28 07:00:57 INFO TaskSchedulerImpl: Killing all running tasks in stage 1: Stage finished
[2022-02-28 07:00:57,511] {spark_submit.py:488} INFO - 22/02/28 07:00:57 INFO DAGScheduler: Job 1 finished: showString at NativeMethodAccessorImpl.java:0, took 0.159197 s
[2022-02-28 07:00:57,569] {spark_submit.py:488} INFO - 22/02/28 07:00:57 INFO CodeGenerator: Code generated in 29.5624 ms
[2022-02-28 07:00:57,589] {spark_submit.py:488} INFO - +---------+-------------------------+
[2022-02-28 07:00:57,590] {spark_submit.py:488} INFO - |name     |path                     |
[2022-02-28 07:00:57,591] {spark_submit.py:488} INFO - +---------+-------------------------+
[2022-02-28 07:00:57,592] {spark_submit.py:488} INFO - |test1.jpg|/opt/spark-data/test1.jpg|
[2022-02-28 07:00:57,593] {spark_submit.py:488} INFO - |test2.jpg|/opt/spark-data/test2.jpg|
[2022-02-28 07:00:57,594] {spark_submit.py:488} INFO - +---------+-------------------------+
[2022-02-28 07:00:57,595] {spark_submit.py:488} INFO - 
[2022-02-28 07:00:57,621] {spark_submit.py:488} INFO - 22/02/28 07:00:57 INFO SparkContext: Invoking stop() from shutdown hook
[2022-02-28 07:00:57,638] {spark_submit.py:488} INFO - 22/02/28 07:00:57 INFO SparkUI: Stopped Spark web UI at http://c5f5c4f93487:4040
[2022-02-28 07:00:57,663] {spark_submit.py:488} INFO - 22/02/28 07:00:57 INFO MapOutputTrackerMasterEndpoint: MapOutputTrackerMasterEndpoint stopped!
[2022-02-28 07:00:57,682] {spark_submit.py:488} INFO - 22/02/28 07:00:57 INFO MemoryStore: MemoryStore cleared
[2022-02-28 07:00:57,685] {spark_submit.py:488} INFO - 22/02/28 07:00:57 INFO BlockManager: BlockManager stopped
[2022-02-28 07:00:57,691] {spark_submit.py:488} INFO - 22/02/28 07:00:57 INFO BlockManagerMaster: BlockManagerMaster stopped
[2022-02-28 07:00:57,696] {spark_submit.py:488} INFO - 22/02/28 07:00:57 INFO OutputCommitCoordinator$OutputCommitCoordinatorEndpoint: OutputCommitCoordinator stopped!
[2022-02-28 07:00:57,703] {spark_submit.py:488} INFO - 22/02/28 07:00:57 INFO SparkContext: Successfully stopped SparkContext
[2022-02-28 07:00:57,704] {spark_submit.py:488} INFO - 22/02/28 07:00:57 INFO ShutdownHookManager: Shutdown hook called
[2022-02-28 07:00:57,705] {spark_submit.py:488} INFO - 22/02/28 07:00:57 INFO ShutdownHookManager: Deleting directory /tmp/spark-2063e9d5-80a5-4526-852f-e37e8b2957e3/pyspark-9c1fa229-f248-48c7-9c42-24f8462cefd8
[2022-02-28 07:00:57,709] {spark_submit.py:488} INFO - 22/02/28 07:00:57 INFO ShutdownHookManager: Deleting directory /tmp/spark-bff2c66b-acb2-4e88-9f62-e9a962810be9
[2022-02-28 07:00:57,712] {spark_submit.py:488} INFO - 22/02/28 07:00:57 INFO ShutdownHookManager: Deleting directory /tmp/spark-2063e9d5-80a5-4526-852f-e37e8b2957e3
[2022-02-28 07:00:57,803] {taskinstance.py:1282} INFO - Marking task as SUCCESS. dag_id=0747_pipeline, task_id=field_extract, execution_date=20220228T070016, start_date=20220228T070047, end_date=20220228T070057
[2022-02-28 07:00:57,880] {local_task_job.py:154} INFO - Task exited with return code 0
[2022-02-28 07:00:57,949] {local_task_job.py:264} INFO - 1 downstream tasks scheduled from follow-on schedule check
