[2022-03-10 18:21:02,075] {taskinstance.py:1037} INFO - Dependencies all met for <TaskInstance: Demo.producer scheduled__2022-03-10T18:20:00+00:00 [queued]>
[2022-03-10 18:21:02,086] {taskinstance.py:1037} INFO - Dependencies all met for <TaskInstance: Demo.producer scheduled__2022-03-10T18:20:00+00:00 [queued]>
[2022-03-10 18:21:02,086] {taskinstance.py:1243} INFO - 
--------------------------------------------------------------------------------
[2022-03-10 18:21:02,087] {taskinstance.py:1244} INFO - Starting attempt 1 of 1
[2022-03-10 18:21:02,087] {taskinstance.py:1245} INFO - 
--------------------------------------------------------------------------------
[2022-03-10 18:21:02,098] {taskinstance.py:1264} INFO - Executing <Task(PythonOperator): producer> on 2022-03-10 18:20:00+00:00
[2022-03-10 18:21:02,103] {standard_task_runner.py:52} INFO - Started process 133 to run task
[2022-03-10 18:21:02,106] {standard_task_runner.py:76} INFO - Running: ['airflow', 'tasks', 'run', 'Demo', 'producer', 'scheduled__2022-03-10T18:20:00+00:00', '--job-id', '6', '--raw', '--subdir', 'DAGS_FOLDER/demo.py', '--cfg-path', '/tmp/tmptfzxe52k', '--error-file', '/tmp/tmpdr_yulyt']
[2022-03-10 18:21:02,107] {standard_task_runner.py:77} INFO - Job 6: Subtask producer
[2022-03-10 18:21:02,234] {logging_mixin.py:109} INFO - Running <TaskInstance: Demo.producer scheduled__2022-03-10T18:20:00+00:00 [running]> on host c17209ace312
[2022-03-10 18:21:02,405] {taskinstance.py:1431} INFO - Exporting the following env vars:
AIRFLOW_CTX_DAG_OWNER=airflow
AIRFLOW_CTX_DAG_ID=Demo
AIRFLOW_CTX_TASK_ID=producer
AIRFLOW_CTX_EXECUTION_DATE=2022-03-10T18:20:00+00:00
AIRFLOW_CTX_DAG_RUN_ID=scheduled__2022-03-10T18:20:00+00:00
[2022-03-10 18:21:02,406] {logging_mixin.py:109} INFO - Producing message @ 2022-03-10 18:21:02.406864 | Message = {'data_id': 201, 'name': 'BTC', 'timestamp': 1646936462}
[2022-03-10 18:21:02,408] {logging_mixin.py:109} INFO - Producing message @ 2022-03-10 18:21:02.408176 | Message = {'data_id': 81, 'name': 'ETH', 'timestamp': 1646936462}
[2022-03-10 18:21:02,408] {logging_mixin.py:109} INFO - Producing message @ 2022-03-10 18:21:02.408888 | Message = {'data_id': 25, 'name': 'BTT', 'timestamp': 1646936462}
[2022-03-10 18:21:02,409] {logging_mixin.py:109} INFO - Producing message @ 2022-03-10 18:21:02.409645 | Message = {'data_id': 58, 'name': 'DOT', 'timestamp': 1646936462}
[2022-03-10 18:21:02,410] {python.py:175} INFO - Done. Returned value was: None
[2022-03-10 18:21:02,446] {taskinstance.py:1282} INFO - Marking task as SUCCESS. dag_id=Demo, task_id=producer, execution_date=20220310T182000, start_date=20220310T182102, end_date=20220310T182102
[2022-03-10 18:21:02,480] {local_task_job.py:154} INFO - Task exited with return code 0
[2022-03-10 18:21:02,600] {local_task_job.py:264} INFO - 0 downstream tasks scheduled from follow-on schedule check
