[2022-10-22 03:53:50,114] {taskinstance.py:1037} INFO - Dependencies all met for <TaskInstance: Demo.producer scheduled__2022-10-22T03:52:00+00:00 [queued]>
[2022-10-22 03:53:50,133] {taskinstance.py:1037} INFO - Dependencies all met for <TaskInstance: Demo.producer scheduled__2022-10-22T03:52:00+00:00 [queued]>
[2022-10-22 03:53:50,134] {taskinstance.py:1243} INFO - 
--------------------------------------------------------------------------------
[2022-10-22 03:53:50,135] {taskinstance.py:1244} INFO - Starting attempt 1 of 1
[2022-10-22 03:53:50,135] {taskinstance.py:1245} INFO - 
--------------------------------------------------------------------------------
[2022-10-22 03:53:50,162] {taskinstance.py:1264} INFO - Executing <Task(PythonOperator): producer> on 2022-10-22 03:52:00+00:00
[2022-10-22 03:53:50,168] {standard_task_runner.py:52} INFO - Started process 47 to run task
[2022-10-22 03:53:50,180] {standard_task_runner.py:76} INFO - Running: ['airflow', 'tasks', 'run', 'Demo', 'producer', 'scheduled__2022-10-22T03:52:00+00:00', '--job-id', '22', '--raw', '--subdir', 'DAGS_FOLDER/demo.py', '--cfg-path', '/tmp/tmpy1o4c1xf', '--error-file', '/tmp/tmp8pxef8jh']
[2022-10-22 03:53:50,209] {standard_task_runner.py:77} INFO - Job 22: Subtask producer
[2022-10-22 03:53:50,284] {logging_mixin.py:109} INFO - Running <TaskInstance: Demo.producer scheduled__2022-10-22T03:52:00+00:00 [running]> on host 98616e61dc0f
[2022-10-22 03:53:50,342] {taskinstance.py:1431} INFO - Exporting the following env vars:
AIRFLOW_CTX_DAG_OWNER=airflow
AIRFLOW_CTX_DAG_ID=Demo
AIRFLOW_CTX_TASK_ID=producer
AIRFLOW_CTX_EXECUTION_DATE=2022-10-22T03:52:00+00:00
AIRFLOW_CTX_DAG_RUN_ID=scheduled__2022-10-22T03:52:00+00:00
[2022-10-22 03:53:50,343] {logging_mixin.py:109} INFO - Producing message @ 2022-10-22 03:53:50.343526 | Message = {'data_id': 224, 'name': 'BTC', 'timestamp': 1666410830}
[2022-10-22 03:53:50,345] {logging_mixin.py:109} INFO - Producing message @ 2022-10-22 03:53:50.345183 | Message = {'data_id': 113, 'name': 'ETH', 'timestamp': 1666410830}
[2022-10-22 03:53:50,345] {logging_mixin.py:109} INFO - Producing message @ 2022-10-22 03:53:50.345924 | Message = {'data_id': 11, 'name': 'BTT', 'timestamp': 1666410830}
[2022-10-22 03:53:50,346] {logging_mixin.py:109} INFO - Producing message @ 2022-10-22 03:53:50.346577 | Message = {'data_id': 89, 'name': 'DOT', 'timestamp': 1666410830}
[2022-10-22 03:53:50,347] {python.py:175} INFO - Done. Returned value was: None
[2022-10-22 03:53:50,355] {taskinstance.py:1282} INFO - Marking task as SUCCESS. dag_id=Demo, task_id=producer, execution_date=20221022T035200, start_date=20221022T035350, end_date=20221022T035350
[2022-10-22 03:53:50,380] {local_task_job.py:154} INFO - Task exited with return code 0
[2022-10-22 03:53:50,402] {local_task_job.py:264} INFO - 0 downstream tasks scheduled from follow-on schedule check
