[2022-03-10 18:41:02,415] {taskinstance.py:1037} INFO - Dependencies all met for <TaskInstance: Demo.producer scheduled__2022-03-10T18:40:00+00:00 [queued]>
[2022-03-10 18:41:02,425] {taskinstance.py:1037} INFO - Dependencies all met for <TaskInstance: Demo.producer scheduled__2022-03-10T18:40:00+00:00 [queued]>
[2022-03-10 18:41:02,426] {taskinstance.py:1243} INFO - 
--------------------------------------------------------------------------------
[2022-03-10 18:41:02,426] {taskinstance.py:1244} INFO - Starting attempt 1 of 1
[2022-03-10 18:41:02,427] {taskinstance.py:1245} INFO - 
--------------------------------------------------------------------------------
[2022-03-10 18:41:02,437] {taskinstance.py:1264} INFO - Executing <Task(PythonOperator): producer> on 2022-03-10 18:40:00+00:00
[2022-03-10 18:41:02,440] {standard_task_runner.py:52} INFO - Started process 313 to run task
[2022-03-10 18:41:02,443] {standard_task_runner.py:76} INFO - Running: ['airflow', 'tasks', 'run', 'Demo', 'producer', 'scheduled__2022-03-10T18:40:00+00:00', '--job-id', '26', '--raw', '--subdir', 'DAGS_FOLDER/demo.py', '--cfg-path', '/tmp/tmp011hy0xa', '--error-file', '/tmp/tmpbaco98ny']
[2022-03-10 18:41:02,444] {standard_task_runner.py:77} INFO - Job 26: Subtask producer
[2022-03-10 18:41:02,552] {logging_mixin.py:109} INFO - Running <TaskInstance: Demo.producer scheduled__2022-03-10T18:40:00+00:00 [running]> on host c17209ace312
[2022-03-10 18:41:02,649] {taskinstance.py:1431} INFO - Exporting the following env vars:
AIRFLOW_CTX_DAG_OWNER=airflow
AIRFLOW_CTX_DAG_ID=Demo
AIRFLOW_CTX_TASK_ID=producer
AIRFLOW_CTX_EXECUTION_DATE=2022-03-10T18:40:00+00:00
AIRFLOW_CTX_DAG_RUN_ID=scheduled__2022-03-10T18:40:00+00:00
[2022-03-10 18:41:02,650] {logging_mixin.py:109} INFO - Producing message @ 2022-03-10 18:41:02.650834 | Message = {'data_id': 62, 'name': 'BTC', 'timestamp': 1646937662}
[2022-03-10 18:41:02,652] {logging_mixin.py:109} INFO - Producing message @ 2022-03-10 18:41:02.652700 | Message = {'data_id': 57, 'name': 'ETH', 'timestamp': 1646937662}
[2022-03-10 18:41:02,653] {logging_mixin.py:109} INFO - Producing message @ 2022-03-10 18:41:02.653308 | Message = {'data_id': 10, 'name': 'BTT', 'timestamp': 1646937662}
[2022-03-10 18:41:02,653] {logging_mixin.py:109} INFO - Producing message @ 2022-03-10 18:41:02.653896 | Message = {'data_id': 91, 'name': 'DOT', 'timestamp': 1646937662}
[2022-03-10 18:41:02,654] {python.py:175} INFO - Done. Returned value was: None
[2022-03-10 18:41:02,684] {taskinstance.py:1282} INFO - Marking task as SUCCESS. dag_id=Demo, task_id=producer, execution_date=20220310T184000, start_date=20220310T184102, end_date=20220310T184102
[2022-03-10 18:41:02,737] {local_task_job.py:154} INFO - Task exited with return code 0
[2022-03-10 18:41:02,819] {local_task_job.py:264} INFO - 0 downstream tasks scheduled from follow-on schedule check
