[2022-03-10 18:43:02,115] {taskinstance.py:1037} INFO - Dependencies all met for <TaskInstance: Demo.producer scheduled__2022-03-10T18:42:00+00:00 [queued]>
[2022-03-10 18:43:02,125] {taskinstance.py:1037} INFO - Dependencies all met for <TaskInstance: Demo.producer scheduled__2022-03-10T18:42:00+00:00 [queued]>
[2022-03-10 18:43:02,126] {taskinstance.py:1243} INFO - 
--------------------------------------------------------------------------------
[2022-03-10 18:43:02,126] {taskinstance.py:1244} INFO - Starting attempt 1 of 1
[2022-03-10 18:43:02,127] {taskinstance.py:1245} INFO - 
--------------------------------------------------------------------------------
[2022-03-10 18:43:02,137] {taskinstance.py:1264} INFO - Executing <Task(PythonOperator): producer> on 2022-03-10 18:42:00+00:00
[2022-03-10 18:43:02,157] {standard_task_runner.py:52} INFO - Started process 331 to run task
[2022-03-10 18:43:02,160] {standard_task_runner.py:76} INFO - Running: ['airflow', 'tasks', 'run', 'Demo', 'producer', 'scheduled__2022-03-10T18:42:00+00:00', '--job-id', '28', '--raw', '--subdir', 'DAGS_FOLDER/demo.py', '--cfg-path', '/tmp/tmpyh9fo1ym', '--error-file', '/tmp/tmpe0usd9n1']
[2022-03-10 18:43:02,162] {standard_task_runner.py:77} INFO - Job 28: Subtask producer
[2022-03-10 18:43:02,268] {logging_mixin.py:109} INFO - Running <TaskInstance: Demo.producer scheduled__2022-03-10T18:42:00+00:00 [running]> on host c17209ace312
[2022-03-10 18:43:02,372] {taskinstance.py:1431} INFO - Exporting the following env vars:
AIRFLOW_CTX_DAG_OWNER=airflow
AIRFLOW_CTX_DAG_ID=Demo
AIRFLOW_CTX_TASK_ID=producer
AIRFLOW_CTX_EXECUTION_DATE=2022-03-10T18:42:00+00:00
AIRFLOW_CTX_DAG_RUN_ID=scheduled__2022-03-10T18:42:00+00:00
[2022-03-10 18:43:02,373] {logging_mixin.py:109} INFO - Producing message @ 2022-03-10 18:43:02.373622 | Message = {'data_id': 266, 'name': 'BTC', 'timestamp': 1646937782}
[2022-03-10 18:43:02,375] {logging_mixin.py:109} INFO - Producing message @ 2022-03-10 18:43:02.375353 | Message = {'data_id': 230, 'name': 'ETH', 'timestamp': 1646937782}
[2022-03-10 18:43:02,376] {logging_mixin.py:109} INFO - Producing message @ 2022-03-10 18:43:02.376159 | Message = {'data_id': 34, 'name': 'BTT', 'timestamp': 1646937782}
[2022-03-10 18:43:02,376] {logging_mixin.py:109} INFO - Producing message @ 2022-03-10 18:43:02.376824 | Message = {'data_id': 59, 'name': 'DOT', 'timestamp': 1646937782}
[2022-03-10 18:43:02,377] {python.py:175} INFO - Done. Returned value was: None
[2022-03-10 18:43:02,414] {taskinstance.py:1282} INFO - Marking task as SUCCESS. dag_id=Demo, task_id=producer, execution_date=20220310T184200, start_date=20220310T184302, end_date=20220310T184302
[2022-03-10 18:43:02,454] {local_task_job.py:154} INFO - Task exited with return code 0
[2022-03-10 18:43:02,537] {local_task_job.py:264} INFO - 0 downstream tasks scheduled from follow-on schedule check
