[2022-02-28 06:49:58,980] {taskinstance.py:1037} INFO - Dependencies all met for <TaskInstance: 0747_pipeline.field_extract manual__2022-02-28T06:37:06.521999+00:00 [queued]>
[2022-02-28 06:49:58,996] {taskinstance.py:1037} INFO - Dependencies all met for <TaskInstance: 0747_pipeline.field_extract manual__2022-02-28T06:37:06.521999+00:00 [queued]>
[2022-02-28 06:49:58,997] {taskinstance.py:1243} INFO - 
--------------------------------------------------------------------------------
[2022-02-28 06:49:58,998] {taskinstance.py:1244} INFO - Starting attempt 1 of 1
[2022-02-28 06:49:58,998] {taskinstance.py:1245} INFO - 
--------------------------------------------------------------------------------
[2022-02-28 06:49:59,049] {taskinstance.py:1264} INFO - Executing <Task(SparkSubmitOperator): field_extract> on 2022-02-28 06:37:06.521999+00:00
[2022-02-28 06:49:59,052] {standard_task_runner.py:52} INFO - Started process 355 to run task
[2022-02-28 06:49:59,055] {standard_task_runner.py:76} INFO - Running: ['airflow', 'tasks', 'run', '0747_pipeline', 'field_extract', 'manual__2022-02-28T06:37:06.521999+00:00', '--job-id', '78', '--raw', '--subdir', 'DAGS_FOLDER/0747.py', '--cfg-path', '/tmp/tmp7hypqbft', '--error-file', '/tmp/tmpln3ky2i_']
[2022-02-28 06:49:59,056] {standard_task_runner.py:77} INFO - Job 78: Subtask field_extract
[2022-02-28 06:49:59,142] {logging_mixin.py:109} INFO - Running <TaskInstance: 0747_pipeline.field_extract manual__2022-02-28T06:37:06.521999+00:00 [running]> on host c5f5c4f93487
[2022-02-28 06:49:59,246] {taskinstance.py:1431} INFO - Exporting the following env vars:
AIRFLOW_CTX_DAG_OWNER=airflow
AIRFLOW_CTX_DAG_ID=0747_pipeline
AIRFLOW_CTX_TASK_ID=field_extract
AIRFLOW_CTX_EXECUTION_DATE=2022-02-28T06:37:06.521999+00:00
AIRFLOW_CTX_DAG_RUN_ID=manual__2022-02-28T06:37:06.521999+00:00
[2022-02-28 06:49:59,256] {base.py:79} INFO - Using connection to: id: spark_default. Host: spark://spark-master, Port: 7077, Schema: , Login: , Password: None, extra: {'queue': 'default', 'spark-home': '', 'spark-binary': 'spark-submit', 'namespace': 'default'}
[2022-02-28 06:49:59,257] {spark_submit.py:335} INFO - Spark-Submit cmd: spark-submit --master spark://spark-master:7077 --name 0747 Pipeline --queue default /sparks/production/0747/document_etl.py
[2022-02-28 06:50:00,641] {spark_submit.py:488} INFO - WARNING: An illegal reflective access operation has occurred
[2022-02-28 06:50:00,642] {spark_submit.py:488} INFO - WARNING: Illegal reflective access by org.apache.spark.unsafe.Platform (file:/usr/local/lib/python3.7/site-packages/pyspark/jars/spark-unsafe_2.12-3.2.1.jar) to constructor java.nio.DirectByteBuffer(long,int)
[2022-02-28 06:50:00,643] {spark_submit.py:488} INFO - WARNING: Please consider reporting this to the maintainers of org.apache.spark.unsafe.Platform
[2022-02-28 06:50:00,643] {spark_submit.py:488} INFO - WARNING: Use --illegal-access=warn to enable warnings of further illegal reflective access operations
[2022-02-28 06:50:00,644] {spark_submit.py:488} INFO - WARNING: All illegal access operations will be denied in a future release
[2022-02-28 06:50:01,082] {spark_submit.py:488} INFO - ===========================
[2022-02-28 06:50:01,083] {spark_submit.py:488} INFO - Step 1: Import Libraries
[2022-02-28 06:50:01,084] {spark_submit.py:488} INFO - ===========================
[2022-02-28 06:50:01,330] {spark_submit.py:488} INFO - ===========================
[2022-02-28 06:50:01,331] {spark_submit.py:488} INFO - Step 2: Start Spark Session
[2022-02-28 06:50:01,332] {spark_submit.py:488} INFO - ===========================
[2022-02-28 06:50:01,429] {spark_submit.py:488} INFO - Using Spark's default log4j profile: org/apache/spark/log4j-defaults.properties
[2022-02-28 06:50:01,442] {spark_submit.py:488} INFO - 22/02/28 06:50:01 INFO SparkContext: Running Spark version 3.2.1
[2022-02-28 06:50:01,574] {spark_submit.py:488} INFO - 22/02/28 06:50:01 WARN NativeCodeLoader: Unable to load native-hadoop library for your platform... using builtin-java classes where applicable
[2022-02-28 06:50:01,768] {spark_submit.py:488} INFO - 22/02/28 06:50:01 INFO ResourceUtils: ==============================================================
[2022-02-28 06:50:01,770] {spark_submit.py:488} INFO - 22/02/28 06:50:01 INFO ResourceUtils: No custom resources configured for spark.driver.
[2022-02-28 06:50:01,772] {spark_submit.py:488} INFO - 22/02/28 06:50:01 INFO ResourceUtils: ==============================================================
[2022-02-28 06:50:01,773] {spark_submit.py:488} INFO - 22/02/28 06:50:01 INFO SparkContext: Submitted application: test
[2022-02-28 06:50:01,813] {spark_submit.py:488} INFO - 22/02/28 06:50:01 INFO ResourceProfile: Default ResourceProfile created, executor resources: Map(cores -> name: cores, amount: 2, script: , vendor: , memory -> name: memory, amount: 2048, script: , vendor: , offHeap -> name: offHeap, amount: 0, script: , vendor: ), task resources: Map(cpus -> name: cpus, amount: 1.0)
[2022-02-28 06:50:01,833] {spark_submit.py:488} INFO - 22/02/28 06:50:01 INFO ResourceProfile: Limiting resource is cpus at 2 tasks per executor
[2022-02-28 06:50:01,837] {spark_submit.py:488} INFO - 22/02/28 06:50:01 INFO ResourceProfileManager: Added ResourceProfile id: 0
[2022-02-28 06:50:01,930] {spark_submit.py:488} INFO - 22/02/28 06:50:01 INFO SecurityManager: Changing view acls to: root
[2022-02-28 06:50:01,931] {spark_submit.py:488} INFO - 22/02/28 06:50:01 INFO SecurityManager: Changing modify acls to: root
[2022-02-28 06:50:01,932] {spark_submit.py:488} INFO - 22/02/28 06:50:01 INFO SecurityManager: Changing view acls groups to:
[2022-02-28 06:50:01,933] {spark_submit.py:488} INFO - 22/02/28 06:50:01 INFO SecurityManager: Changing modify acls groups to:
[2022-02-28 06:50:01,934] {spark_submit.py:488} INFO - 22/02/28 06:50:01 INFO SecurityManager: SecurityManager: authentication disabled; ui acls disabled; users  with view permissions: Set(root); groups with view permissions: Set(); users  with modify permissions: Set(root); groups with modify permissions: Set()
[2022-02-28 06:50:02,286] {spark_submit.py:488} INFO - 22/02/28 06:50:02 INFO Utils: Successfully started service 'sparkDriver' on port 43197.
[2022-02-28 06:50:02,324] {spark_submit.py:488} INFO - 22/02/28 06:50:02 INFO SparkEnv: Registering MapOutputTracker
[2022-02-28 06:50:02,372] {spark_submit.py:488} INFO - 22/02/28 06:50:02 INFO SparkEnv: Registering BlockManagerMaster
[2022-02-28 06:50:02,400] {spark_submit.py:488} INFO - 22/02/28 06:50:02 INFO BlockManagerMasterEndpoint: Using org.apache.spark.storage.DefaultTopologyMapper for getting topology information
[2022-02-28 06:50:02,401] {spark_submit.py:488} INFO - 22/02/28 06:50:02 INFO BlockManagerMasterEndpoint: BlockManagerMasterEndpoint up
[2022-02-28 06:50:02,407] {spark_submit.py:488} INFO - 22/02/28 06:50:02 INFO SparkEnv: Registering BlockManagerMasterHeartbeat
[2022-02-28 06:50:02,445] {spark_submit.py:488} INFO - 22/02/28 06:50:02 INFO DiskBlockManager: Created local directory at /tmp/blockmgr-5aa43fa5-59fb-46d6-ae7b-86aa4e4d1901
[2022-02-28 06:50:02,476] {spark_submit.py:488} INFO - 22/02/28 06:50:02 INFO MemoryStore: MemoryStore started with capacity 434.4 MiB
[2022-02-28 06:50:02,501] {spark_submit.py:488} INFO - 22/02/28 06:50:02 INFO SparkEnv: Registering OutputCommitCoordinator
[2022-02-28 06:50:02,830] {spark_submit.py:488} INFO - 22/02/28 06:50:02 INFO Utils: Successfully started service 'SparkUI' on port 4040.
[2022-02-28 06:50:02,952] {spark_submit.py:488} INFO - 22/02/28 06:50:02 INFO SparkUI: Bound SparkUI to 0.0.0.0, and started at http://c5f5c4f93487:4040
[2022-02-28 06:50:03,267] {spark_submit.py:488} INFO - 22/02/28 06:50:03 INFO StandaloneAppClient$ClientEndpoint: Connecting to master spark://spark-master:7077...
[2022-02-28 06:50:03,398] {spark_submit.py:488} INFO - 22/02/28 06:50:03 INFO TransportClientFactory: Successfully created connection to spark-master/172.19.0.3:7077 after 95 ms (0 ms spent in bootstraps)
[2022-02-28 06:50:03,588] {spark_submit.py:488} INFO - 22/02/28 06:50:03 INFO StandaloneSchedulerBackend: Connected to Spark cluster with app ID app-20220228065003-0002
[2022-02-28 06:50:03,603] {spark_submit.py:488} INFO - 22/02/28 06:50:03 INFO StandaloneAppClient$ClientEndpoint: Executor added: app-20220228065003-0002/0 on worker-20220228064915-172.19.0.4-7000 (172.19.0.4:7000) with 2 core(s)
[2022-02-28 06:50:03,615] {spark_submit.py:488} INFO - 22/02/28 06:50:03 INFO StandaloneSchedulerBackend: Granted executor ID app-20220228065003-0002/0 on hostPort 172.19.0.4:7000 with 2 core(s), 2.0 GiB RAM
[2022-02-28 06:50:03,617] {spark_submit.py:488} INFO - 22/02/28 06:50:03 INFO StandaloneAppClient$ClientEndpoint: Executor added: app-20220228065003-0002/1 on worker-20220228064915-172.19.0.5-7000 (172.19.0.5:7000) with 2 core(s)
[2022-02-28 06:50:03,620] {spark_submit.py:488} INFO - 22/02/28 06:50:03 INFO StandaloneSchedulerBackend: Granted executor ID app-20220228065003-0002/1 on hostPort 172.19.0.5:7000 with 2 core(s), 2.0 GiB RAM
[2022-02-28 06:50:03,629] {spark_submit.py:488} INFO - 22/02/28 06:50:03 INFO Utils: Successfully started service 'org.apache.spark.network.netty.NettyBlockTransferService' on port 44819.
[2022-02-28 06:50:03,630] {spark_submit.py:488} INFO - 22/02/28 06:50:03 INFO NettyBlockTransferService: Server created on c5f5c4f93487:44819
[2022-02-28 06:50:03,637] {spark_submit.py:488} INFO - 22/02/28 06:50:03 INFO BlockManager: Using org.apache.spark.storage.RandomBlockReplicationPolicy for block replication policy
[2022-02-28 06:50:03,655] {spark_submit.py:488} INFO - 22/02/28 06:50:03 ERROR TransportRequestHandler: Error while invoking RpcHandler#receive() for one-way message.
[2022-02-28 06:50:03,657] {spark_submit.py:488} INFO - java.io.InvalidClassException: org.apache.spark.deploy.DeployMessages$ExecutorUpdated; local class incompatible: stream classdesc serialVersionUID = 1654279024112373855, local class serialVersionUID = -1971851081955655249
[2022-02-28 06:50:03,658] {spark_submit.py:488} INFO - at java.base/java.io.ObjectStreamClass.initNonProxy(ObjectStreamClass.java:689)
[2022-02-28 06:50:03,659] {spark_submit.py:488} INFO - at java.base/java.io.ObjectInputStream.readNonProxyDesc(ObjectInputStream.java:2014)
[2022-02-28 06:50:03,660] {spark_submit.py:488} INFO - at java.base/java.io.ObjectInputStream.readClassDesc(ObjectInputStream.java:1864)
[2022-02-28 06:50:03,661] {spark_submit.py:488} INFO - at java.base/java.io.ObjectInputStream.readOrdinaryObject(ObjectInputStream.java:2195)
[2022-02-28 06:50:03,663] {spark_submit.py:488} INFO - at java.base/java.io.ObjectInputStream.readObject0(ObjectInputStream.java:1681)
[2022-02-28 06:50:03,664] {spark_submit.py:488} INFO - at java.base/java.io.ObjectInputStream.readObject(ObjectInputStream.java:493)
[2022-02-28 06:50:03,666] {spark_submit.py:488} INFO - at java.base/java.io.ObjectInputStream.readObject(ObjectInputStream.java:451)
[2022-02-28 06:50:03,668] {spark_submit.py:488} INFO - at org.apache.spark.serializer.JavaDeserializationStream.readObject(JavaSerializer.scala:76)
[2022-02-28 06:50:03,669] {spark_submit.py:488} INFO - at org.apache.spark.serializer.JavaSerializerInstance.deserialize(JavaSerializer.scala:109)
[2022-02-28 06:50:03,671] {spark_submit.py:488} INFO - at org.apache.spark.rpc.netty.NettyRpcEnv.$anonfun$deserialize$2(NettyRpcEnv.scala:299)
[2022-02-28 06:50:03,672] {spark_submit.py:488} INFO - at scala.util.DynamicVariable.withValue(DynamicVariable.scala:62)
[2022-02-28 06:50:03,673] {spark_submit.py:488} INFO - at org.apache.spark.rpc.netty.NettyRpcEnv.deserialize(NettyRpcEnv.scala:352)
[2022-02-28 06:50:03,674] {spark_submit.py:488} INFO - at org.apache.spark.rpc.netty.NettyRpcEnv.$anonfun$deserialize$1(NettyRpcEnv.scala:298)
[2022-02-28 06:50:03,675] {spark_submit.py:488} INFO - at scala.util.DynamicVariable.withValue(DynamicVariable.scala:62)
[2022-02-28 06:50:03,677] {spark_submit.py:488} INFO - at org.apache.spark.rpc.netty.NettyRpcEnv.deserialize(NettyRpcEnv.scala:298)
[2022-02-28 06:50:03,679] {spark_submit.py:488} INFO - at org.apache.spark.rpc.netty.RequestMessage$.apply(NettyRpcEnv.scala:647)
[2022-02-28 06:50:03,680] {spark_submit.py:488} INFO - at org.apache.spark.rpc.netty.NettyRpcHandler.internalReceive(NettyRpcEnv.scala:698)
[2022-02-28 06:50:03,683] {spark_submit.py:488} INFO - at org.apache.spark.rpc.netty.NettyRpcHandler.receive(NettyRpcEnv.scala:690)
[2022-02-28 06:50:03,685] {spark_submit.py:488} INFO - at org.apache.spark.network.server.TransportRequestHandler.processOneWayMessage(TransportRequestHandler.java:274)
[2022-02-28 06:50:03,686] {spark_submit.py:488} INFO - at org.apache.spark.network.server.TransportRequestHandler.handle(TransportRequestHandler.java:111)
[2022-02-28 06:50:03,687] {spark_submit.py:488} INFO - at org.apache.spark.network.server.TransportChannelHandler.channelRead0(TransportChannelHandler.java:140)
[2022-02-28 06:50:03,688] {spark_submit.py:488} INFO - at org.apache.spark.network.server.TransportChannelHandler.channelRead0(TransportChannelHandler.java:53)
[2022-02-28 06:50:03,690] {spark_submit.py:488} INFO - at io.netty.channel.SimpleChannelInboundHandler.channelRead(SimpleChannelInboundHandler.java:99)
[2022-02-28 06:50:03,691] {spark_submit.py:488} INFO - at io.netty.channel.AbstractChannelHandlerContext.invokeChannelRead(AbstractChannelHandlerContext.java:379)
[2022-02-28 06:50:03,693] {spark_submit.py:488} INFO - at io.netty.channel.AbstractChannelHandlerContext.invokeChannelRead(AbstractChannelHandlerContext.java:365)
[2022-02-28 06:50:03,693] {spark_submit.py:488} INFO - at io.netty.channel.AbstractChannelHandlerContext.fireChannelRead(AbstractChannelHandlerContext.java:357)
[2022-02-28 06:50:03,695] {spark_submit.py:488} INFO - at io.netty.handler.timeout.IdleStateHandler.channelRead(IdleStateHandler.java:286)
[2022-02-28 06:50:03,696] {spark_submit.py:488} INFO - at io.netty.channel.AbstractChannelHandlerContext.invokeChannelRead(AbstractChannelHandlerContext.java:379)
[2022-02-28 06:50:03,697] {spark_submit.py:488} INFO - at io.netty.channel.AbstractChannelHandlerContext.invokeChannelRead(AbstractChannelHandlerContext.java:365)
[2022-02-28 06:50:03,698] {spark_submit.py:488} INFO - at io.netty.channel.AbstractChannelHandlerContext.fireChannelRead(AbstractChannelHandlerContext.java:357)
[2022-02-28 06:50:03,699] {spark_submit.py:488} INFO - at io.netty.handler.codec.MessageToMessageDecoder.channelRead(MessageToMessageDecoder.java:103)
[2022-02-28 06:50:03,701] {spark_submit.py:488} INFO - at io.netty.channel.AbstractChannelHandlerContext.invokeChannelRead(AbstractChannelHandlerContext.java:379)
[2022-02-28 06:50:03,702] {spark_submit.py:488} INFO - at io.netty.channel.AbstractChannelHandlerContext.invokeChannelRead(AbstractChannelHandlerContext.java:365)
[2022-02-28 06:50:03,703] {spark_submit.py:488} INFO - at io.netty.channel.AbstractChannelHandlerContext.fireChannelRead(AbstractChannelHandlerContext.java:357)
[2022-02-28 06:50:03,704] {spark_submit.py:488} INFO - at org.apache.spark.network.util.TransportFrameDecoder.channelRead(TransportFrameDecoder.java:102)
[2022-02-28 06:50:03,705] {spark_submit.py:488} INFO - at io.netty.channel.AbstractChannelHandlerContext.invokeChannelRead(AbstractChannelHandlerContext.java:379)
[2022-02-28 06:50:03,706] {spark_submit.py:488} INFO - at io.netty.channel.AbstractChannelHandlerContext.invokeChannelRead(AbstractChannelHandlerContext.java:365)
[2022-02-28 06:50:03,707] {spark_submit.py:488} INFO - at io.netty.channel.AbstractChannelHandlerContext.fireChannelRead(AbstractChannelHandlerContext.java:357)
[2022-02-28 06:50:03,708] {spark_submit.py:488} INFO - at io.netty.channel.DefaultChannelPipeline$HeadContext.channelRead(DefaultChannelPipeline.java:1410)
[2022-02-28 06:50:03,709] {spark_submit.py:488} INFO - at io.netty.channel.AbstractChannelHandlerContext.invokeChannelRead(AbstractChannelHandlerContext.java:379)
[2022-02-28 06:50:03,711] {spark_submit.py:488} INFO - at io.netty.channel.AbstractChannelHandlerContext.invokeChannelRead(AbstractChannelHandlerContext.java:365)
[2022-02-28 06:50:03,712] {spark_submit.py:488} INFO - at io.netty.channel.DefaultChannelPipeline.fireChannelRead(DefaultChannelPipeline.java:919)
[2022-02-28 06:50:03,714] {spark_submit.py:488} INFO - at io.netty.channel.nio.AbstractNioByteChannel$NioByteUnsafe.read(AbstractNioByteChannel.java:166)
[2022-02-28 06:50:03,717] {spark_submit.py:488} INFO - at io.netty.channel.nio.NioEventLoop.processSelectedKey(NioEventLoop.java:719)
[2022-02-28 06:50:03,718] {spark_submit.py:488} INFO - at io.netty.channel.nio.NioEventLoop.processSelectedKeysOptimized(NioEventLoop.java:655)
[2022-02-28 06:50:03,720] {spark_submit.py:488} INFO - at io.netty.channel.nio.NioEventLoop.processSelectedKeys(NioEventLoop.java:581)
[2022-02-28 06:50:03,722] {spark_submit.py:488} INFO - at io.netty.channel.nio.NioEventLoop.run(NioEventLoop.java:493)
[2022-02-28 06:50:03,723] {spark_submit.py:488} INFO - at io.netty.util.concurrent.SingleThreadEventExecutor$4.run(SingleThreadEventExecutor.java:986)
[2022-02-28 06:50:03,724] {spark_submit.py:488} INFO - at io.netty.util.internal.ThreadExecutorMap$2.run(ThreadExecutorMap.java:74)
[2022-02-28 06:50:03,726] {spark_submit.py:488} INFO - at io.netty.util.concurrent.FastThreadLocalRunnable.run(FastThreadLocalRunnable.java:30)
[2022-02-28 06:50:03,727] {spark_submit.py:488} INFO - at java.base/java.lang.Thread.run(Thread.java:829)
[2022-02-28 06:50:03,729] {spark_submit.py:488} INFO - 22/02/28 06:50:03 INFO BlockManagerMaster: Registering BlockManager BlockManagerId(driver, c5f5c4f93487, 44819, None)
[2022-02-28 06:50:03,732] {spark_submit.py:488} INFO - 22/02/28 06:50:03 ERROR TransportRequestHandler: Error while invoking RpcHandler#receive() for one-way message.
[2022-02-28 06:50:03,733] {spark_submit.py:488} INFO - java.io.InvalidClassException: org.apache.spark.deploy.DeployMessages$ExecutorUpdated; local class incompatible: stream classdesc serialVersionUID = 1654279024112373855, local class serialVersionUID = -1971851081955655249
[2022-02-28 06:50:03,734] {spark_submit.py:488} INFO - at java.base/java.io.ObjectStreamClass.initNonProxy(ObjectStreamClass.java:689)
[2022-02-28 06:50:03,735] {spark_submit.py:488} INFO - at java.base/java.io.ObjectInputStream.readNonProxyDesc(ObjectInputStream.java:2014)
[2022-02-28 06:50:03,737] {spark_submit.py:488} INFO - at java.base/java.io.ObjectInputStream.readClassDesc(ObjectInputStream.java:1864)
[2022-02-28 06:50:03,738] {spark_submit.py:488} INFO - at java.base/java.io.ObjectInputStream.readOrdinaryObject(ObjectInputStream.java:2195)
[2022-02-28 06:50:03,739] {spark_submit.py:488} INFO - at java.base/java.io.ObjectInputStream.readObject0(ObjectInputStream.java:1681)
[2022-02-28 06:50:03,740] {spark_submit.py:488} INFO - at java.base/java.io.ObjectInputStream.readObject(ObjectInputStream.java:493)
[2022-02-28 06:50:03,742] {spark_submit.py:488} INFO - at java.base/java.io.ObjectInputStream.readObject(ObjectInputStream.java:451)
[2022-02-28 06:50:03,743] {spark_submit.py:488} INFO - at org.apache.spark.serializer.JavaDeserializationStream.readObject(JavaSerializer.scala:76)
[2022-02-28 06:50:03,744] {spark_submit.py:488} INFO - at org.apache.spark.serializer.JavaSerializerInstance.deserialize(JavaSerializer.scala:109)
[2022-02-28 06:50:03,745] {spark_submit.py:488} INFO - at org.apache.spark.rpc.netty.NettyRpcEnv.$anonfun$deserialize$2(NettyRpcEnv.scala:299)
[2022-02-28 06:50:03,747] {spark_submit.py:488} INFO - at scala.util.DynamicVariable.withValue(DynamicVariable.scala:62)
[2022-02-28 06:50:03,748] {spark_submit.py:488} INFO - at org.apache.spark.rpc.netty.NettyRpcEnv.deserialize(NettyRpcEnv.scala:352)
[2022-02-28 06:50:03,750] {spark_submit.py:488} INFO - at org.apache.spark.rpc.netty.NettyRpcEnv.$anonfun$deserialize$1(NettyRpcEnv.scala:298)
[2022-02-28 06:50:03,751] {spark_submit.py:488} INFO - at scala.util.DynamicVariable.withValue(DynamicVariable.scala:62)
[2022-02-28 06:50:03,753] {spark_submit.py:488} INFO - at org.apache.spark.rpc.netty.NettyRpcEnv.deserialize(NettyRpcEnv.scala:298)
[2022-02-28 06:50:03,754] {spark_submit.py:488} INFO - at org.apache.spark.rpc.netty.RequestMessage$.apply(NettyRpcEnv.scala:647)
[2022-02-28 06:50:03,756] {spark_submit.py:488} INFO - at org.apache.spark.rpc.netty.NettyRpcHandler.internalReceive(NettyRpcEnv.scala:698)
[2022-02-28 06:50:03,757] {spark_submit.py:488} INFO - at org.apache.spark.rpc.netty.NettyRpcHandler.receive(NettyRpcEnv.scala:690)
[2022-02-28 06:50:03,761] {spark_submit.py:488} INFO - at org.apache.spark.network.server.TransportRequestHandler.processOneWayMessage(TransportRequestHandler.java:274)
[2022-02-28 06:50:03,762] {spark_submit.py:488} INFO - at org.apache.spark.network.server.TransportRequestHandler.handle(TransportRequestHandler.java:111)
[2022-02-28 06:50:03,764] {spark_submit.py:488} INFO - at org.apache.spark.network.server.TransportChannelHandler.channelRead0(TransportChannelHandler.java:140)
[2022-02-28 06:50:03,765] {spark_submit.py:488} INFO - at org.apache.spark.network.server.TransportChannelHandler.channelRead0(TransportChannelHandler.java:53)
[2022-02-28 06:50:03,766] {spark_submit.py:488} INFO - at io.netty.channel.SimpleChannelInboundHandler.channelRead(SimpleChannelInboundHandler.java:99)
[2022-02-28 06:50:03,767] {spark_submit.py:488} INFO - at io.netty.channel.AbstractChannelHandlerContext.invokeChannelRead(AbstractChannelHandlerContext.java:379)
[2022-02-28 06:50:03,768] {spark_submit.py:488} INFO - at io.netty.channel.AbstractChannelHandlerContext.invokeChannelRead(AbstractChannelHandlerContext.java:365)
[2022-02-28 06:50:03,769] {spark_submit.py:488} INFO - at io.netty.channel.AbstractChannelHandlerContext.fireChannelRead(AbstractChannelHandlerContext.java:357)
[2022-02-28 06:50:03,770] {spark_submit.py:488} INFO - at io.netty.handler.timeout.IdleStateHandler.channelRead(IdleStateHandler.java:286)
[2022-02-28 06:50:03,772] {spark_submit.py:488} INFO - at io.netty.channel.AbstractChannelHandlerContext.invokeChannelRead(AbstractChannelHandlerContext.java:379)
[2022-02-28 06:50:03,776] {spark_submit.py:488} INFO - at io.netty.channel.AbstractChannelHandlerContext.invokeChannelRead(AbstractChannelHandlerContext.java:365)
[2022-02-28 06:50:03,778] {spark_submit.py:488} INFO - at io.netty.channel.AbstractChannelHandlerContext.fireChannelRead(AbstractChannelHandlerContext.java:357)
[2022-02-28 06:50:03,782] {spark_submit.py:488} INFO - at io.netty.handler.codec.MessageToMessageDecoder.channelRead(MessageToMessageDecoder.java:103)
[2022-02-28 06:50:03,784] {spark_submit.py:488} INFO - at io.netty.channel.AbstractChannelHandlerContext.invokeChannelRead(AbstractChannelHandlerContext.java:379)
[2022-02-28 06:50:03,785] {spark_submit.py:488} INFO - at io.netty.channel.AbstractChannelHandlerContext.invokeChannelRead(AbstractChannelHandlerContext.java:365)
[2022-02-28 06:50:03,786] {spark_submit.py:488} INFO - at io.netty.channel.AbstractChannelHandlerContext.fireChannelRead(AbstractChannelHandlerContext.java:357)
[2022-02-28 06:50:03,787] {spark_submit.py:488} INFO - at org.apache.spark.network.util.TransportFrameDecoder.channelRead(TransportFrameDecoder.java:102)
[2022-02-28 06:50:03,789] {spark_submit.py:488} INFO - at io.netty.channel.AbstractChannelHandlerContext.invokeChannelRead(AbstractChannelHandlerContext.java:379)
[2022-02-28 06:50:03,790] {spark_submit.py:488} INFO - at io.netty.channel.AbstractChannelHandlerContext.invokeChannelRead(AbstractChannelHandlerContext.java:365)
[2022-02-28 06:50:03,791] {spark_submit.py:488} INFO - at io.netty.channel.AbstractChannelHandlerContext.fireChannelRead(AbstractChannelHandlerContext.java:357)
[2022-02-28 06:50:03,792] {spark_submit.py:488} INFO - at io.netty.channel.DefaultChannelPipeline$HeadContext.channelRead(DefaultChannelPipeline.java:1410)
[2022-02-28 06:50:03,793] {spark_submit.py:488} INFO - at io.netty.channel.AbstractChannelHandlerContext.invokeChannelRead(AbstractChannelHandlerContext.java:379)
[2022-02-28 06:50:03,794] {spark_submit.py:488} INFO - at io.netty.channel.AbstractChannelHandlerContext.invokeChannelRead(AbstractChannelHandlerContext.java:365)
[2022-02-28 06:50:03,796] {spark_submit.py:488} INFO - at io.netty.channel.DefaultChannelPipeline.fireChannelRead(DefaultChannelPipeline.java:919)
[2022-02-28 06:50:03,797] {spark_submit.py:488} INFO - at io.netty.channel.nio.AbstractNioByteChannel$NioByteUnsafe.read(AbstractNioByteChannel.java:166)
[2022-02-28 06:50:03,798] {spark_submit.py:488} INFO - at io.netty.channel.nio.NioEventLoop.processSelectedKey(NioEventLoop.java:719)
[2022-02-28 06:50:03,800] {spark_submit.py:488} INFO - at io.netty.channel.nio.NioEventLoop.processSelectedKeysOptimized(NioEventLoop.java:655)
[2022-02-28 06:50:03,801] {spark_submit.py:488} INFO - at io.netty.channel.nio.NioEventLoop.processSelectedKeys(NioEventLoop.java:581)
[2022-02-28 06:50:03,802] {spark_submit.py:488} INFO - at io.netty.channel.nio.NioEventLoop.run(NioEventLoop.java:493)
[2022-02-28 06:50:03,803] {spark_submit.py:488} INFO - at io.netty.util.concurrent.SingleThreadEventExecutor$4.run(SingleThreadEventExecutor.java:986)
[2022-02-28 06:50:03,804] {spark_submit.py:488} INFO - at io.netty.util.internal.ThreadExecutorMap$2.run(ThreadExecutorMap.java:74)
[2022-02-28 06:50:03,805] {spark_submit.py:488} INFO - at io.netty.util.concurrent.FastThreadLocalRunnable.run(FastThreadLocalRunnable.java:30)
[2022-02-28 06:50:03,806] {spark_submit.py:488} INFO - at java.base/java.lang.Thread.run(Thread.java:829)
[2022-02-28 06:50:03,807] {spark_submit.py:488} INFO - 22/02/28 06:50:03 INFO BlockManagerMasterEndpoint: Registering block manager c5f5c4f93487:44819 with 434.4 MiB RAM, BlockManagerId(driver, c5f5c4f93487, 44819, None)
[2022-02-28 06:50:03,807] {spark_submit.py:488} INFO - 22/02/28 06:50:03 INFO BlockManagerMaster: Registered BlockManager BlockManagerId(driver, c5f5c4f93487, 44819, None)
[2022-02-28 06:50:03,808] {spark_submit.py:488} INFO - 22/02/28 06:50:03 INFO BlockManager: Initialized BlockManager: BlockManagerId(driver, c5f5c4f93487, 44819, None)
[2022-02-28 06:50:04,039] {spark_submit.py:488} INFO - 22/02/28 06:50:04 INFO StandaloneSchedulerBackend: SchedulerBackend is ready for scheduling beginning after reached minRegisteredResourcesRatio: 0.0
[2022-02-28 06:50:04,440] {spark_submit.py:488} INFO - 22/02/28 06:50:04 INFO SharedState: Setting hive.metastore.warehouse.dir ('null') to the value of spark.sql.warehouse.dir.
[2022-02-28 06:50:04,480] {spark_submit.py:488} INFO - 22/02/28 06:50:04 INFO SharedState: Warehouse path is 'file:/airflow/spark-warehouse'.
[2022-02-28 06:50:05,993] {spark_submit.py:488} INFO - /usr/local/lib/python3.7/site-packages/pyspark/python/lib/pyspark.zip/pyspark/sql/context.py:79: FutureWarning: Deprecated in 3.0.0. Use SparkSession.builder.getOrCreate() instead.
[2022-02-28 06:50:06,041] {spark_submit.py:488} INFO - 22/02/28 06:50:06 INFO SparkContext: Invoking stop() from shutdown hook
[2022-02-28 06:50:06,080] {spark_submit.py:488} INFO - 22/02/28 06:50:06 INFO SparkUI: Stopped Spark web UI at http://c5f5c4f93487:4040
[2022-02-28 06:50:06,097] {spark_submit.py:488} INFO - 22/02/28 06:50:06 INFO StandaloneSchedulerBackend: Shutting down all executors
[2022-02-28 06:50:06,126] {spark_submit.py:488} INFO - 22/02/28 06:50:06 INFO CoarseGrainedSchedulerBackend$DriverEndpoint: Asking each executor to shut down
[2022-02-28 06:50:06,206] {spark_submit.py:488} INFO - 22/02/28 06:50:06 INFO MapOutputTrackerMasterEndpoint: MapOutputTrackerMasterEndpoint stopped!
[2022-02-28 06:50:06,240] {spark_submit.py:488} INFO - 22/02/28 06:50:06 INFO MemoryStore: MemoryStore cleared
[2022-02-28 06:50:06,241] {spark_submit.py:488} INFO - 22/02/28 06:50:06 INFO BlockManager: BlockManager stopped
[2022-02-28 06:50:06,259] {spark_submit.py:488} INFO - 22/02/28 06:50:06 INFO BlockManagerMaster: BlockManagerMaster stopped
[2022-02-28 06:50:06,264] {spark_submit.py:488} INFO - 22/02/28 06:50:06 INFO OutputCommitCoordinator$OutputCommitCoordinatorEndpoint: OutputCommitCoordinator stopped!
[2022-02-28 06:50:06,290] {spark_submit.py:488} INFO - 22/02/28 06:50:06 INFO SparkContext: Successfully stopped SparkContext
[2022-02-28 06:50:06,292] {spark_submit.py:488} INFO - 22/02/28 06:50:06 INFO ShutdownHookManager: Shutdown hook called
[2022-02-28 06:50:06,300] {spark_submit.py:488} INFO - 22/02/28 06:50:06 INFO ShutdownHookManager: Deleting directory /tmp/spark-fa7df619-ee3b-472f-87d6-b7cb59d58fed/pyspark-f13c05e1-86a4-48c0-b3ce-168dd2d282bd
[2022-02-28 06:50:06,305] {spark_submit.py:488} INFO - 22/02/28 06:50:06 INFO ShutdownHookManager: Deleting directory /tmp/spark-85c0570a-cad1-4e3f-88fb-04982f96cb0f
[2022-02-28 06:50:06,310] {spark_submit.py:488} INFO - 22/02/28 06:50:06 INFO ShutdownHookManager: Deleting directory /tmp/spark-fa7df619-ee3b-472f-87d6-b7cb59d58fed
[2022-02-28 06:50:06,401] {taskinstance.py:1282} INFO - Marking task as SUCCESS. dag_id=0747_pipeline, task_id=field_extract, execution_date=20220228T063706, start_date=20220228T064958, end_date=20220228T065006
[2022-02-28 06:50:06,494] {local_task_job.py:154} INFO - Task exited with return code 0
[2022-02-28 06:50:06,565] {local_task_job.py:264} INFO - 1 downstream tasks scheduled from follow-on schedule check
