[2022-03-10 18:52:02,064] {taskinstance.py:1037} INFO - Dependencies all met for <TaskInstance: Demo.producer scheduled__2022-03-10T18:51:00+00:00 [queued]>
[2022-03-10 18:52:02,078] {taskinstance.py:1037} INFO - Dependencies all met for <TaskInstance: Demo.producer scheduled__2022-03-10T18:51:00+00:00 [queued]>
[2022-03-10 18:52:02,079] {taskinstance.py:1243} INFO - 
--------------------------------------------------------------------------------
[2022-03-10 18:52:02,080] {taskinstance.py:1244} INFO - Starting attempt 1 of 1
[2022-03-10 18:52:02,080] {taskinstance.py:1245} INFO - 
--------------------------------------------------------------------------------
[2022-03-10 18:52:02,094] {taskinstance.py:1264} INFO - Executing <Task(PythonOperator): producer> on 2022-03-10 18:51:00+00:00
[2022-03-10 18:52:02,096] {standard_task_runner.py:52} INFO - Started process 410 to run task
[2022-03-10 18:52:02,104] {standard_task_runner.py:76} INFO - Running: ['airflow', 'tasks', 'run', 'Demo', 'producer', 'scheduled__2022-03-10T18:51:00+00:00', '--job-id', '37', '--raw', '--subdir', 'DAGS_FOLDER/demo.py', '--cfg-path', '/tmp/tmpc7mfvo87', '--error-file', '/tmp/tmpcq90yi30']
[2022-03-10 18:52:02,106] {standard_task_runner.py:77} INFO - Job 37: Subtask producer
[2022-03-10 18:52:02,242] {logging_mixin.py:109} INFO - Running <TaskInstance: Demo.producer scheduled__2022-03-10T18:51:00+00:00 [running]> on host c17209ace312
[2022-03-10 18:52:02,348] {taskinstance.py:1431} INFO - Exporting the following env vars:
AIRFLOW_CTX_DAG_OWNER=airflow
AIRFLOW_CTX_DAG_ID=Demo
AIRFLOW_CTX_TASK_ID=producer
AIRFLOW_CTX_EXECUTION_DATE=2022-03-10T18:51:00+00:00
AIRFLOW_CTX_DAG_RUN_ID=scheduled__2022-03-10T18:51:00+00:00
[2022-03-10 18:52:02,349] {logging_mixin.py:109} INFO - Producing message @ 2022-03-10 18:52:02.349905 | Message = {'data_id': 188, 'name': 'BTC', 'timestamp': 1646938322}
[2022-03-10 18:52:02,351] {logging_mixin.py:109} INFO - Producing message @ 2022-03-10 18:52:02.351016 | Message = {'data_id': 145, 'name': 'ETH', 'timestamp': 1646938322}
[2022-03-10 18:52:02,351] {logging_mixin.py:109} INFO - Producing message @ 2022-03-10 18:52:02.351666 | Message = {'data_id': 11, 'name': 'BTT', 'timestamp': 1646938322}
[2022-03-10 18:52:02,352] {logging_mixin.py:109} INFO - Producing message @ 2022-03-10 18:52:02.352168 | Message = {'data_id': 52, 'name': 'DOT', 'timestamp': 1646938322}
[2022-03-10 18:52:02,352] {python.py:175} INFO - Done. Returned value was: None
[2022-03-10 18:52:02,381] {taskinstance.py:1282} INFO - Marking task as SUCCESS. dag_id=Demo, task_id=producer, execution_date=20220310T185100, start_date=20220310T185202, end_date=20220310T185202
[2022-03-10 18:52:02,396] {local_task_job.py:154} INFO - Task exited with return code 0
[2022-03-10 18:52:02,459] {local_task_job.py:264} INFO - 0 downstream tasks scheduled from follow-on schedule check
