[2022-10-21 11:50:02,992] {taskinstance.py:1037} INFO - Dependencies all met for <TaskInstance: Demo.producer scheduled__2022-10-21T11:49:00+00:00 [queued]>
[2022-10-21 11:50:02,999] {taskinstance.py:1037} INFO - Dependencies all met for <TaskInstance: Demo.producer scheduled__2022-10-21T11:49:00+00:00 [queued]>
[2022-10-21 11:50:03,000] {taskinstance.py:1243} INFO - 
--------------------------------------------------------------------------------
[2022-10-21 11:50:03,000] {taskinstance.py:1244} INFO - Starting attempt 1 of 1
[2022-10-21 11:50:03,000] {taskinstance.py:1245} INFO - 
--------------------------------------------------------------------------------
[2022-10-21 11:50:03,008] {taskinstance.py:1264} INFO - Executing <Task(PythonOperator): producer> on 2022-10-21 11:49:00+00:00
[2022-10-21 11:50:03,010] {standard_task_runner.py:52} INFO - Started process 142 to run task
[2022-10-21 11:50:03,014] {standard_task_runner.py:76} INFO - Running: ['airflow', 'tasks', 'run', 'Demo', 'producer', 'scheduled__2022-10-21T11:49:00+00:00', '--job-id', '12', '--raw', '--subdir', 'DAGS_FOLDER/demo.py', '--cfg-path', '/tmp/tmpp2j5m8zy', '--error-file', '/tmp/tmpepjh5agu']
[2022-10-21 11:50:03,014] {standard_task_runner.py:77} INFO - Job 12: Subtask producer
[2022-10-21 11:50:03,062] {logging_mixin.py:109} INFO - Running <TaskInstance: Demo.producer scheduled__2022-10-21T11:49:00+00:00 [running]> on host e4f852c7030f
[2022-10-21 11:50:03,101] {taskinstance.py:1429} INFO - Exporting the following env vars:
AIRFLOW_CTX_DAG_OWNER=airflow
AIRFLOW_CTX_DAG_ID=Demo
AIRFLOW_CTX_TASK_ID=producer
AIRFLOW_CTX_EXECUTION_DATE=2022-10-21T11:49:00+00:00
AIRFLOW_CTX_DAG_RUN_ID=scheduled__2022-10-21T11:49:00+00:00
[2022-10-21 11:50:03,102] {logging_mixin.py:109} INFO - Producing message @ 2022-10-21 11:50:03.102862 | Message = {'data_id': 231, 'name': 'BTC', 'timestamp': 1666353003}
[2022-10-21 11:50:03,104] {logging_mixin.py:109} INFO - Producing message @ 2022-10-21 11:50:03.104172 | Message = {'data_id': 176, 'name': 'ETH', 'timestamp': 1666353003}
[2022-10-21 11:50:03,104] {logging_mixin.py:109} INFO - Producing message @ 2022-10-21 11:50:03.104666 | Message = {'data_id': 16, 'name': 'BTT', 'timestamp': 1666353003}
[2022-10-21 11:50:03,105] {logging_mixin.py:109} INFO - Producing message @ 2022-10-21 11:50:03.105089 | Message = {'data_id': 142, 'name': 'DOT', 'timestamp': 1666353003}
[2022-10-21 11:50:03,105] {python.py:175} INFO - Done. Returned value was: None
[2022-10-21 11:50:03,111] {taskinstance.py:1272} INFO - Marking task as SUCCESS. dag_id=Demo, task_id=producer, execution_date=20221021T114900, start_date=20221021T115002, end_date=20221021T115003
[2022-10-21 11:50:03,146] {local_task_job.py:154} INFO - Task exited with return code 0
[2022-10-21 11:50:03,158] {local_task_job.py:264} INFO - 0 downstream tasks scheduled from follow-on schedule check
