[2022-03-10 19:24:02,614] {taskinstance.py:1037} INFO - Dependencies all met for <TaskInstance: Demo.producer scheduled__2022-03-10T19:23:00+00:00 [queued]>
[2022-03-10 19:24:02,626] {taskinstance.py:1037} INFO - Dependencies all met for <TaskInstance: Demo.producer scheduled__2022-03-10T19:23:00+00:00 [queued]>
[2022-03-10 19:24:02,627] {taskinstance.py:1243} INFO - 
--------------------------------------------------------------------------------
[2022-03-10 19:24:02,628] {taskinstance.py:1244} INFO - Starting attempt 1 of 1
[2022-03-10 19:24:02,628] {taskinstance.py:1245} INFO - 
--------------------------------------------------------------------------------
[2022-03-10 19:24:02,641] {taskinstance.py:1264} INFO - Executing <Task(PythonOperator): producer> on 2022-03-10 19:23:00+00:00
[2022-03-10 19:24:02,645] {standard_task_runner.py:52} INFO - Started process 698 to run task
[2022-03-10 19:24:02,649] {standard_task_runner.py:76} INFO - Running: ['airflow', 'tasks', 'run', 'Demo', 'producer', 'scheduled__2022-03-10T19:23:00+00:00', '--job-id', '69', '--raw', '--subdir', 'DAGS_FOLDER/demo.py', '--cfg-path', '/tmp/tmp9k14welm', '--error-file', '/tmp/tmpnme71xyu']
[2022-03-10 19:24:02,651] {standard_task_runner.py:77} INFO - Job 69: Subtask producer
[2022-03-10 19:24:02,781] {logging_mixin.py:109} INFO - Running <TaskInstance: Demo.producer scheduled__2022-03-10T19:23:00+00:00 [running]> on host c17209ace312
[2022-03-10 19:24:02,881] {taskinstance.py:1431} INFO - Exporting the following env vars:
AIRFLOW_CTX_DAG_OWNER=airflow
AIRFLOW_CTX_DAG_ID=Demo
AIRFLOW_CTX_TASK_ID=producer
AIRFLOW_CTX_EXECUTION_DATE=2022-03-10T19:23:00+00:00
AIRFLOW_CTX_DAG_RUN_ID=scheduled__2022-03-10T19:23:00+00:00
[2022-03-10 19:24:02,882] {logging_mixin.py:109} INFO - Producing message @ 2022-03-10 19:24:02.882405 | Message = {'data_id': 354, 'name': 'BTC', 'timestamp': 1646940242}
[2022-03-10 19:24:02,883] {logging_mixin.py:109} INFO - Producing message @ 2022-03-10 19:24:02.883615 | Message = {'data_id': 208, 'name': 'ETH', 'timestamp': 1646940242}
[2022-03-10 19:24:02,884] {logging_mixin.py:109} INFO - Producing message @ 2022-03-10 19:24:02.884121 | Message = {'data_id': 38, 'name': 'BTT', 'timestamp': 1646940242}
[2022-03-10 19:24:02,884] {logging_mixin.py:109} INFO - Producing message @ 2022-03-10 19:24:02.884646 | Message = {'data_id': 49, 'name': 'DOT', 'timestamp': 1646940242}
[2022-03-10 19:24:02,885] {python.py:175} INFO - Done. Returned value was: None
[2022-03-10 19:24:02,914] {taskinstance.py:1282} INFO - Marking task as SUCCESS. dag_id=Demo, task_id=producer, execution_date=20220310T192300, start_date=20220310T192402, end_date=20220310T192402
[2022-03-10 19:24:02,943] {local_task_job.py:154} INFO - Task exited with return code 0
[2022-03-10 19:24:03,013] {local_task_job.py:264} INFO - 0 downstream tasks scheduled from follow-on schedule check
