[2022-03-10 19:21:01,665] {taskinstance.py:1037} INFO - Dependencies all met for <TaskInstance: Demo.producer scheduled__2022-03-10T19:20:00+00:00 [queued]>
[2022-03-10 19:21:01,676] {taskinstance.py:1037} INFO - Dependencies all met for <TaskInstance: Demo.producer scheduled__2022-03-10T19:20:00+00:00 [queued]>
[2022-03-10 19:21:01,676] {taskinstance.py:1243} INFO - 
--------------------------------------------------------------------------------
[2022-03-10 19:21:01,677] {taskinstance.py:1244} INFO - Starting attempt 1 of 1
[2022-03-10 19:21:01,677] {taskinstance.py:1245} INFO - 
--------------------------------------------------------------------------------
[2022-03-10 19:21:01,688] {taskinstance.py:1264} INFO - Executing <Task(PythonOperator): producer> on 2022-03-10 19:20:00+00:00
[2022-03-10 19:21:01,691] {standard_task_runner.py:52} INFO - Started process 671 to run task
[2022-03-10 19:21:01,694] {standard_task_runner.py:76} INFO - Running: ['airflow', 'tasks', 'run', 'Demo', 'producer', 'scheduled__2022-03-10T19:20:00+00:00', '--job-id', '66', '--raw', '--subdir', 'DAGS_FOLDER/demo.py', '--cfg-path', '/tmp/tmpccg51t1t', '--error-file', '/tmp/tmp2adrbrgw']
[2022-03-10 19:21:01,695] {standard_task_runner.py:77} INFO - Job 66: Subtask producer
[2022-03-10 19:21:01,827] {logging_mixin.py:109} INFO - Running <TaskInstance: Demo.producer scheduled__2022-03-10T19:20:00+00:00 [running]> on host c17209ace312
[2022-03-10 19:21:01,929] {taskinstance.py:1431} INFO - Exporting the following env vars:
AIRFLOW_CTX_DAG_OWNER=airflow
AIRFLOW_CTX_DAG_ID=Demo
AIRFLOW_CTX_TASK_ID=producer
AIRFLOW_CTX_EXECUTION_DATE=2022-03-10T19:20:00+00:00
AIRFLOW_CTX_DAG_RUN_ID=scheduled__2022-03-10T19:20:00+00:00
[2022-03-10 19:21:01,931] {logging_mixin.py:109} INFO - Producing message @ 2022-03-10 19:21:01.931407 | Message = {'data_id': 193, 'name': 'BTC', 'timestamp': 1646940061}
[2022-03-10 19:21:01,933] {logging_mixin.py:109} INFO - Producing message @ 2022-03-10 19:21:01.933243 | Message = {'data_id': 217, 'name': 'ETH', 'timestamp': 1646940061}
[2022-03-10 19:21:01,933] {logging_mixin.py:109} INFO - Producing message @ 2022-03-10 19:21:01.933954 | Message = {'data_id': 30, 'name': 'BTT', 'timestamp': 1646940061}
[2022-03-10 19:21:01,934] {logging_mixin.py:109} INFO - Producing message @ 2022-03-10 19:21:01.934635 | Message = {'data_id': 103, 'name': 'DOT', 'timestamp': 1646940061}
[2022-03-10 19:21:01,935] {python.py:175} INFO - Done. Returned value was: None
[2022-03-10 19:21:01,967] {taskinstance.py:1282} INFO - Marking task as SUCCESS. dag_id=Demo, task_id=producer, execution_date=20220310T192000, start_date=20220310T192101, end_date=20220310T192101
[2022-03-10 19:21:01,987] {local_task_job.py:154} INFO - Task exited with return code 0
[2022-03-10 19:21:02,058] {local_task_job.py:264} INFO - 0 downstream tasks scheduled from follow-on schedule check
