[2022-03-10 19:09:02,336] {taskinstance.py:1037} INFO - Dependencies all met for <TaskInstance: Demo.producer scheduled__2022-03-10T19:08:00+00:00 [queued]>
[2022-03-10 19:09:02,354] {taskinstance.py:1037} INFO - Dependencies all met for <TaskInstance: Demo.producer scheduled__2022-03-10T19:08:00+00:00 [queued]>
[2022-03-10 19:09:02,355] {taskinstance.py:1243} INFO - 
--------------------------------------------------------------------------------
[2022-03-10 19:09:02,356] {taskinstance.py:1244} INFO - Starting attempt 1 of 1
[2022-03-10 19:09:02,356] {taskinstance.py:1245} INFO - 
--------------------------------------------------------------------------------
[2022-03-10 19:09:02,372] {taskinstance.py:1264} INFO - Executing <Task(PythonOperator): producer> on 2022-03-10 19:08:00+00:00
[2022-03-10 19:09:02,377] {standard_task_runner.py:52} INFO - Started process 563 to run task
[2022-03-10 19:09:02,381] {standard_task_runner.py:76} INFO - Running: ['airflow', 'tasks', 'run', 'Demo', 'producer', 'scheduled__2022-03-10T19:08:00+00:00', '--job-id', '54', '--raw', '--subdir', 'DAGS_FOLDER/demo.py', '--cfg-path', '/tmp/tmpcknt6zyb', '--error-file', '/tmp/tmpic3iqbc3']
[2022-03-10 19:09:02,382] {standard_task_runner.py:77} INFO - Job 54: Subtask producer
[2022-03-10 19:09:02,530] {logging_mixin.py:109} INFO - Running <TaskInstance: Demo.producer scheduled__2022-03-10T19:08:00+00:00 [running]> on host c17209ace312
[2022-03-10 19:09:02,662] {taskinstance.py:1431} INFO - Exporting the following env vars:
AIRFLOW_CTX_DAG_OWNER=airflow
AIRFLOW_CTX_DAG_ID=Demo
AIRFLOW_CTX_TASK_ID=producer
AIRFLOW_CTX_EXECUTION_DATE=2022-03-10T19:08:00+00:00
AIRFLOW_CTX_DAG_RUN_ID=scheduled__2022-03-10T19:08:00+00:00
[2022-03-10 19:09:02,663] {logging_mixin.py:109} INFO - Producing message @ 2022-03-10 19:09:02.663849 | Message = {'data_id': 25, 'name': 'BTC', 'timestamp': 1646939342}
[2022-03-10 19:09:02,665] {logging_mixin.py:109} INFO - Producing message @ 2022-03-10 19:09:02.665562 | Message = {'data_id': 51, 'name': 'ETH', 'timestamp': 1646939342}
[2022-03-10 19:09:02,666] {logging_mixin.py:109} INFO - Producing message @ 2022-03-10 19:09:02.666422 | Message = {'data_id': 36, 'name': 'BTT', 'timestamp': 1646939342}
[2022-03-10 19:09:02,667] {logging_mixin.py:109} INFO - Producing message @ 2022-03-10 19:09:02.667141 | Message = {'data_id': 76, 'name': 'DOT', 'timestamp': 1646939342}
[2022-03-10 19:09:02,667] {python.py:175} INFO - Done. Returned value was: None
[2022-03-10 19:09:02,705] {taskinstance.py:1282} INFO - Marking task as SUCCESS. dag_id=Demo, task_id=producer, execution_date=20220310T190800, start_date=20220310T190902, end_date=20220310T190902
[2022-03-10 19:09:02,755] {local_task_job.py:154} INFO - Task exited with return code 0
[2022-03-10 19:09:02,829] {local_task_job.py:264} INFO - 0 downstream tasks scheduled from follow-on schedule check
