[2022-03-10 19:18:02,735] {taskinstance.py:1037} INFO - Dependencies all met for <TaskInstance: Demo.producer scheduled__2022-03-10T19:17:00+00:00 [queued]>
[2022-03-10 19:18:02,748] {taskinstance.py:1037} INFO - Dependencies all met for <TaskInstance: Demo.producer scheduled__2022-03-10T19:17:00+00:00 [queued]>
[2022-03-10 19:18:02,749] {taskinstance.py:1243} INFO - 
--------------------------------------------------------------------------------
[2022-03-10 19:18:02,750] {taskinstance.py:1244} INFO - Starting attempt 1 of 1
[2022-03-10 19:18:02,750] {taskinstance.py:1245} INFO - 
--------------------------------------------------------------------------------
[2022-03-10 19:18:02,764] {taskinstance.py:1264} INFO - Executing <Task(PythonOperator): producer> on 2022-03-10 19:17:00+00:00
[2022-03-10 19:18:02,769] {standard_task_runner.py:52} INFO - Started process 644 to run task
[2022-03-10 19:18:02,772] {standard_task_runner.py:76} INFO - Running: ['airflow', 'tasks', 'run', 'Demo', 'producer', 'scheduled__2022-03-10T19:17:00+00:00', '--job-id', '63', '--raw', '--subdir', 'DAGS_FOLDER/demo.py', '--cfg-path', '/tmp/tmppuir2jfk', '--error-file', '/tmp/tmptpwnlswj']
[2022-03-10 19:18:02,774] {standard_task_runner.py:77} INFO - Job 63: Subtask producer
[2022-03-10 19:18:02,920] {logging_mixin.py:109} INFO - Running <TaskInstance: Demo.producer scheduled__2022-03-10T19:17:00+00:00 [running]> on host c17209ace312
[2022-03-10 19:18:03,032] {taskinstance.py:1431} INFO - Exporting the following env vars:
AIRFLOW_CTX_DAG_OWNER=airflow
AIRFLOW_CTX_DAG_ID=Demo
AIRFLOW_CTX_TASK_ID=producer
AIRFLOW_CTX_EXECUTION_DATE=2022-03-10T19:17:00+00:00
AIRFLOW_CTX_DAG_RUN_ID=scheduled__2022-03-10T19:17:00+00:00
[2022-03-10 19:18:03,033] {logging_mixin.py:109} INFO - Producing message @ 2022-03-10 19:18:03.033414 | Message = {'data_id': 16, 'name': 'BTC', 'timestamp': 1646939883}
[2022-03-10 19:18:03,034] {logging_mixin.py:109} INFO - Producing message @ 2022-03-10 19:18:03.034827 | Message = {'data_id': 226, 'name': 'ETH', 'timestamp': 1646939883}
[2022-03-10 19:18:03,035] {logging_mixin.py:109} INFO - Producing message @ 2022-03-10 19:18:03.035613 | Message = {'data_id': 35, 'name': 'BTT', 'timestamp': 1646939883}
[2022-03-10 19:18:03,036] {logging_mixin.py:109} INFO - Producing message @ 2022-03-10 19:18:03.036374 | Message = {'data_id': 159, 'name': 'DOT', 'timestamp': 1646939883}
[2022-03-10 19:18:03,037] {python.py:175} INFO - Done. Returned value was: None
[2022-03-10 19:18:03,074] {taskinstance.py:1282} INFO - Marking task as SUCCESS. dag_id=Demo, task_id=producer, execution_date=20220310T191700, start_date=20220310T191802, end_date=20220310T191803
[2022-03-10 19:18:03,107] {local_task_job.py:154} INFO - Task exited with return code 0
[2022-03-10 19:18:03,193] {local_task_job.py:264} INFO - 0 downstream tasks scheduled from follow-on schedule check
