[2022-03-10 18:53:01,602] {taskinstance.py:1037} INFO - Dependencies all met for <TaskInstance: Demo.producer scheduled__2022-03-10T18:52:00+00:00 [queued]>
[2022-03-10 18:53:01,614] {taskinstance.py:1037} INFO - Dependencies all met for <TaskInstance: Demo.producer scheduled__2022-03-10T18:52:00+00:00 [queued]>
[2022-03-10 18:53:01,615] {taskinstance.py:1243} INFO - 
--------------------------------------------------------------------------------
[2022-03-10 18:53:01,616] {taskinstance.py:1244} INFO - Starting attempt 1 of 1
[2022-03-10 18:53:01,616] {taskinstance.py:1245} INFO - 
--------------------------------------------------------------------------------
[2022-03-10 18:53:01,629] {taskinstance.py:1264} INFO - Executing <Task(PythonOperator): producer> on 2022-03-10 18:52:00+00:00
[2022-03-10 18:53:01,631] {standard_task_runner.py:52} INFO - Started process 419 to run task
[2022-03-10 18:53:01,635] {standard_task_runner.py:76} INFO - Running: ['airflow', 'tasks', 'run', 'Demo', 'producer', 'scheduled__2022-03-10T18:52:00+00:00', '--job-id', '38', '--raw', '--subdir', 'DAGS_FOLDER/demo.py', '--cfg-path', '/tmp/tmp_wc6k5zq', '--error-file', '/tmp/tmpwegdcp2c']
[2022-03-10 18:53:01,637] {standard_task_runner.py:77} INFO - Job 38: Subtask producer
[2022-03-10 18:53:01,748] {logging_mixin.py:109} INFO - Running <TaskInstance: Demo.producer scheduled__2022-03-10T18:52:00+00:00 [running]> on host c17209ace312
[2022-03-10 18:53:01,856] {taskinstance.py:1431} INFO - Exporting the following env vars:
AIRFLOW_CTX_DAG_OWNER=airflow
AIRFLOW_CTX_DAG_ID=Demo
AIRFLOW_CTX_TASK_ID=producer
AIRFLOW_CTX_EXECUTION_DATE=2022-03-10T18:52:00+00:00
AIRFLOW_CTX_DAG_RUN_ID=scheduled__2022-03-10T18:52:00+00:00
[2022-03-10 18:53:01,857] {logging_mixin.py:109} INFO - Producing message @ 2022-03-10 18:53:01.857432 | Message = {'data_id': 159, 'name': 'BTC', 'timestamp': 1646938381}
[2022-03-10 18:53:01,858] {logging_mixin.py:109} INFO - Producing message @ 2022-03-10 18:53:01.858689 | Message = {'data_id': 42, 'name': 'ETH', 'timestamp': 1646938381}
[2022-03-10 18:53:01,859] {logging_mixin.py:109} INFO - Producing message @ 2022-03-10 18:53:01.859326 | Message = {'data_id': 11, 'name': 'BTT', 'timestamp': 1646938381}
[2022-03-10 18:53:01,859] {logging_mixin.py:109} INFO - Producing message @ 2022-03-10 18:53:01.859925 | Message = {'data_id': 123, 'name': 'DOT', 'timestamp': 1646938381}
[2022-03-10 18:53:01,860] {python.py:175} INFO - Done. Returned value was: None
[2022-03-10 18:53:01,889] {taskinstance.py:1282} INFO - Marking task as SUCCESS. dag_id=Demo, task_id=producer, execution_date=20220310T185200, start_date=20220310T185301, end_date=20220310T185301
[2022-03-10 18:53:01,932] {local_task_job.py:154} INFO - Task exited with return code 0
[2022-03-10 18:53:02,009] {local_task_job.py:264} INFO - 0 downstream tasks scheduled from follow-on schedule check
