[2022-03-10 18:25:07,318] {taskinstance.py:1037} INFO - Dependencies all met for <TaskInstance: Demo.producer scheduled__2022-03-10T18:24:00+00:00 [queued]>
[2022-03-10 18:25:07,341] {taskinstance.py:1037} INFO - Dependencies all met for <TaskInstance: Demo.producer scheduled__2022-03-10T18:24:00+00:00 [queued]>
[2022-03-10 18:25:07,342] {taskinstance.py:1243} INFO - 
--------------------------------------------------------------------------------
[2022-03-10 18:25:07,344] {taskinstance.py:1244} INFO - Starting attempt 1 of 1
[2022-03-10 18:25:07,345] {taskinstance.py:1245} INFO - 
--------------------------------------------------------------------------------
[2022-03-10 18:25:07,368] {taskinstance.py:1264} INFO - Executing <Task(PythonOperator): producer> on 2022-03-10 18:24:00+00:00
[2022-03-10 18:25:07,375] {standard_task_runner.py:52} INFO - Started process 169 to run task
[2022-03-10 18:25:07,380] {standard_task_runner.py:76} INFO - Running: ['airflow', 'tasks', 'run', 'Demo', 'producer', 'scheduled__2022-03-10T18:24:00+00:00', '--job-id', '10', '--raw', '--subdir', 'DAGS_FOLDER/demo.py', '--cfg-path', '/tmp/tmpolqsw1x3', '--error-file', '/tmp/tmph43xt2w6']
[2022-03-10 18:25:07,382] {standard_task_runner.py:77} INFO - Job 10: Subtask producer
[2022-03-10 18:25:07,709] {logging_mixin.py:109} INFO - Running <TaskInstance: Demo.producer scheduled__2022-03-10T18:24:00+00:00 [running]> on host c17209ace312
[2022-03-10 18:25:07,885] {taskinstance.py:1431} INFO - Exporting the following env vars:
AIRFLOW_CTX_DAG_OWNER=airflow
AIRFLOW_CTX_DAG_ID=Demo
AIRFLOW_CTX_TASK_ID=producer
AIRFLOW_CTX_EXECUTION_DATE=2022-03-10T18:24:00+00:00
AIRFLOW_CTX_DAG_RUN_ID=scheduled__2022-03-10T18:24:00+00:00
[2022-03-10 18:25:07,886] {logging_mixin.py:109} INFO - Producing message @ 2022-03-10 18:25:07.886757 | Message = {'data_id': 377, 'name': 'BTC', 'timestamp': 1646936707}
[2022-03-10 18:25:07,888] {logging_mixin.py:109} INFO - Producing message @ 2022-03-10 18:25:07.888236 | Message = {'data_id': 148, 'name': 'ETH', 'timestamp': 1646936707}
[2022-03-10 18:25:07,889] {logging_mixin.py:109} INFO - Producing message @ 2022-03-10 18:25:07.889755 | Message = {'data_id': 31, 'name': 'BTT', 'timestamp': 1646936707}
[2022-03-10 18:25:07,890] {logging_mixin.py:109} INFO - Producing message @ 2022-03-10 18:25:07.890747 | Message = {'data_id': 42, 'name': 'DOT', 'timestamp': 1646936707}
[2022-03-10 18:25:07,891] {python.py:175} INFO - Done. Returned value was: None
[2022-03-10 18:25:07,935] {taskinstance.py:1282} INFO - Marking task as SUCCESS. dag_id=Demo, task_id=producer, execution_date=20220310T182400, start_date=20220310T182507, end_date=20220310T182507
[2022-03-10 18:25:07,996] {local_task_job.py:154} INFO - Task exited with return code 0
[2022-03-10 18:25:08,081] {local_task_job.py:264} INFO - 0 downstream tasks scheduled from follow-on schedule check
