[2022-03-10 18:44:02,184] {taskinstance.py:1037} INFO - Dependencies all met for <TaskInstance: Demo.producer scheduled__2022-03-10T18:43:00+00:00 [queued]>
[2022-03-10 18:44:02,200] {taskinstance.py:1037} INFO - Dependencies all met for <TaskInstance: Demo.producer scheduled__2022-03-10T18:43:00+00:00 [queued]>
[2022-03-10 18:44:02,200] {taskinstance.py:1243} INFO - 
--------------------------------------------------------------------------------
[2022-03-10 18:44:02,201] {taskinstance.py:1244} INFO - Starting attempt 1 of 1
[2022-03-10 18:44:02,202] {taskinstance.py:1245} INFO - 
--------------------------------------------------------------------------------
[2022-03-10 18:44:02,217] {taskinstance.py:1264} INFO - Executing <Task(PythonOperator): producer> on 2022-03-10 18:43:00+00:00
[2022-03-10 18:44:02,220] {standard_task_runner.py:52} INFO - Started process 339 to run task
[2022-03-10 18:44:02,225] {standard_task_runner.py:76} INFO - Running: ['airflow', 'tasks', 'run', 'Demo', 'producer', 'scheduled__2022-03-10T18:43:00+00:00', '--job-id', '29', '--raw', '--subdir', 'DAGS_FOLDER/demo.py', '--cfg-path', '/tmp/tmp6o6mj9l4', '--error-file', '/tmp/tmp2ofgcyei']
[2022-03-10 18:44:02,226] {standard_task_runner.py:77} INFO - Job 29: Subtask producer
[2022-03-10 18:44:02,373] {logging_mixin.py:109} INFO - Running <TaskInstance: Demo.producer scheduled__2022-03-10T18:43:00+00:00 [running]> on host c17209ace312
[2022-03-10 18:44:02,515] {taskinstance.py:1431} INFO - Exporting the following env vars:
AIRFLOW_CTX_DAG_OWNER=airflow
AIRFLOW_CTX_DAG_ID=Demo
AIRFLOW_CTX_TASK_ID=producer
AIRFLOW_CTX_EXECUTION_DATE=2022-03-10T18:43:00+00:00
AIRFLOW_CTX_DAG_RUN_ID=scheduled__2022-03-10T18:43:00+00:00
[2022-03-10 18:44:02,517] {logging_mixin.py:109} INFO - Producing message @ 2022-03-10 18:44:02.517706 | Message = {'data_id': 21, 'name': 'BTC', 'timestamp': 1646937842}
[2022-03-10 18:44:02,519] {logging_mixin.py:109} INFO - Producing message @ 2022-03-10 18:44:02.519210 | Message = {'data_id': 221, 'name': 'ETH', 'timestamp': 1646937842}
[2022-03-10 18:44:02,519] {logging_mixin.py:109} INFO - Producing message @ 2022-03-10 18:44:02.519959 | Message = {'data_id': 40, 'name': 'BTT', 'timestamp': 1646937842}
[2022-03-10 18:44:02,520] {logging_mixin.py:109} INFO - Producing message @ 2022-03-10 18:44:02.520909 | Message = {'data_id': 150, 'name': 'DOT', 'timestamp': 1646937842}
[2022-03-10 18:44:02,521] {python.py:175} INFO - Done. Returned value was: None
[2022-03-10 18:44:02,559] {taskinstance.py:1282} INFO - Marking task as SUCCESS. dag_id=Demo, task_id=producer, execution_date=20220310T184300, start_date=20220310T184402, end_date=20220310T184402
[2022-03-10 18:44:02,600] {local_task_job.py:154} INFO - Task exited with return code 0
[2022-03-10 18:44:02,685] {local_task_job.py:264} INFO - 0 downstream tasks scheduled from follow-on schedule check
