[2022-03-10 18:37:02,554] {taskinstance.py:1037} INFO - Dependencies all met for <TaskInstance: Demo.producer scheduled__2022-03-10T18:36:00+00:00 [queued]>
[2022-03-10 18:37:02,566] {taskinstance.py:1037} INFO - Dependencies all met for <TaskInstance: Demo.producer scheduled__2022-03-10T18:36:00+00:00 [queued]>
[2022-03-10 18:37:02,567] {taskinstance.py:1243} INFO - 
--------------------------------------------------------------------------------
[2022-03-10 18:37:02,567] {taskinstance.py:1244} INFO - Starting attempt 1 of 1
[2022-03-10 18:37:02,568] {taskinstance.py:1245} INFO - 
--------------------------------------------------------------------------------
[2022-03-10 18:37:02,580] {taskinstance.py:1264} INFO - Executing <Task(PythonOperator): producer> on 2022-03-10 18:36:00+00:00
[2022-03-10 18:37:02,583] {standard_task_runner.py:52} INFO - Started process 277 to run task
[2022-03-10 18:37:02,588] {standard_task_runner.py:76} INFO - Running: ['airflow', 'tasks', 'run', 'Demo', 'producer', 'scheduled__2022-03-10T18:36:00+00:00', '--job-id', '22', '--raw', '--subdir', 'DAGS_FOLDER/demo.py', '--cfg-path', '/tmp/tmppp9t3h08', '--error-file', '/tmp/tmpbl4ebbte']
[2022-03-10 18:37:02,590] {standard_task_runner.py:77} INFO - Job 22: Subtask producer
[2022-03-10 18:37:02,704] {logging_mixin.py:109} INFO - Running <TaskInstance: Demo.producer scheduled__2022-03-10T18:36:00+00:00 [running]> on host c17209ace312
[2022-03-10 18:37:02,800] {taskinstance.py:1431} INFO - Exporting the following env vars:
AIRFLOW_CTX_DAG_OWNER=airflow
AIRFLOW_CTX_DAG_ID=Demo
AIRFLOW_CTX_TASK_ID=producer
AIRFLOW_CTX_EXECUTION_DATE=2022-03-10T18:36:00+00:00
AIRFLOW_CTX_DAG_RUN_ID=scheduled__2022-03-10T18:36:00+00:00
[2022-03-10 18:37:02,801] {logging_mixin.py:109} INFO - Producing message @ 2022-03-10 18:37:02.801540 | Message = {'data_id': 263, 'name': 'BTC', 'timestamp': 1646937422}
[2022-03-10 18:37:02,802] {logging_mixin.py:109} INFO - Producing message @ 2022-03-10 18:37:02.802705 | Message = {'data_id': 143, 'name': 'ETH', 'timestamp': 1646937422}
[2022-03-10 18:37:02,803] {logging_mixin.py:109} INFO - Producing message @ 2022-03-10 18:37:02.803275 | Message = {'data_id': 22, 'name': 'BTT', 'timestamp': 1646937422}
[2022-03-10 18:37:02,803] {logging_mixin.py:109} INFO - Producing message @ 2022-03-10 18:37:02.803846 | Message = {'data_id': 73, 'name': 'DOT', 'timestamp': 1646937422}
[2022-03-10 18:37:02,804] {python.py:175} INFO - Done. Returned value was: None
[2022-03-10 18:37:02,834] {taskinstance.py:1282} INFO - Marking task as SUCCESS. dag_id=Demo, task_id=producer, execution_date=20220310T183600, start_date=20220310T183702, end_date=20220310T183702
[2022-03-10 18:37:02,882] {local_task_job.py:154} INFO - Task exited with return code 0
[2022-03-10 18:37:02,963] {local_task_job.py:264} INFO - 0 downstream tasks scheduled from follow-on schedule check
