[2022-03-10 18:20:02,051] {taskinstance.py:1037} INFO - Dependencies all met for <TaskInstance: Demo.producer scheduled__2022-03-10T18:19:00+00:00 [queued]>
[2022-03-10 18:20:02,061] {taskinstance.py:1037} INFO - Dependencies all met for <TaskInstance: Demo.producer scheduled__2022-03-10T18:19:00+00:00 [queued]>
[2022-03-10 18:20:02,062] {taskinstance.py:1243} INFO - 
--------------------------------------------------------------------------------
[2022-03-10 18:20:02,062] {taskinstance.py:1244} INFO - Starting attempt 1 of 1
[2022-03-10 18:20:02,063] {taskinstance.py:1245} INFO - 
--------------------------------------------------------------------------------
[2022-03-10 18:20:02,073] {taskinstance.py:1264} INFO - Executing <Task(PythonOperator): producer> on 2022-03-10 18:19:00+00:00
[2022-03-10 18:20:02,076] {standard_task_runner.py:52} INFO - Started process 122 to run task
[2022-03-10 18:20:02,078] {standard_task_runner.py:76} INFO - Running: ['airflow', 'tasks', 'run', 'Demo', 'producer', 'scheduled__2022-03-10T18:19:00+00:00', '--job-id', '5', '--raw', '--subdir', 'DAGS_FOLDER/demo.py', '--cfg-path', '/tmp/tmp4q4uogq1', '--error-file', '/tmp/tmpf56dhptw']
[2022-03-10 18:20:02,079] {standard_task_runner.py:77} INFO - Job 5: Subtask producer
[2022-03-10 18:20:02,188] {logging_mixin.py:109} INFO - Running <TaskInstance: Demo.producer scheduled__2022-03-10T18:19:00+00:00 [running]> on host c17209ace312
[2022-03-10 18:20:02,296] {taskinstance.py:1431} INFO - Exporting the following env vars:
AIRFLOW_CTX_DAG_OWNER=airflow
AIRFLOW_CTX_DAG_ID=Demo
AIRFLOW_CTX_TASK_ID=producer
AIRFLOW_CTX_EXECUTION_DATE=2022-03-10T18:19:00+00:00
AIRFLOW_CTX_DAG_RUN_ID=scheduled__2022-03-10T18:19:00+00:00
[2022-03-10 18:20:02,297] {logging_mixin.py:109} INFO - Producing message @ 2022-03-10 18:20:02.297433 | Message = {'data_id': 58, 'name': 'BTC', 'timestamp': 1646936402}
[2022-03-10 18:20:02,298] {logging_mixin.py:109} INFO - Producing message @ 2022-03-10 18:20:02.298773 | Message = {'data_id': 197, 'name': 'ETH', 'timestamp': 1646936402}
[2022-03-10 18:20:02,299] {logging_mixin.py:109} INFO - Producing message @ 2022-03-10 18:20:02.299556 | Message = {'data_id': 20, 'name': 'BTT', 'timestamp': 1646936402}
[2022-03-10 18:20:02,300] {logging_mixin.py:109} INFO - Producing message @ 2022-03-10 18:20:02.300363 | Message = {'data_id': 79, 'name': 'DOT', 'timestamp': 1646936402}
[2022-03-10 18:20:02,301] {python.py:175} INFO - Done. Returned value was: None
[2022-03-10 18:20:02,333] {taskinstance.py:1282} INFO - Marking task as SUCCESS. dag_id=Demo, task_id=producer, execution_date=20220310T181900, start_date=20220310T182002, end_date=20220310T182002
[2022-03-10 18:20:02,372] {local_task_job.py:154} INFO - Task exited with return code 0
[2022-03-10 18:20:02,462] {local_task_job.py:264} INFO - 0 downstream tasks scheduled from follow-on schedule check
