[2022-03-10 18:27:03,428] {taskinstance.py:1037} INFO - Dependencies all met for <TaskInstance: Demo.producer scheduled__2022-03-10T18:26:00+00:00 [queued]>
[2022-03-10 18:27:03,444] {taskinstance.py:1037} INFO - Dependencies all met for <TaskInstance: Demo.producer scheduled__2022-03-10T18:26:00+00:00 [queued]>
[2022-03-10 18:27:03,446] {taskinstance.py:1243} INFO - 
--------------------------------------------------------------------------------
[2022-03-10 18:27:03,447] {taskinstance.py:1244} INFO - Starting attempt 1 of 1
[2022-03-10 18:27:03,448] {taskinstance.py:1245} INFO - 
--------------------------------------------------------------------------------
[2022-03-10 18:27:03,468] {taskinstance.py:1264} INFO - Executing <Task(PythonOperator): producer> on 2022-03-10 18:26:00+00:00
[2022-03-10 18:27:03,474] {standard_task_runner.py:52} INFO - Started process 187 to run task
[2022-03-10 18:27:03,481] {standard_task_runner.py:76} INFO - Running: ['airflow', 'tasks', 'run', 'Demo', 'producer', 'scheduled__2022-03-10T18:26:00+00:00', '--job-id', '12', '--raw', '--subdir', 'DAGS_FOLDER/demo.py', '--cfg-path', '/tmp/tmpq2w81k96', '--error-file', '/tmp/tmp97gzwb8w']
[2022-03-10 18:27:03,484] {standard_task_runner.py:77} INFO - Job 12: Subtask producer
[2022-03-10 18:27:04,680] {logging_mixin.py:109} INFO - Running <TaskInstance: Demo.producer scheduled__2022-03-10T18:26:00+00:00 [running]> on host c17209ace312
[2022-03-10 18:27:04,837] {taskinstance.py:1431} INFO - Exporting the following env vars:
AIRFLOW_CTX_DAG_OWNER=airflow
AIRFLOW_CTX_DAG_ID=Demo
AIRFLOW_CTX_TASK_ID=producer
AIRFLOW_CTX_EXECUTION_DATE=2022-03-10T18:26:00+00:00
AIRFLOW_CTX_DAG_RUN_ID=scheduled__2022-03-10T18:26:00+00:00
[2022-03-10 18:27:04,839] {logging_mixin.py:109} INFO - Producing message @ 2022-03-10 18:27:04.839239 | Message = {'data_id': 259, 'name': 'BTC', 'timestamp': 1646936824}
[2022-03-10 18:27:04,840] {logging_mixin.py:109} INFO - Producing message @ 2022-03-10 18:27:04.840855 | Message = {'data_id': 51, 'name': 'ETH', 'timestamp': 1646936824}
[2022-03-10 18:27:04,842] {logging_mixin.py:109} INFO - Producing message @ 2022-03-10 18:27:04.842046 | Message = {'data_id': 17, 'name': 'BTT', 'timestamp': 1646936824}
[2022-03-10 18:27:04,843] {logging_mixin.py:109} INFO - Producing message @ 2022-03-10 18:27:04.843273 | Message = {'data_id': 112, 'name': 'DOT', 'timestamp': 1646936824}
[2022-03-10 18:27:04,844] {python.py:175} INFO - Done. Returned value was: None
[2022-03-10 18:27:04,909] {taskinstance.py:1282} INFO - Marking task as SUCCESS. dag_id=Demo, task_id=producer, execution_date=20220310T182600, start_date=20220310T182703, end_date=20220310T182704
[2022-03-10 18:27:04,952] {local_task_job.py:154} INFO - Task exited with return code 0
[2022-03-10 18:27:05,058] {local_task_job.py:264} INFO - 0 downstream tasks scheduled from follow-on schedule check
