[2022-02-28 06:49:40,466] {taskinstance.py:1037} INFO - Dependencies all met for <TaskInstance: 0747_pipeline.document_etl manual__2022-02-28T06:37:06.521999+00:00 [queued]>
[2022-02-28 06:49:40,481] {taskinstance.py:1037} INFO - Dependencies all met for <TaskInstance: 0747_pipeline.document_etl manual__2022-02-28T06:37:06.521999+00:00 [queued]>
[2022-02-28 06:49:40,481] {taskinstance.py:1243} INFO - 
--------------------------------------------------------------------------------
[2022-02-28 06:49:40,482] {taskinstance.py:1244} INFO - Starting attempt 4 of 4
[2022-02-28 06:49:40,483] {taskinstance.py:1245} INFO - 
--------------------------------------------------------------------------------
[2022-02-28 06:49:40,528] {taskinstance.py:1264} INFO - Executing <Task(SparkSubmitOperator): document_etl> on 2022-02-28 06:37:06.521999+00:00
[2022-02-28 06:49:40,530] {standard_task_runner.py:52} INFO - Started process 39 to run task
[2022-02-28 06:49:40,533] {standard_task_runner.py:76} INFO - Running: ['airflow', 'tasks', 'run', '0747_pipeline', 'document_etl', 'manual__2022-02-28T06:37:06.521999+00:00', '--job-id', '76', '--raw', '--subdir', 'DAGS_FOLDER/0747.py', '--cfg-path', '/tmp/tmpqbwipf26', '--error-file', '/tmp/tmpq70dotve']
[2022-02-28 06:49:40,534] {standard_task_runner.py:77} INFO - Job 76: Subtask document_etl
[2022-02-28 06:49:40,615] {logging_mixin.py:109} INFO - Running <TaskInstance: 0747_pipeline.document_etl manual__2022-02-28T06:37:06.521999+00:00 [running]> on host c5f5c4f93487
[2022-02-28 06:49:40,698] {taskinstance.py:1431} INFO - Exporting the following env vars:
AIRFLOW_CTX_DAG_OWNER=airflow
AIRFLOW_CTX_DAG_ID=0747_pipeline
AIRFLOW_CTX_TASK_ID=document_etl
AIRFLOW_CTX_EXECUTION_DATE=2022-02-28T06:37:06.521999+00:00
AIRFLOW_CTX_DAG_RUN_ID=manual__2022-02-28T06:37:06.521999+00:00
[2022-02-28 06:49:40,708] {base.py:79} INFO - Using connection to: id: spark_default. Host: spark://spark-master, Port: 7077, Schema: , Login: , Password: None, extra: {'queue': 'default', 'spark-home': '', 'spark-binary': 'spark-submit', 'namespace': 'default'}
[2022-02-28 06:49:40,710] {spark_submit.py:335} INFO - Spark-Submit cmd: spark-submit --master spark://spark-master:7077 --name 0747 Pipeline --queue default /sparks/production/0747/document_etl.py
[2022-02-28 06:49:42,147] {spark_submit.py:488} INFO - WARNING: An illegal reflective access operation has occurred
[2022-02-28 06:49:42,148] {spark_submit.py:488} INFO - WARNING: Illegal reflective access by org.apache.spark.unsafe.Platform (file:/usr/local/lib/python3.7/site-packages/pyspark/jars/spark-unsafe_2.12-3.2.1.jar) to constructor java.nio.DirectByteBuffer(long,int)
[2022-02-28 06:49:42,149] {spark_submit.py:488} INFO - WARNING: Please consider reporting this to the maintainers of org.apache.spark.unsafe.Platform
[2022-02-28 06:49:42,150] {spark_submit.py:488} INFO - WARNING: Use --illegal-access=warn to enable warnings of further illegal reflective access operations
[2022-02-28 06:49:42,151] {spark_submit.py:488} INFO - WARNING: All illegal access operations will be denied in a future release
[2022-02-28 06:49:42,574] {spark_submit.py:488} INFO - ===========================
[2022-02-28 06:49:42,575] {spark_submit.py:488} INFO - Step 1: Import Libraries
[2022-02-28 06:49:42,576] {spark_submit.py:488} INFO - ===========================
[2022-02-28 06:49:42,800] {spark_submit.py:488} INFO - ===========================
[2022-02-28 06:49:42,802] {spark_submit.py:488} INFO - Step 2: Start Spark Session
[2022-02-28 06:49:42,803] {spark_submit.py:488} INFO - ===========================
[2022-02-28 06:49:42,908] {spark_submit.py:488} INFO - Using Spark's default log4j profile: org/apache/spark/log4j-defaults.properties
[2022-02-28 06:49:42,921] {spark_submit.py:488} INFO - 22/02/28 06:49:42 INFO SparkContext: Running Spark version 3.2.1
[2022-02-28 06:49:43,030] {spark_submit.py:488} INFO - 22/02/28 06:49:43 WARN NativeCodeLoader: Unable to load native-hadoop library for your platform... using builtin-java classes where applicable
[2022-02-28 06:49:43,176] {spark_submit.py:488} INFO - 22/02/28 06:49:43 INFO ResourceUtils: ==============================================================
[2022-02-28 06:49:43,178] {spark_submit.py:488} INFO - 22/02/28 06:49:43 INFO ResourceUtils: No custom resources configured for spark.driver.
[2022-02-28 06:49:43,179] {spark_submit.py:488} INFO - 22/02/28 06:49:43 INFO ResourceUtils: ==============================================================
[2022-02-28 06:49:43,179] {spark_submit.py:488} INFO - 22/02/28 06:49:43 INFO SparkContext: Submitted application: test
[2022-02-28 06:49:43,212] {spark_submit.py:488} INFO - 22/02/28 06:49:43 INFO ResourceProfile: Default ResourceProfile created, executor resources: Map(cores -> name: cores, amount: 2, script: , vendor: , memory -> name: memory, amount: 2048, script: , vendor: , offHeap -> name: offHeap, amount: 0, script: , vendor: ), task resources: Map(cpus -> name: cpus, amount: 1.0)
[2022-02-28 06:49:43,226] {spark_submit.py:488} INFO - 22/02/28 06:49:43 INFO ResourceProfile: Limiting resource is cpus at 2 tasks per executor
[2022-02-28 06:49:43,229] {spark_submit.py:488} INFO - 22/02/28 06:49:43 INFO ResourceProfileManager: Added ResourceProfile id: 0
[2022-02-28 06:49:43,295] {spark_submit.py:488} INFO - 22/02/28 06:49:43 INFO SecurityManager: Changing view acls to: root
[2022-02-28 06:49:43,296] {spark_submit.py:488} INFO - 22/02/28 06:49:43 INFO SecurityManager: Changing modify acls to: root
[2022-02-28 06:49:43,297] {spark_submit.py:488} INFO - 22/02/28 06:49:43 INFO SecurityManager: Changing view acls groups to:
[2022-02-28 06:49:43,298] {spark_submit.py:488} INFO - 22/02/28 06:49:43 INFO SecurityManager: Changing modify acls groups to:
[2022-02-28 06:49:43,298] {spark_submit.py:488} INFO - 22/02/28 06:49:43 INFO SecurityManager: SecurityManager: authentication disabled; ui acls disabled; users  with view permissions: Set(root); groups with view permissions: Set(); users  with modify permissions: Set(root); groups with modify permissions: Set()
[2022-02-28 06:49:43,773] {spark_submit.py:488} INFO - 22/02/28 06:49:43 INFO Utils: Successfully started service 'sparkDriver' on port 42397.
[2022-02-28 06:49:43,824] {spark_submit.py:488} INFO - 22/02/28 06:49:43 INFO SparkEnv: Registering MapOutputTracker
[2022-02-28 06:49:43,876] {spark_submit.py:488} INFO - 22/02/28 06:49:43 INFO SparkEnv: Registering BlockManagerMaster
[2022-02-28 06:49:43,913] {spark_submit.py:488} INFO - 22/02/28 06:49:43 INFO BlockManagerMasterEndpoint: Using org.apache.spark.storage.DefaultTopologyMapper for getting topology information
[2022-02-28 06:49:43,914] {spark_submit.py:488} INFO - 22/02/28 06:49:43 INFO BlockManagerMasterEndpoint: BlockManagerMasterEndpoint up
[2022-02-28 06:49:43,922] {spark_submit.py:488} INFO - 22/02/28 06:49:43 INFO SparkEnv: Registering BlockManagerMasterHeartbeat
[2022-02-28 06:49:43,982] {spark_submit.py:488} INFO - 22/02/28 06:49:43 INFO DiskBlockManager: Created local directory at /tmp/blockmgr-d7e48b3a-63de-4326-b677-721185b6b691
[2022-02-28 06:49:44,038] {spark_submit.py:488} INFO - 22/02/28 06:49:44 INFO MemoryStore: MemoryStore started with capacity 434.4 MiB
[2022-02-28 06:49:44,070] {spark_submit.py:488} INFO - 22/02/28 06:49:44 INFO SparkEnv: Registering OutputCommitCoordinator
[2022-02-28 06:49:44,450] {spark_submit.py:488} INFO - 22/02/28 06:49:44 INFO Utils: Successfully started service 'SparkUI' on port 4040.
[2022-02-28 06:49:44,534] {spark_submit.py:488} INFO - 22/02/28 06:49:44 INFO SparkUI: Bound SparkUI to 0.0.0.0, and started at http://c5f5c4f93487:4040
[2022-02-28 06:49:44,797] {spark_submit.py:488} INFO - 22/02/28 06:49:44 INFO StandaloneAppClient$ClientEndpoint: Connecting to master spark://spark-master:7077...
[2022-02-28 06:49:44,893] {spark_submit.py:488} INFO - 22/02/28 06:49:44 INFO TransportClientFactory: Successfully created connection to spark-master/172.19.0.3:7077 after 67 ms (0 ms spent in bootstraps)
[2022-02-28 06:49:45,159] {spark_submit.py:488} INFO - 22/02/28 06:49:45 INFO StandaloneSchedulerBackend: Connected to Spark cluster with app ID app-20220228064945-0000
[2022-02-28 06:49:45,171] {spark_submit.py:488} INFO - 22/02/28 06:49:45 INFO Utils: Successfully started service 'org.apache.spark.network.netty.NettyBlockTransferService' on port 46479.
[2022-02-28 06:49:45,173] {spark_submit.py:488} INFO - 22/02/28 06:49:45 INFO NettyBlockTransferService: Server created on c5f5c4f93487:46479
[2022-02-28 06:49:45,175] {spark_submit.py:488} INFO - 22/02/28 06:49:45 INFO BlockManager: Using org.apache.spark.storage.RandomBlockReplicationPolicy for block replication policy
[2022-02-28 06:49:45,191] {spark_submit.py:488} INFO - 22/02/28 06:49:45 INFO BlockManagerMaster: Registering BlockManager BlockManagerId(driver, c5f5c4f93487, 46479, None)
[2022-02-28 06:49:45,198] {spark_submit.py:488} INFO - 22/02/28 06:49:45 INFO BlockManagerMasterEndpoint: Registering block manager c5f5c4f93487:46479 with 434.4 MiB RAM, BlockManagerId(driver, c5f5c4f93487, 46479, None)
[2022-02-28 06:49:45,203] {spark_submit.py:488} INFO - 22/02/28 06:49:45 INFO BlockManagerMaster: Registered BlockManager BlockManagerId(driver, c5f5c4f93487, 46479, None)
[2022-02-28 06:49:45,206] {spark_submit.py:488} INFO - 22/02/28 06:49:45 INFO BlockManager: Initialized BlockManager: BlockManagerId(driver, c5f5c4f93487, 46479, None)
[2022-02-28 06:49:45,249] {spark_submit.py:488} INFO - 22/02/28 06:49:45 INFO StandaloneAppClient$ClientEndpoint: Executor added: app-20220228064945-0000/0 on worker-20220228064915-172.19.0.4-7000 (172.19.0.4:7000) with 2 core(s)
[2022-02-28 06:49:45,253] {spark_submit.py:488} INFO - 22/02/28 06:49:45 INFO StandaloneSchedulerBackend: Granted executor ID app-20220228064945-0000/0 on hostPort 172.19.0.4:7000 with 2 core(s), 2.0 GiB RAM
[2022-02-28 06:49:45,255] {spark_submit.py:488} INFO - 22/02/28 06:49:45 INFO StandaloneAppClient$ClientEndpoint: Executor added: app-20220228064945-0000/1 on worker-20220228064915-172.19.0.5-7000 (172.19.0.5:7000) with 2 core(s)
[2022-02-28 06:49:45,257] {spark_submit.py:488} INFO - 22/02/28 06:49:45 INFO StandaloneSchedulerBackend: Granted executor ID app-20220228064945-0000/1 on hostPort 172.19.0.5:7000 with 2 core(s), 2.0 GiB RAM
[2022-02-28 06:49:45,530] {spark_submit.py:488} INFO - 22/02/28 06:49:45 ERROR TransportRequestHandler: Error while invoking RpcHandler#receive() for one-way message.
[2022-02-28 06:49:45,531] {spark_submit.py:488} INFO - java.io.InvalidClassException: org.apache.spark.deploy.DeployMessages$ExecutorUpdated; local class incompatible: stream classdesc serialVersionUID = 1654279024112373855, local class serialVersionUID = -1971851081955655249
[2022-02-28 06:49:45,532] {spark_submit.py:488} INFO - at java.base/java.io.ObjectStreamClass.initNonProxy(ObjectStreamClass.java:689)
[2022-02-28 06:49:45,533] {spark_submit.py:488} INFO - at java.base/java.io.ObjectInputStream.readNonProxyDesc(ObjectInputStream.java:2014)
[2022-02-28 06:49:45,534] {spark_submit.py:488} INFO - at java.base/java.io.ObjectInputStream.readClassDesc(ObjectInputStream.java:1864)
[2022-02-28 06:49:45,536] {spark_submit.py:488} INFO - at java.base/java.io.ObjectInputStream.readOrdinaryObject(ObjectInputStream.java:2195)
[2022-02-28 06:49:45,537] {spark_submit.py:488} INFO - at java.base/java.io.ObjectInputStream.readObject0(ObjectInputStream.java:1681)
[2022-02-28 06:49:45,538] {spark_submit.py:488} INFO - at java.base/java.io.ObjectInputStream.readObject(ObjectInputStream.java:493)
[2022-02-28 06:49:45,539] {spark_submit.py:488} INFO - at java.base/java.io.ObjectInputStream.readObject(ObjectInputStream.java:451)
[2022-02-28 06:49:45,541] {spark_submit.py:488} INFO - at org.apache.spark.serializer.JavaDeserializationStream.readObject(JavaSerializer.scala:76)
[2022-02-28 06:49:45,542] {spark_submit.py:488} INFO - at org.apache.spark.serializer.JavaSerializerInstance.deserialize(JavaSerializer.scala:109)
[2022-02-28 06:49:45,544] {spark_submit.py:488} INFO - at org.apache.spark.rpc.netty.NettyRpcEnv.$anonfun$deserialize$2(NettyRpcEnv.scala:299)
[2022-02-28 06:49:45,546] {spark_submit.py:488} INFO - at scala.util.DynamicVariable.withValue(DynamicVariable.scala:62)
[2022-02-28 06:49:45,547] {spark_submit.py:488} INFO - at org.apache.spark.rpc.netty.NettyRpcEnv.deserialize(NettyRpcEnv.scala:352)
[2022-02-28 06:49:45,548] {spark_submit.py:488} INFO - at org.apache.spark.rpc.netty.NettyRpcEnv.$anonfun$deserialize$1(NettyRpcEnv.scala:298)
[2022-02-28 06:49:45,550] {spark_submit.py:488} INFO - at scala.util.DynamicVariable.withValue(DynamicVariable.scala:62)
[2022-02-28 06:49:45,551] {spark_submit.py:488} INFO - at org.apache.spark.rpc.netty.NettyRpcEnv.deserialize(NettyRpcEnv.scala:298)
[2022-02-28 06:49:45,552] {spark_submit.py:488} INFO - at org.apache.spark.rpc.netty.RequestMessage$.apply(NettyRpcEnv.scala:647)
[2022-02-28 06:49:45,553] {spark_submit.py:488} INFO - at org.apache.spark.rpc.netty.NettyRpcHandler.internalReceive(NettyRpcEnv.scala:698)
[2022-02-28 06:49:45,554] {spark_submit.py:488} INFO - at org.apache.spark.rpc.netty.NettyRpcHandler.receive(NettyRpcEnv.scala:690)
[2022-02-28 06:49:45,555] {spark_submit.py:488} INFO - at org.apache.spark.network.server.TransportRequestHandler.processOneWayMessage(TransportRequestHandler.java:274)
[2022-02-28 06:49:45,556] {spark_submit.py:488} INFO - at org.apache.spark.network.server.TransportRequestHandler.handle(TransportRequestHandler.java:111)
[2022-02-28 06:49:45,557] {spark_submit.py:488} INFO - at org.apache.spark.network.server.TransportChannelHandler.channelRead0(TransportChannelHandler.java:140)
[2022-02-28 06:49:45,558] {spark_submit.py:488} INFO - at org.apache.spark.network.server.TransportChannelHandler.channelRead0(TransportChannelHandler.java:53)
[2022-02-28 06:49:45,559] {spark_submit.py:488} INFO - at io.netty.channel.SimpleChannelInboundHandler.channelRead(SimpleChannelInboundHandler.java:99)
[2022-02-28 06:49:45,563] {spark_submit.py:488} INFO - at io.netty.channel.AbstractChannelHandlerContext.invokeChannelRead(AbstractChannelHandlerContext.java:379)
[2022-02-28 06:49:45,565] {spark_submit.py:488} INFO - at io.netty.channel.AbstractChannelHandlerContext.invokeChannelRead(AbstractChannelHandlerContext.java:365)
[2022-02-28 06:49:45,566] {spark_submit.py:488} INFO - at io.netty.channel.AbstractChannelHandlerContext.fireChannelRead(AbstractChannelHandlerContext.java:357)
[2022-02-28 06:49:45,567] {spark_submit.py:488} INFO - at io.netty.handler.timeout.IdleStateHandler.channelRead(IdleStateHandler.java:286)
[2022-02-28 06:49:45,568] {spark_submit.py:488} INFO - at io.netty.channel.AbstractChannelHandlerContext.invokeChannelRead(AbstractChannelHandlerContext.java:379)
[2022-02-28 06:49:45,568] {spark_submit.py:488} INFO - at io.netty.channel.AbstractChannelHandlerContext.invokeChannelRead(AbstractChannelHandlerContext.java:365)
[2022-02-28 06:49:45,569] {spark_submit.py:488} INFO - at io.netty.channel.AbstractChannelHandlerContext.fireChannelRead(AbstractChannelHandlerContext.java:357)
[2022-02-28 06:49:45,570] {spark_submit.py:488} INFO - at io.netty.handler.codec.MessageToMessageDecoder.channelRead(MessageToMessageDecoder.java:103)
[2022-02-28 06:49:45,571] {spark_submit.py:488} INFO - at io.netty.channel.AbstractChannelHandlerContext.invokeChannelRead(AbstractChannelHandlerContext.java:379)
[2022-02-28 06:49:45,572] {spark_submit.py:488} INFO - at io.netty.channel.AbstractChannelHandlerContext.invokeChannelRead(AbstractChannelHandlerContext.java:365)
[2022-02-28 06:49:45,573] {spark_submit.py:488} INFO - at io.netty.channel.AbstractChannelHandlerContext.fireChannelRead(AbstractChannelHandlerContext.java:357)
[2022-02-28 06:49:45,574] {spark_submit.py:488} INFO - at org.apache.spark.network.util.TransportFrameDecoder.channelRead(TransportFrameDecoder.java:102)
[2022-02-28 06:49:45,575] {spark_submit.py:488} INFO - at io.netty.channel.AbstractChannelHandlerContext.invokeChannelRead(AbstractChannelHandlerContext.java:379)
[2022-02-28 06:49:45,576] {spark_submit.py:488} INFO - at io.netty.channel.AbstractChannelHandlerContext.invokeChannelRead(AbstractChannelHandlerContext.java:365)
[2022-02-28 06:49:45,577] {spark_submit.py:488} INFO - at io.netty.channel.AbstractChannelHandlerContext.fireChannelRead(AbstractChannelHandlerContext.java:357)
[2022-02-28 06:49:45,578] {spark_submit.py:488} INFO - at io.netty.channel.DefaultChannelPipeline$HeadContext.channelRead(DefaultChannelPipeline.java:1410)
[2022-02-28 06:49:45,579] {spark_submit.py:488} INFO - at io.netty.channel.AbstractChannelHandlerContext.invokeChannelRead(AbstractChannelHandlerContext.java:379)
[2022-02-28 06:49:45,580] {spark_submit.py:488} INFO - at io.netty.channel.AbstractChannelHandlerContext.invokeChannelRead(AbstractChannelHandlerContext.java:365)
[2022-02-28 06:49:45,581] {spark_submit.py:488} INFO - at io.netty.channel.DefaultChannelPipeline.fireChannelRead(DefaultChannelPipeline.java:919)
[2022-02-28 06:49:45,582] {spark_submit.py:488} INFO - at io.netty.channel.nio.AbstractNioByteChannel$NioByteUnsafe.read(AbstractNioByteChannel.java:166)
[2022-02-28 06:49:45,583] {spark_submit.py:488} INFO - at io.netty.channel.nio.NioEventLoop.processSelectedKey(NioEventLoop.java:719)
[2022-02-28 06:49:45,584] {spark_submit.py:488} INFO - at io.netty.channel.nio.NioEventLoop.processSelectedKeysOptimized(NioEventLoop.java:655)
[2022-02-28 06:49:45,584] {spark_submit.py:488} INFO - at io.netty.channel.nio.NioEventLoop.processSelectedKeys(NioEventLoop.java:581)
[2022-02-28 06:49:45,585] {spark_submit.py:488} INFO - at io.netty.channel.nio.NioEventLoop.run(NioEventLoop.java:493)
[2022-02-28 06:49:45,586] {spark_submit.py:488} INFO - at io.netty.util.concurrent.SingleThreadEventExecutor$4.run(SingleThreadEventExecutor.java:986)
[2022-02-28 06:49:45,587] {spark_submit.py:488} INFO - at io.netty.util.internal.ThreadExecutorMap$2.run(ThreadExecutorMap.java:74)
[2022-02-28 06:49:45,588] {spark_submit.py:488} INFO - at io.netty.util.concurrent.FastThreadLocalRunnable.run(FastThreadLocalRunnable.java:30)
[2022-02-28 06:49:45,589] {spark_submit.py:488} INFO - at java.base/java.lang.Thread.run(Thread.java:829)
[2022-02-28 06:49:45,590] {spark_submit.py:488} INFO - 22/02/28 06:49:45 ERROR TransportRequestHandler: Error while invoking RpcHandler#receive() for one-way message.
[2022-02-28 06:49:45,591] {spark_submit.py:488} INFO - java.io.InvalidClassException: org.apache.spark.deploy.DeployMessages$ExecutorUpdated; local class incompatible: stream classdesc serialVersionUID = 1654279024112373855, local class serialVersionUID = -1971851081955655249
[2022-02-28 06:49:45,592] {spark_submit.py:488} INFO - at java.base/java.io.ObjectStreamClass.initNonProxy(ObjectStreamClass.java:689)
[2022-02-28 06:49:45,594] {spark_submit.py:488} INFO - at java.base/java.io.ObjectInputStream.readNonProxyDesc(ObjectInputStream.java:2014)
[2022-02-28 06:49:45,594] {spark_submit.py:488} INFO - at java.base/java.io.ObjectInputStream.readClassDesc(ObjectInputStream.java:1864)
[2022-02-28 06:49:45,596] {spark_submit.py:488} INFO - at java.base/java.io.ObjectInputStream.readOrdinaryObject(ObjectInputStream.java:2195)
[2022-02-28 06:49:45,597] {spark_submit.py:488} INFO - at java.base/java.io.ObjectInputStream.readObject0(ObjectInputStream.java:1681)
[2022-02-28 06:49:45,598] {spark_submit.py:488} INFO - at java.base/java.io.ObjectInputStream.readObject(ObjectInputStream.java:493)
[2022-02-28 06:49:45,599] {spark_submit.py:488} INFO - at java.base/java.io.ObjectInputStream.readObject(ObjectInputStream.java:451)
[2022-02-28 06:49:45,603] {spark_submit.py:488} INFO - at org.apache.spark.serializer.JavaDeserializationStream.readObject(JavaSerializer.scala:76)
[2022-02-28 06:49:45,604] {spark_submit.py:488} INFO - at org.apache.spark.serializer.JavaSerializerInstance.deserialize(JavaSerializer.scala:109)
[2022-02-28 06:49:45,606] {spark_submit.py:488} INFO - at org.apache.spark.rpc.netty.NettyRpcEnv.$anonfun$deserialize$2(NettyRpcEnv.scala:299)
[2022-02-28 06:49:45,607] {spark_submit.py:488} INFO - at scala.util.DynamicVariable.withValue(DynamicVariable.scala:62)
[2022-02-28 06:49:45,608] {spark_submit.py:488} INFO - at org.apache.spark.rpc.netty.NettyRpcEnv.deserialize(NettyRpcEnv.scala:352)
[2022-02-28 06:49:45,609] {spark_submit.py:488} INFO - at org.apache.spark.rpc.netty.NettyRpcEnv.$anonfun$deserialize$1(NettyRpcEnv.scala:298)
[2022-02-28 06:49:45,610] {spark_submit.py:488} INFO - at scala.util.DynamicVariable.withValue(DynamicVariable.scala:62)
[2022-02-28 06:49:45,615] {spark_submit.py:488} INFO - at org.apache.spark.rpc.netty.NettyRpcEnv.deserialize(NettyRpcEnv.scala:298)
[2022-02-28 06:49:45,616] {spark_submit.py:488} INFO - at org.apache.spark.rpc.netty.RequestMessage$.apply(NettyRpcEnv.scala:647)
[2022-02-28 06:49:45,617] {spark_submit.py:488} INFO - at org.apache.spark.rpc.netty.NettyRpcHandler.internalReceive(NettyRpcEnv.scala:698)
[2022-02-28 06:49:45,618] {spark_submit.py:488} INFO - at org.apache.spark.rpc.netty.NettyRpcHandler.receive(NettyRpcEnv.scala:690)
[2022-02-28 06:49:45,619] {spark_submit.py:488} INFO - at org.apache.spark.network.server.TransportRequestHandler.processOneWayMessage(TransportRequestHandler.java:274)
[2022-02-28 06:49:45,621] {spark_submit.py:488} INFO - at org.apache.spark.network.server.TransportRequestHandler.handle(TransportRequestHandler.java:111)
[2022-02-28 06:49:45,621] {spark_submit.py:488} INFO - at org.apache.spark.network.server.TransportChannelHandler.channelRead0(TransportChannelHandler.java:140)
[2022-02-28 06:49:45,622] {spark_submit.py:488} INFO - at org.apache.spark.network.server.TransportChannelHandler.channelRead0(TransportChannelHandler.java:53)
[2022-02-28 06:49:45,623] {spark_submit.py:488} INFO - at io.netty.channel.SimpleChannelInboundHandler.channelRead(SimpleChannelInboundHandler.java:99)
[2022-02-28 06:49:45,625] {spark_submit.py:488} INFO - at io.netty.channel.AbstractChannelHandlerContext.invokeChannelRead(AbstractChannelHandlerContext.java:379)
[2022-02-28 06:49:45,626] {spark_submit.py:488} INFO - at io.netty.channel.AbstractChannelHandlerContext.invokeChannelRead(AbstractChannelHandlerContext.java:365)
[2022-02-28 06:49:45,627] {spark_submit.py:488} INFO - at io.netty.channel.AbstractChannelHandlerContext.fireChannelRead(AbstractChannelHandlerContext.java:357)
[2022-02-28 06:49:45,628] {spark_submit.py:488} INFO - at io.netty.handler.timeout.IdleStateHandler.channelRead(IdleStateHandler.java:286)
[2022-02-28 06:49:45,629] {spark_submit.py:488} INFO - at io.netty.channel.AbstractChannelHandlerContext.invokeChannelRead(AbstractChannelHandlerContext.java:379)
[2022-02-28 06:49:45,629] {spark_submit.py:488} INFO - at io.netty.channel.AbstractChannelHandlerContext.invokeChannelRead(AbstractChannelHandlerContext.java:365)
[2022-02-28 06:49:45,630] {spark_submit.py:488} INFO - at io.netty.channel.AbstractChannelHandlerContext.fireChannelRead(AbstractChannelHandlerContext.java:357)
[2022-02-28 06:49:45,631] {spark_submit.py:488} INFO - at io.netty.handler.codec.MessageToMessageDecoder.channelRead(MessageToMessageDecoder.java:103)
[2022-02-28 06:49:45,632] {spark_submit.py:488} INFO - at io.netty.channel.AbstractChannelHandlerContext.invokeChannelRead(AbstractChannelHandlerContext.java:379)
[2022-02-28 06:49:45,633] {spark_submit.py:488} INFO - at io.netty.channel.AbstractChannelHandlerContext.invokeChannelRead(AbstractChannelHandlerContext.java:365)
[2022-02-28 06:49:45,634] {spark_submit.py:488} INFO - at io.netty.channel.AbstractChannelHandlerContext.fireChannelRead(AbstractChannelHandlerContext.java:357)
[2022-02-28 06:49:45,635] {spark_submit.py:488} INFO - at org.apache.spark.network.util.TransportFrameDecoder.channelRead(TransportFrameDecoder.java:102)
[2022-02-28 06:49:45,637] {spark_submit.py:488} INFO - at io.netty.channel.AbstractChannelHandlerContext.invokeChannelRead(AbstractChannelHandlerContext.java:379)
[2022-02-28 06:49:45,638] {spark_submit.py:488} INFO - at io.netty.channel.AbstractChannelHandlerContext.invokeChannelRead(AbstractChannelHandlerContext.java:365)
[2022-02-28 06:49:45,639] {spark_submit.py:488} INFO - at io.netty.channel.AbstractChannelHandlerContext.fireChannelRead(AbstractChannelHandlerContext.java:357)
[2022-02-28 06:49:45,640] {spark_submit.py:488} INFO - at io.netty.channel.DefaultChannelPipeline$HeadContext.channelRead(DefaultChannelPipeline.java:1410)
[2022-02-28 06:49:45,641] {spark_submit.py:488} INFO - at io.netty.channel.AbstractChannelHandlerContext.invokeChannelRead(AbstractChannelHandlerContext.java:379)
[2022-02-28 06:49:45,643] {spark_submit.py:488} INFO - at io.netty.channel.AbstractChannelHandlerContext.invokeChannelRead(AbstractChannelHandlerContext.java:365)
[2022-02-28 06:49:45,644] {spark_submit.py:488} INFO - at io.netty.channel.DefaultChannelPipeline.fireChannelRead(DefaultChannelPipeline.java:919)
[2022-02-28 06:49:45,645] {spark_submit.py:488} INFO - at io.netty.channel.nio.AbstractNioByteChannel$NioByteUnsafe.read(AbstractNioByteChannel.java:166)
[2022-02-28 06:49:45,646] {spark_submit.py:488} INFO - at io.netty.channel.nio.NioEventLoop.processSelectedKey(NioEventLoop.java:719)
[2022-02-28 06:49:45,647] {spark_submit.py:488} INFO - at io.netty.channel.nio.NioEventLoop.processSelectedKeysOptimized(NioEventLoop.java:655)
[2022-02-28 06:49:45,648] {spark_submit.py:488} INFO - at io.netty.channel.nio.NioEventLoop.processSelectedKeys(NioEventLoop.java:581)
[2022-02-28 06:49:45,649] {spark_submit.py:488} INFO - at io.netty.channel.nio.NioEventLoop.run(NioEventLoop.java:493)
[2022-02-28 06:49:45,650] {spark_submit.py:488} INFO - at io.netty.util.concurrent.SingleThreadEventExecutor$4.run(SingleThreadEventExecutor.java:986)
[2022-02-28 06:49:45,651] {spark_submit.py:488} INFO - at io.netty.util.internal.ThreadExecutorMap$2.run(ThreadExecutorMap.java:74)
[2022-02-28 06:49:45,652] {spark_submit.py:488} INFO - at io.netty.util.concurrent.FastThreadLocalRunnable.run(FastThreadLocalRunnable.java:30)
[2022-02-28 06:49:45,653] {spark_submit.py:488} INFO - at java.base/java.lang.Thread.run(Thread.java:829)
[2022-02-28 06:49:45,683] {spark_submit.py:488} INFO - 22/02/28 06:49:45 INFO StandaloneSchedulerBackend: SchedulerBackend is ready for scheduling beginning after reached minRegisteredResourcesRatio: 0.0
[2022-02-28 06:49:46,079] {spark_submit.py:488} INFO - 22/02/28 06:49:46 INFO SharedState: Setting hive.metastore.warehouse.dir ('null') to the value of spark.sql.warehouse.dir.
[2022-02-28 06:49:46,115] {spark_submit.py:488} INFO - 22/02/28 06:49:46 INFO SharedState: Warehouse path is 'file:/airflow/spark-warehouse'.
[2022-02-28 06:49:47,226] {spark_submit.py:488} INFO - /usr/local/lib/python3.7/site-packages/pyspark/python/lib/pyspark.zip/pyspark/sql/context.py:79: FutureWarning: Deprecated in 3.0.0. Use SparkSession.builder.getOrCreate() instead.
[2022-02-28 06:49:47,331] {spark_submit.py:488} INFO - 22/02/28 06:49:47 INFO SparkContext: Invoking stop() from shutdown hook
[2022-02-28 06:49:47,348] {spark_submit.py:488} INFO - 22/02/28 06:49:47 INFO SparkUI: Stopped Spark web UI at http://c5f5c4f93487:4040
[2022-02-28 06:49:47,358] {spark_submit.py:488} INFO - 22/02/28 06:49:47 INFO StandaloneSchedulerBackend: Shutting down all executors
[2022-02-28 06:49:47,365] {spark_submit.py:488} INFO - 22/02/28 06:49:47 INFO CoarseGrainedSchedulerBackend$DriverEndpoint: Asking each executor to shut down
[2022-02-28 06:49:47,457] {spark_submit.py:488} INFO - 22/02/28 06:49:47 INFO MapOutputTrackerMasterEndpoint: MapOutputTrackerMasterEndpoint stopped!
[2022-02-28 06:49:47,517] {spark_submit.py:488} INFO - 22/02/28 06:49:47 INFO MemoryStore: MemoryStore cleared
[2022-02-28 06:49:47,520] {spark_submit.py:488} INFO - 22/02/28 06:49:47 INFO BlockManager: BlockManager stopped
[2022-02-28 06:49:47,548] {spark_submit.py:488} INFO - 22/02/28 06:49:47 INFO BlockManagerMaster: BlockManagerMaster stopped
[2022-02-28 06:49:47,566] {spark_submit.py:488} INFO - 22/02/28 06:49:47 INFO OutputCommitCoordinator$OutputCommitCoordinatorEndpoint: OutputCommitCoordinator stopped!
[2022-02-28 06:49:47,609] {spark_submit.py:488} INFO - 22/02/28 06:49:47 INFO SparkContext: Successfully stopped SparkContext
[2022-02-28 06:49:47,611] {spark_submit.py:488} INFO - 22/02/28 06:49:47 INFO ShutdownHookManager: Shutdown hook called
[2022-02-28 06:49:47,614] {spark_submit.py:488} INFO - 22/02/28 06:49:47 INFO ShutdownHookManager: Deleting directory /tmp/spark-06f6d89c-b6c0-452a-8150-483565f402a2
[2022-02-28 06:49:47,621] {spark_submit.py:488} INFO - 22/02/28 06:49:47 INFO ShutdownHookManager: Deleting directory /tmp/spark-8969be5c-cf8b-4f7d-a81f-35a4d6c6b657/pyspark-32baae9c-45e5-44a9-9a26-c224381bd7d6
[2022-02-28 06:49:47,626] {spark_submit.py:488} INFO - 22/02/28 06:49:47 INFO ShutdownHookManager: Deleting directory /tmp/spark-8969be5c-cf8b-4f7d-a81f-35a4d6c6b657
[2022-02-28 06:49:47,698] {taskinstance.py:1282} INFO - Marking task as SUCCESS. dag_id=0747_pipeline, task_id=document_etl, execution_date=20220228T063706, start_date=20220228T064940, end_date=20220228T064947
[2022-02-28 06:49:47,768] {local_task_job.py:154} INFO - Task exited with return code 0
[2022-02-28 06:49:47,838] {local_task_job.py:264} INFO - 1 downstream tasks scheduled from follow-on schedule check
