[2022-10-22 03:53:47,210] {taskinstance.py:1037} INFO - Dependencies all met for <TaskInstance: Demo.producer scheduled__2022-10-22T03:34:00+00:00 [queued]>
[2022-10-22 03:53:47,225] {taskinstance.py:1037} INFO - Dependencies all met for <TaskInstance: Demo.producer scheduled__2022-10-22T03:34:00+00:00 [queued]>
[2022-10-22 03:53:47,226] {taskinstance.py:1243} INFO - 
--------------------------------------------------------------------------------
[2022-10-22 03:53:47,227] {taskinstance.py:1244} INFO - Starting attempt 1 of 1
[2022-10-22 03:53:47,227] {taskinstance.py:1245} INFO - 
--------------------------------------------------------------------------------
[2022-10-22 03:53:47,245] {taskinstance.py:1264} INFO - Executing <Task(PythonOperator): producer> on 2022-10-22 03:34:00+00:00
[2022-10-22 03:53:47,250] {standard_task_runner.py:52} INFO - Started process 42 to run task
[2022-10-22 03:53:47,255] {standard_task_runner.py:76} INFO - Running: ['airflow', 'tasks', 'run', 'Demo', 'producer', 'scheduled__2022-10-22T03:34:00+00:00', '--job-id', '21', '--raw', '--subdir', 'DAGS_FOLDER/demo.py', '--cfg-path', '/tmp/tmp8cnpmd5r', '--error-file', '/tmp/tmpb3h7u780']
[2022-10-22 03:53:47,256] {standard_task_runner.py:77} INFO - Job 21: Subtask producer
[2022-10-22 03:53:47,320] {logging_mixin.py:109} INFO - Running <TaskInstance: Demo.producer scheduled__2022-10-22T03:34:00+00:00 [running]> on host 98616e61dc0f
[2022-10-22 03:53:47,383] {taskinstance.py:1431} INFO - Exporting the following env vars:
AIRFLOW_CTX_DAG_OWNER=airflow
AIRFLOW_CTX_DAG_ID=Demo
AIRFLOW_CTX_TASK_ID=producer
AIRFLOW_CTX_EXECUTION_DATE=2022-10-22T03:34:00+00:00
AIRFLOW_CTX_DAG_RUN_ID=scheduled__2022-10-22T03:34:00+00:00
[2022-10-22 03:53:47,385] {logging_mixin.py:109} INFO - Producing message @ 2022-10-22 03:53:47.385117 | Message = {'data_id': 168, 'name': 'BTC', 'timestamp': 1666410827}
[2022-10-22 03:53:47,386] {logging_mixin.py:109} INFO - Producing message @ 2022-10-22 03:53:47.386497 | Message = {'data_id': 129, 'name': 'ETH', 'timestamp': 1666410827}
[2022-10-22 03:53:47,387] {logging_mixin.py:109} INFO - Producing message @ 2022-10-22 03:53:47.387155 | Message = {'data_id': 37, 'name': 'BTT', 'timestamp': 1666410827}
[2022-10-22 03:53:47,387] {logging_mixin.py:109} INFO - Producing message @ 2022-10-22 03:53:47.387818 | Message = {'data_id': 51, 'name': 'DOT', 'timestamp': 1666410827}
[2022-10-22 03:53:47,388] {python.py:175} INFO - Done. Returned value was: None
[2022-10-22 03:53:47,395] {taskinstance.py:1282} INFO - Marking task as SUCCESS. dag_id=Demo, task_id=producer, execution_date=20221022T033400, start_date=20221022T035347, end_date=20221022T035347
[2022-10-22 03:53:47,428] {local_task_job.py:154} INFO - Task exited with return code 0
[2022-10-22 03:53:47,450] {local_task_job.py:264} INFO - 0 downstream tasks scheduled from follow-on schedule check
