[2022-02-28 07:00:33,462] {taskinstance.py:1037} INFO - Dependencies all met for <TaskInstance: 0747_pipeline.paragraph_extract manual__2022-02-28T07:00:16.391385+00:00 [queued]>
[2022-02-28 07:00:33,478] {taskinstance.py:1037} INFO - Dependencies all met for <TaskInstance: 0747_pipeline.paragraph_extract manual__2022-02-28T07:00:16.391385+00:00 [queued]>
[2022-02-28 07:00:33,479] {taskinstance.py:1243} INFO - 
--------------------------------------------------------------------------------
[2022-02-28 07:00:33,480] {taskinstance.py:1244} INFO - Starting attempt 1 of 1
[2022-02-28 07:00:33,480] {taskinstance.py:1245} INFO - 
--------------------------------------------------------------------------------
[2022-02-28 07:00:33,529] {taskinstance.py:1264} INFO - Executing <Task(SparkSubmitOperator): paragraph_extract> on 2022-02-28 07:00:16.391385+00:00
[2022-02-28 07:00:33,533] {standard_task_runner.py:52} INFO - Started process 983 to run task
[2022-02-28 07:00:33,536] {standard_task_runner.py:76} INFO - Running: ['airflow', 'tasks', 'run', '0747_pipeline', 'paragraph_extract', 'manual__2022-02-28T07:00:16.391385+00:00', '--job-id', '82', '--raw', '--subdir', 'DAGS_FOLDER/0747.py', '--cfg-path', '/tmp/tmpqjmjj060', '--error-file', '/tmp/tmpgvu7o20j']
[2022-02-28 07:00:33,538] {standard_task_runner.py:77} INFO - Job 82: Subtask paragraph_extract
[2022-02-28 07:00:33,620] {logging_mixin.py:109} INFO - Running <TaskInstance: 0747_pipeline.paragraph_extract manual__2022-02-28T07:00:16.391385+00:00 [running]> on host c5f5c4f93487
[2022-02-28 07:00:33,734] {taskinstance.py:1431} INFO - Exporting the following env vars:
AIRFLOW_CTX_DAG_OWNER=airflow
AIRFLOW_CTX_DAG_ID=0747_pipeline
AIRFLOW_CTX_TASK_ID=paragraph_extract
AIRFLOW_CTX_EXECUTION_DATE=2022-02-28T07:00:16.391385+00:00
AIRFLOW_CTX_DAG_RUN_ID=manual__2022-02-28T07:00:16.391385+00:00
[2022-02-28 07:00:33,743] {base.py:79} INFO - Using connection to: id: spark_default. Host: spark://spark-master, Port: 7077, Schema: , Login: , Password: None, extra: {'queue': 'default', 'spark-home': '', 'spark-binary': 'spark-submit', 'namespace': 'default'}
[2022-02-28 07:00:33,745] {spark_submit.py:335} INFO - Spark-Submit cmd: spark-submit --master spark://spark-master:7077 --name 0747 Pipeline --queue default /sparks/production/0747/document_etl.py
[2022-02-28 07:00:35,055] {spark_submit.py:488} INFO - WARNING: An illegal reflective access operation has occurred
[2022-02-28 07:00:35,057] {spark_submit.py:488} INFO - WARNING: Illegal reflective access by org.apache.spark.unsafe.Platform (file:/usr/local/lib/python3.7/site-packages/pyspark/jars/spark-unsafe_2.12-3.2.1.jar) to constructor java.nio.DirectByteBuffer(long,int)
[2022-02-28 07:00:35,058] {spark_submit.py:488} INFO - WARNING: Please consider reporting this to the maintainers of org.apache.spark.unsafe.Platform
[2022-02-28 07:00:35,059] {spark_submit.py:488} INFO - WARNING: Use --illegal-access=warn to enable warnings of further illegal reflective access operations
[2022-02-28 07:00:35,061] {spark_submit.py:488} INFO - WARNING: All illegal access operations will be denied in a future release
[2022-02-28 07:00:35,595] {spark_submit.py:488} INFO - ===========================
[2022-02-28 07:00:35,596] {spark_submit.py:488} INFO - Step 1: Import Libraries
[2022-02-28 07:00:35,596] {spark_submit.py:488} INFO - ===========================
[2022-02-28 07:00:35,915] {spark_submit.py:488} INFO - ===========================
[2022-02-28 07:00:35,918] {spark_submit.py:488} INFO - Step 2: Start Spark Session
[2022-02-28 07:00:35,922] {spark_submit.py:488} INFO - ===========================
[2022-02-28 07:00:36,156] {spark_submit.py:488} INFO - Using Spark's default log4j profile: org/apache/spark/log4j-defaults.properties
[2022-02-28 07:00:36,185] {spark_submit.py:488} INFO - 22/02/28 07:00:36 INFO SparkContext: Running Spark version 3.2.1
[2022-02-28 07:00:36,547] {spark_submit.py:488} INFO - 22/02/28 07:00:36 WARN NativeCodeLoader: Unable to load native-hadoop library for your platform... using builtin-java classes where applicable
[2022-02-28 07:00:36,754] {spark_submit.py:488} INFO - 22/02/28 07:00:36 INFO ResourceUtils: ==============================================================
[2022-02-28 07:00:36,756] {spark_submit.py:488} INFO - 22/02/28 07:00:36 INFO ResourceUtils: No custom resources configured for spark.driver.
[2022-02-28 07:00:36,757] {spark_submit.py:488} INFO - 22/02/28 07:00:36 INFO ResourceUtils: ==============================================================
[2022-02-28 07:00:36,759] {spark_submit.py:488} INFO - 22/02/28 07:00:36 INFO SparkContext: Submitted application: 0747 Pipeline
[2022-02-28 07:00:36,795] {spark_submit.py:488} INFO - 22/02/28 07:00:36 INFO ResourceProfile: Default ResourceProfile created, executor resources: Map(cores -> name: cores, amount: 2, script: , vendor: , memory -> name: memory, amount: 2048, script: , vendor: , offHeap -> name: offHeap, amount: 0, script: , vendor: ), task resources: Map(cpus -> name: cpus, amount: 1.0)
[2022-02-28 07:00:36,813] {spark_submit.py:488} INFO - 22/02/28 07:00:36 INFO ResourceProfile: Limiting resource is cpus at 2 tasks per executor
[2022-02-28 07:00:36,817] {spark_submit.py:488} INFO - 22/02/28 07:00:36 INFO ResourceProfileManager: Added ResourceProfile id: 0
[2022-02-28 07:00:36,898] {spark_submit.py:488} INFO - 22/02/28 07:00:36 INFO SecurityManager: Changing view acls to: root
[2022-02-28 07:00:36,899] {spark_submit.py:488} INFO - 22/02/28 07:00:36 INFO SecurityManager: Changing modify acls to: root
[2022-02-28 07:00:36,900] {spark_submit.py:488} INFO - 22/02/28 07:00:36 INFO SecurityManager: Changing view acls groups to:
[2022-02-28 07:00:36,902] {spark_submit.py:488} INFO - 22/02/28 07:00:36 INFO SecurityManager: Changing modify acls groups to:
[2022-02-28 07:00:36,903] {spark_submit.py:488} INFO - 22/02/28 07:00:36 INFO SecurityManager: SecurityManager: authentication disabled; ui acls disabled; users  with view permissions: Set(root); groups with view permissions: Set(); users  with modify permissions: Set(root); groups with modify permissions: Set()
[2022-02-28 07:00:37,358] {spark_submit.py:488} INFO - 22/02/28 07:00:37 INFO Utils: Successfully started service 'sparkDriver' on port 45357.
[2022-02-28 07:00:37,401] {spark_submit.py:488} INFO - 22/02/28 07:00:37 INFO SparkEnv: Registering MapOutputTracker
[2022-02-28 07:00:37,452] {spark_submit.py:488} INFO - 22/02/28 07:00:37 INFO SparkEnv: Registering BlockManagerMaster
[2022-02-28 07:00:37,488] {spark_submit.py:488} INFO - 22/02/28 07:00:37 INFO BlockManagerMasterEndpoint: Using org.apache.spark.storage.DefaultTopologyMapper for getting topology information
[2022-02-28 07:00:37,490] {spark_submit.py:488} INFO - 22/02/28 07:00:37 INFO BlockManagerMasterEndpoint: BlockManagerMasterEndpoint up
[2022-02-28 07:00:37,497] {spark_submit.py:488} INFO - 22/02/28 07:00:37 INFO SparkEnv: Registering BlockManagerMasterHeartbeat
[2022-02-28 07:00:37,533] {spark_submit.py:488} INFO - 22/02/28 07:00:37 INFO DiskBlockManager: Created local directory at /tmp/blockmgr-c92cec79-355c-4c52-ac6c-4c5809b8c9f9
[2022-02-28 07:00:37,563] {spark_submit.py:488} INFO - 22/02/28 07:00:37 INFO MemoryStore: MemoryStore started with capacity 434.4 MiB
[2022-02-28 07:00:37,591] {spark_submit.py:488} INFO - 22/02/28 07:00:37 INFO SparkEnv: Registering OutputCommitCoordinator
[2022-02-28 07:00:37,897] {spark_submit.py:488} INFO - 22/02/28 07:00:37 INFO Utils: Successfully started service 'SparkUI' on port 4040.
[2022-02-28 07:00:38,155] {spark_submit.py:488} INFO - 22/02/28 07:00:38 INFO SparkUI: Bound SparkUI to 0.0.0.0, and started at http://c5f5c4f93487:4040
[2022-02-28 07:00:38,445] {spark_submit.py:488} INFO - 22/02/28 07:00:38 INFO Executor: Starting executor ID driver on host c5f5c4f93487
[2022-02-28 07:00:38,498] {spark_submit.py:488} INFO - 22/02/28 07:00:38 INFO Utils: Successfully started service 'org.apache.spark.network.netty.NettyBlockTransferService' on port 37035.
[2022-02-28 07:00:38,499] {spark_submit.py:488} INFO - 22/02/28 07:00:38 INFO NettyBlockTransferService: Server created on c5f5c4f93487:37035
[2022-02-28 07:00:38,501] {spark_submit.py:488} INFO - 22/02/28 07:00:38 INFO BlockManager: Using org.apache.spark.storage.RandomBlockReplicationPolicy for block replication policy
[2022-02-28 07:00:38,517] {spark_submit.py:488} INFO - 22/02/28 07:00:38 INFO BlockManagerMaster: Registering BlockManager BlockManagerId(driver, c5f5c4f93487, 37035, None)
[2022-02-28 07:00:38,527] {spark_submit.py:488} INFO - 22/02/28 07:00:38 INFO BlockManagerMasterEndpoint: Registering block manager c5f5c4f93487:37035 with 434.4 MiB RAM, BlockManagerId(driver, c5f5c4f93487, 37035, None)
[2022-02-28 07:00:38,533] {spark_submit.py:488} INFO - 22/02/28 07:00:38 INFO BlockManagerMaster: Registered BlockManager BlockManagerId(driver, c5f5c4f93487, 37035, None)
[2022-02-28 07:00:38,536] {spark_submit.py:488} INFO - 22/02/28 07:00:38 INFO BlockManager: Initialized BlockManager: BlockManagerId(driver, c5f5c4f93487, 37035, None)
[2022-02-28 07:00:39,452] {spark_submit.py:488} INFO - 22/02/28 07:00:39 INFO SharedState: Setting hive.metastore.warehouse.dir ('null') to the value of spark.sql.warehouse.dir.
[2022-02-28 07:00:39,494] {spark_submit.py:488} INFO - 22/02/28 07:00:39 INFO SharedState: Warehouse path is 'file:/airflow/spark-warehouse'.
[2022-02-28 07:00:40,431] {spark_submit.py:488} INFO - /usr/local/lib/python3.7/site-packages/pyspark/python/lib/pyspark.zip/pyspark/sql/context.py:79: FutureWarning: Deprecated in 3.0.0. Use SparkSession.builder.getOrCreate() instead.
[2022-02-28 07:00:40,438] {spark_submit.py:488} INFO - ===========================
[2022-02-28 07:00:40,439] {spark_submit.py:488} INFO - Step 3: Load Data
[2022-02-28 07:00:40,440] {spark_submit.py:488} INFO - ===========================
[2022-02-28 07:00:40,943] {spark_submit.py:488} INFO - 22/02/28 07:00:40 INFO SparkContext: Starting job: runJob at PythonRDD.scala:166
[2022-02-28 07:00:40,967] {spark_submit.py:488} INFO - 22/02/28 07:00:40 INFO DAGScheduler: Got job 0 (runJob at PythonRDD.scala:166) with 1 output partitions
[2022-02-28 07:00:40,969] {spark_submit.py:488} INFO - 22/02/28 07:00:40 INFO DAGScheduler: Final stage: ResultStage 0 (runJob at PythonRDD.scala:166)
[2022-02-28 07:00:40,970] {spark_submit.py:488} INFO - 22/02/28 07:00:40 INFO DAGScheduler: Parents of final stage: List()
[2022-02-28 07:00:40,971] {spark_submit.py:488} INFO - 22/02/28 07:00:40 INFO DAGScheduler: Missing parents: List()
[2022-02-28 07:00:40,977] {spark_submit.py:488} INFO - 22/02/28 07:00:40 INFO DAGScheduler: Submitting ResultStage 0 (PythonRDD[1] at RDD at PythonRDD.scala:53), which has no missing parents
[2022-02-28 07:00:41,217] {spark_submit.py:488} INFO - 22/02/28 07:00:41 INFO MemoryStore: Block broadcast_0 stored as values in memory (estimated size 6.4 KiB, free 434.4 MiB)
[2022-02-28 07:00:41,278] {spark_submit.py:488} INFO - 22/02/28 07:00:41 INFO MemoryStore: Block broadcast_0_piece0 stored as bytes in memory (estimated size 4.0 KiB, free 434.4 MiB)
[2022-02-28 07:00:41,283] {spark_submit.py:488} INFO - 22/02/28 07:00:41 INFO BlockManagerInfo: Added broadcast_0_piece0 in memory on c5f5c4f93487:37035 (size: 4.0 KiB, free: 434.4 MiB)
[2022-02-28 07:00:41,291] {spark_submit.py:488} INFO - 22/02/28 07:00:41 INFO SparkContext: Created broadcast 0 from broadcast at DAGScheduler.scala:1478
[2022-02-28 07:00:41,312] {spark_submit.py:488} INFO - 22/02/28 07:00:41 INFO DAGScheduler: Submitting 1 missing tasks from ResultStage 0 (PythonRDD[1] at RDD at PythonRDD.scala:53) (first 15 tasks are for partitions Vector(0))
[2022-02-28 07:00:41,314] {spark_submit.py:488} INFO - 22/02/28 07:00:41 INFO TaskSchedulerImpl: Adding task set 0.0 with 1 tasks resource profile 0
[2022-02-28 07:00:41,406] {spark_submit.py:488} INFO - 22/02/28 07:00:41 INFO TaskSetManager: Starting task 0.0 in stage 0.0 (TID 0) (c5f5c4f93487, executor driver, partition 0, PROCESS_LOCAL, 4543 bytes) taskResourceAssignments Map()
[2022-02-28 07:00:41,435] {spark_submit.py:488} INFO - 22/02/28 07:00:41 INFO Executor: Running task 0.0 in stage 0.0 (TID 0)
[2022-02-28 07:00:42,099] {spark_submit.py:488} INFO - 22/02/28 07:00:42 INFO PythonRunner: Times: total = 525, boot = 507, init = 18, finish = 0
[2022-02-28 07:00:42,133] {spark_submit.py:488} INFO - 22/02/28 07:00:42 INFO Executor: Finished task 0.0 in stage 0.0 (TID 0). 1351 bytes result sent to driver
[2022-02-28 07:00:42,148] {spark_submit.py:488} INFO - 22/02/28 07:00:42 INFO TaskSetManager: Finished task 0.0 in stage 0.0 (TID 0) in 762 ms on c5f5c4f93487 (executor driver) (1/1)
[2022-02-28 07:00:42,152] {spark_submit.py:488} INFO - 22/02/28 07:00:42 INFO TaskSchedulerImpl: Removed TaskSet 0.0, whose tasks have all completed, from pool
[2022-02-28 07:00:42,159] {spark_submit.py:488} INFO - 22/02/28 07:00:42 INFO PythonAccumulatorV2: Connected to AccumulatorServer at host: 127.0.0.1 port: 50285
[2022-02-28 07:00:42,168] {spark_submit.py:488} INFO - 22/02/28 07:00:42 INFO DAGScheduler: ResultStage 0 (runJob at PythonRDD.scala:166) finished in 1.168 s
[2022-02-28 07:00:42,175] {spark_submit.py:488} INFO - 22/02/28 07:00:42 INFO DAGScheduler: Job 0 is finished. Cancelling potential speculative or zombie tasks for this job
[2022-02-28 07:00:42,176] {spark_submit.py:488} INFO - 22/02/28 07:00:42 INFO TaskSchedulerImpl: Killing all running tasks in stage 0: Stage finished
[2022-02-28 07:00:42,183] {spark_submit.py:488} INFO - 22/02/28 07:00:42 INFO DAGScheduler: Job 0 finished: runJob at PythonRDD.scala:166, took 1.238384 s
[2022-02-28 07:00:42,929] {spark_submit.py:488} INFO - 22/02/28 07:00:42 INFO BlockManagerInfo: Removed broadcast_0_piece0 on c5f5c4f93487:37035 in memory (size: 4.0 KiB, free: 434.4 MiB)
[2022-02-28 07:00:44,258] {spark_submit.py:488} INFO - root
[2022-02-28 07:00:44,259] {spark_submit.py:488} INFO - |-- name: string (nullable = true)
[2022-02-28 07:00:44,260] {spark_submit.py:488} INFO - |-- path: string (nullable = true)
[2022-02-28 07:00:44,261] {spark_submit.py:488} INFO - 
[2022-02-28 07:00:45,109] {spark_submit.py:488} INFO - 22/02/28 07:00:45 INFO CodeGenerator: Code generated in 249.9894 ms
[2022-02-28 07:00:45,136] {spark_submit.py:488} INFO - 22/02/28 07:00:45 INFO SparkContext: Starting job: showString at NativeMethodAccessorImpl.java:0
[2022-02-28 07:00:45,140] {spark_submit.py:488} INFO - 22/02/28 07:00:45 INFO DAGScheduler: Got job 1 (showString at NativeMethodAccessorImpl.java:0) with 1 output partitions
[2022-02-28 07:00:45,141] {spark_submit.py:488} INFO - 22/02/28 07:00:45 INFO DAGScheduler: Final stage: ResultStage 1 (showString at NativeMethodAccessorImpl.java:0)
[2022-02-28 07:00:45,142] {spark_submit.py:488} INFO - 22/02/28 07:00:45 INFO DAGScheduler: Parents of final stage: List()
[2022-02-28 07:00:45,144] {spark_submit.py:488} INFO - 22/02/28 07:00:45 INFO DAGScheduler: Missing parents: List()
[2022-02-28 07:00:45,145] {spark_submit.py:488} INFO - 22/02/28 07:00:45 INFO DAGScheduler: Submitting ResultStage 1 (MapPartitionsRDD[7] at showString at NativeMethodAccessorImpl.java:0), which has no missing parents
[2022-02-28 07:00:45,169] {spark_submit.py:488} INFO - 22/02/28 07:00:45 INFO MemoryStore: Block broadcast_1 stored as values in memory (estimated size 13.9 KiB, free 434.4 MiB)
[2022-02-28 07:00:45,173] {spark_submit.py:488} INFO - 22/02/28 07:00:45 INFO MemoryStore: Block broadcast_1_piece0 stored as bytes in memory (estimated size 7.4 KiB, free 434.4 MiB)
[2022-02-28 07:00:45,178] {spark_submit.py:488} INFO - 22/02/28 07:00:45 INFO BlockManagerInfo: Added broadcast_1_piece0 in memory on c5f5c4f93487:37035 (size: 7.4 KiB, free: 434.4 MiB)
[2022-02-28 07:00:45,179] {spark_submit.py:488} INFO - 22/02/28 07:00:45 INFO SparkContext: Created broadcast 1 from broadcast at DAGScheduler.scala:1478
[2022-02-28 07:00:45,180] {spark_submit.py:488} INFO - 22/02/28 07:00:45 INFO DAGScheduler: Submitting 1 missing tasks from ResultStage 1 (MapPartitionsRDD[7] at showString at NativeMethodAccessorImpl.java:0) (first 15 tasks are for partitions Vector(0))
[2022-02-28 07:00:45,182] {spark_submit.py:488} INFO - 22/02/28 07:00:45 INFO TaskSchedulerImpl: Adding task set 1.0 with 1 tasks resource profile 0
[2022-02-28 07:00:45,183] {spark_submit.py:488} INFO - 22/02/28 07:00:45 INFO TaskSetManager: Starting task 0.0 in stage 1.0 (TID 1) (c5f5c4f93487, executor driver, partition 0, PROCESS_LOCAL, 4543 bytes) taskResourceAssignments Map()
[2022-02-28 07:00:45,186] {spark_submit.py:488} INFO - 22/02/28 07:00:45 INFO Executor: Running task 0.0 in stage 1.0 (TID 1)
[2022-02-28 07:00:45,293] {spark_submit.py:488} INFO - 22/02/28 07:00:45 INFO PythonRunner: Times: total = 9, boot = 3, init = 6, finish = 0
[2022-02-28 07:00:45,298] {spark_submit.py:488} INFO - 22/02/28 07:00:45 INFO Executor: Finished task 0.0 in stage 1.0 (TID 1). 1855 bytes result sent to driver
[2022-02-28 07:00:45,302] {spark_submit.py:488} INFO - 22/02/28 07:00:45 INFO TaskSetManager: Finished task 0.0 in stage 1.0 (TID 1) in 123 ms on c5f5c4f93487 (executor driver) (1/1)
[2022-02-28 07:00:45,304] {spark_submit.py:488} INFO - 22/02/28 07:00:45 INFO TaskSchedulerImpl: Removed TaskSet 1.0, whose tasks have all completed, from pool
[2022-02-28 07:00:45,305] {spark_submit.py:488} INFO - 22/02/28 07:00:45 INFO DAGScheduler: ResultStage 1 (showString at NativeMethodAccessorImpl.java:0) finished in 0.157 s
[2022-02-28 07:00:45,307] {spark_submit.py:488} INFO - 22/02/28 07:00:45 INFO DAGScheduler: Job 1 is finished. Cancelling potential speculative or zombie tasks for this job
[2022-02-28 07:00:45,309] {spark_submit.py:488} INFO - 22/02/28 07:00:45 INFO TaskSchedulerImpl: Killing all running tasks in stage 1: Stage finished
[2022-02-28 07:00:45,310] {spark_submit.py:488} INFO - 22/02/28 07:00:45 INFO DAGScheduler: Job 1 finished: showString at NativeMethodAccessorImpl.java:0, took 0.170199 s
[2022-02-28 07:00:45,369] {spark_submit.py:488} INFO - 22/02/28 07:00:45 INFO CodeGenerator: Code generated in 30.1836 ms
[2022-02-28 07:00:45,396] {spark_submit.py:488} INFO - +---------+-------------------------+
[2022-02-28 07:00:45,397] {spark_submit.py:488} INFO - |name     |path                     |
[2022-02-28 07:00:45,398] {spark_submit.py:488} INFO - +---------+-------------------------+
[2022-02-28 07:00:45,400] {spark_submit.py:488} INFO - |test1.jpg|/opt/spark-data/test1.jpg|
[2022-02-28 07:00:45,401] {spark_submit.py:488} INFO - |test2.jpg|/opt/spark-data/test2.jpg|
[2022-02-28 07:00:45,402] {spark_submit.py:488} INFO - +---------+-------------------------+
[2022-02-28 07:00:45,403] {spark_submit.py:488} INFO - 
[2022-02-28 07:00:45,424] {spark_submit.py:488} INFO - 22/02/28 07:00:45 INFO SparkContext: Invoking stop() from shutdown hook
[2022-02-28 07:00:45,443] {spark_submit.py:488} INFO - 22/02/28 07:00:45 INFO SparkUI: Stopped Spark web UI at http://c5f5c4f93487:4040
[2022-02-28 07:00:45,503] {spark_submit.py:488} INFO - 22/02/28 07:00:45 INFO MapOutputTrackerMasterEndpoint: MapOutputTrackerMasterEndpoint stopped!
[2022-02-28 07:00:45,518] {spark_submit.py:488} INFO - 22/02/28 07:00:45 INFO MemoryStore: MemoryStore cleared
[2022-02-28 07:00:45,519] {spark_submit.py:488} INFO - 22/02/28 07:00:45 INFO BlockManager: BlockManager stopped
[2022-02-28 07:00:45,524] {spark_submit.py:488} INFO - 22/02/28 07:00:45 INFO BlockManagerMaster: BlockManagerMaster stopped
[2022-02-28 07:00:45,528] {spark_submit.py:488} INFO - 22/02/28 07:00:45 INFO OutputCommitCoordinator$OutputCommitCoordinatorEndpoint: OutputCommitCoordinator stopped!
[2022-02-28 07:00:45,534] {spark_submit.py:488} INFO - 22/02/28 07:00:45 INFO SparkContext: Successfully stopped SparkContext
[2022-02-28 07:00:45,535] {spark_submit.py:488} INFO - 22/02/28 07:00:45 INFO ShutdownHookManager: Shutdown hook called
[2022-02-28 07:00:45,537] {spark_submit.py:488} INFO - 22/02/28 07:00:45 INFO ShutdownHookManager: Deleting directory /tmp/spark-5015c7f5-61f4-4d32-91ec-a489d281bc48
[2022-02-28 07:00:45,539] {spark_submit.py:488} INFO - 22/02/28 07:00:45 INFO ShutdownHookManager: Deleting directory /tmp/spark-5015c7f5-61f4-4d32-91ec-a489d281bc48/pyspark-782880d0-2c21-4127-a81c-1e6bdb25527d
[2022-02-28 07:00:45,542] {spark_submit.py:488} INFO - 22/02/28 07:00:45 INFO ShutdownHookManager: Deleting directory /tmp/spark-db7a643d-3df9-4479-bff0-6f1fb18c2766
[2022-02-28 07:00:45,638] {taskinstance.py:1282} INFO - Marking task as SUCCESS. dag_id=0747_pipeline, task_id=paragraph_extract, execution_date=20220228T070016, start_date=20220228T070033, end_date=20220228T070045
[2022-02-28 07:00:45,715] {local_task_job.py:154} INFO - Task exited with return code 0
[2022-02-28 07:00:45,784] {local_task_job.py:264} INFO - 1 downstream tasks scheduled from follow-on schedule check
