[2022-03-10 18:51:02,570] {taskinstance.py:1037} INFO - Dependencies all met for <TaskInstance: Demo.producer scheduled__2022-03-10T18:50:00+00:00 [queued]>
[2022-03-10 18:51:02,583] {taskinstance.py:1037} INFO - Dependencies all met for <TaskInstance: Demo.producer scheduled__2022-03-10T18:50:00+00:00 [queued]>
[2022-03-10 18:51:02,583] {taskinstance.py:1243} INFO - 
--------------------------------------------------------------------------------
[2022-03-10 18:51:02,584] {taskinstance.py:1244} INFO - Starting attempt 1 of 1
[2022-03-10 18:51:02,584] {taskinstance.py:1245} INFO - 
--------------------------------------------------------------------------------
[2022-03-10 18:51:02,596] {taskinstance.py:1264} INFO - Executing <Task(PythonOperator): producer> on 2022-03-10 18:50:00+00:00
[2022-03-10 18:51:02,599] {standard_task_runner.py:52} INFO - Started process 401 to run task
[2022-03-10 18:51:02,602] {standard_task_runner.py:76} INFO - Running: ['airflow', 'tasks', 'run', 'Demo', 'producer', 'scheduled__2022-03-10T18:50:00+00:00', '--job-id', '36', '--raw', '--subdir', 'DAGS_FOLDER/demo.py', '--cfg-path', '/tmp/tmp70soepw2', '--error-file', '/tmp/tmpethl7ur3']
[2022-03-10 18:51:02,603] {standard_task_runner.py:77} INFO - Job 36: Subtask producer
[2022-03-10 18:51:02,723] {logging_mixin.py:109} INFO - Running <TaskInstance: Demo.producer scheduled__2022-03-10T18:50:00+00:00 [running]> on host c17209ace312
[2022-03-10 18:51:02,850] {taskinstance.py:1431} INFO - Exporting the following env vars:
AIRFLOW_CTX_DAG_OWNER=airflow
AIRFLOW_CTX_DAG_ID=Demo
AIRFLOW_CTX_TASK_ID=producer
AIRFLOW_CTX_EXECUTION_DATE=2022-03-10T18:50:00+00:00
AIRFLOW_CTX_DAG_RUN_ID=scheduled__2022-03-10T18:50:00+00:00
[2022-03-10 18:51:02,852] {logging_mixin.py:109} INFO - Producing message @ 2022-03-10 18:51:02.851938 | Message = {'data_id': 290, 'name': 'BTC', 'timestamp': 1646938262}
[2022-03-10 18:51:02,853] {logging_mixin.py:109} INFO - Producing message @ 2022-03-10 18:51:02.853296 | Message = {'data_id': 93, 'name': 'ETH', 'timestamp': 1646938262}
[2022-03-10 18:51:02,854] {logging_mixin.py:109} INFO - Producing message @ 2022-03-10 18:51:02.854005 | Message = {'data_id': 14, 'name': 'BTT', 'timestamp': 1646938262}
[2022-03-10 18:51:02,854] {logging_mixin.py:109} INFO - Producing message @ 2022-03-10 18:51:02.854704 | Message = {'data_id': 76, 'name': 'DOT', 'timestamp': 1646938262}
[2022-03-10 18:51:02,855] {python.py:175} INFO - Done. Returned value was: None
[2022-03-10 18:51:02,893] {taskinstance.py:1282} INFO - Marking task as SUCCESS. dag_id=Demo, task_id=producer, execution_date=20220310T185000, start_date=20220310T185102, end_date=20220310T185102
[2022-03-10 18:51:02,936] {local_task_job.py:154} INFO - Task exited with return code 0
[2022-03-10 18:51:03,018] {local_task_job.py:264} INFO - 0 downstream tasks scheduled from follow-on schedule check
